00:34:45 DEBUG : Logs will be stored at 'C:/Users/jasme/Desktop/BacheloreProject/DynamicFunctionExchange/New_Management/Attempt_1_04-04-2024/SAXI_MB_PR_HW_SW_01/IDE.log'.
00:35:01 INFO  : Launching XSCT server: xsct.bat -n  -interactive C:\Users\jasme\Desktop\BacheloreProject\DynamicFunctionExchange\New_Management\Attempt_1_04-04-2024\SAXI_MB_PR_HW_SW_01\temp_xsdb_launch_script.tcl
00:35:02 INFO  : Registering command handlers for Vitis TCF services
00:35:03 INFO  : Platform repository initialization has completed.
00:35:08 INFO  : XSCT server has started successfully.
00:35:08 INFO  : Successfully done setting XSCT server connection channel  
00:35:08 INFO  : plnx-install-location is set to ''
00:35:12 INFO  : Successfully done setting workspace for the tool. 
00:35:12 INFO  : Successfully done query RDI_DATADIR 
00:36:35 ERROR : (XSDB Server)ERROR: [Hsi 55-1433] Error boost::filesystem::copy_file: The system cannot find the path specified: "D:/Xilinx/Vitis/2023.1/data/embeddedsw\lib\bsp\standalone_v8_1/src\arm\ARMv8\64bit\platform\versal\armclang\translation_table.S", "C:\Users\jasme\Desktop\BacheloreProject\DynamicFunctionExchange\New_Management\Attempt_1_04-04-2024\SAXI_MB_PR_HW_SW_01\LED_PR\microblaze_0\standalone_domain\bsp\microblaze_0/libsrc/standalone_v8_1/src\arm\ARMv8\64bit\platform\versal\armclang\translation_table.S"

00:36:37 INFO  : Result from executing command 'getProjects': LED_PR
00:36:37 INFO  : Result from executing command 'getPlatforms': xilinx_zcu102_base_202310_1|D:/Xilinx/Vitis/2023.1/base_platforms/xilinx_zcu102_base_202310_1/xilinx_zcu102_base_202310_1.xpfm;xilinx_zcu102_base_dfx_202310_1|D:/Xilinx/Vitis/2023.1/base_platforms/xilinx_zcu102_base_dfx_202310_1/xilinx_zcu102_base_dfx_202310_1.xpfm;xilinx_zcu104_base_202310_1|D:/Xilinx/Vitis/2023.1/base_platforms/xilinx_zcu104_base_202310_1/xilinx_zcu104_base_202310_1.xpfm
00:41:46 DEBUG : Logs will be stored at 'C:/VProject/Attempt_1_04-04-2024/SAXI_MB_PR_HW_SW_01/IDE.log'.
00:41:47 INFO  : Launching XSCT server: xsct.bat -n  -interactive C:\VProject\Attempt_1_04-04-2024\SAXI_MB_PR_HW_SW_01\temp_xsdb_launch_script.tcl
00:41:49 INFO  : XSCT server has started successfully.
00:41:49 INFO  : Successfully done setting XSCT server connection channel  
00:41:49 INFO  : plnx-install-location is set to ''
00:41:49 INFO  : Successfully done setting workspace for the tool. 
00:41:49 INFO  : Successfully done query RDI_DATADIR 
00:41:49 INFO  : Platform repository initialization has completed.
00:41:49 INFO  : Registering command handlers for Vitis TCF services
00:43:02 ERROR : An unexpected exception occurred in the module 'reading platform'
00:43:46 DEBUG : Logs will be stored at 'C:/VProject/Attempt_1_04-04-2024/SAXI_MB_PR_HW_SW_01/IDE.log'.
00:43:47 INFO  : Launching XSCT server: xsct.bat -n  -interactive C:\VProject\Attempt_1_04-04-2024\SAXI_MB_PR_HW_SW_01\temp_xsdb_launch_script.tcl
00:43:48 INFO  : Registering command handlers for Vitis TCF services
00:43:48 INFO  : Platform repository initialization has completed.
00:43:49 INFO  : XSCT server has started successfully.
00:43:49 INFO  : Successfully done setting XSCT server connection channel  
00:43:49 INFO  : plnx-install-location is set to ''
00:43:49 INFO  : Successfully done setting workspace for the tool. 
00:43:49 INFO  : Successfully done query RDI_DATADIR 
00:44:55 INFO  : Result from executing command 'getProjects': LED_PR_Attempt1
00:44:55 INFO  : Result from executing command 'getPlatforms': xilinx_zcu102_base_202310_1|D:/Xilinx/Vitis/2023.1/base_platforms/xilinx_zcu102_base_202310_1/xilinx_zcu102_base_202310_1.xpfm;xilinx_zcu102_base_dfx_202310_1|D:/Xilinx/Vitis/2023.1/base_platforms/xilinx_zcu102_base_dfx_202310_1/xilinx_zcu102_base_dfx_202310_1.xpfm;xilinx_zcu104_base_202310_1|D:/Xilinx/Vitis/2023.1/base_platforms/xilinx_zcu104_base_202310_1/xilinx_zcu104_base_202310_1.xpfm
01:01:26 DEBUG : Logs will be stored at 'V:/SAXI_MB_PR_HW_SW_01/IDE.log'.
01:01:26 INFO  : Launching XSCT server: xsct.bat -n  -interactive V:\SAXI_MB_PR_HW_SW_01\temp_xsdb_launch_script.tcl
01:01:28 INFO  : Registering command handlers for Vitis TCF services
01:01:28 INFO  : XSCT server has started successfully.
01:01:28 INFO  : Platform repository initialization has completed.
01:01:29 INFO  : Successfully done setting XSCT server connection channel  
01:01:29 INFO  : plnx-install-location is set to ''
01:01:29 INFO  : Successfully done query RDI_DATADIR 
01:01:29 INFO  : Successfully done setting workspace for the tool. 
01:11:29 INFO  : Result from executing command 'getProjects': LED_PR_Attempt1
01:11:29 INFO  : Result from executing command 'getPlatforms': xilinx_zcu102_base_202310_1|D:/Xilinx/Vitis/2023.1/base_platforms/xilinx_zcu102_base_202310_1/xilinx_zcu102_base_202310_1.xpfm;xilinx_zcu102_base_dfx_202310_1|D:/Xilinx/Vitis/2023.1/base_platforms/xilinx_zcu102_base_dfx_202310_1/xilinx_zcu102_base_dfx_202310_1.xpfm;xilinx_zcu104_base_202310_1|D:/Xilinx/Vitis/2023.1/base_platforms/xilinx_zcu104_base_202310_1/xilinx_zcu104_base_202310_1.xpfm
02:44:09 INFO  : Checking for BSP changes to sync application flags for project 'LEDPR_Application_01'...
02:45:24 INFO  : Result from executing command 'removePlatformRepo': 
02:45:36 INFO  : Result from executing command 'getProjects': LED_PR_Attempt1
02:45:36 INFO  : Result from executing command 'getPlatforms': LED_PR_Attempt1|C:/VProject/Attempt_1_04-04-2024/SAXI_MB_PR_HW_SW_01/LED_PR_Attempt1/export/LED_PR_Attempt1/LED_PR_Attempt1.xpfm;xilinx_zcu102_base_202310_1|D:/Xilinx/Vitis/2023.1/base_platforms/xilinx_zcu102_base_202310_1/xilinx_zcu102_base_202310_1.xpfm;xilinx_zcu102_base_dfx_202310_1|D:/Xilinx/Vitis/2023.1/base_platforms/xilinx_zcu102_base_dfx_202310_1/xilinx_zcu102_base_dfx_202310_1.xpfm;xilinx_zcu104_base_202310_1|D:/Xilinx/Vitis/2023.1/base_platforms/xilinx_zcu104_base_202310_1/xilinx_zcu104_base_202310_1.xpfm
02:45:37 INFO  : Checking for BSP changes to sync application flags for project 'LEDPR_Application_01'...
02:45:57 INFO  : Checking for BSP changes to sync application flags for project 'LEDPR_Application_01'...
02:48:51 INFO  : Checking for BSP changes to sync application flags for project 'LEDPR_Application_01'...
02:51:20 INFO  : Checking for BSP changes to sync application flags for project 'LEDPR_Application_01'...
02:52:28 INFO  : Checking for BSP changes to sync application flags for project 'LEDPR_Application_01'...
02:53:40 INFO  : Bit file 'V:/SAXI_MB_PR_HW_SW_01/LEDPR_Application_01/_ide/bitstream/download.bit' is generated.
02:57:17 INFO  : Connected to target on host '127.0.0.1' and port '3121'.
02:57:17 INFO  : Jtag cable 'Digilent Nexys A7 -100T 210292B61CC0A' is selected.
02:57:17 INFO  : 'jtag frequency' command is executed.
02:57:18 INFO  : 'targets -set -filter {jtag_cable_name =~ "Digilent Nexys A7 -100T 210292B61CC0A" && level==0 && jtag_device_ctx=="jsn-Nexys A7 -100T-210292B61CC0A-13631093-0"}' command is executed.
02:57:20 INFO  : Device configured successfully with "V:/SAXI_MB_PR_HW_SW_01/LEDPR_Application_01/_ide/bitstream/download.bit"
02:57:20 INFO  : Context for processor 'microblaze_0' is selected.
02:57:20 INFO  : Hardware design and registers information is loaded from 'V:/SAXI_MB_PR_HW_SW_01/LED_PR_Attempt1/export/LED_PR_Attempt1/hw/design_1_wrapper.xsa'.
02:57:20 INFO  : 'configparams mdm-detect-bscan-mask 2' command is executed.
02:57:20 INFO  : Context for processor 'microblaze_0' is selected.
02:57:20 INFO  : System reset is completed.
02:57:23 INFO  : 'after 3000' command is executed.
02:57:23 INFO  : Context for processor 'microblaze_0' is selected.
02:57:23 INFO  : The application 'V:/SAXI_MB_PR_HW_SW_01/LEDPR_Application_01/Debug/LEDPR_Application_01.elf' is downloaded to processor 'microblaze_0'.
02:57:23 INFO  : ----------------XSDB Script----------------
connect -url tcp:127.0.0.1:3121
targets -set -filter {jtag_cable_name =~ "Digilent Nexys A7 -100T 210292B61CC0A" && level==0 && jtag_device_ctx=="jsn-Nexys A7 -100T-210292B61CC0A-13631093-0"}
fpga -file V:/SAXI_MB_PR_HW_SW_01/LEDPR_Application_01/_ide/bitstream/download.bit
targets -set -nocase -filter {name =~ "*microblaze*#0" && bscan=="USER2" }
loadhw -hw V:/SAXI_MB_PR_HW_SW_01/LED_PR_Attempt1/export/LED_PR_Attempt1/hw/design_1_wrapper.xsa -regs
configparams mdm-detect-bscan-mask 2
targets -set -nocase -filter {name =~ "*microblaze*#0" && bscan=="USER2" }
rst -system
after 3000
targets -set -nocase -filter {name =~ "*microblaze*#0" && bscan=="USER2" }
dow V:/SAXI_MB_PR_HW_SW_01/LEDPR_Application_01/Debug/LEDPR_Application_01.elf
----------------End of Script----------------

02:57:24 INFO  : Context for processor 'microblaze_0' is selected.
02:57:24 INFO  : 'con' command is executed.
02:57:24 INFO  : ----------------XSDB Script (After Launch)----------------
targets -set -nocase -filter {name =~ "*microblaze*#0" && bscan=="USER2" }
con
----------------End of Script----------------

02:57:24 INFO  : Launch script is exported to file 'V:\SAXI_MB_PR_HW_SW_01\LEDPR_Application_01_system\_ide\scripts\debugger_ledpr_application_01-default.tcl'
03:10:45 INFO  : Disconnected from the channel tcfchan#8.
18:12:36 DEBUG : Logs will be stored at 'C:/VProject/Attempt_1_04-04-2024/SAXI_MB_PR_HW_SW_01/IDE.log'.
18:12:38 INFO  : Launching XSCT server: xsct.bat -n  -interactive C:\VProject\Attempt_1_04-04-2024\SAXI_MB_PR_HW_SW_01\temp_xsdb_launch_script.tcl
18:12:45 INFO  : Registering command handlers for Vitis TCF services
18:12:47 INFO  : Platform repository initialization has completed.
18:12:47 INFO  : XSCT server has started successfully.
18:12:47 INFO  : Successfully done setting XSCT server connection channel  
18:12:56 INFO  : plnx-install-location is set to ''
18:12:56 INFO  : Successfully done setting workspace for the tool. 
18:12:56 INFO  : Successfully done query RDI_DATADIR 
18:17:22 INFO  : Checking for BSP changes to sync application flags for project 'LEDPR_Application_01'...
18:19:27 INFO  : Bit file 'C:/VProject/Attempt_1_04-04-2024/SAXI_MB_PR_HW_SW_01/LEDPR_Application_01/_ide/bitstream/download.bit' is generated.
18:19:29 INFO  : Connected to target on host '127.0.0.1' and port '3121'.
18:19:30 INFO  : 'targets -set -filter {jtag_cable_name =~ "Digilent Nexys A7 -100T 210292B61CC0A" && level==0 && jtag_device_ctx=="jsn-Nexys A7 -100T-210292B61CC0A-13631093-0"}' command is executed.
18:19:32 INFO  : Device configured successfully with "C:/VProject/Attempt_1_04-04-2024/SAXI_MB_PR_HW_SW_01/LEDPR_Application_01/_ide/bitstream/download.bit"
18:19:48 INFO  : Connected to target on host '127.0.0.1' and port '3121'.
18:19:48 INFO  : Jtag cable 'Digilent Nexys A7 -100T 210292B61CC0A' is selected.
18:19:48 INFO  : 'jtag frequency' command is executed.
18:19:48 INFO  : 'targets -set -filter {jtag_cable_name =~ "Digilent Nexys A7 -100T 210292B61CC0A" && level==0 && jtag_device_ctx=="jsn-Nexys A7 -100T-210292B61CC0A-13631093-0"}' command is executed.
18:19:50 INFO  : Device configured successfully with "C:/VProject/Attempt_1_04-04-2024/SAXI_MB_PR_HW_SW_01/LEDPR_Application_01/_ide/bitstream/download.bit"
18:19:50 INFO  : Context for processor 'microblaze_0' is selected.
18:19:50 INFO  : Hardware design and registers information is loaded from 'C:/VProject/Attempt_1_04-04-2024/SAXI_MB_PR_HW_SW_01/LED_PR_Attempt1/export/LED_PR_Attempt1/hw/design_1_wrapper.xsa'.
18:19:50 INFO  : 'configparams mdm-detect-bscan-mask 2' command is executed.
18:19:50 INFO  : Context for processor 'microblaze_0' is selected.
18:19:50 INFO  : System reset is completed.
18:19:53 INFO  : 'after 3000' command is executed.
18:19:53 INFO  : Context for processor 'microblaze_0' is selected.
18:19:53 INFO  : The application 'C:/VProject/Attempt_1_04-04-2024/SAXI_MB_PR_HW_SW_01/LEDPR_Application_01/Debug/LEDPR_Application_01.elf' is downloaded to processor 'microblaze_0'.
18:19:53 INFO  : ----------------XSDB Script----------------
connect -url tcp:127.0.0.1:3121
targets -set -filter {jtag_cable_name =~ "Digilent Nexys A7 -100T 210292B61CC0A" && level==0 && jtag_device_ctx=="jsn-Nexys A7 -100T-210292B61CC0A-13631093-0"}
fpga -file C:/VProject/Attempt_1_04-04-2024/SAXI_MB_PR_HW_SW_01/LEDPR_Application_01/_ide/bitstream/download.bit
targets -set -nocase -filter {name =~ "*microblaze*#0" && bscan=="USER2" }
loadhw -hw C:/VProject/Attempt_1_04-04-2024/SAXI_MB_PR_HW_SW_01/LED_PR_Attempt1/export/LED_PR_Attempt1/hw/design_1_wrapper.xsa -regs
configparams mdm-detect-bscan-mask 2
targets -set -nocase -filter {name =~ "*microblaze*#0" && bscan=="USER2" }
rst -system
after 3000
targets -set -nocase -filter {name =~ "*microblaze*#0" && bscan=="USER2" }
dow C:/VProject/Attempt_1_04-04-2024/SAXI_MB_PR_HW_SW_01/LEDPR_Application_01/Debug/LEDPR_Application_01.elf
----------------End of Script----------------

18:19:54 INFO  : Context for processor 'microblaze_0' is selected.
18:19:54 INFO  : 'con' command is executed.
18:19:54 INFO  : ----------------XSDB Script (After Launch)----------------
targets -set -nocase -filter {name =~ "*microblaze*#0" && bscan=="USER2" }
con
----------------End of Script----------------

18:19:54 INFO  : Launch script is exported to file 'C:\VProject\Attempt_1_04-04-2024\SAXI_MB_PR_HW_SW_01\LEDPR_Application_01_system\_ide\scripts\debugger_ledpr_application_01-default.tcl'
18:21:46 INFO  : Checking for BSP changes to sync application flags for project 'LEDPR_Application_01'...
18:22:10 INFO  : Bit file 'C:/VProject/Attempt_1_04-04-2024/SAXI_MB_PR_HW_SW_01/LEDPR_Application_01/_ide/bitstream/download.bit' is generated.
18:22:10 INFO  : Connected to target on host '127.0.0.1' and port '3121'.
18:22:10 INFO  : 'targets -set -filter {jtag_cable_name =~ "Digilent Nexys A7 -100T 210292B61CC0A" && level==0 && jtag_device_ctx=="jsn-Nexys A7 -100T-210292B61CC0A-13631093-0"}' command is executed.
18:22:12 INFO  : Device configured successfully with "C:/VProject/Attempt_1_04-04-2024/SAXI_MB_PR_HW_SW_01/LEDPR_Application_01/_ide/bitstream/download.bit"
18:22:33 INFO  : Disconnected from the channel tcfchan#1.
18:22:34 INFO  : Connected to target on host '127.0.0.1' and port '3121'.
18:22:43 INFO  : ----------------XSDB Script----------------
connect -url tcp:127.0.0.1:3121
----------------End of Script----------------

18:22:43 ERROR : Could not find FPGA device on the board for connection 'Local'.


Troubleshooting hints:
1. Check whether board is connected to system properly.
2. In case of zynq board, check whether Digilent/Xilinx cable switch settings are correct.
3. If you are using Xilinx Platform Cable USB, ensure that status LED is green.
18:23:00 INFO  : Connected to target on host '127.0.0.1' and port '3121'.
18:23:00 INFO  : Jtag cable 'Digilent Nexys A7 -100T 210292B61CC0A' is selected.
18:23:00 INFO  : 'jtag frequency' command is executed.
18:23:00 INFO  : 'targets -set -filter {jtag_cable_name =~ "Digilent Nexys A7 -100T 210292B61CC0A" && level==0 && jtag_device_ctx=="jsn-Nexys A7 -100T-210292B61CC0A-13631093-0"}' command is executed.
18:23:02 INFO  : Device configured successfully with "C:/VProject/Attempt_1_04-04-2024/SAXI_MB_PR_HW_SW_01/LEDPR_Application_01/_ide/bitstream/download.bit"
18:23:02 INFO  : Context for processor 'microblaze_0' is selected.
18:23:03 INFO  : Hardware design and registers information is loaded from 'C:/VProject/Attempt_1_04-04-2024/SAXI_MB_PR_HW_SW_01/LED_PR_Attempt1/export/LED_PR_Attempt1/hw/design_1_wrapper.xsa'.
18:23:03 INFO  : 'configparams mdm-detect-bscan-mask 2' command is executed.
18:23:03 INFO  : Context for processor 'microblaze_0' is selected.
18:23:03 INFO  : System reset is completed.
18:23:06 INFO  : 'after 3000' command is executed.
18:23:06 INFO  : Context for processor 'microblaze_0' is selected.
18:23:06 INFO  : The application 'C:/VProject/Attempt_1_04-04-2024/SAXI_MB_PR_HW_SW_01/LEDPR_Application_01/Debug/LEDPR_Application_01.elf' is downloaded to processor 'microblaze_0'.
18:23:06 INFO  : ----------------XSDB Script----------------
connect -url tcp:127.0.0.1:3121
targets -set -filter {jtag_cable_name =~ "Digilent Nexys A7 -100T 210292B61CC0A" && level==0 && jtag_device_ctx=="jsn-Nexys A7 -100T-210292B61CC0A-13631093-0"}
fpga -file C:/VProject/Attempt_1_04-04-2024/SAXI_MB_PR_HW_SW_01/LEDPR_Application_01/_ide/bitstream/download.bit
targets -set -nocase -filter {name =~ "*microblaze*#0" && bscan=="USER2" }
loadhw -hw C:/VProject/Attempt_1_04-04-2024/SAXI_MB_PR_HW_SW_01/LED_PR_Attempt1/export/LED_PR_Attempt1/hw/design_1_wrapper.xsa -regs
configparams mdm-detect-bscan-mask 2
targets -set -nocase -filter {name =~ "*microblaze*#0" && bscan=="USER2" }
rst -system
after 3000
targets -set -nocase -filter {name =~ "*microblaze*#0" && bscan=="USER2" }
dow C:/VProject/Attempt_1_04-04-2024/SAXI_MB_PR_HW_SW_01/LEDPR_Application_01/Debug/LEDPR_Application_01.elf
----------------End of Script----------------

18:23:06 INFO  : Context for processor 'microblaze_0' is selected.
18:23:06 INFO  : 'con' command is executed.
18:23:06 INFO  : ----------------XSDB Script (After Launch)----------------
targets -set -nocase -filter {name =~ "*microblaze*#0" && bscan=="USER2" }
con
----------------End of Script----------------

18:23:06 INFO  : Launch script is exported to file 'C:\VProject\Attempt_1_04-04-2024\SAXI_MB_PR_HW_SW_01\LEDPR_Application_01_system\_ide\scripts\debugger_ledpr_application_01-default.tcl'
18:23:28 INFO  : Checking for BSP changes to sync application flags for project 'LEDPR_Application_01'...
18:23:52 INFO  : Bit file 'C:/VProject/Attempt_1_04-04-2024/SAXI_MB_PR_HW_SW_01/LEDPR_Application_01/_ide/bitstream/download.bit' is generated.
18:23:52 INFO  : Connected to target on host '127.0.0.1' and port '3121'.
18:23:52 INFO  : 'targets -set -filter {jtag_cable_name =~ "Digilent Nexys A7 -100T 210292B61CC0A" && level==0 && jtag_device_ctx=="jsn-Nexys A7 -100T-210292B61CC0A-13631093-0"}' command is executed.
18:23:54 INFO  : Device configured successfully with "C:/VProject/Attempt_1_04-04-2024/SAXI_MB_PR_HW_SW_01/LEDPR_Application_01/_ide/bitstream/download.bit"
18:23:59 INFO  : Disconnected from the channel tcfchan#2.
18:24:00 INFO  : Connected to target on host '127.0.0.1' and port '3121'.
18:24:00 INFO  : Jtag cable 'Digilent Nexys A7 -100T 210292B61CC0A' is selected.
18:24:00 INFO  : 'jtag frequency' command is executed.
18:24:00 INFO  : 'targets -set -filter {jtag_cable_name =~ "Digilent Nexys A7 -100T 210292B61CC0A" && level==0 && jtag_device_ctx=="jsn-Nexys A7 -100T-210292B61CC0A-13631093-0"}' command is executed.
18:24:02 INFO  : Device configured successfully with "C:/VProject/Attempt_1_04-04-2024/SAXI_MB_PR_HW_SW_01/LEDPR_Application_01/_ide/bitstream/download.bit"
18:24:02 INFO  : Context for processor 'microblaze_0' is selected.
18:24:03 INFO  : Hardware design and registers information is loaded from 'C:/VProject/Attempt_1_04-04-2024/SAXI_MB_PR_HW_SW_01/LED_PR_Attempt1/export/LED_PR_Attempt1/hw/design_1_wrapper.xsa'.
18:24:03 INFO  : 'configparams mdm-detect-bscan-mask 2' command is executed.
18:24:03 INFO  : Context for processor 'microblaze_0' is selected.
18:24:03 INFO  : System reset is completed.
18:24:06 INFO  : 'after 3000' command is executed.
18:24:06 INFO  : Context for processor 'microblaze_0' is selected.
18:24:06 INFO  : The application 'C:/VProject/Attempt_1_04-04-2024/SAXI_MB_PR_HW_SW_01/LEDPR_Application_01/Debug/LEDPR_Application_01.elf' is downloaded to processor 'microblaze_0'.
18:24:06 INFO  : ----------------XSDB Script----------------
connect -url tcp:127.0.0.1:3121
targets -set -filter {jtag_cable_name =~ "Digilent Nexys A7 -100T 210292B61CC0A" && level==0 && jtag_device_ctx=="jsn-Nexys A7 -100T-210292B61CC0A-13631093-0"}
fpga -file C:/VProject/Attempt_1_04-04-2024/SAXI_MB_PR_HW_SW_01/LEDPR_Application_01/_ide/bitstream/download.bit
targets -set -nocase -filter {name =~ "*microblaze*#0" && bscan=="USER2" }
loadhw -hw C:/VProject/Attempt_1_04-04-2024/SAXI_MB_PR_HW_SW_01/LED_PR_Attempt1/export/LED_PR_Attempt1/hw/design_1_wrapper.xsa -regs
configparams mdm-detect-bscan-mask 2
targets -set -nocase -filter {name =~ "*microblaze*#0" && bscan=="USER2" }
rst -system
after 3000
targets -set -nocase -filter {name =~ "*microblaze*#0" && bscan=="USER2" }
dow C:/VProject/Attempt_1_04-04-2024/SAXI_MB_PR_HW_SW_01/LEDPR_Application_01/Debug/LEDPR_Application_01.elf
----------------End of Script----------------

18:24:06 INFO  : Context for processor 'microblaze_0' is selected.
18:24:06 INFO  : 'con' command is executed.
18:24:06 INFO  : ----------------XSDB Script (After Launch)----------------
targets -set -nocase -filter {name =~ "*microblaze*#0" && bscan=="USER2" }
con
----------------End of Script----------------

18:24:06 INFO  : Launch script is exported to file 'C:\VProject\Attempt_1_04-04-2024\SAXI_MB_PR_HW_SW_01\LEDPR_Application_01_system\_ide\scripts\debugger_ledpr_application_01-default.tcl'
18:49:52 INFO  : Hardware specification for platform project 'LED_PR_Attempt1' is updated.
18:51:31 INFO  : Result from executing command 'getProjects': LED_PR_Attempt1
18:51:31 INFO  : Result from executing command 'getPlatforms': LED_PR_Attempt1|C:/VProject/Attempt_1_04-04-2024/SAXI_MB_PR_HW_SW_01/LED_PR_Attempt1/export/LED_PR_Attempt1/LED_PR_Attempt1.xpfm;xilinx_zcu102_base_202310_1|D:/Xilinx/Vitis/2023.1/base_platforms/xilinx_zcu102_base_202310_1/xilinx_zcu102_base_202310_1.xpfm;xilinx_zcu102_base_dfx_202310_1|D:/Xilinx/Vitis/2023.1/base_platforms/xilinx_zcu102_base_dfx_202310_1/xilinx_zcu102_base_dfx_202310_1.xpfm;xilinx_zcu104_base_202310_1|D:/Xilinx/Vitis/2023.1/base_platforms/xilinx_zcu104_base_202310_1/xilinx_zcu104_base_202310_1.xpfm
18:51:50 INFO  : Checking for BSP changes to sync application flags for project 'LEDPR_Application_01'...
18:51:52 INFO  : The hardware specification used by project 'LEDPR_Application_01' is out of sync with the platform. Resource files extracted from the hardware specification will be updated.
18:51:52 INFO  : The file 'C:\VProject\Attempt_1_04-04-2024\SAXI_MB_PR_HW_SW_01\LEDPR_Application_01\_ide\bitstream\design_1_wrapper.bit' stored in project is removed.
18:51:52 INFO  : The file 'C:\VProject\Attempt_1_04-04-2024\SAXI_MB_PR_HW_SW_01\LEDPR_Application_01\_ide\bitstream\design_1_wrapper.mmi' stored in project is removed.
18:51:52 INFO  : The file 'C:\VProject\Attempt_1_04-04-2024\SAXI_MB_PR_HW_SW_01\LEDPR_Application_01\_ide\bitstream\download.bit' stored in project is removed.
18:51:52 INFO  : The updated bitstream files are copied from platform to folder 'C:\VProject\Attempt_1_04-04-2024\SAXI_MB_PR_HW_SW_01\LEDPR_Application_01\_ide\bitstream' in project 'LEDPR_Application_01'.
18:52:36 INFO  : Bit file 'C:/VProject/Attempt_1_04-04-2024/SAXI_MB_PR_HW_SW_01/LEDPR_Application_01/_ide/bitstream/download.bit' is generated.
18:52:36 INFO  : Connected to target on host '127.0.0.1' and port '3121'.
18:52:36 INFO  : 'targets -set -filter {jtag_cable_name =~ "Digilent Nexys A7 -100T 210292B61CC0A" && level==0 && jtag_device_ctx=="jsn-Nexys A7 -100T-210292B61CC0A-13631093-0"}' command is executed.
18:52:39 INFO  : Device configured successfully with "C:/VProject/Attempt_1_04-04-2024/SAXI_MB_PR_HW_SW_01/LEDPR_Application_01/_ide/bitstream/download.bit"
18:53:08 INFO  : Disconnected from the channel tcfchan#3.
18:53:09 INFO  : Connected to target on host '127.0.0.1' and port '3121'.
18:53:18 INFO  : ----------------XSDB Script----------------
connect -url tcp:127.0.0.1:3121
----------------End of Script----------------

18:53:18 ERROR : Could not find FPGA device on the board for connection 'Local'.


Troubleshooting hints:
1. Check whether board is connected to system properly.
2. In case of zynq board, check whether Digilent/Xilinx cable switch settings are correct.
3. If you are using Xilinx Platform Cable USB, ensure that status LED is green.
18:53:28 INFO  : Connected to target on host '127.0.0.1' and port '3121'.
18:53:28 INFO  : Jtag cable 'Digilent Nexys A7 -100T 210292B61CC0A' is selected.
18:53:28 INFO  : 'jtag frequency' command is executed.
18:53:28 INFO  : 'targets -set -filter {jtag_cable_name =~ "Digilent Nexys A7 -100T 210292B61CC0A" && level==0 && jtag_device_ctx=="jsn-Nexys A7 -100T-210292B61CC0A-13631093-0"}' command is executed.
18:53:31 INFO  : Device configured successfully with "C:/VProject/Attempt_1_04-04-2024/SAXI_MB_PR_HW_SW_01/LEDPR_Application_01/_ide/bitstream/download.bit"
18:53:31 INFO  : Context for processor 'microblaze_0' is selected.
18:53:31 INFO  : Hardware design and registers information is loaded from 'C:/VProject/Attempt_1_04-04-2024/SAXI_MB_PR_HW_SW_01/LED_PR_Attempt1/export/LED_PR_Attempt1/hw/design_1_wrapper.xsa'.
18:53:31 INFO  : 'configparams mdm-detect-bscan-mask 2' command is executed.
18:53:31 INFO  : Context for processor 'microblaze_0' is selected.
18:53:31 INFO  : System reset is completed.
18:53:34 INFO  : 'after 3000' command is executed.
18:53:34 INFO  : Context for processor 'microblaze_0' is selected.
18:53:34 INFO  : The application 'C:/VProject/Attempt_1_04-04-2024/SAXI_MB_PR_HW_SW_01/LEDPR_Application_01/Debug/LEDPR_Application_01.elf' is downloaded to processor 'microblaze_0'.
18:53:34 INFO  : ----------------XSDB Script----------------
connect -url tcp:127.0.0.1:3121
targets -set -filter {jtag_cable_name =~ "Digilent Nexys A7 -100T 210292B61CC0A" && level==0 && jtag_device_ctx=="jsn-Nexys A7 -100T-210292B61CC0A-13631093-0"}
fpga -file C:/VProject/Attempt_1_04-04-2024/SAXI_MB_PR_HW_SW_01/LEDPR_Application_01/_ide/bitstream/download.bit
targets -set -nocase -filter {name =~ "*microblaze*#0" && bscan=="USER2" }
loadhw -hw C:/VProject/Attempt_1_04-04-2024/SAXI_MB_PR_HW_SW_01/LED_PR_Attempt1/export/LED_PR_Attempt1/hw/design_1_wrapper.xsa -regs
configparams mdm-detect-bscan-mask 2
targets -set -nocase -filter {name =~ "*microblaze*#0" && bscan=="USER2" }
rst -system
after 3000
targets -set -nocase -filter {name =~ "*microblaze*#0" && bscan=="USER2" }
dow C:/VProject/Attempt_1_04-04-2024/SAXI_MB_PR_HW_SW_01/LEDPR_Application_01/Debug/LEDPR_Application_01.elf
----------------End of Script----------------

18:53:34 INFO  : Context for processor 'microblaze_0' is selected.
18:53:34 INFO  : 'con' command is executed.
18:53:34 INFO  : ----------------XSDB Script (After Launch)----------------
targets -set -nocase -filter {name =~ "*microblaze*#0" && bscan=="USER2" }
con
----------------End of Script----------------

18:53:34 INFO  : Launch script is exported to file 'C:\VProject\Attempt_1_04-04-2024\SAXI_MB_PR_HW_SW_01\LEDPR_Application_01_system\_ide\scripts\debugger_ledpr_application_01-default.tcl'
18:54:59 INFO  : Bit file 'C:/VProject/Attempt_1_04-04-2024/SAXI_MB_PR_HW_SW_01/LEDPR_Application_01/_ide/bitstream/download.bit' is generated.
18:54:59 INFO  : Connected to target on host '127.0.0.1' and port '3121'.
18:54:59 INFO  : 'targets -set -filter {jtag_cable_name =~ "Digilent Nexys A7 -100T 210292B61CC0A" && level==0 && jtag_device_ctx=="jsn-Nexys A7 -100T-210292B61CC0A-13631093-0"}' command is executed.
18:55:02 INFO  : Device configured successfully with "C:/VProject/Attempt_1_04-04-2024/SAXI_MB_PR_HW_SW_01/LEDPR_Application_01/_ide/bitstream/download.bit"
18:55:11 INFO  : Disconnected from the channel tcfchan#6.
18:55:12 INFO  : Connected to target on host '127.0.0.1' and port '3121'.
18:55:21 INFO  : ----------------XSDB Script----------------
connect -url tcp:127.0.0.1:3121
----------------End of Script----------------

18:55:21 ERROR : Could not find FPGA device on the board for connection 'Local'.


Troubleshooting hints:
1. Check whether board is connected to system properly.
2. In case of zynq board, check whether Digilent/Xilinx cable switch settings are correct.
3. If you are using Xilinx Platform Cable USB, ensure that status LED is green.
18:55:28 INFO  : Connected to target on host '127.0.0.1' and port '3121'.
18:55:29 INFO  : Jtag cable 'Digilent Nexys A7 -100T 210292B61CC0A' is selected.
18:55:29 INFO  : 'jtag frequency' command is executed.
18:55:29 INFO  : 'targets -set -filter {jtag_cable_name =~ "Digilent Nexys A7 -100T 210292B61CC0A" && level==0 && jtag_device_ctx=="jsn-Nexys A7 -100T-210292B61CC0A-13631093-0"}' command is executed.
18:55:31 INFO  : Device configured successfully with "C:/VProject/Attempt_1_04-04-2024/SAXI_MB_PR_HW_SW_01/LEDPR_Application_01/_ide/bitstream/download.bit"
18:55:31 INFO  : Context for processor 'microblaze_0' is selected.
18:55:31 INFO  : Hardware design and registers information is loaded from 'C:/VProject/Attempt_1_04-04-2024/SAXI_MB_PR_HW_SW_01/LED_PR_Attempt1/export/LED_PR_Attempt1/hw/design_1_wrapper.xsa'.
18:55:31 INFO  : 'configparams mdm-detect-bscan-mask 2' command is executed.
18:55:31 INFO  : Context for processor 'microblaze_0' is selected.
18:55:31 INFO  : System reset is completed.
18:55:34 INFO  : 'after 3000' command is executed.
18:55:34 INFO  : Context for processor 'microblaze_0' is selected.
18:55:34 INFO  : The application 'C:/VProject/Attempt_1_04-04-2024/SAXI_MB_PR_HW_SW_01/LEDPR_Application_01/Debug/LEDPR_Application_01.elf' is downloaded to processor 'microblaze_0'.
18:55:34 INFO  : ----------------XSDB Script----------------
connect -url tcp:127.0.0.1:3121
targets -set -filter {jtag_cable_name =~ "Digilent Nexys A7 -100T 210292B61CC0A" && level==0 && jtag_device_ctx=="jsn-Nexys A7 -100T-210292B61CC0A-13631093-0"}
fpga -file C:/VProject/Attempt_1_04-04-2024/SAXI_MB_PR_HW_SW_01/LEDPR_Application_01/_ide/bitstream/download.bit
targets -set -nocase -filter {name =~ "*microblaze*#0" && bscan=="USER2" }
loadhw -hw C:/VProject/Attempt_1_04-04-2024/SAXI_MB_PR_HW_SW_01/LED_PR_Attempt1/export/LED_PR_Attempt1/hw/design_1_wrapper.xsa -regs
configparams mdm-detect-bscan-mask 2
targets -set -nocase -filter {name =~ "*microblaze*#0" && bscan=="USER2" }
rst -system
after 3000
targets -set -nocase -filter {name =~ "*microblaze*#0" && bscan=="USER2" }
dow C:/VProject/Attempt_1_04-04-2024/SAXI_MB_PR_HW_SW_01/LEDPR_Application_01/Debug/LEDPR_Application_01.elf
----------------End of Script----------------

18:55:34 INFO  : Context for processor 'microblaze_0' is selected.
18:55:34 INFO  : 'con' command is executed.
18:55:34 INFO  : ----------------XSDB Script (After Launch)----------------
targets -set -nocase -filter {name =~ "*microblaze*#0" && bscan=="USER2" }
con
----------------End of Script----------------

18:55:34 INFO  : Launch script is exported to file 'C:\VProject\Attempt_1_04-04-2024\SAXI_MB_PR_HW_SW_01\LEDPR_Application_01_system\_ide\scripts\debugger_ledpr_application_01-default.tcl'
19:02:44 INFO  : Checking for BSP changes to sync application flags for project 'LEDPR_Application_01'...
19:03:06 INFO  : Bit file 'C:/VProject/Attempt_1_04-04-2024/SAXI_MB_PR_HW_SW_01/LEDPR_Application_01/_ide/bitstream/download.bit' is generated.
19:03:06 INFO  : Connected to target on host '127.0.0.1' and port '3121'.
19:03:06 INFO  : 'targets -set -filter {jtag_cable_name =~ "Digilent Nexys A7 -100T 210292B61CC0A" && level==0 && jtag_device_ctx=="jsn-Nexys A7 -100T-210292B61CC0A-13631093-0"}' command is executed.
19:03:08 INFO  : Device configured successfully with "C:/VProject/Attempt_1_04-04-2024/SAXI_MB_PR_HW_SW_01/LEDPR_Application_01/_ide/bitstream/download.bit"
19:03:27 INFO  : Disconnected from the channel tcfchan#7.
19:03:28 INFO  : Connected to target on host '127.0.0.1' and port '3121'.
19:03:37 INFO  : ----------------XSDB Script----------------
connect -url tcp:127.0.0.1:3121
----------------End of Script----------------

19:03:37 ERROR : Could not find FPGA device on the board for connection 'Local'.


Troubleshooting hints:
1. Check whether board is connected to system properly.
2. In case of zynq board, check whether Digilent/Xilinx cable switch settings are correct.
3. If you are using Xilinx Platform Cable USB, ensure that status LED is green.
19:03:47 INFO  : Connected to target on host '127.0.0.1' and port '3121'.
19:03:47 INFO  : Jtag cable 'Digilent Nexys A7 -100T 210292B61CC0A' is selected.
19:03:47 INFO  : 'jtag frequency' command is executed.
19:03:47 INFO  : 'targets -set -filter {jtag_cable_name =~ "Digilent Nexys A7 -100T 210292B61CC0A" && level==0 && jtag_device_ctx=="jsn-Nexys A7 -100T-210292B61CC0A-13631093-0"}' command is executed.
19:03:49 INFO  : Device configured successfully with "C:/VProject/Attempt_1_04-04-2024/SAXI_MB_PR_HW_SW_01/LEDPR_Application_01/_ide/bitstream/download.bit"
19:03:49 INFO  : Context for processor 'microblaze_0' is selected.
19:03:49 INFO  : Hardware design and registers information is loaded from 'C:/VProject/Attempt_1_04-04-2024/SAXI_MB_PR_HW_SW_01/LED_PR_Attempt1/export/LED_PR_Attempt1/hw/design_1_wrapper.xsa'.
19:03:49 INFO  : 'configparams mdm-detect-bscan-mask 2' command is executed.
19:03:49 INFO  : Context for processor 'microblaze_0' is selected.
19:03:49 INFO  : System reset is completed.
19:03:52 INFO  : 'after 3000' command is executed.
19:03:52 INFO  : Context for processor 'microblaze_0' is selected.
19:03:52 INFO  : The application 'C:/VProject/Attempt_1_04-04-2024/SAXI_MB_PR_HW_SW_01/LEDPR_Application_01/Debug/LEDPR_Application_01.elf' is downloaded to processor 'microblaze_0'.
19:03:52 INFO  : ----------------XSDB Script----------------
connect -url tcp:127.0.0.1:3121
targets -set -filter {jtag_cable_name =~ "Digilent Nexys A7 -100T 210292B61CC0A" && level==0 && jtag_device_ctx=="jsn-Nexys A7 -100T-210292B61CC0A-13631093-0"}
fpga -file C:/VProject/Attempt_1_04-04-2024/SAXI_MB_PR_HW_SW_01/LEDPR_Application_01/_ide/bitstream/download.bit
targets -set -nocase -filter {name =~ "*microblaze*#0" && bscan=="USER2" }
loadhw -hw C:/VProject/Attempt_1_04-04-2024/SAXI_MB_PR_HW_SW_01/LED_PR_Attempt1/export/LED_PR_Attempt1/hw/design_1_wrapper.xsa -regs
configparams mdm-detect-bscan-mask 2
targets -set -nocase -filter {name =~ "*microblaze*#0" && bscan=="USER2" }
rst -system
after 3000
targets -set -nocase -filter {name =~ "*microblaze*#0" && bscan=="USER2" }
dow C:/VProject/Attempt_1_04-04-2024/SAXI_MB_PR_HW_SW_01/LEDPR_Application_01/Debug/LEDPR_Application_01.elf
----------------End of Script----------------

19:03:52 INFO  : Context for processor 'microblaze_0' is selected.
19:03:52 INFO  : 'con' command is executed.
19:03:52 INFO  : ----------------XSDB Script (After Launch)----------------
targets -set -nocase -filter {name =~ "*microblaze*#0" && bscan=="USER2" }
con
----------------End of Script----------------

19:03:52 INFO  : Launch script is exported to file 'C:\VProject\Attempt_1_04-04-2024\SAXI_MB_PR_HW_SW_01\LEDPR_Application_01_system\_ide\scripts\debugger_ledpr_application_01-default.tcl'
19:05:03 INFO  : Disconnected from the channel tcfchan#8.
19:05:04 INFO  : Connected to target on host '127.0.0.1' and port '3121'.
19:05:04 INFO  : Jtag cable 'Digilent Nexys A7 -100T 210292B61CC0A' is selected.
19:05:04 INFO  : 'jtag frequency' command is executed.
19:05:04 INFO  : 'targets -set -filter {jtag_cable_name =~ "Digilent Nexys A7 -100T 210292B61CC0A" && level==0 && jtag_device_ctx=="jsn-Nexys A7 -100T-210292B61CC0A-13631093-0"}' command is executed.
19:05:07 INFO  : Device configured successfully with "C:/VProject/Attempt_1_04-04-2024/SAXI_MB_PR_HW_SW_01/LEDPR_Application_01/_ide/bitstream/download.bit"
19:05:07 INFO  : Context for processor 'microblaze_0' is selected.
19:05:07 INFO  : Hardware design and registers information is loaded from 'C:/VProject/Attempt_1_04-04-2024/SAXI_MB_PR_HW_SW_01/LED_PR_Attempt1/export/LED_PR_Attempt1/hw/design_1_wrapper.xsa'.
19:05:07 INFO  : 'configparams mdm-detect-bscan-mask 2' command is executed.
19:05:07 INFO  : Context for processor 'microblaze_0' is selected.
19:05:07 INFO  : System reset is completed.
19:05:10 INFO  : 'after 3000' command is executed.
19:05:10 INFO  : Context for processor 'microblaze_0' is selected.
19:05:10 INFO  : The application 'C:/VProject/Attempt_1_04-04-2024/SAXI_MB_PR_HW_SW_01/LEDPR_Application_01/Debug/LEDPR_Application_01.elf' is downloaded to processor 'microblaze_0'.
19:05:10 INFO  : ----------------XSDB Script----------------
connect -url tcp:127.0.0.1:3121
targets -set -filter {jtag_cable_name =~ "Digilent Nexys A7 -100T 210292B61CC0A" && level==0 && jtag_device_ctx=="jsn-Nexys A7 -100T-210292B61CC0A-13631093-0"}
fpga -file C:/VProject/Attempt_1_04-04-2024/SAXI_MB_PR_HW_SW_01/LEDPR_Application_01/_ide/bitstream/download.bit
targets -set -nocase -filter {name =~ "*microblaze*#0" && bscan=="USER2" }
loadhw -hw C:/VProject/Attempt_1_04-04-2024/SAXI_MB_PR_HW_SW_01/LED_PR_Attempt1/export/LED_PR_Attempt1/hw/design_1_wrapper.xsa -regs
configparams mdm-detect-bscan-mask 2
targets -set -nocase -filter {name =~ "*microblaze*#0" && bscan=="USER2" }
rst -system
after 3000
targets -set -nocase -filter {name =~ "*microblaze*#0" && bscan=="USER2" }
dow C:/VProject/Attempt_1_04-04-2024/SAXI_MB_PR_HW_SW_01/LEDPR_Application_01/Debug/LEDPR_Application_01.elf
----------------End of Script----------------

19:05:10 INFO  : Context for processor 'microblaze_0' is selected.
19:05:10 INFO  : 'con' command is executed.
19:05:10 INFO  : ----------------XSDB Script (After Launch)----------------
targets -set -nocase -filter {name =~ "*microblaze*#0" && bscan=="USER2" }
con
----------------End of Script----------------

19:05:10 INFO  : Launch script is exported to file 'C:\VProject\Attempt_1_04-04-2024\SAXI_MB_PR_HW_SW_01\LEDPR_Application_01_system\_ide\scripts\debugger_ledpr_application_01-default.tcl'
19:05:48 INFO  : Checking for BSP changes to sync application flags for project 'LEDPR_Application_01'...
19:05:54 INFO  : Disconnected from the channel tcfchan#9.
19:05:55 INFO  : Connected to target on host '127.0.0.1' and port '3121'.
19:05:56 INFO  : Jtag cable 'Digilent Nexys A7 -100T 210292B61CC0A' is selected.
19:05:56 INFO  : 'jtag frequency' command is executed.
19:05:56 INFO  : 'targets -set -filter {jtag_cable_name =~ "Digilent Nexys A7 -100T 210292B61CC0A" && level==0 && jtag_device_ctx=="jsn-Nexys A7 -100T-210292B61CC0A-13631093-0"}' command is executed.
19:05:58 INFO  : Device configured successfully with "C:/VProject/Attempt_1_04-04-2024/SAXI_MB_PR_HW_SW_01/LEDPR_Application_01/_ide/bitstream/download.bit"
19:05:58 INFO  : Context for processor 'microblaze_0' is selected.
19:05:58 INFO  : Hardware design and registers information is loaded from 'C:/VProject/Attempt_1_04-04-2024/SAXI_MB_PR_HW_SW_01/LED_PR_Attempt1/export/LED_PR_Attempt1/hw/design_1_wrapper.xsa'.
19:05:58 INFO  : 'configparams mdm-detect-bscan-mask 2' command is executed.
19:05:58 INFO  : Context for processor 'microblaze_0' is selected.
19:05:58 INFO  : System reset is completed.
19:06:01 INFO  : 'after 3000' command is executed.
19:06:01 INFO  : Context for processor 'microblaze_0' is selected.
19:06:01 INFO  : The application 'C:/VProject/Attempt_1_04-04-2024/SAXI_MB_PR_HW_SW_01/LEDPR_Application_01/Debug/LEDPR_Application_01.elf' is downloaded to processor 'microblaze_0'.
19:06:01 INFO  : ----------------XSDB Script----------------
connect -url tcp:127.0.0.1:3121
targets -set -filter {jtag_cable_name =~ "Digilent Nexys A7 -100T 210292B61CC0A" && level==0 && jtag_device_ctx=="jsn-Nexys A7 -100T-210292B61CC0A-13631093-0"}
fpga -file C:/VProject/Attempt_1_04-04-2024/SAXI_MB_PR_HW_SW_01/LEDPR_Application_01/_ide/bitstream/download.bit
targets -set -nocase -filter {name =~ "*microblaze*#0" && bscan=="USER2" }
loadhw -hw C:/VProject/Attempt_1_04-04-2024/SAXI_MB_PR_HW_SW_01/LED_PR_Attempt1/export/LED_PR_Attempt1/hw/design_1_wrapper.xsa -regs
configparams mdm-detect-bscan-mask 2
targets -set -nocase -filter {name =~ "*microblaze*#0" && bscan=="USER2" }
rst -system
after 3000
targets -set -nocase -filter {name =~ "*microblaze*#0" && bscan=="USER2" }
dow C:/VProject/Attempt_1_04-04-2024/SAXI_MB_PR_HW_SW_01/LEDPR_Application_01/Debug/LEDPR_Application_01.elf
----------------End of Script----------------

19:06:01 INFO  : Context for processor 'microblaze_0' is selected.
19:06:01 INFO  : 'con' command is executed.
19:06:01 INFO  : ----------------XSDB Script (After Launch)----------------
targets -set -nocase -filter {name =~ "*microblaze*#0" && bscan=="USER2" }
con
----------------End of Script----------------

19:06:01 INFO  : Launch script is exported to file 'C:\VProject\Attempt_1_04-04-2024\SAXI_MB_PR_HW_SW_01\LEDPR_Application_01_system\_ide\scripts\debugger_ledpr_application_01-default.tcl'
19:17:59 INFO  : Hardware specification for platform project 'LED_PR_Attempt1' is updated.
19:18:52 INFO  : Result from executing command 'getProjects': LED_PR_Attempt1
19:18:52 INFO  : Result from executing command 'getPlatforms': xilinx_zcu102_base_202310_1|D:/Xilinx/Vitis/2023.1/base_platforms/xilinx_zcu102_base_202310_1/xilinx_zcu102_base_202310_1.xpfm;xilinx_zcu102_base_dfx_202310_1|D:/Xilinx/Vitis/2023.1/base_platforms/xilinx_zcu102_base_dfx_202310_1/xilinx_zcu102_base_dfx_202310_1.xpfm;xilinx_zcu104_base_202310_1|D:/Xilinx/Vitis/2023.1/base_platforms/xilinx_zcu104_base_202310_1/xilinx_zcu104_base_202310_1.xpfm
19:18:59 INFO  : Checking for BSP changes to sync application flags for project 'LEDPR_Application_01'...
19:19:01 INFO  : The hardware specification used by project 'LEDPR_Application_01' is out of sync with the platform. Resource files extracted from the hardware specification will be updated.
19:19:01 INFO  : The file 'C:\VProject\Attempt_1_04-04-2024\SAXI_MB_PR_HW_SW_01\LEDPR_Application_01\_ide\bitstream\design_1_wrapper.bit' stored in project is removed.
19:19:01 INFO  : The file 'C:\VProject\Attempt_1_04-04-2024\SAXI_MB_PR_HW_SW_01\LEDPR_Application_01\_ide\bitstream\design_1_wrapper.mmi' stored in project is removed.
19:19:01 INFO  : The file 'C:\VProject\Attempt_1_04-04-2024\SAXI_MB_PR_HW_SW_01\LEDPR_Application_01\_ide\bitstream\download.bit' stored in project is removed.
19:19:01 INFO  : The updated bitstream files are copied from platform to folder 'C:\VProject\Attempt_1_04-04-2024\SAXI_MB_PR_HW_SW_01\LEDPR_Application_01\_ide\bitstream' in project 'LEDPR_Application_01'.
19:19:24 INFO  : Bit file 'C:/VProject/Attempt_1_04-04-2024/SAXI_MB_PR_HW_SW_01/LEDPR_Application_01/_ide/bitstream/download.bit' is generated.
19:19:24 INFO  : Connected to target on host '127.0.0.1' and port '3121'.
19:19:24 INFO  : 'targets -set -filter {jtag_cable_name =~ "Digilent Nexys A7 -100T 210292B61CC0A" && level==0 && jtag_device_ctx=="jsn-Nexys A7 -100T-210292B61CC0A-13631093-0"}' command is executed.
19:19:26 INFO  : Device configured successfully with "C:/VProject/Attempt_1_04-04-2024/SAXI_MB_PR_HW_SW_01/LEDPR_Application_01/_ide/bitstream/download.bit"
19:19:34 INFO  : Disconnected from the channel tcfchan#10.
19:19:36 INFO  : Connected to target on host '127.0.0.1' and port '3121'.
19:19:45 INFO  : ----------------XSDB Script----------------
connect -url tcp:127.0.0.1:3121
----------------End of Script----------------

19:19:45 ERROR : Could not find FPGA device on the board for connection 'Local'.


Troubleshooting hints:
1. Check whether board is connected to system properly.
2. In case of zynq board, check whether Digilent/Xilinx cable switch settings are correct.
3. If you are using Xilinx Platform Cable USB, ensure that status LED is green.
19:19:53 INFO  : Connected to target on host '127.0.0.1' and port '3121'.
19:19:53 INFO  : Jtag cable 'Digilent Nexys A7 -100T 210292B61CC0A' is selected.
19:19:53 INFO  : 'jtag frequency' command is executed.
19:19:53 INFO  : 'targets -set -filter {jtag_cable_name =~ "Digilent Nexys A7 -100T 210292B61CC0A" && level==0 && jtag_device_ctx=="jsn-Nexys A7 -100T-210292B61CC0A-13631093-0"}' command is executed.
19:19:56 INFO  : Device configured successfully with "C:/VProject/Attempt_1_04-04-2024/SAXI_MB_PR_HW_SW_01/LEDPR_Application_01/_ide/bitstream/download.bit"
19:19:56 INFO  : Context for processor 'microblaze_0' is selected.
19:19:56 INFO  : Hardware design and registers information is loaded from 'C:/VProject/Attempt_1_04-04-2024/SAXI_MB_PR_HW_SW_01/LED_PR_Attempt1/export/LED_PR_Attempt1/hw/design_1_wrapper.xsa'.
19:19:56 INFO  : 'configparams mdm-detect-bscan-mask 2' command is executed.
19:19:56 INFO  : Context for processor 'microblaze_0' is selected.
19:19:56 INFO  : System reset is completed.
19:19:59 INFO  : 'after 3000' command is executed.
19:19:59 INFO  : Context for processor 'microblaze_0' is selected.
19:19:59 INFO  : The application 'C:/VProject/Attempt_1_04-04-2024/SAXI_MB_PR_HW_SW_01/LEDPR_Application_01/Debug/LEDPR_Application_01.elf' is downloaded to processor 'microblaze_0'.
19:19:59 INFO  : ----------------XSDB Script----------------
connect -url tcp:127.0.0.1:3121
targets -set -filter {jtag_cable_name =~ "Digilent Nexys A7 -100T 210292B61CC0A" && level==0 && jtag_device_ctx=="jsn-Nexys A7 -100T-210292B61CC0A-13631093-0"}
fpga -file C:/VProject/Attempt_1_04-04-2024/SAXI_MB_PR_HW_SW_01/LEDPR_Application_01/_ide/bitstream/download.bit
targets -set -nocase -filter {name =~ "*microblaze*#0" && bscan=="USER2" }
loadhw -hw C:/VProject/Attempt_1_04-04-2024/SAXI_MB_PR_HW_SW_01/LED_PR_Attempt1/export/LED_PR_Attempt1/hw/design_1_wrapper.xsa -regs
configparams mdm-detect-bscan-mask 2
targets -set -nocase -filter {name =~ "*microblaze*#0" && bscan=="USER2" }
rst -system
after 3000
targets -set -nocase -filter {name =~ "*microblaze*#0" && bscan=="USER2" }
dow C:/VProject/Attempt_1_04-04-2024/SAXI_MB_PR_HW_SW_01/LEDPR_Application_01/Debug/LEDPR_Application_01.elf
----------------End of Script----------------

19:19:59 INFO  : Context for processor 'microblaze_0' is selected.
19:19:59 INFO  : 'con' command is executed.
19:19:59 INFO  : ----------------XSDB Script (After Launch)----------------
targets -set -nocase -filter {name =~ "*microblaze*#0" && bscan=="USER2" }
con
----------------End of Script----------------

19:19:59 INFO  : Launch script is exported to file 'C:\VProject\Attempt_1_04-04-2024\SAXI_MB_PR_HW_SW_01\LEDPR_Application_01_system\_ide\scripts\debugger_ledpr_application_01-default.tcl'
19:20:45 INFO  : Checking for BSP changes to sync application flags for project 'LEDPR_Application_01'...
19:20:49 INFO  : Disconnected from the channel tcfchan#13.
19:20:50 INFO  : Connected to target on host '127.0.0.1' and port '3121'.
19:20:59 INFO  : ----------------XSDB Script----------------
connect -url tcp:127.0.0.1:3121
----------------End of Script----------------

19:20:59 ERROR : Could not find FPGA device on the board for connection 'Local'.


Troubleshooting hints:
1. Check whether board is connected to system properly.
2. In case of zynq board, check whether Digilent/Xilinx cable switch settings are correct.
3. If you are using Xilinx Platform Cable USB, ensure that status LED is green.
19:21:03 INFO  : Connected to target on host '127.0.0.1' and port '3121'.
19:21:04 INFO  : Jtag cable 'Digilent Nexys A7 -100T 210292B61CC0A' is selected.
19:21:04 INFO  : 'jtag frequency' command is executed.
19:21:04 INFO  : 'targets -set -filter {jtag_cable_name =~ "Digilent Nexys A7 -100T 210292B61CC0A" && level==0 && jtag_device_ctx=="jsn-Nexys A7 -100T-210292B61CC0A-13631093-0"}' command is executed.
19:21:06 INFO  : Device configured successfully with "C:/VProject/Attempt_1_04-04-2024/SAXI_MB_PR_HW_SW_01/LEDPR_Application_01/_ide/bitstream/download.bit"
19:21:06 INFO  : Context for processor 'microblaze_0' is selected.
19:21:06 INFO  : Hardware design and registers information is loaded from 'C:/VProject/Attempt_1_04-04-2024/SAXI_MB_PR_HW_SW_01/LED_PR_Attempt1/export/LED_PR_Attempt1/hw/design_1_wrapper.xsa'.
19:21:06 INFO  : 'configparams mdm-detect-bscan-mask 2' command is executed.
19:21:06 INFO  : Context for processor 'microblaze_0' is selected.
19:21:06 INFO  : System reset is completed.
19:21:09 INFO  : 'after 3000' command is executed.
19:21:09 INFO  : Context for processor 'microblaze_0' is selected.
19:21:09 INFO  : The application 'C:/VProject/Attempt_1_04-04-2024/SAXI_MB_PR_HW_SW_01/LEDPR_Application_01/Debug/LEDPR_Application_01.elf' is downloaded to processor 'microblaze_0'.
19:21:09 INFO  : ----------------XSDB Script----------------
connect -url tcp:127.0.0.1:3121
targets -set -filter {jtag_cable_name =~ "Digilent Nexys A7 -100T 210292B61CC0A" && level==0 && jtag_device_ctx=="jsn-Nexys A7 -100T-210292B61CC0A-13631093-0"}
fpga -file C:/VProject/Attempt_1_04-04-2024/SAXI_MB_PR_HW_SW_01/LEDPR_Application_01/_ide/bitstream/download.bit
targets -set -nocase -filter {name =~ "*microblaze*#0" && bscan=="USER2" }
loadhw -hw C:/VProject/Attempt_1_04-04-2024/SAXI_MB_PR_HW_SW_01/LED_PR_Attempt1/export/LED_PR_Attempt1/hw/design_1_wrapper.xsa -regs
configparams mdm-detect-bscan-mask 2
targets -set -nocase -filter {name =~ "*microblaze*#0" && bscan=="USER2" }
rst -system
after 3000
targets -set -nocase -filter {name =~ "*microblaze*#0" && bscan=="USER2" }
dow C:/VProject/Attempt_1_04-04-2024/SAXI_MB_PR_HW_SW_01/LEDPR_Application_01/Debug/LEDPR_Application_01.elf
----------------End of Script----------------

19:21:09 INFO  : Context for processor 'microblaze_0' is selected.
19:21:09 INFO  : 'con' command is executed.
19:21:09 INFO  : ----------------XSDB Script (After Launch)----------------
targets -set -nocase -filter {name =~ "*microblaze*#0" && bscan=="USER2" }
con
----------------End of Script----------------

19:21:09 INFO  : Launch script is exported to file 'C:\VProject\Attempt_1_04-04-2024\SAXI_MB_PR_HW_SW_01\LEDPR_Application_01_system\_ide\scripts\debugger_ledpr_application_01-default.tcl'
19:21:37 INFO  : Checking for BSP changes to sync application flags for project 'LEDPR_Application_01'...
19:21:44 INFO  : Disconnected from the channel tcfchan#14.
19:21:45 INFO  : Connected to target on host '127.0.0.1' and port '3121'.
19:21:54 INFO  : ----------------XSDB Script----------------
connect -url tcp:127.0.0.1:3121
----------------End of Script----------------

19:21:54 ERROR : Could not find FPGA device on the board for connection 'Local'.


Troubleshooting hints:
1. Check whether board is connected to system properly.
2. In case of zynq board, check whether Digilent/Xilinx cable switch settings are correct.
3. If you are using Xilinx Platform Cable USB, ensure that status LED is green.
19:21:54 INFO  : Connected to target on host '127.0.0.1' and port '3121'.
19:21:54 INFO  : Jtag cable 'Digilent Nexys A7 -100T 210292B61CC0A' is selected.
19:21:54 INFO  : 'jtag frequency' command is executed.
19:21:55 INFO  : 'targets -set -filter {jtag_cable_name =~ "Digilent Nexys A7 -100T 210292B61CC0A" && level==0 && jtag_device_ctx=="jsn-Nexys A7 -100T-210292B61CC0A-13631093-0"}' command is executed.
19:21:57 INFO  : Device configured successfully with "C:/VProject/Attempt_1_04-04-2024/SAXI_MB_PR_HW_SW_01/LEDPR_Application_01/_ide/bitstream/download.bit"
19:21:57 INFO  : Context for processor 'microblaze_0' is selected.
19:21:57 INFO  : Hardware design and registers information is loaded from 'C:/VProject/Attempt_1_04-04-2024/SAXI_MB_PR_HW_SW_01/LED_PR_Attempt1/export/LED_PR_Attempt1/hw/design_1_wrapper.xsa'.
19:21:57 INFO  : 'configparams mdm-detect-bscan-mask 2' command is executed.
19:21:57 INFO  : Context for processor 'microblaze_0' is selected.
19:21:57 INFO  : System reset is completed.
19:22:00 INFO  : 'after 3000' command is executed.
19:22:00 INFO  : Context for processor 'microblaze_0' is selected.
19:22:00 INFO  : The application 'C:/VProject/Attempt_1_04-04-2024/SAXI_MB_PR_HW_SW_01/LEDPR_Application_01/Debug/LEDPR_Application_01.elf' is downloaded to processor 'microblaze_0'.
19:22:00 INFO  : ----------------XSDB Script----------------
connect -url tcp:127.0.0.1:3121
targets -set -filter {jtag_cable_name =~ "Digilent Nexys A7 -100T 210292B61CC0A" && level==0 && jtag_device_ctx=="jsn-Nexys A7 -100T-210292B61CC0A-13631093-0"}
fpga -file C:/VProject/Attempt_1_04-04-2024/SAXI_MB_PR_HW_SW_01/LEDPR_Application_01/_ide/bitstream/download.bit
targets -set -nocase -filter {name =~ "*microblaze*#0" && bscan=="USER2" }
loadhw -hw C:/VProject/Attempt_1_04-04-2024/SAXI_MB_PR_HW_SW_01/LED_PR_Attempt1/export/LED_PR_Attempt1/hw/design_1_wrapper.xsa -regs
configparams mdm-detect-bscan-mask 2
targets -set -nocase -filter {name =~ "*microblaze*#0" && bscan=="USER2" }
rst -system
after 3000
targets -set -nocase -filter {name =~ "*microblaze*#0" && bscan=="USER2" }
dow C:/VProject/Attempt_1_04-04-2024/SAXI_MB_PR_HW_SW_01/LEDPR_Application_01/Debug/LEDPR_Application_01.elf
----------------End of Script----------------

19:22:00 INFO  : Context for processor 'microblaze_0' is selected.
19:22:00 INFO  : 'con' command is executed.
19:22:00 INFO  : ----------------XSDB Script (After Launch)----------------
targets -set -nocase -filter {name =~ "*microblaze*#0" && bscan=="USER2" }
con
----------------End of Script----------------

19:22:00 INFO  : Launch script is exported to file 'C:\VProject\Attempt_1_04-04-2024\SAXI_MB_PR_HW_SW_01\LEDPR_Application_01_system\_ide\scripts\debugger_ledpr_application_01-default.tcl'
19:39:24 INFO  : Hardware specification for platform project 'LED_PR_Attempt1' is updated.
19:39:57 INFO  : Result from executing command 'getProjects': LED_PR_Attempt1
19:39:57 INFO  : Result from executing command 'getPlatforms': xilinx_zcu102_base_202310_1|D:/Xilinx/Vitis/2023.1/base_platforms/xilinx_zcu102_base_202310_1/xilinx_zcu102_base_202310_1.xpfm;xilinx_zcu102_base_dfx_202310_1|D:/Xilinx/Vitis/2023.1/base_platforms/xilinx_zcu102_base_dfx_202310_1/xilinx_zcu102_base_dfx_202310_1.xpfm;xilinx_zcu104_base_202310_1|D:/Xilinx/Vitis/2023.1/base_platforms/xilinx_zcu104_base_202310_1/xilinx_zcu104_base_202310_1.xpfm
19:40:02 INFO  : Checking for BSP changes to sync application flags for project 'LEDPR_Application_01'...
19:40:04 INFO  : The hardware specification used by project 'LEDPR_Application_01' is out of sync with the platform. Resource files extracted from the hardware specification will be updated.
19:40:04 INFO  : The file 'C:\VProject\Attempt_1_04-04-2024\SAXI_MB_PR_HW_SW_01\LEDPR_Application_01\_ide\bitstream\design_1_wrapper.bit' stored in project is removed.
19:40:04 INFO  : The file 'C:\VProject\Attempt_1_04-04-2024\SAXI_MB_PR_HW_SW_01\LEDPR_Application_01\_ide\bitstream\design_1_wrapper.mmi' stored in project is removed.
19:40:04 INFO  : The file 'C:\VProject\Attempt_1_04-04-2024\SAXI_MB_PR_HW_SW_01\LEDPR_Application_01\_ide\bitstream\download.bit' stored in project is removed.
19:40:04 INFO  : The updated bitstream files are copied from platform to folder 'C:\VProject\Attempt_1_04-04-2024\SAXI_MB_PR_HW_SW_01\LEDPR_Application_01\_ide\bitstream' in project 'LEDPR_Application_01'.
19:40:32 INFO  : Bit file 'C:/VProject/Attempt_1_04-04-2024/SAXI_MB_PR_HW_SW_01/LEDPR_Application_01/_ide/bitstream/download.bit' is generated.
19:40:32 INFO  : Connected to target on host '127.0.0.1' and port '3121'.
19:40:32 INFO  : 'targets -set -filter {jtag_cable_name =~ "Digilent Nexys A7 -100T 210292B61CC0A" && level==0 && jtag_device_ctx=="jsn-Nexys A7 -100T-210292B61CC0A-13631093-0"}' command is executed.
19:40:34 INFO  : Device configured successfully with "C:/VProject/Attempt_1_04-04-2024/SAXI_MB_PR_HW_SW_01/LEDPR_Application_01/_ide/bitstream/download.bit"
19:40:43 INFO  : Disconnected from the channel tcfchan#15.
19:40:44 INFO  : Connected to target on host '127.0.0.1' and port '3121'.
19:40:53 INFO  : ----------------XSDB Script----------------
connect -url tcp:127.0.0.1:3121
----------------End of Script----------------

19:40:53 ERROR : Could not find FPGA device on the board for connection 'Local'.


Troubleshooting hints:
1. Check whether board is connected to system properly.
2. In case of zynq board, check whether Digilent/Xilinx cable switch settings are correct.
3. If you are using Xilinx Platform Cable USB, ensure that status LED is green.
19:40:57 INFO  : Connected to target on host '127.0.0.1' and port '3121'.
19:40:57 INFO  : Jtag cable 'Digilent Nexys A7 -100T 210292B61CC0A' is selected.
19:40:57 INFO  : 'jtag frequency' command is executed.
19:40:57 INFO  : 'targets -set -filter {jtag_cable_name =~ "Digilent Nexys A7 -100T 210292B61CC0A" && level==0 && jtag_device_ctx=="jsn-Nexys A7 -100T-210292B61CC0A-13631093-0"}' command is executed.
19:41:00 INFO  : Device configured successfully with "C:/VProject/Attempt_1_04-04-2024/SAXI_MB_PR_HW_SW_01/LEDPR_Application_01/_ide/bitstream/download.bit"
19:41:00 INFO  : Context for processor 'microblaze_0' is selected.
19:41:00 INFO  : Hardware design and registers information is loaded from 'C:/VProject/Attempt_1_04-04-2024/SAXI_MB_PR_HW_SW_01/LED_PR_Attempt1/export/LED_PR_Attempt1/hw/design_1_wrapper.xsa'.
19:41:00 INFO  : 'configparams mdm-detect-bscan-mask 2' command is executed.
19:41:00 INFO  : Context for processor 'microblaze_0' is selected.
19:41:00 INFO  : System reset is completed.
19:41:03 INFO  : 'after 3000' command is executed.
19:41:03 INFO  : Context for processor 'microblaze_0' is selected.
19:41:03 INFO  : The application 'C:/VProject/Attempt_1_04-04-2024/SAXI_MB_PR_HW_SW_01/LEDPR_Application_01/Debug/LEDPR_Application_01.elf' is downloaded to processor 'microblaze_0'.
19:41:03 INFO  : ----------------XSDB Script----------------
connect -url tcp:127.0.0.1:3121
targets -set -filter {jtag_cable_name =~ "Digilent Nexys A7 -100T 210292B61CC0A" && level==0 && jtag_device_ctx=="jsn-Nexys A7 -100T-210292B61CC0A-13631093-0"}
fpga -file C:/VProject/Attempt_1_04-04-2024/SAXI_MB_PR_HW_SW_01/LEDPR_Application_01/_ide/bitstream/download.bit
targets -set -nocase -filter {name =~ "*microblaze*#0" && bscan=="USER2" }
loadhw -hw C:/VProject/Attempt_1_04-04-2024/SAXI_MB_PR_HW_SW_01/LED_PR_Attempt1/export/LED_PR_Attempt1/hw/design_1_wrapper.xsa -regs
configparams mdm-detect-bscan-mask 2
targets -set -nocase -filter {name =~ "*microblaze*#0" && bscan=="USER2" }
rst -system
after 3000
targets -set -nocase -filter {name =~ "*microblaze*#0" && bscan=="USER2" }
dow C:/VProject/Attempt_1_04-04-2024/SAXI_MB_PR_HW_SW_01/LEDPR_Application_01/Debug/LEDPR_Application_01.elf
----------------End of Script----------------

19:41:03 INFO  : Context for processor 'microblaze_0' is selected.
19:41:03 INFO  : 'con' command is executed.
19:41:03 INFO  : ----------------XSDB Script (After Launch)----------------
targets -set -nocase -filter {name =~ "*microblaze*#0" && bscan=="USER2" }
con
----------------End of Script----------------

19:41:03 INFO  : Launch script is exported to file 'C:\VProject\Attempt_1_04-04-2024\SAXI_MB_PR_HW_SW_01\LEDPR_Application_01_system\_ide\scripts\debugger_ledpr_application_01-default.tcl'
19:57:56 INFO  : Hardware specification for platform project 'LED_PR_Attempt1' is updated.
19:58:31 INFO  : Result from executing command 'getProjects': LED_PR_Attempt1
19:58:31 INFO  : Result from executing command 'getPlatforms': xilinx_zcu102_base_202310_1|D:/Xilinx/Vitis/2023.1/base_platforms/xilinx_zcu102_base_202310_1/xilinx_zcu102_base_202310_1.xpfm;xilinx_zcu102_base_dfx_202310_1|D:/Xilinx/Vitis/2023.1/base_platforms/xilinx_zcu102_base_dfx_202310_1/xilinx_zcu102_base_dfx_202310_1.xpfm;xilinx_zcu104_base_202310_1|D:/Xilinx/Vitis/2023.1/base_platforms/xilinx_zcu104_base_202310_1/xilinx_zcu104_base_202310_1.xpfm
19:58:53 INFO  : Bit file 'C:/VProject/Attempt_1_04-04-2024/SAXI_MB_PR_HW_SW_01/LEDPR_Application_01/_ide/bitstream/download.bit' is generated.
19:58:53 INFO  : Connected to target on host '127.0.0.1' and port '3121'.
19:58:54 INFO  : 'targets -set -filter {jtag_cable_name =~ "Digilent Nexys A7 -100T 210292B61CC0A" && level==0 && jtag_device_ctx=="jsn-Nexys A7 -100T-210292B61CC0A-13631093-0"}' command is executed.
19:58:56 INFO  : Device configured successfully with "C:/VProject/Attempt_1_04-04-2024/SAXI_MB_PR_HW_SW_01/LEDPR_Application_01/_ide/bitstream/download.bit"
19:59:03 INFO  : Disconnected from the channel tcfchan#18.
19:59:04 INFO  : Connected to target on host '127.0.0.1' and port '3121'.
19:59:13 INFO  : ----------------XSDB Script----------------
connect -url tcp:127.0.0.1:3121
----------------End of Script----------------

19:59:13 ERROR : Could not find FPGA device on the board for connection 'Local'.


Troubleshooting hints:
1. Check whether board is connected to system properly.
2. In case of zynq board, check whether Digilent/Xilinx cable switch settings are correct.
3. If you are using Xilinx Platform Cable USB, ensure that status LED is green.
19:59:17 INFO  : Connected to target on host '127.0.0.1' and port '3121'.
19:59:17 INFO  : Jtag cable 'Digilent Nexys A7 -100T 210292B61CC0A' is selected.
19:59:17 INFO  : 'jtag frequency' command is executed.
19:59:17 INFO  : 'targets -set -filter {jtag_cable_name =~ "Digilent Nexys A7 -100T 210292B61CC0A" && level==0 && jtag_device_ctx=="jsn-Nexys A7 -100T-210292B61CC0A-13631093-0"}' command is executed.
19:59:19 INFO  : Device configured successfully with "C:/VProject/Attempt_1_04-04-2024/SAXI_MB_PR_HW_SW_01/LEDPR_Application_01/_ide/bitstream/download.bit"
19:59:19 INFO  : Context for processor 'microblaze_0' is selected.
19:59:19 INFO  : Hardware design and registers information is loaded from 'C:/VProject/Attempt_1_04-04-2024/SAXI_MB_PR_HW_SW_01/LED_PR_Attempt1/export/LED_PR_Attempt1/hw/design_1_wrapper.xsa'.
19:59:19 INFO  : 'configparams mdm-detect-bscan-mask 2' command is executed.
19:59:20 INFO  : Context for processor 'microblaze_0' is selected.
19:59:20 INFO  : System reset is completed.
19:59:23 INFO  : 'after 3000' command is executed.
19:59:23 INFO  : Context for processor 'microblaze_0' is selected.
19:59:23 INFO  : The application 'C:/VProject/Attempt_1_04-04-2024/SAXI_MB_PR_HW_SW_01/LEDPR_Application_01/Debug/LEDPR_Application_01.elf' is downloaded to processor 'microblaze_0'.
19:59:23 INFO  : ----------------XSDB Script----------------
connect -url tcp:127.0.0.1:3121
targets -set -filter {jtag_cable_name =~ "Digilent Nexys A7 -100T 210292B61CC0A" && level==0 && jtag_device_ctx=="jsn-Nexys A7 -100T-210292B61CC0A-13631093-0"}
fpga -file C:/VProject/Attempt_1_04-04-2024/SAXI_MB_PR_HW_SW_01/LEDPR_Application_01/_ide/bitstream/download.bit
targets -set -nocase -filter {name =~ "*microblaze*#0" && bscan=="USER2" }
loadhw -hw C:/VProject/Attempt_1_04-04-2024/SAXI_MB_PR_HW_SW_01/LED_PR_Attempt1/export/LED_PR_Attempt1/hw/design_1_wrapper.xsa -regs
configparams mdm-detect-bscan-mask 2
targets -set -nocase -filter {name =~ "*microblaze*#0" && bscan=="USER2" }
rst -system
after 3000
targets -set -nocase -filter {name =~ "*microblaze*#0" && bscan=="USER2" }
dow C:/VProject/Attempt_1_04-04-2024/SAXI_MB_PR_HW_SW_01/LEDPR_Application_01/Debug/LEDPR_Application_01.elf
----------------End of Script----------------

19:59:23 INFO  : Context for processor 'microblaze_0' is selected.
19:59:23 INFO  : 'con' command is executed.
19:59:23 INFO  : ----------------XSDB Script (After Launch)----------------
targets -set -nocase -filter {name =~ "*microblaze*#0" && bscan=="USER2" }
con
----------------End of Script----------------

19:59:23 INFO  : Launch script is exported to file 'C:\VProject\Attempt_1_04-04-2024\SAXI_MB_PR_HW_SW_01\LEDPR_Application_01_system\_ide\scripts\debugger_ledpr_application_01-default.tcl'
01:01:51 INFO  : Hardware specification for platform project 'LED_PR_Attempt1' is updated.
01:02:12 INFO  : Result from executing command 'getProjects': LED_PR_Attempt1
01:02:12 INFO  : Result from executing command 'getPlatforms': xilinx_zcu102_base_202310_1|D:/Xilinx/Vitis/2023.1/base_platforms/xilinx_zcu102_base_202310_1/xilinx_zcu102_base_202310_1.xpfm;xilinx_zcu102_base_dfx_202310_1|D:/Xilinx/Vitis/2023.1/base_platforms/xilinx_zcu102_base_dfx_202310_1/xilinx_zcu102_base_dfx_202310_1.xpfm;xilinx_zcu104_base_202310_1|D:/Xilinx/Vitis/2023.1/base_platforms/xilinx_zcu104_base_202310_1/xilinx_zcu104_base_202310_1.xpfm
01:02:17 INFO  : Checking for BSP changes to sync application flags for project 'LEDPR_Application_01'...
01:02:19 INFO  : The hardware specification used by project 'LEDPR_Application_01' is out of sync with the platform. Resource files extracted from the hardware specification will be updated.
01:02:19 INFO  : The file 'C:\VProject\Attempt_1_04-04-2024\SAXI_MB_PR_HW_SW_01\LEDPR_Application_01\_ide\bitstream\design_1_wrapper.bit' stored in project is removed.
01:02:19 INFO  : The file 'C:\VProject\Attempt_1_04-04-2024\SAXI_MB_PR_HW_SW_01\LEDPR_Application_01\_ide\bitstream\design_1_wrapper.mmi' stored in project is removed.
01:02:19 INFO  : The file 'C:\VProject\Attempt_1_04-04-2024\SAXI_MB_PR_HW_SW_01\LEDPR_Application_01\_ide\bitstream\download.bit' stored in project is removed.
01:02:19 INFO  : The updated bitstream files are copied from platform to folder 'C:\VProject\Attempt_1_04-04-2024\SAXI_MB_PR_HW_SW_01\LEDPR_Application_01\_ide\bitstream' in project 'LEDPR_Application_01'.
01:03:09 INFO  : Bit file 'C:/VProject/Attempt_1_04-04-2024/SAXI_MB_PR_HW_SW_01/LEDPR_Application_01/_ide/bitstream/download.bit' is generated.
01:03:09 INFO  : Connected to target on host '127.0.0.1' and port '3121'.
01:03:09 INFO  : 'targets -set -filter {jtag_cable_name =~ "Digilent Nexys A7 -100T 210292B61CC0A" && level==0 && jtag_device_ctx=="jsn-Nexys A7 -100T-210292B61CC0A-13631093-0"}' command is executed.
01:03:12 INFO  : Device configured successfully with "C:/VProject/Attempt_1_04-04-2024/SAXI_MB_PR_HW_SW_01/LEDPR_Application_01/_ide/bitstream/download.bit"
01:03:17 INFO  : Disconnected from the channel tcfchan#21.
01:03:18 INFO  : Connected to target on host '127.0.0.1' and port '3121'.
01:03:28 INFO  : ----------------XSDB Script----------------
connect -url tcp:127.0.0.1:3121
----------------End of Script----------------

01:03:28 ERROR : Could not find FPGA device on the board for connection 'Local'.


Troubleshooting hints:
1. Check whether board is connected to system properly.
2. In case of zynq board, check whether Digilent/Xilinx cable switch settings are correct.
3. If you are using Xilinx Platform Cable USB, ensure that status LED is green.
01:03:33 INFO  : Connected to target on host '127.0.0.1' and port '3121'.
01:03:33 INFO  : Jtag cable 'Digilent Nexys A7 -100T 210292B61CC0A' is selected.
01:03:33 INFO  : 'jtag frequency' command is executed.
01:03:33 INFO  : 'targets -set -filter {jtag_cable_name =~ "Digilent Nexys A7 -100T 210292B61CC0A" && level==0 && jtag_device_ctx=="jsn-Nexys A7 -100T-210292B61CC0A-13631093-0"}' command is executed.
01:03:35 INFO  : Device configured successfully with "C:/VProject/Attempt_1_04-04-2024/SAXI_MB_PR_HW_SW_01/LEDPR_Application_01/_ide/bitstream/download.bit"
01:03:35 INFO  : Context for processor 'microblaze_0' is selected.
01:03:35 INFO  : Hardware design and registers information is loaded from 'C:/VProject/Attempt_1_04-04-2024/SAXI_MB_PR_HW_SW_01/LED_PR_Attempt1/export/LED_PR_Attempt1/hw/design_1_wrapper.xsa'.
01:03:35 INFO  : 'configparams mdm-detect-bscan-mask 2' command is executed.
01:03:35 INFO  : Context for processor 'microblaze_0' is selected.
01:03:35 INFO  : System reset is completed.
01:03:38 INFO  : 'after 3000' command is executed.
01:03:38 INFO  : Context for processor 'microblaze_0' is selected.
01:03:38 INFO  : The application 'C:/VProject/Attempt_1_04-04-2024/SAXI_MB_PR_HW_SW_01/LEDPR_Application_01/Debug/LEDPR_Application_01.elf' is downloaded to processor 'microblaze_0'.
01:03:38 INFO  : ----------------XSDB Script----------------
connect -url tcp:127.0.0.1:3121
targets -set -filter {jtag_cable_name =~ "Digilent Nexys A7 -100T 210292B61CC0A" && level==0 && jtag_device_ctx=="jsn-Nexys A7 -100T-210292B61CC0A-13631093-0"}
fpga -file C:/VProject/Attempt_1_04-04-2024/SAXI_MB_PR_HW_SW_01/LEDPR_Application_01/_ide/bitstream/download.bit
targets -set -nocase -filter {name =~ "*microblaze*#0" && bscan=="USER2" }
loadhw -hw C:/VProject/Attempt_1_04-04-2024/SAXI_MB_PR_HW_SW_01/LED_PR_Attempt1/export/LED_PR_Attempt1/hw/design_1_wrapper.xsa -regs
configparams mdm-detect-bscan-mask 2
targets -set -nocase -filter {name =~ "*microblaze*#0" && bscan=="USER2" }
rst -system
after 3000
targets -set -nocase -filter {name =~ "*microblaze*#0" && bscan=="USER2" }
dow C:/VProject/Attempt_1_04-04-2024/SAXI_MB_PR_HW_SW_01/LEDPR_Application_01/Debug/LEDPR_Application_01.elf
----------------End of Script----------------

01:03:38 INFO  : Context for processor 'microblaze_0' is selected.
01:03:38 INFO  : 'con' command is executed.
01:03:38 INFO  : ----------------XSDB Script (After Launch)----------------
targets -set -nocase -filter {name =~ "*microblaze*#0" && bscan=="USER2" }
con
----------------End of Script----------------

01:03:38 INFO  : Launch script is exported to file 'C:\VProject\Attempt_1_04-04-2024\SAXI_MB_PR_HW_SW_01\LEDPR_Application_01_system\_ide\scripts\debugger_ledpr_application_01-default.tcl'
01:14:54 INFO  : Hardware specification for platform project 'LED_PR_Attempt1' is updated.
01:15:40 INFO  : Result from executing command 'getProjects': LED_PR_Attempt1
01:15:40 INFO  : Result from executing command 'getPlatforms': xilinx_zcu102_base_202310_1|D:/Xilinx/Vitis/2023.1/base_platforms/xilinx_zcu102_base_202310_1/xilinx_zcu102_base_202310_1.xpfm;xilinx_zcu102_base_dfx_202310_1|D:/Xilinx/Vitis/2023.1/base_platforms/xilinx_zcu102_base_dfx_202310_1/xilinx_zcu102_base_dfx_202310_1.xpfm;xilinx_zcu104_base_202310_1|D:/Xilinx/Vitis/2023.1/base_platforms/xilinx_zcu104_base_202310_1/xilinx_zcu104_base_202310_1.xpfm
01:15:49 INFO  : Checking for BSP changes to sync application flags for project 'LEDPR_Application_01'...
01:15:50 INFO  : The hardware specification used by project 'LEDPR_Application_01' is out of sync with the platform. Resource files extracted from the hardware specification will be updated.
01:15:50 INFO  : The file 'C:\VProject\Attempt_1_04-04-2024\SAXI_MB_PR_HW_SW_01\LEDPR_Application_01\_ide\bitstream\design_1_wrapper.bit' stored in project is removed.
01:15:50 INFO  : The file 'C:\VProject\Attempt_1_04-04-2024\SAXI_MB_PR_HW_SW_01\LEDPR_Application_01\_ide\bitstream\design_1_wrapper.mmi' stored in project is removed.
01:15:50 INFO  : The file 'C:\VProject\Attempt_1_04-04-2024\SAXI_MB_PR_HW_SW_01\LEDPR_Application_01\_ide\bitstream\download.bit' stored in project is removed.
01:15:50 INFO  : The updated bitstream files are copied from platform to folder 'C:\VProject\Attempt_1_04-04-2024\SAXI_MB_PR_HW_SW_01\LEDPR_Application_01\_ide\bitstream' in project 'LEDPR_Application_01'.
01:16:09 INFO  : Bit file 'C:/VProject/Attempt_1_04-04-2024/SAXI_MB_PR_HW_SW_01/LEDPR_Application_01/_ide/bitstream/download.bit' is generated.
01:16:09 INFO  : Connected to target on host '127.0.0.1' and port '3121'.
01:16:09 INFO  : 'targets -set -filter {jtag_cable_name =~ "Digilent Nexys A7 -100T 210292B61CC0A" && level==0 && jtag_device_ctx=="jsn-Nexys A7 -100T-210292B61CC0A-13631093-0"}' command is executed.
01:16:12 INFO  : Device configured successfully with "C:/VProject/Attempt_1_04-04-2024/SAXI_MB_PR_HW_SW_01/LEDPR_Application_01/_ide/bitstream/download.bit"
01:16:24 INFO  : Disconnected from the channel tcfchan#24.
01:16:25 INFO  : Connected to target on host '127.0.0.1' and port '3121'.
01:16:34 INFO  : ----------------XSDB Script----------------
connect -url tcp:127.0.0.1:3121
----------------End of Script----------------

01:16:34 ERROR : Could not find FPGA device on the board for connection 'Local'.


Troubleshooting hints:
1. Check whether board is connected to system properly.
2. In case of zynq board, check whether Digilent/Xilinx cable switch settings are correct.
3. If you are using Xilinx Platform Cable USB, ensure that status LED is green.
01:16:39 INFO  : Connected to target on host '127.0.0.1' and port '3121'.
01:16:39 INFO  : Jtag cable 'Digilent Nexys A7 -100T 210292B61CC0A' is selected.
01:16:39 INFO  : 'jtag frequency' command is executed.
01:16:39 INFO  : 'targets -set -filter {jtag_cable_name =~ "Digilent Nexys A7 -100T 210292B61CC0A" && level==0 && jtag_device_ctx=="jsn-Nexys A7 -100T-210292B61CC0A-13631093-0"}' command is executed.
01:16:42 INFO  : Device configured successfully with "C:/VProject/Attempt_1_04-04-2024/SAXI_MB_PR_HW_SW_01/LEDPR_Application_01/_ide/bitstream/download.bit"
01:16:42 INFO  : Context for processor 'microblaze_0' is selected.
01:16:42 INFO  : Hardware design and registers information is loaded from 'C:/VProject/Attempt_1_04-04-2024/SAXI_MB_PR_HW_SW_01/LED_PR_Attempt1/export/LED_PR_Attempt1/hw/design_1_wrapper.xsa'.
01:16:42 INFO  : 'configparams mdm-detect-bscan-mask 2' command is executed.
01:16:42 INFO  : Context for processor 'microblaze_0' is selected.
01:16:42 INFO  : System reset is completed.
01:16:45 INFO  : 'after 3000' command is executed.
01:16:45 INFO  : Context for processor 'microblaze_0' is selected.
01:16:45 INFO  : The application 'C:/VProject/Attempt_1_04-04-2024/SAXI_MB_PR_HW_SW_01/LEDPR_Application_01/Debug/LEDPR_Application_01.elf' is downloaded to processor 'microblaze_0'.
01:16:45 INFO  : ----------------XSDB Script----------------
connect -url tcp:127.0.0.1:3121
targets -set -filter {jtag_cable_name =~ "Digilent Nexys A7 -100T 210292B61CC0A" && level==0 && jtag_device_ctx=="jsn-Nexys A7 -100T-210292B61CC0A-13631093-0"}
fpga -file C:/VProject/Attempt_1_04-04-2024/SAXI_MB_PR_HW_SW_01/LEDPR_Application_01/_ide/bitstream/download.bit
targets -set -nocase -filter {name =~ "*microblaze*#0" && bscan=="USER2" }
loadhw -hw C:/VProject/Attempt_1_04-04-2024/SAXI_MB_PR_HW_SW_01/LED_PR_Attempt1/export/LED_PR_Attempt1/hw/design_1_wrapper.xsa -regs
configparams mdm-detect-bscan-mask 2
targets -set -nocase -filter {name =~ "*microblaze*#0" && bscan=="USER2" }
rst -system
after 3000
targets -set -nocase -filter {name =~ "*microblaze*#0" && bscan=="USER2" }
dow C:/VProject/Attempt_1_04-04-2024/SAXI_MB_PR_HW_SW_01/LEDPR_Application_01/Debug/LEDPR_Application_01.elf
----------------End of Script----------------

01:16:45 INFO  : Context for processor 'microblaze_0' is selected.
01:16:45 INFO  : 'con' command is executed.
01:16:45 INFO  : ----------------XSDB Script (After Launch)----------------
targets -set -nocase -filter {name =~ "*microblaze*#0" && bscan=="USER2" }
con
----------------End of Script----------------

01:16:45 INFO  : Launch script is exported to file 'C:\VProject\Attempt_1_04-04-2024\SAXI_MB_PR_HW_SW_01\LEDPR_Application_01_system\_ide\scripts\debugger_ledpr_application_01-default.tcl'
01:17:21 INFO  : Checking for BSP changes to sync application flags for project 'LEDPR_Application_01'...
01:17:25 INFO  : Disconnected from the channel tcfchan#27.
01:17:26 INFO  : Connected to target on host '127.0.0.1' and port '3121'.
01:17:26 INFO  : Jtag cable 'Digilent Nexys A7 -100T 210292B61CC0A' is selected.
01:17:26 INFO  : 'jtag frequency' command is executed.
01:17:26 INFO  : 'targets -set -filter {jtag_cable_name =~ "Digilent Nexys A7 -100T 210292B61CC0A" && level==0 && jtag_device_ctx=="jsn-Nexys A7 -100T-210292B61CC0A-13631093-0"}' command is executed.
01:17:29 INFO  : Device configured successfully with "C:/VProject/Attempt_1_04-04-2024/SAXI_MB_PR_HW_SW_01/LEDPR_Application_01/_ide/bitstream/download.bit"
01:17:29 INFO  : Context for processor 'microblaze_0' is selected.
01:17:29 INFO  : Hardware design and registers information is loaded from 'C:/VProject/Attempt_1_04-04-2024/SAXI_MB_PR_HW_SW_01/LED_PR_Attempt1/export/LED_PR_Attempt1/hw/design_1_wrapper.xsa'.
01:17:29 INFO  : 'configparams mdm-detect-bscan-mask 2' command is executed.
01:17:29 INFO  : Context for processor 'microblaze_0' is selected.
01:17:29 INFO  : System reset is completed.
01:17:32 INFO  : 'after 3000' command is executed.
01:17:32 INFO  : Context for processor 'microblaze_0' is selected.
01:17:32 INFO  : The application 'C:/VProject/Attempt_1_04-04-2024/SAXI_MB_PR_HW_SW_01/LEDPR_Application_01/Debug/LEDPR_Application_01.elf' is downloaded to processor 'microblaze_0'.
01:17:32 INFO  : ----------------XSDB Script----------------
connect -url tcp:127.0.0.1:3121
targets -set -filter {jtag_cable_name =~ "Digilent Nexys A7 -100T 210292B61CC0A" && level==0 && jtag_device_ctx=="jsn-Nexys A7 -100T-210292B61CC0A-13631093-0"}
fpga -file C:/VProject/Attempt_1_04-04-2024/SAXI_MB_PR_HW_SW_01/LEDPR_Application_01/_ide/bitstream/download.bit
targets -set -nocase -filter {name =~ "*microblaze*#0" && bscan=="USER2" }
loadhw -hw C:/VProject/Attempt_1_04-04-2024/SAXI_MB_PR_HW_SW_01/LED_PR_Attempt1/export/LED_PR_Attempt1/hw/design_1_wrapper.xsa -regs
configparams mdm-detect-bscan-mask 2
targets -set -nocase -filter {name =~ "*microblaze*#0" && bscan=="USER2" }
rst -system
after 3000
targets -set -nocase -filter {name =~ "*microblaze*#0" && bscan=="USER2" }
dow C:/VProject/Attempt_1_04-04-2024/SAXI_MB_PR_HW_SW_01/LEDPR_Application_01/Debug/LEDPR_Application_01.elf
----------------End of Script----------------

01:17:32 INFO  : Context for processor 'microblaze_0' is selected.
01:17:32 INFO  : 'con' command is executed.
01:17:32 INFO  : ----------------XSDB Script (After Launch)----------------
targets -set -nocase -filter {name =~ "*microblaze*#0" && bscan=="USER2" }
con
----------------End of Script----------------

01:17:32 INFO  : Launch script is exported to file 'C:\VProject\Attempt_1_04-04-2024\SAXI_MB_PR_HW_SW_01\LEDPR_Application_01_system\_ide\scripts\debugger_ledpr_application_01-default.tcl'
