#-----------------------------------------------------------
# updatemem v2023.1 (64-bit)
# SW Build 3865809 on Sun May  7 15:05:29 MDT 2023
# 
# 
# Start of session at: Fri Apr  5 02:53:27 2024
# Process ID: 6228
# Current directory: V:/SAXI_MB_PR_HW_SW_01
# Command line: updatemem.exe -mode batch -source D:/Xilinx/Vitis/2023.1/scripts/updatemem/main.tcl -notrace -tclargs -meminfo V:/SAXI_MB_PR_HW_SW_01/LEDPR_Application_01/_ide/bitstream/design_1_wrapper.mmi -data D:/Xilinx/Vitis/2023.1/data/embeddedsw/lib/microblaze/mb_bootloop_le.elf -proc design_1_i/microblaze_0 -bit V:/SAXI_MB_PR_HW_SW_01/LEDPR_Application_01/_ide/bitstream/design_1_wrapper.bit -out V:/SAXI_MB_PR_HW_SW_01/LEDPR_Application_01/_ide/bitstream/download.bit -force
# Log file: V:/SAXI_MB_PR_HW_SW_01/updatemem.log
# Journal file: V:/SAXI_MB_PR_HW_SW_01\updatemem.jou
# Running On: Jasmeet, OS: Windows, CPU Frequency: 2592 MHz, CPU Physical cores: 6, Host memory: 16990 MB
#-----------------------------------------------------------
source D:/Xilinx/Vitis/2023.1/scripts/updatemem/main.tcl -notrace
Command: update_mem -meminfo V:/SAXI_MB_PR_HW_SW_01/LEDPR_Application_01/_ide/bitstream/design_1_wrapper.mmi -data D:/Xilinx/Vitis/2023.1/data/embeddedsw/lib/microblaze/mb_bootloop_le.elf -proc design_1_i/microblaze_0 -bit V:/SAXI_MB_PR_HW_SW_01/LEDPR_Application_01/_ide/bitstream/design_1_wrapper.bit -out V:/SAXI_MB_PR_HW_SW_01/LEDPR_Application_01/_ide/bitstream/download.bit -force
Loading bitfile V:/SAXI_MB_PR_HW_SW_01/LEDPR_Application_01/_ide/bitstream/design_1_wrapper.bit
Loading data files...
Updating memory content...
Creating bitstream...
Writing bitstream V:/SAXI_MB_PR_HW_SW_01/LEDPR_Application_01/_ide/bitstream/download.bit...
0 Infos, 0 Warnings, 0 Critical Warnings and 0 Errors encountered.
update_mem completed successfully
update_mem: Time (s): cpu = 00:00:10 ; elapsed = 00:00:13 . Memory (MB): peak = 627.570 ; gain = 533.504
INFO: [Common 17-206] Exiting updatemem at Fri Apr  5 02:53:40 2024...
