#-----------------------------------------------------------
# Vivado v2023.1 (64-bit)
# SW Build 3865809 on Sun May  7 15:05:29 MDT 2023
# IP Build 3864474 on Sun May  7 20:36:21 MDT 2023
# SharedData Build 3865790 on Sun May 07 13:33:03 MDT 2023
# Start of session at: Sun Apr  7 23:43:01 2024
# Process ID: 15176
# Current directory: C:/VProject/Attempt_1_04-04-2024/SAXI_MB_PR_HW_SW_01
# Command line: vivado.exe -gui_launcher_event rodinguilauncherevent17308 C:\VProject\Attempt_1_04-04-2024\SAXI_MB_PR_HW_SW_01\SAXI_MB_PR_HW_SW_01.xpr
# Log file: C:/VProject/Attempt_1_04-04-2024/SAXI_MB_PR_HW_SW_01/vivado.log
# Journal file: C:/VProject/Attempt_1_04-04-2024/SAXI_MB_PR_HW_SW_01\vivado.jou
# Running On: Jasmeet, OS: Windows, CPU Frequency: 2592 MHz, CPU Physical cores: 6, Host memory: 16990 MB
#-----------------------------------------------------------
start_gui
open_project C:/VProject/Attempt_1_04-04-2024/SAXI_MB_PR_HW_SW_01/SAXI_MB_PR_HW_SW_01.xpr
WARNING: [Board 49-26] cannot add Board Part xilinx.com:kcu105:part0:1.6 available at D:/Xilinx/Vivado/2023.1/data/xhub/boards/XilinxBoardStore/boards/Xilinx/kcu105/1.6/board.xml as part xcku040-ffva1156-2-e specified in board_part file is either invalid or not available
WARNING: [Board 49-26] cannot add Board Part xilinx.com:kcu105:part0:1.7 available at D:/Xilinx/Vivado/2023.1/data/xhub/boards/XilinxBoardStore/boards/Xilinx/kcu105/1.7/board.xml as part xcku040-ffva1156-2-e specified in board_part file is either invalid or not available
WARNING: [Board 49-26] cannot add Board Part xilinx.com:kcu116:part0:1.4 available at D:/Xilinx/Vivado/2023.1/data/xhub/boards/XilinxBoardStore/boards/Xilinx/kcu116/1.4/board.xml as part xcku5p-ffvb676-2-e specified in board_part file is either invalid or not available
WARNING: [Board 49-26] cannot add Board Part xilinx.com:kcu116:part0:1.5 available at D:/Xilinx/Vivado/2023.1/data/xhub/boards/XilinxBoardStore/boards/Xilinx/kcu116/1.5/board.xml as part xcku5p-ffvb676-2-e specified in board_part file is either invalid or not available
WARNING: [Board 49-26] cannot add Board Part xilinx.com:kcu1500:part0:1.2 available at D:/Xilinx/Vivado/2023.1/data/xhub/boards/XilinxBoardStore/boards/Xilinx/kcu1500/1.2/board.xml as part xcku115-flvb2104-2-e specified in board_part file is either invalid or not available
WARNING: [Board 49-26] cannot add Board Part xilinx.com:vck190:part0:2.2 available at D:/Xilinx/Vivado/2023.1/data/xhub/boards/XilinxBoardStore/boards/Xilinx/vck190/production/2.2/board.xml as part xcvc1902-vsva2197-2mp-e-s specified in board_part file is either invalid or not available
WARNING: [Board 49-26] cannot add Board Part xilinx.com:vck190:part0:3.0 available at D:/Xilinx/Vivado/2023.1/data/xhub/boards/XilinxBoardStore/boards/Xilinx/vck190/production/3.0/board.xml as part xcvc1902-vsva2197-2mp-e-s specified in board_part file is either invalid or not available
WARNING: [Board 49-26] cannot add Board Part xilinx.com:vck190:part0:3.1 available at D:/Xilinx/Vivado/2023.1/data/xhub/boards/XilinxBoardStore/boards/Xilinx/vck190/production/3.1/board.xml as part xcvc1902-vsva2197-2mp-e-s specified in board_part file is either invalid or not available
WARNING: [Board 49-26] cannot add Board Part xilinx.com:vck190:part0:3.2 available at D:/Xilinx/Vivado/2023.1/data/xhub/boards/XilinxBoardStore/boards/Xilinx/vck190/production/3.2/board.xml as part xcvc1902-vsva2197-2mp-e-s specified in board_part file is either invalid or not available
WARNING: [Board 49-26] cannot add Board Part xilinx.com:vck190_newl:part0:1.0 available at D:/Xilinx/Vivado/2023.1/data/xhub/boards/XilinxBoardStore/boards/Xilinx/vck190_newl/production/1.0/board.xml as part xcvc1902-vsva2197-2mp-e-s specified in board_part file is either invalid or not available
WARNING: [Board 49-26] cannot add Board Part xilinx.com:vck190_newl:part0:1.1 available at D:/Xilinx/Vivado/2023.1/data/xhub/boards/XilinxBoardStore/boards/Xilinx/vck190_newl/production/1.1/board.xml as part xcvc1902-vsva2197-2mp-e-s specified in board_part file is either invalid or not available
WARNING: [Board 49-26] cannot add Board Part xilinx.com:vcu108:part0:1.6 available at D:/Xilinx/Vivado/2023.1/data/xhub/boards/XilinxBoardStore/boards/Xilinx/vcu108/1.6/board.xml as part xcvu095-ffva2104-2-e specified in board_part file is either invalid or not available
WARNING: [Board 49-26] cannot add Board Part xilinx.com:vcu108:part0:1.7 available at D:/Xilinx/Vivado/2023.1/data/xhub/boards/XilinxBoardStore/boards/Xilinx/vcu108/1.7/board.xml as part xcvu095-ffva2104-2-e specified in board_part file is either invalid or not available
WARNING: [Board 49-26] cannot add Board Part xilinx.com:vcu110:part0:1.4 available at D:/Xilinx/Vivado/2023.1/data/xhub/boards/XilinxBoardStore/boards/Xilinx/vcu110/1.4/board.xml as part xcvu190-flgc2104-2-e specified in board_part file is either invalid or not available
WARNING: [Board 49-26] cannot add Board Part xilinx.com:vcu118:part0:2.0 available at D:/Xilinx/Vivado/2023.1/data/xhub/boards/XilinxBoardStore/boards/Xilinx/vcu118/2.0/board.xml as part xcvu9p-flga2104-2l-e specified in board_part file is either invalid or not available
WARNING: [Board 49-26] cannot add Board Part xilinx.com:vcu118:part0:2.3 available at D:/Xilinx/Vivado/2023.1/data/xhub/boards/XilinxBoardStore/boards/Xilinx/vcu118/2.3/board.xml as part xcvu9p-flga2104-2l-e specified in board_part file is either invalid or not available
WARNING: [Board 49-26] cannot add Board Part xilinx.com:vcu118:part0:2.4 available at D:/Xilinx/Vivado/2023.1/data/xhub/boards/XilinxBoardStore/boards/Xilinx/vcu118/2.4/board.xml as part xcvu9p-flga2104-2l-e specified in board_part file is either invalid or not available
WARNING: [Board 49-26] cannot add Board Part xilinx.com:vcu128:part0:1.0 available at D:/Xilinx/Vivado/2023.1/data/xhub/boards/XilinxBoardStore/boards/Xilinx/vcu128/production/1.0/board.xml as part xcvu37p-fsvh2892-2l-e specified in board_part file is either invalid or not available
WARNING: [Board 49-26] cannot add Board Part xilinx.com:vcu129:part0:1.0 available at D:/Xilinx/Vivado/2023.1/data/xhub/boards/XilinxBoardStore/boards/Xilinx/vcu129/production/1.0/board.xml as part xcvu29p-fsga2577-2l-e specified in board_part file is either invalid or not available
WARNING: [Board 49-26] cannot add Board Part xilinx.com:vcu1525:part0:1.3 available at D:/Xilinx/Vivado/2023.1/data/xhub/boards/XilinxBoardStore/boards/Xilinx/vcu1525/1.3/board.xml as part xcvu9p-fsgd2104-2l-e specified in board_part file is either invalid or not available
WARNING: [Board 49-26] cannot add Board Part xilinx.com:vek280_es:part0:1.0 available at D:/Xilinx/Vivado/2023.1/data/xhub/boards/XilinxBoardStore/boards/Xilinx/vek280/es/rev_a/1.0/board.xml as part xcve2802-vsvh1760-2lp-e-s-es1 specified in board_part file is either invalid or not available
WARNING: [Board 49-26] cannot add Board Part xilinx.com:vek280_es:part0:1.1 available at D:/Xilinx/Vivado/2023.1/data/xhub/boards/XilinxBoardStore/boards/Xilinx/vek280/es/rev_a/1.1/board.xml as part xcve2802-vsvh1760-2lp-e-s-es1 specified in board_part file is either invalid or not available
WARNING: [Board 49-26] cannot add Board Part xilinx.com:vek280_es_revb:part0:1.0 available at D:/Xilinx/Vivado/2023.1/data/xhub/boards/XilinxBoardStore/boards/Xilinx/vek280/es/rev_b/1.0/board.xml as part xcve2802-vsvh1760-2mp-e-s-es1 specified in board_part file is either invalid or not available
WARNING: [Board 49-26] cannot add Board Part xilinx.com:vek280_es_revb:part0:1.1 available at D:/Xilinx/Vivado/2023.1/data/xhub/boards/XilinxBoardStore/boards/Xilinx/vek280/es/rev_b/1.1/board.xml as part xcve2802-vsvh1760-2mp-e-s-es1 specified in board_part file is either invalid or not available
WARNING: [Board 49-26] cannot add Board Part xilinx.com:vermeo_t1_rfsoc:part0:1.0 available at D:/Xilinx/Vivado/2023.1/data/xhub/boards/XilinxBoardStore/boards/Xilinx/vermeo_t1_rfsoc/1.0/board.xml as part xczu21dr-ffvd1156-2l-e specified in board_part file is either invalid or not available
WARNING: [Board 49-26] cannot add Board Part xilinx.com:vhk158:part0:1.0 available at D:/Xilinx/Vivado/2023.1/data/xhub/boards/XilinxBoardStore/boards/Xilinx/vhk158/production/1.0/board.xml as part xcvh1582-vsva3697-2mp-e-s specified in board_part file is either invalid or not available
WARNING: [Board 49-26] cannot add Board Part xilinx.com:vhk158_es:part0:1.0 available at D:/Xilinx/Vivado/2023.1/data/xhub/boards/XilinxBoardStore/boards/Xilinx/vhk158/es/1.0/board.xml as part xcvh1582-vsva3697-2mp-e-s-es1 specified in board_part file is either invalid or not available
WARNING: [Board 49-26] cannot add Board Part xilinx.com:vhk158_es:part0:1.1 available at D:/Xilinx/Vivado/2023.1/data/xhub/boards/XilinxBoardStore/boards/Xilinx/vhk158/es/1.1/board.xml as part xcvh1582-vsva3697-2mp-e-s-es1 specified in board_part file is either invalid or not available
WARNING: [Board 49-26] cannot add Board Part xilinx.com:vmk180:part0:2.2 available at D:/Xilinx/Vivado/2023.1/data/xhub/boards/XilinxBoardStore/boards/Xilinx/vmk180/production/2.2/board.xml as part xcvm1802-vsva2197-2mp-e-s specified in board_part file is either invalid or not available
WARNING: [Board 49-26] cannot add Board Part xilinx.com:vmk180:part0:3.0 available at D:/Xilinx/Vivado/2023.1/data/xhub/boards/XilinxBoardStore/boards/Xilinx/vmk180/production/3.0/board.xml as part xcvm1802-vsva2197-2mp-e-s specified in board_part file is either invalid or not available
WARNING: [Board 49-26] cannot add Board Part xilinx.com:vmk180:part0:3.1 available at D:/Xilinx/Vivado/2023.1/data/xhub/boards/XilinxBoardStore/boards/Xilinx/vmk180/production/3.1/board.xml as part xcvm1802-vsva2197-2mp-e-s specified in board_part file is either invalid or not available
WARNING: [Board 49-26] cannot add Board Part xilinx.com:vmk180:part0:3.2 available at D:/Xilinx/Vivado/2023.1/data/xhub/boards/XilinxBoardStore/boards/Xilinx/vmk180/production/3.2/board.xml as part xcvm1802-vsva2197-2mp-e-s specified in board_part file is either invalid or not available
WARNING: [Board 49-26] cannot add Board Part xilinx.com:vmk180_newl:part0:1.0 available at D:/Xilinx/Vivado/2023.1/data/xhub/boards/XilinxBoardStore/boards/Xilinx/vmk180_newl/production/1.0/board.xml as part xcvm1802-vsva2197-2mp-e-s specified in board_part file is either invalid or not available
WARNING: [Board 49-26] cannot add Board Part xilinx.com:vmk180_newl:part0:1.1 available at D:/Xilinx/Vivado/2023.1/data/xhub/boards/XilinxBoardStore/boards/Xilinx/vmk180_newl/production/1.1/board.xml as part xcvm1802-vsva2197-2mp-e-s specified in board_part file is either invalid or not available
WARNING: [Board 49-26] cannot add Board Part xilinx.com:vpk120:part0:1.0 available at D:/Xilinx/Vivado/2023.1/data/xhub/boards/XilinxBoardStore/boards/Xilinx/vpk120/production/1.0/board.xml as part xcvp1202-vsva2785-2mp-e-s specified in board_part file is either invalid or not available
WARNING: [Board 49-26] cannot add Board Part xilinx.com:vpk120:part0:1.1 available at D:/Xilinx/Vivado/2023.1/data/xhub/boards/XilinxBoardStore/boards/Xilinx/vpk120/production/1.1/board.xml as part xcvp1202-vsva2785-2mp-e-s specified in board_part file is either invalid or not available
WARNING: [Board 49-26] cannot add Board Part xilinx.com:vpk120_es:part0:1.2 available at D:/Xilinx/Vivado/2023.1/data/xhub/boards/XilinxBoardStore/boards/Xilinx/vpk120/es/1.2/board.xml as part xcvp1202-vsva2785-2mp-e-s-es1 specified in board_part file is either invalid or not available
WARNING: [Board 49-26] cannot add Board Part xilinx.com:vpk120_es:part0:1.3 available at D:/Xilinx/Vivado/2023.1/data/xhub/boards/XilinxBoardStore/boards/Xilinx/vpk120/es/1.3/board.xml as part xcvp1202-vsva2785-2mp-e-s-es1 specified in board_part file is either invalid or not available
WARNING: [Board 49-26] cannot add Board Part xilinx.com:vpk120_es_revb:part0:1.0 available at D:/Xilinx/Vivado/2023.1/data/xhub/boards/XilinxBoardStore/boards/Xilinx/vpk120_revb/es/1.0/board.xml as part xcvp1202-vsva2785-2mp-e-s-es1 specified in board_part file is either invalid or not available
WARNING: [Board 49-26] cannot add Board Part xilinx.com:vpk120_es_revb:part0:1.1 available at D:/Xilinx/Vivado/2023.1/data/xhub/boards/XilinxBoardStore/boards/Xilinx/vpk120_revb/es/1.1/board.xml as part xcvp1202-vsva2785-2mp-e-s-es1 specified in board_part file is either invalid or not available
WARNING: [Board 49-26] cannot add Board Part xilinx.com:vpk180:part0:1.0 available at D:/Xilinx/Vivado/2023.1/data/xhub/boards/XilinxBoardStore/boards/Xilinx/vpk180/production/1.0/board.xml as part xcvp1802-lsvc4072-2mp-e-s specified in board_part file is either invalid or not available
WARNING: [Board 49-26] cannot add Board Part xilinx.com:vpk180:part0:1.1 available at D:/Xilinx/Vivado/2023.1/data/xhub/boards/XilinxBoardStore/boards/Xilinx/vpk180/production/1.1/board.xml as part xcvp1802-lsvc4072-2mp-e-s specified in board_part file is either invalid or not available
WARNING: [Board 49-26] cannot add Board Part xilinx.com:vpk180_es:part0:1.0 available at D:/Xilinx/Vivado/2023.1/data/xhub/boards/XilinxBoardStore/boards/Xilinx/vpk180/es/1.0/board.xml as part xcvp1802-lsvc4072-2mp-e-s-es1 specified in board_part file is either invalid or not available
WARNING: [Board 49-26] cannot add Board Part xilinx.com:vpk180_es:part0:1.1 available at D:/Xilinx/Vivado/2023.1/data/xhub/boards/XilinxBoardStore/boards/Xilinx/vpk180/es/1.1/board.xml as part xcvp1802-lsvc4072-2mp-e-s-es1 specified in board_part file is either invalid or not available
WARNING: [Board 49-26] cannot add Board Part xilinx.com:zc702:part0:1.4 available at D:/Xilinx/Vivado/2023.1/data/xhub/boards/XilinxBoardStore/boards/Xilinx/zc702/1.4/board.xml as part xc7z020clg484-1 specified in board_part file is either invalid or not available
WARNING: [Board 49-26] cannot add Board Part xilinx.com:zc706:part0:1.4 available at D:/Xilinx/Vivado/2023.1/data/xhub/boards/XilinxBoardStore/boards/Xilinx/zc706/1.4/board.xml as part xc7z045ffg900-2 specified in board_part file is either invalid or not available
WARNING: [Board 49-26] cannot add Board Part xilinx.com:zcu111:part0:1.2 available at D:/Xilinx/Vivado/2023.1/data/xhub/boards/XilinxBoardStore/boards/Xilinx/zcu111/1.2/board.xml as part xczu28dr-ffvg1517-2-e specified in board_part file is either invalid or not available
WARNING: [Board 49-26] cannot add Board Part xilinx.com:zcu111:part0:1.3 available at D:/Xilinx/Vivado/2023.1/data/xhub/boards/XilinxBoardStore/boards/Xilinx/zcu111/1.3/board.xml as part xczu28dr-ffvg1517-2-e specified in board_part file is either invalid or not available
WARNING: [Board 49-26] cannot add Board Part xilinx.com:zcu111:part0:1.4 available at D:/Xilinx/Vivado/2023.1/data/xhub/boards/XilinxBoardStore/boards/Xilinx/zcu111/1.4/board.xml as part xczu28dr-ffvg1517-2-e specified in board_part file is either invalid or not available
WARNING: [Board 49-26] cannot add Board Part xilinx.com:zcu1275:part0:1.0 available at D:/Xilinx/Vivado/2023.1/data/xhub/boards/XilinxBoardStore/boards/Xilinx/zcu1275/1.0/board.xml as part xczu29dr-ffvf1760-2-e specified in board_part file is either invalid or not available
WARNING: [Board 49-26] cannot add Board Part xilinx.com:zcu1285:part0:1.0 available at D:/Xilinx/Vivado/2023.1/data/xhub/boards/XilinxBoardStore/boards/Xilinx/zcu1285/1.0/board.xml as part xczu39dr-ffvf1760-2-i specified in board_part file is either invalid or not available
WARNING: [Board 49-26] cannot add Board Part xilinx.com:zcu208:part0:2.0 available at D:/Xilinx/Vivado/2023.1/data/xhub/boards/XilinxBoardStore/boards/Xilinx/zcu208/production/2.0/board.xml as part xczu48dr-fsvg1517-2-e specified in board_part file is either invalid or not available
WARNING: [Board 49-26] cannot add Board Part xilinx.com:zcu208ld:part0:2.0 available at D:/Xilinx/Vivado/2023.1/data/xhub/boards/XilinxBoardStore/boards/Xilinx/zcu208ld/production/2.0/board.xml as part xczu58dr-fsvg1517-2-i specified in board_part file is either invalid or not available
WARNING: [Board 49-26] cannot add Board Part xilinx.com:zcu216:part0:2.0 available at D:/Xilinx/Vivado/2023.1/data/xhub/boards/XilinxBoardStore/boards/Xilinx/zcu216/production/2.0/board.xml as part xczu49dr-ffvf1760-2-e specified in board_part file is either invalid or not available
WARNING: [Board 49-26] cannot add Board Part xilinx.com:zcu216ld:part0:2.0 available at D:/Xilinx/Vivado/2023.1/data/xhub/boards/XilinxBoardStore/boards/Xilinx/zcu216ld/production/2.0/board.xml as part xczu59dr-ffvf1760-2-i specified in board_part file is either invalid or not available
WARNING: [Board 49-26] cannot add Board Part xilinx.com:zcu670:part0:2.0 available at D:/Xilinx/Vivado/2023.1/data/xhub/boards/XilinxBoardStore/boards/Xilinx/zcu670/2.0/board.xml as part xczu67dr-fsve1156-2-i specified in board_part file is either invalid or not available
WARNING: [Board 49-26] cannot add Board Part xilinx.com:zcu670ld:part0:1.0 available at D:/Xilinx/Vivado/2023.1/data/xhub/boards/XilinxBoardStore/boards/Xilinx/zcu670ld/1.0/board.xml as part xczu57dr-fsve1156-2-i specified in board_part file is either invalid or not available
Scanning sources...
Finished scanning sources
INFO: [IP_Flow 19-234] Refreshing IP repositories
INFO: [IP_Flow 19-1700] Loaded user IP repository 'c:/VProject/Attempt_1_04-04-2024/ip_repo'.
INFO: [IP_Flow 19-2313] Loaded Vivado IP repository 'D:/Xilinx/Vivado/2023.1/data/ip'.
open_project: Time (s): cpu = 00:00:16 ; elapsed = 00:00:13 . Memory (MB): peak = 1547.180 ; gain = 324.816
update_compile_order -fileset sources_1
open_bd_design {C:/VProject/Attempt_1_04-04-2024/SAXI_MB_PR_HW_SW_01/SAXI_MB_PR_HW_SW_01.srcs/sources_1/bd/design_1/design_1.bd}
Reading block design file <C:/VProject/Attempt_1_04-04-2024/SAXI_MB_PR_HW_SW_01/SAXI_MB_PR_HW_SW_01.srcs/sources_1/bd/design_1/design_1.bd>...
Adding component instance block -- xilinx.com:ip:microblaze:11.0 - microblaze_0
Adding component instance block -- xilinx.com:ip:lmb_v10:3.0 - dlmb_v10
Adding component instance block -- xilinx.com:ip:lmb_v10:3.0 - ilmb_v10
Adding component instance block -- xilinx.com:ip:lmb_bram_if_cntlr:4.0 - dlmb_bram_if_cntlr
Adding component instance block -- xilinx.com:ip:lmb_bram_if_cntlr:4.0 - ilmb_bram_if_cntlr
Adding component instance block -- xilinx.com:ip:blk_mem_gen:8.4 - lmb_bram
Adding component instance block -- xilinx.com:ip:axi_interconnect:2.1 - microblaze_0_axi_periph
Adding component instance block -- xilinx.com:ip:axi_crossbar:2.1 - xbar
Adding component instance block -- xilinx.com:ip:axi_intc:4.1 - microblaze_0_axi_intc
Adding component instance block -- xilinx.com:ip:xlconcat:2.1 - microblaze_0_xlconcat
Adding component instance block -- xilinx.com:ip:mdm:3.2 - mdm_1
Adding component instance block -- xilinx.com:ip:clk_wiz:6.0 - clk_wiz_1
Adding component instance block -- xilinx.com:ip:proc_sys_reset:5.0 - rst_clk_wiz_1_100M
Adding component instance block -- xilinx.com:ip:axi_uartlite:2.0 - axi_uartlite_0
Adding component instance block -- xilinx.com:ip:axi_gpio:2.0 - axi_gpio_0
Adding component instance block -- xilinx.com:ip:axi_gpio:2.0 - axi_gpio_1
Adding component instance block -- xilinx.com:user:Led_Control_04_2024:1.0 - Led_Control_04_2024_0
Successfully read diagram <design_1> from block design file <C:/VProject/Attempt_1_04-04-2024/SAXI_MB_PR_HW_SW_01/SAXI_MB_PR_HW_SW_01.srcs/sources_1/bd/design_1/design_1.bd>
open_bd_design: Time (s): cpu = 00:00:06 ; elapsed = 00:00:16 . Memory (MB): peak = 1685.191 ; gain = 107.625
report_ip_status -name ip_status 
update_ip_catalog -rebuild -scan_changes
INFO: [IP_Flow 19-234] Refreshing IP repositories
INFO: [IP_Flow 19-1700] Loaded user IP repository 'c:/VProject/Attempt_1_04-04-2024/ip_repo'.
report_ip_status -name ip_status
upgrade_ip -vlnv xilinx.com:user:Led_Control_04_2024:1.0 [get_ips  design_1_Led_Control_04_2024_0_1] -log ip_upgrade.log
Upgrading 'C:/VProject/Attempt_1_04-04-2024/SAXI_MB_PR_HW_SW_01/SAXI_MB_PR_HW_SW_01.srcs/sources_1/bd/design_1/design_1.bd'
INFO: [IP_Flow 19-3422] Upgraded design_1_Led_Control_04_2024_0_1 (Led_Control_04_2024_v1.0 1.0) from revision 6 to revision 7
Wrote  : <C:\VProject\Attempt_1_04-04-2024\SAXI_MB_PR_HW_SW_01\SAXI_MB_PR_HW_SW_01.srcs\sources_1\bd\design_1\design_1.bd> 
INFO: [Coretcl 2-1525] Wrote upgrade log to 'C:/VProject/Attempt_1_04-04-2024/SAXI_MB_PR_HW_SW_01/ip_upgrade.log'.
export_ip_user_files -of_objects [get_ips design_1_Led_Control_04_2024_0_1] -no_script -sync -force -quiet
generate_target all [get_files  C:/VProject/Attempt_1_04-04-2024/SAXI_MB_PR_HW_SW_01/SAXI_MB_PR_HW_SW_01.srcs/sources_1/bd/design_1/design_1.bd]
WARNING: [filemgmt 56-443] The ECC Algorithm string is empty. Setting the Memory Map to default ECC value to ECC_NONE.
WARNING: [filemgmt 56-443] The ECC Algorithm string is empty. Setting the Memory Map to default ECC value to ECC_NONE.
INFO: [xilinx.com:ip:clk_wiz:6.0-1] /clk_wiz_1 clk_wiz propagate
INFO: [xilinx.com:ip:axi_intc:4.1-1] /microblaze_0_axi_intc: The AXI INTC core has been configured to operate with synchronous clocks.
Wrote  : <C:\VProject\Attempt_1_04-04-2024\SAXI_MB_PR_HW_SW_01\SAXI_MB_PR_HW_SW_01.srcs\sources_1\bd\design_1\design_1.bd> 
VHDL Output written to : c:/VProject/Attempt_1_04-04-2024/SAXI_MB_PR_HW_SW_01/SAXI_MB_PR_HW_SW_01.gen/sources_1/bd/design_1/synth/design_1.vhd
VHDL Output written to : c:/VProject/Attempt_1_04-04-2024/SAXI_MB_PR_HW_SW_01/SAXI_MB_PR_HW_SW_01.gen/sources_1/bd/design_1/sim/design_1.vhd
VHDL Output written to : c:/VProject/Attempt_1_04-04-2024/SAXI_MB_PR_HW_SW_01/SAXI_MB_PR_HW_SW_01.gen/sources_1/bd/design_1/hdl/design_1_wrapper.vhd
INFO: [BD 41-1029] Generation completed for the IP Integrator block Led_Control_04_2024_0 .
Exporting to file c:/VProject/Attempt_1_04-04-2024/SAXI_MB_PR_HW_SW_01/SAXI_MB_PR_HW_SW_01.gen/sources_1/bd/design_1/hw_handoff/design_1.hwh
Generated Hardware Definition File c:/VProject/Attempt_1_04-04-2024/SAXI_MB_PR_HW_SW_01/SAXI_MB_PR_HW_SW_01.gen/sources_1/bd/design_1/synth/design_1.hwdef
generate_target: Time (s): cpu = 00:00:05 ; elapsed = 00:00:25 . Memory (MB): peak = 1976.402 ; gain = 235.551
catch { config_ip_cache -export [get_ips -all design_1_Led_Control_04_2024_0_1] }
INFO: [IP_Flow 19-6924] IPCACHE: Running cache check for IP inst: design_1_Led_Control_04_2024_0_1
export_ip_user_files -of_objects [get_files C:/VProject/Attempt_1_04-04-2024/SAXI_MB_PR_HW_SW_01/SAXI_MB_PR_HW_SW_01.srcs/sources_1/bd/design_1/design_1.bd] -no_script -sync -force -quiet
create_ip_run [get_files -of_objects [get_fileset sources_1] C:/VProject/Attempt_1_04-04-2024/SAXI_MB_PR_HW_SW_01/SAXI_MB_PR_HW_SW_01.srcs/sources_1/bd/design_1/design_1.bd]
launch_runs design_1_Led_Control_04_2024_0_1_synth_1 -jobs 6
INFO: [IP_Flow 19-6924] IPCACHE: Running cache check for IP inst: design_1_Led_Control_04_2024_0_1
[Sun Apr  7 23:45:50 2024] Launched design_1_Led_Control_04_2024_0_1_synth_1...
Run output will be captured here: C:/VProject/Attempt_1_04-04-2024/SAXI_MB_PR_HW_SW_01/SAXI_MB_PR_HW_SW_01.runs/design_1_Led_Control_04_2024_0_1_synth_1/runme.log
export_simulation -of_objects [get_files C:/VProject/Attempt_1_04-04-2024/SAXI_MB_PR_HW_SW_01/SAXI_MB_PR_HW_SW_01.srcs/sources_1/bd/design_1/design_1.bd] -directory C:/VProject/Attempt_1_04-04-2024/SAXI_MB_PR_HW_SW_01/SAXI_MB_PR_HW_SW_01.ip_user_files/sim_scripts -ip_user_files_dir C:/VProject/Attempt_1_04-04-2024/SAXI_MB_PR_HW_SW_01/SAXI_MB_PR_HW_SW_01.ip_user_files -ipstatic_source_dir C:/VProject/Attempt_1_04-04-2024/SAXI_MB_PR_HW_SW_01/SAXI_MB_PR_HW_SW_01.ip_user_files/ipstatic -lib_map_path [list {modelsim=C:/VProject/Attempt_1_04-04-2024/SAXI_MB_PR_HW_SW_01/SAXI_MB_PR_HW_SW_01.cache/compile_simlib/modelsim} {questa=C:/VProject/Attempt_1_04-04-2024/SAXI_MB_PR_HW_SW_01/SAXI_MB_PR_HW_SW_01.cache/compile_simlib/questa} {riviera=C:/VProject/Attempt_1_04-04-2024/SAXI_MB_PR_HW_SW_01/SAXI_MB_PR_HW_SW_01.cache/compile_simlib/riviera} {activehdl=C:/VProject/Attempt_1_04-04-2024/SAXI_MB_PR_HW_SW_01/SAXI_MB_PR_HW_SW_01.cache/compile_simlib/activehdl}] -use_ip_compiled_libs -force -quiet
report_ip_status -name ip_status 
reset_run synth_1
INFO: [Project 1-1161] Replacing file C:/VProject/Attempt_1_04-04-2024/SAXI_MB_PR_HW_SW_01/SAXI_MB_PR_HW_SW_01.srcs/utils_1/imports/synth_1/design_1_wrapper.dcp with file C:/VProject/Attempt_1_04-04-2024/SAXI_MB_PR_HW_SW_01/SAXI_MB_PR_HW_SW_01.runs/synth_1/design_1_wrapper.dcp
WARNING: [Vivado 12-1017] Problems encountered:
1. Failed to delete one or more files in run directory C:/VProject/Attempt_1_04-04-2024/SAXI_MB_PR_HW_SW_01/SAXI_MB_PR_HW_SW_01.runs/synth_1

launch_runs impl_1 -jobs 6
INFO: [IP_Flow 19-6924] IPCACHE: Running cache check for IP inst: design_1_Led_Control_04_2024_0_1
[Sun Apr  7 23:46:11 2024] Launched design_1_Led_Control_04_2024_0_1_synth_1, synth_1...
Run output will be captured here:
design_1_Led_Control_04_2024_0_1_synth_1: C:/VProject/Attempt_1_04-04-2024/SAXI_MB_PR_HW_SW_01/SAXI_MB_PR_HW_SW_01.runs/design_1_Led_Control_04_2024_0_1_synth_1/runme.log
synth_1: C:/VProject/Attempt_1_04-04-2024/SAXI_MB_PR_HW_SW_01/SAXI_MB_PR_HW_SW_01.runs/synth_1/runme.log
[Sun Apr  7 23:46:11 2024] Launched impl_1...
Run output will be captured here: C:/VProject/Attempt_1_04-04-2024/SAXI_MB_PR_HW_SW_01/SAXI_MB_PR_HW_SW_01.runs/impl_1/runme.log
update_ip_catalog -rebuild -scan_changes
INFO: [IP_Flow 19-234] Refreshing IP repositories
INFO: [IP_Flow 19-1700] Loaded user IP repository 'c:/VProject/Attempt_1_04-04-2024/ip_repo'.
report_ip_status -name ip_status
upgrade_ip -vlnv xilinx.com:user:Led_Control_04_2024:1.0 [get_ips  design_1_Led_Control_04_2024_0_1] -log ip_upgrade.log
Upgrading 'C:/VProject/Attempt_1_04-04-2024/SAXI_MB_PR_HW_SW_01/SAXI_MB_PR_HW_SW_01.srcs/sources_1/bd/design_1/design_1.bd'
INFO: [IP_Flow 19-3420] Updated design_1_Led_Control_04_2024_0_1 to use current project options
Wrote  : <C:\VProject\Attempt_1_04-04-2024\SAXI_MB_PR_HW_SW_01\SAXI_MB_PR_HW_SW_01.srcs\sources_1\bd\design_1\design_1.bd> 
INFO: [Coretcl 2-1525] Wrote upgrade log to 'C:/VProject/Attempt_1_04-04-2024/SAXI_MB_PR_HW_SW_01/ip_upgrade.log'.
export_ip_user_files -of_objects [get_ips design_1_Led_Control_04_2024_0_1] -no_script -sync -force -quiet
generate_target all [get_files  C:/VProject/Attempt_1_04-04-2024/SAXI_MB_PR_HW_SW_01/SAXI_MB_PR_HW_SW_01.srcs/sources_1/bd/design_1/design_1.bd]
WARNING: [filemgmt 56-443] The ECC Algorithm string is empty. Setting the Memory Map to default ECC value to ECC_NONE.
WARNING: [filemgmt 56-443] The ECC Algorithm string is empty. Setting the Memory Map to default ECC value to ECC_NONE.
INFO: [xilinx.com:ip:clk_wiz:6.0-1] /clk_wiz_1 clk_wiz propagate
INFO: [xilinx.com:ip:axi_intc:4.1-1] /microblaze_0_axi_intc: The AXI INTC core has been configured to operate with synchronous clocks.
Wrote  : <C:\VProject\Attempt_1_04-04-2024\SAXI_MB_PR_HW_SW_01\SAXI_MB_PR_HW_SW_01.srcs\sources_1\bd\design_1\design_1.bd> 
VHDL Output written to : c:/VProject/Attempt_1_04-04-2024/SAXI_MB_PR_HW_SW_01/SAXI_MB_PR_HW_SW_01.gen/sources_1/bd/design_1/synth/design_1.vhd
VHDL Output written to : c:/VProject/Attempt_1_04-04-2024/SAXI_MB_PR_HW_SW_01/SAXI_MB_PR_HW_SW_01.gen/sources_1/bd/design_1/sim/design_1.vhd
VHDL Output written to : c:/VProject/Attempt_1_04-04-2024/SAXI_MB_PR_HW_SW_01/SAXI_MB_PR_HW_SW_01.gen/sources_1/bd/design_1/hdl/design_1_wrapper.vhd
INFO: [BD 41-1029] Generation completed for the IP Integrator block Led_Control_04_2024_0 .
Exporting to file c:/VProject/Attempt_1_04-04-2024/SAXI_MB_PR_HW_SW_01/SAXI_MB_PR_HW_SW_01.gen/sources_1/bd/design_1/hw_handoff/design_1.hwh
Generated Hardware Definition File c:/VProject/Attempt_1_04-04-2024/SAXI_MB_PR_HW_SW_01/SAXI_MB_PR_HW_SW_01.gen/sources_1/bd/design_1/synth/design_1.hwdef
generate_target: Time (s): cpu = 00:00:03 ; elapsed = 00:00:09 . Memory (MB): peak = 2018.031 ; gain = 0.000
catch { config_ip_cache -export [get_ips -all design_1_Led_Control_04_2024_0_1] }
INFO: [IP_Flow 19-6924] IPCACHE: Running cache check for IP inst: design_1_Led_Control_04_2024_0_1
export_ip_user_files -of_objects [get_files C:/VProject/Attempt_1_04-04-2024/SAXI_MB_PR_HW_SW_01/SAXI_MB_PR_HW_SW_01.srcs/sources_1/bd/design_1/design_1.bd] -no_script -sync -force -quiet
create_ip_run [get_files -of_objects [get_fileset sources_1] C:/VProject/Attempt_1_04-04-2024/SAXI_MB_PR_HW_SW_01/SAXI_MB_PR_HW_SW_01.srcs/sources_1/bd/design_1/design_1.bd]
launch_runs design_1_Led_Control_04_2024_0_1_synth_1 -jobs 6
INFO: [IP_Flow 19-6924] IPCACHE: Running cache check for IP inst: design_1_Led_Control_04_2024_0_1
[Sun Apr  7 23:53:36 2024] Launched design_1_Led_Control_04_2024_0_1_synth_1...
Run output will be captured here: C:/VProject/Attempt_1_04-04-2024/SAXI_MB_PR_HW_SW_01/SAXI_MB_PR_HW_SW_01.runs/design_1_Led_Control_04_2024_0_1_synth_1/runme.log
export_simulation -of_objects [get_files C:/VProject/Attempt_1_04-04-2024/SAXI_MB_PR_HW_SW_01/SAXI_MB_PR_HW_SW_01.srcs/sources_1/bd/design_1/design_1.bd] -directory C:/VProject/Attempt_1_04-04-2024/SAXI_MB_PR_HW_SW_01/SAXI_MB_PR_HW_SW_01.ip_user_files/sim_scripts -ip_user_files_dir C:/VProject/Attempt_1_04-04-2024/SAXI_MB_PR_HW_SW_01/SAXI_MB_PR_HW_SW_01.ip_user_files -ipstatic_source_dir C:/VProject/Attempt_1_04-04-2024/SAXI_MB_PR_HW_SW_01/SAXI_MB_PR_HW_SW_01.ip_user_files/ipstatic -lib_map_path [list {modelsim=C:/VProject/Attempt_1_04-04-2024/SAXI_MB_PR_HW_SW_01/SAXI_MB_PR_HW_SW_01.cache/compile_simlib/modelsim} {questa=C:/VProject/Attempt_1_04-04-2024/SAXI_MB_PR_HW_SW_01/SAXI_MB_PR_HW_SW_01.cache/compile_simlib/questa} {riviera=C:/VProject/Attempt_1_04-04-2024/SAXI_MB_PR_HW_SW_01/SAXI_MB_PR_HW_SW_01.cache/compile_simlib/riviera} {activehdl=C:/VProject/Attempt_1_04-04-2024/SAXI_MB_PR_HW_SW_01/SAXI_MB_PR_HW_SW_01.cache/compile_simlib/activehdl}] -use_ip_compiled_libs -force -quiet
report_ip_status -name ip_status 
reset_run synth_1
INFO: [Project 1-1161] Replacing file C:/VProject/Attempt_1_04-04-2024/SAXI_MB_PR_HW_SW_01/SAXI_MB_PR_HW_SW_01.srcs/utils_1/imports/synth_1/design_1_wrapper.dcp with file C:/VProject/Attempt_1_04-04-2024/SAXI_MB_PR_HW_SW_01/SAXI_MB_PR_HW_SW_01.runs/synth_1/design_1_wrapper.dcp
WARNING: [Vivado 12-1017] Problems encountered:
1. Failed to delete one or more files in run directory C:/VProject/Attempt_1_04-04-2024/SAXI_MB_PR_HW_SW_01/SAXI_MB_PR_HW_SW_01.runs/synth_1

launch_runs impl_1 -jobs 6
INFO: [IP_Flow 19-6924] IPCACHE: Running cache check for IP inst: design_1_Led_Control_04_2024_0_1
[Sun Apr  7 23:54:09 2024] Launched design_1_Led_Control_04_2024_0_1_synth_1, synth_1...
Run output will be captured here:
design_1_Led_Control_04_2024_0_1_synth_1: C:/VProject/Attempt_1_04-04-2024/SAXI_MB_PR_HW_SW_01/SAXI_MB_PR_HW_SW_01.runs/design_1_Led_Control_04_2024_0_1_synth_1/runme.log
synth_1: C:/VProject/Attempt_1_04-04-2024/SAXI_MB_PR_HW_SW_01/SAXI_MB_PR_HW_SW_01.runs/synth_1/runme.log
[Sun Apr  7 23:54:09 2024] Launched impl_1...
Run output will be captured here: C:/VProject/Attempt_1_04-04-2024/SAXI_MB_PR_HW_SW_01/SAXI_MB_PR_HW_SW_01.runs/impl_1/runme.log
update_ip_catalog -rebuild -scan_changes
INFO: [IP_Flow 19-234] Refreshing IP repositories
INFO: [IP_Flow 19-1700] Loaded user IP repository 'c:/VProject/Attempt_1_04-04-2024/ip_repo'.
report_ip_status -name ip_status
upgrade_ip -vlnv xilinx.com:user:Led_Control_04_2024:1.0 [get_ips  design_1_Led_Control_04_2024_0_1] -log ip_upgrade.log
Upgrading 'C:/VProject/Attempt_1_04-04-2024/SAXI_MB_PR_HW_SW_01/SAXI_MB_PR_HW_SW_01.srcs/sources_1/bd/design_1/design_1.bd'
INFO: [IP_Flow 19-3420] Updated design_1_Led_Control_04_2024_0_1 to use current project options
Wrote  : <C:\VProject\Attempt_1_04-04-2024\SAXI_MB_PR_HW_SW_01\SAXI_MB_PR_HW_SW_01.srcs\sources_1\bd\design_1\design_1.bd> 
INFO: [Coretcl 2-1525] Wrote upgrade log to 'C:/VProject/Attempt_1_04-04-2024/SAXI_MB_PR_HW_SW_01/ip_upgrade.log'.
export_ip_user_files -of_objects [get_ips design_1_Led_Control_04_2024_0_1] -no_script -sync -force -quiet
generate_target all [get_files  C:/VProject/Attempt_1_04-04-2024/SAXI_MB_PR_HW_SW_01/SAXI_MB_PR_HW_SW_01.srcs/sources_1/bd/design_1/design_1.bd]
WARNING: [filemgmt 56-443] The ECC Algorithm string is empty. Setting the Memory Map to default ECC value to ECC_NONE.
WARNING: [filemgmt 56-443] The ECC Algorithm string is empty. Setting the Memory Map to default ECC value to ECC_NONE.
INFO: [xilinx.com:ip:clk_wiz:6.0-1] /clk_wiz_1 clk_wiz propagate
INFO: [xilinx.com:ip:axi_intc:4.1-1] /microblaze_0_axi_intc: The AXI INTC core has been configured to operate with synchronous clocks.
Wrote  : <C:\VProject\Attempt_1_04-04-2024\SAXI_MB_PR_HW_SW_01\SAXI_MB_PR_HW_SW_01.srcs\sources_1\bd\design_1\design_1.bd> 
VHDL Output written to : c:/VProject/Attempt_1_04-04-2024/SAXI_MB_PR_HW_SW_01/SAXI_MB_PR_HW_SW_01.gen/sources_1/bd/design_1/synth/design_1.vhd
VHDL Output written to : c:/VProject/Attempt_1_04-04-2024/SAXI_MB_PR_HW_SW_01/SAXI_MB_PR_HW_SW_01.gen/sources_1/bd/design_1/sim/design_1.vhd
VHDL Output written to : c:/VProject/Attempt_1_04-04-2024/SAXI_MB_PR_HW_SW_01/SAXI_MB_PR_HW_SW_01.gen/sources_1/bd/design_1/hdl/design_1_wrapper.vhd
INFO: [BD 41-1029] Generation completed for the IP Integrator block Led_Control_04_2024_0 .
Exporting to file c:/VProject/Attempt_1_04-04-2024/SAXI_MB_PR_HW_SW_01/SAXI_MB_PR_HW_SW_01.gen/sources_1/bd/design_1/hw_handoff/design_1.hwh
Generated Hardware Definition File c:/VProject/Attempt_1_04-04-2024/SAXI_MB_PR_HW_SW_01/SAXI_MB_PR_HW_SW_01.gen/sources_1/bd/design_1/synth/design_1.hwdef
generate_target: Time (s): cpu = 00:00:02 ; elapsed = 00:00:09 . Memory (MB): peak = 2029.242 ; gain = 0.000
catch { config_ip_cache -export [get_ips -all design_1_Led_Control_04_2024_0_1] }
INFO: [IP_Flow 19-6924] IPCACHE: Running cache check for IP inst: design_1_Led_Control_04_2024_0_1
export_ip_user_files -of_objects [get_files C:/VProject/Attempt_1_04-04-2024/SAXI_MB_PR_HW_SW_01/SAXI_MB_PR_HW_SW_01.srcs/sources_1/bd/design_1/design_1.bd] -no_script -sync -force -quiet
create_ip_run [get_files -of_objects [get_fileset sources_1] C:/VProject/Attempt_1_04-04-2024/SAXI_MB_PR_HW_SW_01/SAXI_MB_PR_HW_SW_01.srcs/sources_1/bd/design_1/design_1.bd]
launch_runs design_1_Led_Control_04_2024_0_1_synth_1 -jobs 6
INFO: [IP_Flow 19-6924] IPCACHE: Running cache check for IP inst: design_1_Led_Control_04_2024_0_1
[Mon Apr  8 00:02:32 2024] Launched design_1_Led_Control_04_2024_0_1_synth_1...
Run output will be captured here: C:/VProject/Attempt_1_04-04-2024/SAXI_MB_PR_HW_SW_01/SAXI_MB_PR_HW_SW_01.runs/design_1_Led_Control_04_2024_0_1_synth_1/runme.log
export_simulation -of_objects [get_files C:/VProject/Attempt_1_04-04-2024/SAXI_MB_PR_HW_SW_01/SAXI_MB_PR_HW_SW_01.srcs/sources_1/bd/design_1/design_1.bd] -directory C:/VProject/Attempt_1_04-04-2024/SAXI_MB_PR_HW_SW_01/SAXI_MB_PR_HW_SW_01.ip_user_files/sim_scripts -ip_user_files_dir C:/VProject/Attempt_1_04-04-2024/SAXI_MB_PR_HW_SW_01/SAXI_MB_PR_HW_SW_01.ip_user_files -ipstatic_source_dir C:/VProject/Attempt_1_04-04-2024/SAXI_MB_PR_HW_SW_01/SAXI_MB_PR_HW_SW_01.ip_user_files/ipstatic -lib_map_path [list {modelsim=C:/VProject/Attempt_1_04-04-2024/SAXI_MB_PR_HW_SW_01/SAXI_MB_PR_HW_SW_01.cache/compile_simlib/modelsim} {questa=C:/VProject/Attempt_1_04-04-2024/SAXI_MB_PR_HW_SW_01/SAXI_MB_PR_HW_SW_01.cache/compile_simlib/questa} {riviera=C:/VProject/Attempt_1_04-04-2024/SAXI_MB_PR_HW_SW_01/SAXI_MB_PR_HW_SW_01.cache/compile_simlib/riviera} {activehdl=C:/VProject/Attempt_1_04-04-2024/SAXI_MB_PR_HW_SW_01/SAXI_MB_PR_HW_SW_01.cache/compile_simlib/activehdl}] -use_ip_compiled_libs -force -quiet
report_ip_status -name ip_status 
exit
INFO: [Common 17-206] Exiting Vivado at Mon Apr  8 00:13:22 2024...
