
*** Running vivado
    with args -log LedControl.vds -m64 -product Vivado -mode batch -messageDb vivado.pb -notrace -source LedControl.tcl


ECHO is off.
ECHO is off.

****** Vivado v2023.1 (64-bit)
  **** SW Build 3865809 on Sun May  7 15:05:29 MDT 2023
  **** IP Build 3864474 on Sun May  7 20:36:21 MDT 2023
  **** SharedData Build 3865790 on Sun May 07 13:33:03 MDT 2023
    ** Copyright 1986-2022 Xilinx, Inc. All Rights Reserved.
    ** Copyright 2022-2023 Advanced Micro Devices, Inc. All Rights Reserved.

source LedControl.tcl -notrace
create_project: Time (s): cpu = 00:00:06 ; elapsed = 00:00:07 . Memory (MB): peak = 442.004 ; gain = 164.414
INFO: [IP_Flow 19-234] Refreshing IP repositories
INFO: [IP_Flow 19-1700] Loaded user IP repository 'c:/Users/jasme/Desktop/DFX/Vivado_Project/DFX_Nexys_A7_V2/ip_repo2'.
INFO: [IP_Flow 19-2313] Loaded Vivado IP repository 'D:/Xilinx/Vivado/2023.1/data/ip'.
Command: read_checkpoint -auto_incremental -incremental C:/Users/jasme/Desktop/DFX/Vivado_Project/DFX_Controller/DFX_Controller.srcs/utils_1/imports/synth_1/LedControl.dcp
INFO: [Vivado 12-5825] Read reference checkpoint from C:/Users/jasme/Desktop/DFX/Vivado_Project/DFX_Controller/DFX_Controller.srcs/utils_1/imports/synth_1/LedControl.dcp for incremental synthesis
INFO: [Vivado 12-7989] Please ensure there are no constraint changes
Command: synth_design -top LedControl -part xc7a100tcsg324-1
Starting synth_design
Attempting to get a license for feature 'Synthesis' and/or device 'xc7a100t'
INFO: [Common 17-349] Got license for feature 'Synthesis' and/or device 'xc7a100t'
INFO: [Designutils 20-5440] No compile time benefit to using incremental synthesis; A full resynthesis will be run
INFO: [Designutils 20-4379] Flow is switching to default flow due to incremental criteria not met. If you would like to alter this behaviour and have the flow terminate instead, please set the following parameter config_implementation {autoIncr.Synth.RejectBehavior Terminate}
INFO: [Synth 8-7079] Multithreading enabled for synth_design using a maximum of 2 processes.
INFO: [Synth 8-7078] Launching helper process for spawning children vivado processes
INFO: [Synth 8-7075] Helper process launched with PID 2996
---------------------------------------------------------------------------------
Starting Synthesize : Time (s): cpu = 00:00:05 ; elapsed = 00:00:06 . Memory (MB): peak = 893.738 ; gain = 412.234
---------------------------------------------------------------------------------
INFO: [Synth 8-638] synthesizing module 'LedControl' [C:/Users/jasme/Desktop/DFX/Vivado_Project/DFX_Controller/DFX_Controller.srcs/sources_1/new/LedControl.vhd:72]
WARNING: [Synth 8-614] signal 'secDealy' is read in the process but is not in the sensitivity list [C:/Users/jasme/Desktop/DFX/Vivado_Project/DFX_Controller/DFX_Controller.srcs/sources_1/new/LedControl.vhd:244]
INFO: [Synth 8-256] done synthesizing module 'LedControl' (0#1) [C:/Users/jasme/Desktop/DFX/Vivado_Project/DFX_Controller/DFX_Controller.srcs/sources_1/new/LedControl.vhd:72]
WARNING: [Synth 8-3848] Net m_axi_awaddr in module/entity LedControl does not have driver. [C:/Users/jasme/Desktop/DFX/Vivado_Project/DFX_Controller/DFX_Controller.srcs/sources_1/new/LedControl.vhd:43]
WARNING: [Synth 8-3848] Net m_axi_wdata in module/entity LedControl does not have driver. [C:/Users/jasme/Desktop/DFX/Vivado_Project/DFX_Controller/DFX_Controller.srcs/sources_1/new/LedControl.vhd:49]
WARNING: [Synth 8-3917] design LedControl has port m_axi_awprot[2] driven by constant 0
WARNING: [Synth 8-3917] design LedControl has port m_axi_awprot[1] driven by constant 0
WARNING: [Synth 8-3917] design LedControl has port m_axi_awprot[0] driven by constant 0
WARNING: [Synth 8-3917] design LedControl has port m_axi_arprot[2] driven by constant 0
WARNING: [Synth 8-3917] design LedControl has port m_axi_arprot[1] driven by constant 0
WARNING: [Synth 8-3917] design LedControl has port m_axi_arprot[0] driven by constant 0
WARNING: [Synth 8-7129] Port m_axi_awaddr[31] in module LedControl is either unconnected or has no load
WARNING: [Synth 8-7129] Port m_axi_awaddr[30] in module LedControl is either unconnected or has no load
WARNING: [Synth 8-7129] Port m_axi_awaddr[29] in module LedControl is either unconnected or has no load
WARNING: [Synth 8-7129] Port m_axi_awaddr[28] in module LedControl is either unconnected or has no load
WARNING: [Synth 8-7129] Port m_axi_awaddr[27] in module LedControl is either unconnected or has no load
WARNING: [Synth 8-7129] Port m_axi_awaddr[26] in module LedControl is either unconnected or has no load
WARNING: [Synth 8-7129] Port m_axi_awaddr[25] in module LedControl is either unconnected or has no load
WARNING: [Synth 8-7129] Port m_axi_awaddr[24] in module LedControl is either unconnected or has no load
WARNING: [Synth 8-7129] Port m_axi_awaddr[23] in module LedControl is either unconnected or has no load
WARNING: [Synth 8-7129] Port m_axi_awaddr[22] in module LedControl is either unconnected or has no load
WARNING: [Synth 8-7129] Port m_axi_awaddr[21] in module LedControl is either unconnected or has no load
WARNING: [Synth 8-7129] Port m_axi_awaddr[20] in module LedControl is either unconnected or has no load
WARNING: [Synth 8-7129] Port m_axi_awaddr[19] in module LedControl is either unconnected or has no load
WARNING: [Synth 8-7129] Port m_axi_awaddr[18] in module LedControl is either unconnected or has no load
WARNING: [Synth 8-7129] Port m_axi_awaddr[17] in module LedControl is either unconnected or has no load
WARNING: [Synth 8-7129] Port m_axi_awaddr[16] in module LedControl is either unconnected or has no load
WARNING: [Synth 8-7129] Port m_axi_awaddr[15] in module LedControl is either unconnected or has no load
WARNING: [Synth 8-7129] Port m_axi_awaddr[14] in module LedControl is either unconnected or has no load
WARNING: [Synth 8-7129] Port m_axi_awaddr[13] in module LedControl is either unconnected or has no load
WARNING: [Synth 8-7129] Port m_axi_awaddr[12] in module LedControl is either unconnected or has no load
WARNING: [Synth 8-7129] Port m_axi_awaddr[11] in module LedControl is either unconnected or has no load
WARNING: [Synth 8-7129] Port m_axi_awaddr[10] in module LedControl is either unconnected or has no load
WARNING: [Synth 8-7129] Port m_axi_awaddr[9] in module LedControl is either unconnected or has no load
WARNING: [Synth 8-7129] Port m_axi_awaddr[8] in module LedControl is either unconnected or has no load
WARNING: [Synth 8-7129] Port m_axi_awaddr[7] in module LedControl is either unconnected or has no load
WARNING: [Synth 8-7129] Port m_axi_awaddr[6] in module LedControl is either unconnected or has no load
WARNING: [Synth 8-7129] Port m_axi_awaddr[5] in module LedControl is either unconnected or has no load
WARNING: [Synth 8-7129] Port m_axi_awaddr[4] in module LedControl is either unconnected or has no load
WARNING: [Synth 8-7129] Port m_axi_awaddr[3] in module LedControl is either unconnected or has no load
WARNING: [Synth 8-7129] Port m_axi_awaddr[2] in module LedControl is either unconnected or has no load
WARNING: [Synth 8-7129] Port m_axi_awaddr[1] in module LedControl is either unconnected or has no load
WARNING: [Synth 8-7129] Port m_axi_awaddr[0] in module LedControl is either unconnected or has no load
WARNING: [Synth 8-7129] Port m_axi_wdata[31] in module LedControl is either unconnected or has no load
WARNING: [Synth 8-7129] Port m_axi_wdata[30] in module LedControl is either unconnected or has no load
WARNING: [Synth 8-7129] Port m_axi_wdata[29] in module LedControl is either unconnected or has no load
WARNING: [Synth 8-7129] Port m_axi_wdata[28] in module LedControl is either unconnected or has no load
WARNING: [Synth 8-7129] Port m_axi_wdata[27] in module LedControl is either unconnected or has no load
WARNING: [Synth 8-7129] Port m_axi_wdata[26] in module LedControl is either unconnected or has no load
WARNING: [Synth 8-7129] Port m_axi_wdata[25] in module LedControl is either unconnected or has no load
WARNING: [Synth 8-7129] Port m_axi_wdata[24] in module LedControl is either unconnected or has no load
WARNING: [Synth 8-7129] Port m_axi_wdata[23] in module LedControl is either unconnected or has no load
WARNING: [Synth 8-7129] Port m_axi_wdata[22] in module LedControl is either unconnected or has no load
WARNING: [Synth 8-7129] Port m_axi_wdata[21] in module LedControl is either unconnected or has no load
WARNING: [Synth 8-7129] Port m_axi_wdata[20] in module LedControl is either unconnected or has no load
WARNING: [Synth 8-7129] Port m_axi_wdata[19] in module LedControl is either unconnected or has no load
WARNING: [Synth 8-7129] Port m_axi_wdata[18] in module LedControl is either unconnected or has no load
WARNING: [Synth 8-7129] Port m_axi_wdata[17] in module LedControl is either unconnected or has no load
WARNING: [Synth 8-7129] Port m_axi_wdata[16] in module LedControl is either unconnected or has no load
WARNING: [Synth 8-7129] Port m_axi_wdata[15] in module LedControl is either unconnected or has no load
WARNING: [Synth 8-7129] Port m_axi_wdata[14] in module LedControl is either unconnected or has no load
WARNING: [Synth 8-7129] Port m_axi_wdata[13] in module LedControl is either unconnected or has no load
WARNING: [Synth 8-7129] Port m_axi_wdata[12] in module LedControl is either unconnected or has no load
WARNING: [Synth 8-7129] Port m_axi_wdata[11] in module LedControl is either unconnected or has no load
WARNING: [Synth 8-7129] Port m_axi_wdata[10] in module LedControl is either unconnected or has no load
WARNING: [Synth 8-7129] Port m_axi_wdata[9] in module LedControl is either unconnected or has no load
WARNING: [Synth 8-7129] Port m_axi_wdata[8] in module LedControl is either unconnected or has no load
WARNING: [Synth 8-7129] Port m_axi_wdata[7] in module LedControl is either unconnected or has no load
WARNING: [Synth 8-7129] Port m_axi_wdata[6] in module LedControl is either unconnected or has no load
WARNING: [Synth 8-7129] Port m_axi_wdata[5] in module LedControl is either unconnected or has no load
WARNING: [Synth 8-7129] Port m_axi_wdata[4] in module LedControl is either unconnected or has no load
WARNING: [Synth 8-7129] Port m_axi_wdata[3] in module LedControl is either unconnected or has no load
WARNING: [Synth 8-7129] Port m_axi_wdata[2] in module LedControl is either unconnected or has no load
WARNING: [Synth 8-7129] Port m_axi_wdata[1] in module LedControl is either unconnected or has no load
WARNING: [Synth 8-7129] Port m_axi_wdata[0] in module LedControl is either unconnected or has no load
WARNING: [Synth 8-7129] Port m_axi_awready in module LedControl is either unconnected or has no load
WARNING: [Synth 8-7129] Port m_axi_wready in module LedControl is either unconnected or has no load
WARNING: [Synth 8-7129] Port m_axi_rdata[31] in module LedControl is either unconnected or has no load
WARNING: [Synth 8-7129] Port m_axi_rdata[30] in module LedControl is either unconnected or has no load
WARNING: [Synth 8-7129] Port m_axi_rdata[29] in module LedControl is either unconnected or has no load
WARNING: [Synth 8-7129] Port m_axi_rdata[28] in module LedControl is either unconnected or has no load
WARNING: [Synth 8-7129] Port m_axi_rdata[27] in module LedControl is either unconnected or has no load
WARNING: [Synth 8-7129] Port m_axi_rdata[26] in module LedControl is either unconnected or has no load
WARNING: [Synth 8-7129] Port m_axi_rdata[25] in module LedControl is either unconnected or has no load
WARNING: [Synth 8-7129] Port m_axi_rdata[24] in module LedControl is either unconnected or has no load
WARNING: [Synth 8-7129] Port m_axi_rdata[23] in module LedControl is either unconnected or has no load
WARNING: [Synth 8-7129] Port m_axi_rdata[22] in module LedControl is either unconnected or has no load
WARNING: [Synth 8-7129] Port m_axi_rdata[21] in module LedControl is either unconnected or has no load
WARNING: [Synth 8-7129] Port m_axi_rdata[20] in module LedControl is either unconnected or has no load
WARNING: [Synth 8-7129] Port m_axi_rdata[19] in module LedControl is either unconnected or has no load
WARNING: [Synth 8-7129] Port m_axi_rdata[18] in module LedControl is either unconnected or has no load
WARNING: [Synth 8-7129] Port m_axi_rdata[17] in module LedControl is either unconnected or has no load
WARNING: [Synth 8-7129] Port m_axi_rdata[16] in module LedControl is either unconnected or has no load
WARNING: [Synth 8-7129] Port m_axi_rdata[15] in module LedControl is either unconnected or has no load
WARNING: [Synth 8-7129] Port m_axi_rdata[14] in module LedControl is either unconnected or has no load
WARNING: [Synth 8-7129] Port m_axi_rdata[13] in module LedControl is either unconnected or has no load
WARNING: [Synth 8-7129] Port m_axi_rdata[12] in module LedControl is either unconnected or has no load
WARNING: [Synth 8-7129] Port m_axi_rdata[11] in module LedControl is either unconnected or has no load
WARNING: [Synth 8-7129] Port m_axi_rdata[10] in module LedControl is either unconnected or has no load
WARNING: [Synth 8-7129] Port m_axi_rdata[9] in module LedControl is either unconnected or has no load
WARNING: [Synth 8-7129] Port m_axi_rdata[8] in module LedControl is either unconnected or has no load
WARNING: [Synth 8-7129] Port m_axi_rdata[7] in module LedControl is either unconnected or has no load
WARNING: [Synth 8-7129] Port m_axi_rdata[6] in module LedControl is either unconnected or has no load
WARNING: [Synth 8-7129] Port m_axi_rdata[5] in module LedControl is either unconnected or has no load
WARNING: [Synth 8-7129] Port m_axi_rdata[4] in module LedControl is either unconnected or has no load
WARNING: [Synth 8-7129] Port m_axi_rdata[3] in module LedControl is either unconnected or has no load
WARNING: [Synth 8-7129] Port m_axi_rdata[2] in module LedControl is either unconnected or has no load
---------------------------------------------------------------------------------
Finished Synthesize : Time (s): cpu = 00:00:06 ; elapsed = 00:00:08 . Memory (MB): peak = 984.453 ; gain = 502.949
---------------------------------------------------------------------------------
---------------------------------------------------------------------------------
Finished Constraint Validation : Time (s): cpu = 00:00:07 ; elapsed = 00:00:08 . Memory (MB): peak = 984.453 ; gain = 502.949
---------------------------------------------------------------------------------
---------------------------------------------------------------------------------
Start Loading Part and Timing Information
---------------------------------------------------------------------------------
Loading part: xc7a100tcsg324-1
INFO: [Device 21-403] Loading part xc7a100tcsg324-1
---------------------------------------------------------------------------------
Finished Loading Part and Timing Information : Time (s): cpu = 00:00:07 ; elapsed = 00:00:08 . Memory (MB): peak = 984.453 ; gain = 502.949
---------------------------------------------------------------------------------
INFO: [Synth 8-802] inferred FSM for state register 'state_reg' in module 'LedControl'
---------------------------------------------------------------------------------------------------
                   State |                     New Encoding |                Previous Encoding 
---------------------------------------------------------------------------------------------------
          readbuttonaddr |                              001 |                               01
          readbuttondata |                              010 |                               10
                    idle |                              100 |                               00
---------------------------------------------------------------------------------------------------
INFO: [Synth 8-3354] encoded FSM with state register 'state_reg' using encoding 'one-hot' in module 'LedControl'
---------------------------------------------------------------------------------
Finished RTL Optimization Phase 2 : Time (s): cpu = 00:00:07 ; elapsed = 00:00:09 . Memory (MB): peak = 984.453 ; gain = 502.949
---------------------------------------------------------------------------------
No constraint files found.
---------------------------------------------------------------------------------
Start RTL Component Statistics 
---------------------------------------------------------------------------------
Detailed RTL Component Info : 
+---Adders : 
	   2 Input    4 Bit       Adders := 1     
+---Registers : 
	               32 Bit    Registers := 1     
	                4 Bit    Registers := 1     
	                1 Bit    Registers := 7     
+---Muxes : 
	   2 Input    4 Bit        Muxes := 1     
	   3 Input    3 Bit        Muxes := 1     
	   2 Input    3 Bit        Muxes := 3     
	   3 Input    1 Bit        Muxes := 8     
	   2 Input    1 Bit        Muxes := 2     
---------------------------------------------------------------------------------
Finished RTL Component Statistics 
---------------------------------------------------------------------------------
---------------------------------------------------------------------------------
Start Part Resource Summary
---------------------------------------------------------------------------------
