#-----------------------------------------------------------
# Vivado v2023.1 (64-bit)
# SW Build 3865809 on Sun May  7 15:05:29 MDT 2023
# IP Build 3864474 on Sun May  7 20:36:21 MDT 2023
# SharedData Build 3865790 on Sun May 07 13:33:03 MDT 2023
# Start of session at: Tue Apr 16 17:03:36 2024
# Process ID: 13284
# Current directory: C:/VProject/Attempt_3_10-04-2024/LedCount
# Command line: vivado.exe -gui_launcher_event rodinguilauncherevent15732 C:\VProject\Attempt_3_10-04-2024\LedCount\LedCount.xpr
# Log file: C:/VProject/Attempt_3_10-04-2024/LedCount/vivado.log
# Journal file: C:/VProject/Attempt_3_10-04-2024/LedCount\vivado.jou
# Running On: Jasmeet, OS: Windows, CPU Frequency: 2592 MHz, CPU Physical cores: 6, Host memory: 16990 MB
#-----------------------------------------------------------
start_gui
open_project C:/VProject/Attempt_3_10-04-2024/LedCount/LedCount.xpr
WARNING: [Board 49-26] cannot add Board Part xilinx.com:kcu105:part0:1.6 available at D:/Xilinx/Vivado/2023.1/data/xhub/boards/XilinxBoardStore/boards/Xilinx/kcu105/1.6/board.xml as part xcku040-ffva1156-2-e specified in board_part file is either invalid or not available
WARNING: [Board 49-26] cannot add Board Part xilinx.com:kcu105:part0:1.7 available at D:/Xilinx/Vivado/2023.1/data/xhub/boards/XilinxBoardStore/boards/Xilinx/kcu105/1.7/board.xml as part xcku040-ffva1156-2-e specified in board_part file is either invalid or not available
WARNING: [Board 49-26] cannot add Board Part xilinx.com:kcu116:part0:1.4 available at D:/Xilinx/Vivado/2023.1/data/xhub/boards/XilinxBoardStore/boards/Xilinx/kcu116/1.4/board.xml as part xcku5p-ffvb676-2-e specified in board_part file is either invalid or not available
WARNING: [Board 49-26] cannot add Board Part xilinx.com:kcu116:part0:1.5 available at D:/Xilinx/Vivado/2023.1/data/xhub/boards/XilinxBoardStore/boards/Xilinx/kcu116/1.5/board.xml as part xcku5p-ffvb676-2-e specified in board_part file is either invalid or not available
WARNING: [Board 49-26] cannot add Board Part xilinx.com:kcu1500:part0:1.2 available at D:/Xilinx/Vivado/2023.1/data/xhub/boards/XilinxBoardStore/boards/Xilinx/kcu1500/1.2/board.xml as part xcku115-flvb2104-2-e specified in board_part file is either invalid or not available
WARNING: [Board 49-26] cannot add Board Part xilinx.com:vck190:part0:2.2 available at D:/Xilinx/Vivado/2023.1/data/xhub/boards/XilinxBoardStore/boards/Xilinx/vck190/production/2.2/board.xml as part xcvc1902-vsva2197-2mp-e-s specified in board_part file is either invalid or not available
WARNING: [Board 49-26] cannot add Board Part xilinx.com:vck190:part0:3.0 available at D:/Xilinx/Vivado/2023.1/data/xhub/boards/XilinxBoardStore/boards/Xilinx/vck190/production/3.0/board.xml as part xcvc1902-vsva2197-2mp-e-s specified in board_part file is either invalid or not available
WARNING: [Board 49-26] cannot add Board Part xilinx.com:vck190:part0:3.1 available at D:/Xilinx/Vivado/2023.1/data/xhub/boards/XilinxBoardStore/boards/Xilinx/vck190/production/3.1/board.xml as part xcvc1902-vsva2197-2mp-e-s specified in board_part file is either invalid or not available
WARNING: [Board 49-26] cannot add Board Part xilinx.com:vck190:part0:3.2 available at D:/Xilinx/Vivado/2023.1/data/xhub/boards/XilinxBoardStore/boards/Xilinx/vck190/production/3.2/board.xml as part xcvc1902-vsva2197-2mp-e-s specified in board_part file is either invalid or not available
WARNING: [Board 49-26] cannot add Board Part xilinx.com:vck190_newl:part0:1.0 available at D:/Xilinx/Vivado/2023.1/data/xhub/boards/XilinxBoardStore/boards/Xilinx/vck190_newl/production/1.0/board.xml as part xcvc1902-vsva2197-2mp-e-s specified in board_part file is either invalid or not available
WARNING: [Board 49-26] cannot add Board Part xilinx.com:vck190_newl:part0:1.1 available at D:/Xilinx/Vivado/2023.1/data/xhub/boards/XilinxBoardStore/boards/Xilinx/vck190_newl/production/1.1/board.xml as part xcvc1902-vsva2197-2mp-e-s specified in board_part file is either invalid or not available
WARNING: [Board 49-26] cannot add Board Part xilinx.com:vcu108:part0:1.6 available at D:/Xilinx/Vivado/2023.1/data/xhub/boards/XilinxBoardStore/boards/Xilinx/vcu108/1.6/board.xml as part xcvu095-ffva2104-2-e specified in board_part file is either invalid or not available
WARNING: [Board 49-26] cannot add Board Part xilinx.com:vcu108:part0:1.7 available at D:/Xilinx/Vivado/2023.1/data/xhub/boards/XilinxBoardStore/boards/Xilinx/vcu108/1.7/board.xml as part xcvu095-ffva2104-2-e specified in board_part file is either invalid or not available
WARNING: [Board 49-26] cannot add Board Part xilinx.com:vcu110:part0:1.4 available at D:/Xilinx/Vivado/2023.1/data/xhub/boards/XilinxBoardStore/boards/Xilinx/vcu110/1.4/board.xml as part xcvu190-flgc2104-2-e specified in board_part file is either invalid or not available
WARNING: [Board 49-26] cannot add Board Part xilinx.com:vcu118:part0:2.0 available at D:/Xilinx/Vivado/2023.1/data/xhub/boards/XilinxBoardStore/boards/Xilinx/vcu118/2.0/board.xml as part xcvu9p-flga2104-2l-e specified in board_part file is either invalid or not available
WARNING: [Board 49-26] cannot add Board Part xilinx.com:vcu118:part0:2.3 available at D:/Xilinx/Vivado/2023.1/data/xhub/boards/XilinxBoardStore/boards/Xilinx/vcu118/2.3/board.xml as part xcvu9p-flga2104-2l-e specified in board_part file is either invalid or not available
WARNING: [Board 49-26] cannot add Board Part xilinx.com:vcu118:part0:2.4 available at D:/Xilinx/Vivado/2023.1/data/xhub/boards/XilinxBoardStore/boards/Xilinx/vcu118/2.4/board.xml as part xcvu9p-flga2104-2l-e specified in board_part file is either invalid or not available
WARNING: [Board 49-26] cannot add Board Part xilinx.com:vcu128:part0:1.0 available at D:/Xilinx/Vivado/2023.1/data/xhub/boards/XilinxBoardStore/boards/Xilinx/vcu128/production/1.0/board.xml as part xcvu37p-fsvh2892-2l-e specified in board_part file is either invalid or not available
WARNING: [Board 49-26] cannot add Board Part xilinx.com:vcu129:part0:1.0 available at D:/Xilinx/Vivado/2023.1/data/xhub/boards/XilinxBoardStore/boards/Xilinx/vcu129/production/1.0/board.xml as part xcvu29p-fsga2577-2l-e specified in board_part file is either invalid or not available
WARNING: [Board 49-26] cannot add Board Part xilinx.com:vcu1525:part0:1.3 available at D:/Xilinx/Vivado/2023.1/data/xhub/boards/XilinxBoardStore/boards/Xilinx/vcu1525/1.3/board.xml as part xcvu9p-fsgd2104-2l-e specified in board_part file is either invalid or not available
WARNING: [Board 49-26] cannot add Board Part xilinx.com:vek280_es:part0:1.0 available at D:/Xilinx/Vivado/2023.1/data/xhub/boards/XilinxBoardStore/boards/Xilinx/vek280/es/rev_a/1.0/board.xml as part xcve2802-vsvh1760-2lp-e-s-es1 specified in board_part file is either invalid or not available
WARNING: [Board 49-26] cannot add Board Part xilinx.com:vek280_es:part0:1.1 available at D:/Xilinx/Vivado/2023.1/data/xhub/boards/XilinxBoardStore/boards/Xilinx/vek280/es/rev_a/1.1/board.xml as part xcve2802-vsvh1760-2lp-e-s-es1 specified in board_part file is either invalid or not available
WARNING: [Board 49-26] cannot add Board Part xilinx.com:vek280_es_revb:part0:1.0 available at D:/Xilinx/Vivado/2023.1/data/xhub/boards/XilinxBoardStore/boards/Xilinx/vek280/es/rev_b/1.0/board.xml as part xcve2802-vsvh1760-2mp-e-s-es1 specified in board_part file is either invalid or not available
WARNING: [Board 49-26] cannot add Board Part xilinx.com:vek280_es_revb:part0:1.1 available at D:/Xilinx/Vivado/2023.1/data/xhub/boards/XilinxBoardStore/boards/Xilinx/vek280/es/rev_b/1.1/board.xml as part xcve2802-vsvh1760-2mp-e-s-es1 specified in board_part file is either invalid or not available
WARNING: [Board 49-26] cannot add Board Part xilinx.com:vermeo_t1_rfsoc:part0:1.0 available at D:/Xilinx/Vivado/2023.1/data/xhub/boards/XilinxBoardStore/boards/Xilinx/vermeo_t1_rfsoc/1.0/board.xml as part xczu21dr-ffvd1156-2l-e specified in board_part file is either invalid or not available
WARNING: [Board 49-26] cannot add Board Part xilinx.com:vhk158:part0:1.0 available at D:/Xilinx/Vivado/2023.1/data/xhub/boards/XilinxBoardStore/boards/Xilinx/vhk158/production/1.0/board.xml as part xcvh1582-vsva3697-2mp-e-s specified in board_part file is either invalid or not available
WARNING: [Board 49-26] cannot add Board Part xilinx.com:vhk158_es:part0:1.0 available at D:/Xilinx/Vivado/2023.1/data/xhub/boards/XilinxBoardStore/boards/Xilinx/vhk158/es/1.0/board.xml as part xcvh1582-vsva3697-2mp-e-s-es1 specified in board_part file is either invalid or not available
WARNING: [Board 49-26] cannot add Board Part xilinx.com:vhk158_es:part0:1.1 available at D:/Xilinx/Vivado/2023.1/data/xhub/boards/XilinxBoardStore/boards/Xilinx/vhk158/es/1.1/board.xml as part xcvh1582-vsva3697-2mp-e-s-es1 specified in board_part file is either invalid or not available
WARNING: [Board 49-26] cannot add Board Part xilinx.com:vmk180:part0:2.2 available at D:/Xilinx/Vivado/2023.1/data/xhub/boards/XilinxBoardStore/boards/Xilinx/vmk180/production/2.2/board.xml as part xcvm1802-vsva2197-2mp-e-s specified in board_part file is either invalid or not available
WARNING: [Board 49-26] cannot add Board Part xilinx.com:vmk180:part0:3.0 available at D:/Xilinx/Vivado/2023.1/data/xhub/boards/XilinxBoardStore/boards/Xilinx/vmk180/production/3.0/board.xml as part xcvm1802-vsva2197-2mp-e-s specified in board_part file is either invalid or not available
WARNING: [Board 49-26] cannot add Board Part xilinx.com:vmk180:part0:3.1 available at D:/Xilinx/Vivado/2023.1/data/xhub/boards/XilinxBoardStore/boards/Xilinx/vmk180/production/3.1/board.xml as part xcvm1802-vsva2197-2mp-e-s specified in board_part file is either invalid or not available
WARNING: [Board 49-26] cannot add Board Part xilinx.com:vmk180:part0:3.2 available at D:/Xilinx/Vivado/2023.1/data/xhub/boards/XilinxBoardStore/boards/Xilinx/vmk180/production/3.2/board.xml as part xcvm1802-vsva2197-2mp-e-s specified in board_part file is either invalid or not available
WARNING: [Board 49-26] cannot add Board Part xilinx.com:vmk180_newl:part0:1.0 available at D:/Xilinx/Vivado/2023.1/data/xhub/boards/XilinxBoardStore/boards/Xilinx/vmk180_newl/production/1.0/board.xml as part xcvm1802-vsva2197-2mp-e-s specified in board_part file is either invalid or not available
WARNING: [Board 49-26] cannot add Board Part xilinx.com:vmk180_newl:part0:1.1 available at D:/Xilinx/Vivado/2023.1/data/xhub/boards/XilinxBoardStore/boards/Xilinx/vmk180_newl/production/1.1/board.xml as part xcvm1802-vsva2197-2mp-e-s specified in board_part file is either invalid or not available
WARNING: [Board 49-26] cannot add Board Part xilinx.com:vpk120:part0:1.0 available at D:/Xilinx/Vivado/2023.1/data/xhub/boards/XilinxBoardStore/boards/Xilinx/vpk120/production/1.0/board.xml as part xcvp1202-vsva2785-2mp-e-s specified in board_part file is either invalid or not available
WARNING: [Board 49-26] cannot add Board Part xilinx.com:vpk120:part0:1.1 available at D:/Xilinx/Vivado/2023.1/data/xhub/boards/XilinxBoardStore/boards/Xilinx/vpk120/production/1.1/board.xml as part xcvp1202-vsva2785-2mp-e-s specified in board_part file is either invalid or not available
WARNING: [Board 49-26] cannot add Board Part xilinx.com:vpk120_es:part0:1.2 available at D:/Xilinx/Vivado/2023.1/data/xhub/boards/XilinxBoardStore/boards/Xilinx/vpk120/es/1.2/board.xml as part xcvp1202-vsva2785-2mp-e-s-es1 specified in board_part file is either invalid or not available
WARNING: [Board 49-26] cannot add Board Part xilinx.com:vpk120_es:part0:1.3 available at D:/Xilinx/Vivado/2023.1/data/xhub/boards/XilinxBoardStore/boards/Xilinx/vpk120/es/1.3/board.xml as part xcvp1202-vsva2785-2mp-e-s-es1 specified in board_part file is either invalid or not available
WARNING: [Board 49-26] cannot add Board Part xilinx.com:vpk120_es_revb:part0:1.0 available at D:/Xilinx/Vivado/2023.1/data/xhub/boards/XilinxBoardStore/boards/Xilinx/vpk120_revb/es/1.0/board.xml as part xcvp1202-vsva2785-2mp-e-s-es1 specified in board_part file is either invalid or not available
WARNING: [Board 49-26] cannot add Board Part xilinx.com:vpk120_es_revb:part0:1.1 available at D:/Xilinx/Vivado/2023.1/data/xhub/boards/XilinxBoardStore/boards/Xilinx/vpk120_revb/es/1.1/board.xml as part xcvp1202-vsva2785-2mp-e-s-es1 specified in board_part file is either invalid or not available
WARNING: [Board 49-26] cannot add Board Part xilinx.com:vpk180:part0:1.0 available at D:/Xilinx/Vivado/2023.1/data/xhub/boards/XilinxBoardStore/boards/Xilinx/vpk180/production/1.0/board.xml as part xcvp1802-lsvc4072-2mp-e-s specified in board_part file is either invalid or not available
WARNING: [Board 49-26] cannot add Board Part xilinx.com:vpk180:part0:1.1 available at D:/Xilinx/Vivado/2023.1/data/xhub/boards/XilinxBoardStore/boards/Xilinx/vpk180/production/1.1/board.xml as part xcvp1802-lsvc4072-2mp-e-s specified in board_part file is either invalid or not available
WARNING: [Board 49-26] cannot add Board Part xilinx.com:vpk180_es:part0:1.0 available at D:/Xilinx/Vivado/2023.1/data/xhub/boards/XilinxBoardStore/boards/Xilinx/vpk180/es/1.0/board.xml as part xcvp1802-lsvc4072-2mp-e-s-es1 specified in board_part file is either invalid or not available
WARNING: [Board 49-26] cannot add Board Part xilinx.com:vpk180_es:part0:1.1 available at D:/Xilinx/Vivado/2023.1/data/xhub/boards/XilinxBoardStore/boards/Xilinx/vpk180/es/1.1/board.xml as part xcvp1802-lsvc4072-2mp-e-s-es1 specified in board_part file is either invalid or not available
WARNING: [Board 49-26] cannot add Board Part xilinx.com:zc702:part0:1.4 available at D:/Xilinx/Vivado/2023.1/data/xhub/boards/XilinxBoardStore/boards/Xilinx/zc702/1.4/board.xml as part xc7z020clg484-1 specified in board_part file is either invalid or not available
WARNING: [Board 49-26] cannot add Board Part xilinx.com:zc706:part0:1.4 available at D:/Xilinx/Vivado/2023.1/data/xhub/boards/XilinxBoardStore/boards/Xilinx/zc706/1.4/board.xml as part xc7z045ffg900-2 specified in board_part file is either invalid or not available
WARNING: [Board 49-26] cannot add Board Part xilinx.com:zcu111:part0:1.2 available at D:/Xilinx/Vivado/2023.1/data/xhub/boards/XilinxBoardStore/boards/Xilinx/zcu111/1.2/board.xml as part xczu28dr-ffvg1517-2-e specified in board_part file is either invalid or not available
WARNING: [Board 49-26] cannot add Board Part xilinx.com:zcu111:part0:1.3 available at D:/Xilinx/Vivado/2023.1/data/xhub/boards/XilinxBoardStore/boards/Xilinx/zcu111/1.3/board.xml as part xczu28dr-ffvg1517-2-e specified in board_part file is either invalid or not available
WARNING: [Board 49-26] cannot add Board Part xilinx.com:zcu111:part0:1.4 available at D:/Xilinx/Vivado/2023.1/data/xhub/boards/XilinxBoardStore/boards/Xilinx/zcu111/1.4/board.xml as part xczu28dr-ffvg1517-2-e specified in board_part file is either invalid or not available
WARNING: [Board 49-26] cannot add Board Part xilinx.com:zcu1275:part0:1.0 available at D:/Xilinx/Vivado/2023.1/data/xhub/boards/XilinxBoardStore/boards/Xilinx/zcu1275/1.0/board.xml as part xczu29dr-ffvf1760-2-e specified in board_part file is either invalid or not available
WARNING: [Board 49-26] cannot add Board Part xilinx.com:zcu1285:part0:1.0 available at D:/Xilinx/Vivado/2023.1/data/xhub/boards/XilinxBoardStore/boards/Xilinx/zcu1285/1.0/board.xml as part xczu39dr-ffvf1760-2-i specified in board_part file is either invalid or not available
WARNING: [Board 49-26] cannot add Board Part xilinx.com:zcu208:part0:2.0 available at D:/Xilinx/Vivado/2023.1/data/xhub/boards/XilinxBoardStore/boards/Xilinx/zcu208/production/2.0/board.xml as part xczu48dr-fsvg1517-2-e specified in board_part file is either invalid or not available
WARNING: [Board 49-26] cannot add Board Part xilinx.com:zcu208ld:part0:2.0 available at D:/Xilinx/Vivado/2023.1/data/xhub/boards/XilinxBoardStore/boards/Xilinx/zcu208ld/production/2.0/board.xml as part xczu58dr-fsvg1517-2-i specified in board_part file is either invalid or not available
WARNING: [Board 49-26] cannot add Board Part xilinx.com:zcu216:part0:2.0 available at D:/Xilinx/Vivado/2023.1/data/xhub/boards/XilinxBoardStore/boards/Xilinx/zcu216/production/2.0/board.xml as part xczu49dr-ffvf1760-2-e specified in board_part file is either invalid or not available
WARNING: [Board 49-26] cannot add Board Part xilinx.com:zcu216ld:part0:2.0 available at D:/Xilinx/Vivado/2023.1/data/xhub/boards/XilinxBoardStore/boards/Xilinx/zcu216ld/production/2.0/board.xml as part xczu59dr-ffvf1760-2-i specified in board_part file is either invalid or not available
WARNING: [Board 49-26] cannot add Board Part xilinx.com:zcu670:part0:2.0 available at D:/Xilinx/Vivado/2023.1/data/xhub/boards/XilinxBoardStore/boards/Xilinx/zcu670/2.0/board.xml as part xczu67dr-fsve1156-2-i specified in board_part file is either invalid or not available
WARNING: [Board 49-26] cannot add Board Part xilinx.com:zcu670ld:part0:1.0 available at D:/Xilinx/Vivado/2023.1/data/xhub/boards/XilinxBoardStore/boards/Xilinx/zcu670ld/1.0/board.xml as part xczu57dr-fsve1156-2-i specified in board_part file is either invalid or not available
Scanning sources...
Finished scanning sources
INFO: [IP_Flow 19-234] Refreshing IP repositories
INFO: [IP_Flow 19-1700] Loaded user IP repository 'c:/VProject/Attempt_3_10-04-2024/ip_repo/Led_AXI_1_0'.
INFO: [IP_Flow 19-2313] Loaded Vivado IP repository 'D:/Xilinx/Vivado/2023.1/data/ip'.
open_project: Time (s): cpu = 00:00:14 ; elapsed = 00:00:27 . Memory (MB): peak = 1553.844 ; gain = 251.617
update_compile_order -fileset sources_1
open_bd_design {C:/VProject/Attempt_3_10-04-2024/LedCount/LedCount.srcs/sources_1/bd/design_1/design_1.bd}
Reading block design file <C:/VProject/Attempt_3_10-04-2024/LedCount/LedCount.srcs/sources_1/bd/design_1/design_1.bd>...
Adding component instance block -- xilinx.com:ip:microblaze:11.0 - microblaze_0
Adding component instance block -- xilinx.com:ip:lmb_v10:3.0 - dlmb_v10
Adding component instance block -- xilinx.com:ip:lmb_v10:3.0 - ilmb_v10
Adding component instance block -- xilinx.com:ip:lmb_bram_if_cntlr:4.0 - dlmb_bram_if_cntlr
Adding component instance block -- xilinx.com:ip:lmb_bram_if_cntlr:4.0 - ilmb_bram_if_cntlr
Adding component instance block -- xilinx.com:ip:blk_mem_gen:8.4 - lmb_bram
Adding component instance block -- xilinx.com:ip:axi_interconnect:2.1 - microblaze_0_axi_periph
Adding component instance block -- xilinx.com:ip:axi_crossbar:2.1 - xbar
Adding component instance block -- xilinx.com:ip:axi_intc:4.1 - microblaze_0_axi_intc
Adding component instance block -- xilinx.com:ip:xlconcat:2.1 - microblaze_0_xlconcat
Adding component instance block -- xilinx.com:ip:mdm:3.2 - mdm_1
Adding component instance block -- xilinx.com:ip:clk_wiz:6.0 - clk_wiz_1
Adding component instance block -- xilinx.com:ip:proc_sys_reset:5.0 - rst_clk_wiz_1_100M
Adding component instance block -- xilinx.com:ip:axi_uartlite:2.0 - axi_uartlite_0
Adding component instance block -- xilinx.com:ip:axi_gpio:2.0 - axi_gpio_0
Adding component instance block -- xilinx.com:user:Led_AXI:1.0 - Led_AXI_0
Successfully read diagram <design_1> from block design file <C:/VProject/Attempt_3_10-04-2024/LedCount/LedCount.srcs/sources_1/bd/design_1/design_1.bd>
open_bd_design: Time (s): cpu = 00:00:05 ; elapsed = 00:00:16 . Memory (MB): peak = 1667.301 ; gain = 83.285
startgroup
create_bd_cell -type ip -vlnv xilinx.com:ip:dfx_controller:1.0 dfx_controller_0
endgroup
set_property location {1 184 252} [get_bd_cells dfx_controller_0]
WARNING: [IP_Flow 19-4331] Invalid usage of property - Setting range_value property is not allowed in procedure init_gui
WARNING: [IP_Flow 19-4331] Invalid usage of property - Setting range_labels property is not allowed in procedure init_gui
WARNING: [IP_Flow 19-4331] Invalid usage of property - Setting enabled property is not allowed in procedure init_gui
WARNING: [IP_Flow 19-4331] Invalid usage of property - Setting enabled property is not allowed in procedure init_gui
WARNING: [IP_Flow 19-4331] Invalid usage of property - Setting enabled property is not allowed in procedure init_gui
WARNING: [IP_Flow 19-4331] Invalid usage of property - Setting enabled property is not allowed in procedure init_gui
WARNING: [IP_Flow 19-4331] Invalid usage of property - Setting enabled property is not allowed in procedure init_gui
WARNING: [IP_Flow 19-4331] Invalid usage of property - Setting enabled property is not allowed in procedure init_gui
WARNING: [IP_Flow 19-4331] Invalid usage of property - Setting enabled property is not allowed in procedure init_gui
WARNING: [IP_Flow 19-4331] Invalid usage of property - Setting enabled property is not allowed in procedure init_gui
WARNING: [IP_Flow 19-4331] Invalid usage of property - Setting enabled property is not allowed in procedure init_gui
WARNING: [IP_Flow 19-4331] Invalid usage of property - Setting enabled property is not allowed in procedure init_gui
WARNING: [IP_Flow 19-4331] Invalid usage of property - Setting enabled property is not allowed in procedure init_gui
WARNING: [IP_Flow 19-4331] Invalid usage of property - Setting enabled property is not allowed in procedure init_gui
WARNING: [IP_Flow 19-4331] Invalid usage of property - Setting enabled property is not allowed in procedure init_gui
WARNING: [IP_Flow 19-4331] Invalid usage of property - Setting enabled property is not allowed in procedure init_gui
WARNING: [IP_Flow 19-4331] Invalid usage of property - Setting enabled property is not allowed in procedure init_gui
WARNING: [IP_Flow 19-4331] Invalid usage of property - Setting enabled property is not allowed in procedure init_gui
WARNING: [IP_Flow 19-4331] Invalid usage of property - Setting enabled property is not allowed in procedure init_gui
WARNING: [IP_Flow 19-4331] Invalid usage of property - Setting enabled property is not allowed in procedure init_gui
WARNING: [IP_Flow 19-4331] Invalid usage of property - Setting enabled property is not allowed in procedure init_gui
WARNING: [IP_Flow 19-4331] Invalid usage of property - Setting enabled property is not allowed in procedure init_gui
WARNING: [IP_Flow 19-4331] Invalid usage of property - Setting enabled property is not allowed in procedure init_gui
WARNING: [IP_Flow 19-4331] Invalid usage of property - Setting enabled property is not allowed in procedure init_gui
WARNING: [IP_Flow 19-4331] Invalid usage of property - Setting enabled property is not allowed in procedure init_gui
WARNING: [IP_Flow 19-4331] Invalid usage of property - Setting enabled property is not allowed in procedure init_gui
WARNING: [IP_Flow 19-4331] Invalid usage of property - Setting enabled property is not allowed in procedure init_gui
WARNING: [IP_Flow 19-4331] Invalid usage of property - Setting range_value property is not allowed in procedure init_gui
WARNING: [IP_Flow 19-4331] Invalid usage of property - Setting range_labels property is not allowed in procedure init_gui
WARNING: [IP_Flow 19-4331] Invalid usage of property - Setting enabled property is not allowed in procedure init_gui
WARNING: [IP_Flow 19-4331] Invalid usage of property - Setting range_value property is not allowed in procedure init_gui
WARNING: [IP_Flow 19-4331] Invalid usage of property - Setting range_labels property is not allowed in procedure init_gui
WARNING: [IP_Flow 19-4331] Invalid usage of property - Setting enabled property is not allowed in procedure init_gui
WARNING: [IP_Flow 19-4331] Invalid usage of property - Setting range_value property is not allowed in procedure init_gui
WARNING: [IP_Flow 19-4331] Invalid usage of property - Setting range_labels property is not allowed in procedure init_gui
WARNING: [IP_Flow 19-4331] Invalid usage of property - Setting enabled property is not allowed in procedure init_gui
WARNING: [IP_Flow 19-4331] Invalid usage of property - Setting range_value property is not allowed in procedure init_gui
WARNING: [IP_Flow 19-4331] Invalid usage of property - Setting range_labels property is not allowed in procedure init_gui
WARNING: [IP_Flow 19-4331] Invalid usage of property - Setting enabled property is not allowed in procedure init_gui
WARNING: [IP_Flow 19-4331] Invalid usage of property - Setting range_value property is not allowed in procedure init_gui
WARNING: [IP_Flow 19-4331] Invalid usage of property - Setting range_labels property is not allowed in procedure init_gui
WARNING: [IP_Flow 19-4331] Invalid usage of property - Setting enabled property is not allowed in procedure init_gui
WARNING: [IP_Flow 19-4331] Invalid usage of property - Setting enabled property is not allowed in procedure init_gui
WARNING: [IP_Flow 19-4331] Invalid usage of property - Setting enabled property is not allowed in procedure init_gui
WARNING: [IP_Flow 19-4331] Invalid usage of property - Setting enabled property is not allowed in procedure init_gui
WARNING: [IP_Flow 19-4331] Invalid usage of property - Setting enabled property is not allowed in procedure init_gui
open_hw_manager
INFO: [Vivado 12-8231] Launching Vitis
INFO: [Vivado 12-417] Running vitis
INFO: [Vivado 12-8232] Vitis launch initiated. Please check console for any further messages.
open_bd_design {C:/VProject/Attempt_3_10-04-2024/LedCount/LedCount.srcs/sources_1/bd/design_1/design_1.bd}
WARNING: [IP_Flow 19-4331] Invalid usage of property - Setting range_value property is not allowed in procedure init_gui
WARNING: [IP_Flow 19-4331] Invalid usage of property - Setting range_labels property is not allowed in procedure init_gui
WARNING: [IP_Flow 19-4331] Invalid usage of property - Setting enabled property is not allowed in procedure init_gui
WARNING: [IP_Flow 19-4331] Invalid usage of property - Setting enabled property is not allowed in procedure init_gui
WARNING: [IP_Flow 19-4331] Invalid usage of property - Setting enabled property is not allowed in procedure init_gui
WARNING: [IP_Flow 19-4331] Invalid usage of property - Setting enabled property is not allowed in procedure init_gui
WARNING: [IP_Flow 19-4331] Invalid usage of property - Setting enabled property is not allowed in procedure init_gui
WARNING: [IP_Flow 19-4331] Invalid usage of property - Setting enabled property is not allowed in procedure init_gui
WARNING: [IP_Flow 19-4331] Invalid usage of property - Setting enabled property is not allowed in procedure init_gui
WARNING: [IP_Flow 19-4331] Invalid usage of property - Setting enabled property is not allowed in procedure init_gui
WARNING: [IP_Flow 19-4331] Invalid usage of property - Setting enabled property is not allowed in procedure init_gui
WARNING: [IP_Flow 19-4331] Invalid usage of property - Setting enabled property is not allowed in procedure init_gui
WARNING: [IP_Flow 19-4331] Invalid usage of property - Setting enabled property is not allowed in procedure init_gui
WARNING: [IP_Flow 19-4331] Invalid usage of property - Setting enabled property is not allowed in procedure init_gui
WARNING: [IP_Flow 19-4331] Invalid usage of property - Setting enabled property is not allowed in procedure init_gui
WARNING: [IP_Flow 19-4331] Invalid usage of property - Setting enabled property is not allowed in procedure init_gui
WARNING: [IP_Flow 19-4331] Invalid usage of property - Setting enabled property is not allowed in procedure init_gui
WARNING: [IP_Flow 19-4331] Invalid usage of property - Setting enabled property is not allowed in procedure init_gui
WARNING: [IP_Flow 19-4331] Invalid usage of property - Setting enabled property is not allowed in procedure init_gui
WARNING: [IP_Flow 19-4331] Invalid usage of property - Setting enabled property is not allowed in procedure init_gui
WARNING: [IP_Flow 19-4331] Invalid usage of property - Setting enabled property is not allowed in procedure init_gui
WARNING: [IP_Flow 19-4331] Invalid usage of property - Setting enabled property is not allowed in procedure init_gui
WARNING: [IP_Flow 19-4331] Invalid usage of property - Setting enabled property is not allowed in procedure init_gui
WARNING: [IP_Flow 19-4331] Invalid usage of property - Setting enabled property is not allowed in procedure init_gui
WARNING: [IP_Flow 19-4331] Invalid usage of property - Setting enabled property is not allowed in procedure init_gui
WARNING: [IP_Flow 19-4331] Invalid usage of property - Setting enabled property is not allowed in procedure init_gui
WARNING: [IP_Flow 19-4331] Invalid usage of property - Setting enabled property is not allowed in procedure init_gui
WARNING: [IP_Flow 19-4331] Invalid usage of property - Setting range_value property is not allowed in procedure init_gui
WARNING: [IP_Flow 19-4331] Invalid usage of property - Setting range_labels property is not allowed in procedure init_gui
WARNING: [IP_Flow 19-4331] Invalid usage of property - Setting enabled property is not allowed in procedure init_gui
WARNING: [IP_Flow 19-4331] Invalid usage of property - Setting range_value property is not allowed in procedure init_gui
WARNING: [IP_Flow 19-4331] Invalid usage of property - Setting range_labels property is not allowed in procedure init_gui
WARNING: [IP_Flow 19-4331] Invalid usage of property - Setting enabled property is not allowed in procedure init_gui
WARNING: [IP_Flow 19-4331] Invalid usage of property - Setting range_value property is not allowed in procedure init_gui
WARNING: [IP_Flow 19-4331] Invalid usage of property - Setting range_labels property is not allowed in procedure init_gui
WARNING: [IP_Flow 19-4331] Invalid usage of property - Setting enabled property is not allowed in procedure init_gui
WARNING: [IP_Flow 19-4331] Invalid usage of property - Setting range_value property is not allowed in procedure init_gui
WARNING: [IP_Flow 19-4331] Invalid usage of property - Setting range_labels property is not allowed in procedure init_gui
WARNING: [IP_Flow 19-4331] Invalid usage of property - Setting enabled property is not allowed in procedure init_gui
WARNING: [IP_Flow 19-4331] Invalid usage of property - Setting range_value property is not allowed in procedure init_gui
WARNING: [IP_Flow 19-4331] Invalid usage of property - Setting range_labels property is not allowed in procedure init_gui
WARNING: [IP_Flow 19-4331] Invalid usage of property - Setting enabled property is not allowed in procedure init_gui
WARNING: [IP_Flow 19-4331] Invalid usage of property - Setting enabled property is not allowed in procedure init_gui
WARNING: [IP_Flow 19-4331] Invalid usage of property - Setting enabled property is not allowed in procedure init_gui
WARNING: [IP_Flow 19-4331] Invalid usage of property - Setting enabled property is not allowed in procedure init_gui
WARNING: [IP_Flow 19-4331] Invalid usage of property - Setting enabled property is not allowed in procedure init_gui
WARNING: [IP_Flow 19-4331] Invalid usage of property - Setting range_value property is not allowed in procedure init_gui
WARNING: [IP_Flow 19-4331] Invalid usage of property - Setting range_labels property is not allowed in procedure init_gui
WARNING: [IP_Flow 19-4331] Invalid usage of property - Setting enabled property is not allowed in procedure init_gui
WARNING: [IP_Flow 19-4331] Invalid usage of property - Setting enabled property is not allowed in procedure init_gui
WARNING: [IP_Flow 19-4331] Invalid usage of property - Setting enabled property is not allowed in procedure init_gui
WARNING: [IP_Flow 19-4331] Invalid usage of property - Setting enabled property is not allowed in procedure init_gui
WARNING: [IP_Flow 19-4331] Invalid usage of property - Setting enabled property is not allowed in procedure init_gui
WARNING: [IP_Flow 19-4331] Invalid usage of property - Setting enabled property is not allowed in procedure init_gui
INFO: [Common 17-14] Message 'IP_Flow 19-4331' appears 100 times and further instances of the messages will be disabled. Use the Tcl command set_msg_config to change the current settings.
startgroup
create_bd_cell -type ip -vlnv xilinx.com:ip:axi_hbicap:1.0 axi_hbicap_0
endgroup
WARNING: [IP_Flow 19-4331] Invalid usage of property - Setting range_value property is not allowed in procedure init_gui
WARNING: [IP_Flow 19-4331] Invalid usage of property - Setting range_labels property is not allowed in procedure init_gui
WARNING: [IP_Flow 19-4331] Invalid usage of property - Setting enabled property is not allowed in procedure init_gui
WARNING: [IP_Flow 19-4331] Invalid usage of property - Setting enabled property is not allowed in procedure init_gui
WARNING: [IP_Flow 19-4331] Invalid usage of property - Setting enabled property is not allowed in procedure init_gui
WARNING: [IP_Flow 19-4331] Invalid usage of property - Setting enabled property is not allowed in procedure init_gui
WARNING: [IP_Flow 19-4331] Invalid usage of property - Setting enabled property is not allowed in procedure init_gui
WARNING: [IP_Flow 19-4331] Invalid usage of property - Setting enabled property is not allowed in procedure init_gui
WARNING: [IP_Flow 19-4331] Invalid usage of property - Setting enabled property is not allowed in procedure init_gui
WARNING: [IP_Flow 19-4331] Invalid usage of property - Setting enabled property is not allowed in procedure init_gui
WARNING: [IP_Flow 19-4331] Invalid usage of property - Setting enabled property is not allowed in procedure init_gui
WARNING: [IP_Flow 19-4331] Invalid usage of property - Setting enabled property is not allowed in procedure init_gui
WARNING: [IP_Flow 19-4331] Invalid usage of property - Setting enabled property is not allowed in procedure init_gui
WARNING: [IP_Flow 19-4331] Invalid usage of property - Setting enabled property is not allowed in procedure init_gui
WARNING: [IP_Flow 19-4331] Invalid usage of property - Setting enabled property is not allowed in procedure init_gui
WARNING: [IP_Flow 19-4331] Invalid usage of property - Setting enabled property is not allowed in procedure init_gui
WARNING: [IP_Flow 19-4331] Invalid usage of property - Setting enabled property is not allowed in procedure init_gui
WARNING: [IP_Flow 19-4331] Invalid usage of property - Setting enabled property is not allowed in procedure init_gui
WARNING: [IP_Flow 19-4331] Invalid usage of property - Setting enabled property is not allowed in procedure init_gui
WARNING: [IP_Flow 19-4331] Invalid usage of property - Setting enabled property is not allowed in procedure init_gui
WARNING: [IP_Flow 19-4331] Invalid usage of property - Setting enabled property is not allowed in procedure init_gui
WARNING: [IP_Flow 19-4331] Invalid usage of property - Setting enabled property is not allowed in procedure init_gui
WARNING: [IP_Flow 19-4331] Invalid usage of property - Setting enabled property is not allowed in procedure init_gui
WARNING: [IP_Flow 19-4331] Invalid usage of property - Setting enabled property is not allowed in procedure init_gui
WARNING: [IP_Flow 19-4331] Invalid usage of property - Setting enabled property is not allowed in procedure init_gui
WARNING: [IP_Flow 19-4331] Invalid usage of property - Setting enabled property is not allowed in procedure init_gui
WARNING: [IP_Flow 19-4331] Invalid usage of property - Setting enabled property is not allowed in procedure init_gui
WARNING: [IP_Flow 19-4331] Invalid usage of property - Setting range_value property is not allowed in procedure init_gui
WARNING: [IP_Flow 19-4331] Invalid usage of property - Setting range_labels property is not allowed in procedure init_gui
WARNING: [IP_Flow 19-4331] Invalid usage of property - Setting enabled property is not allowed in procedure init_gui
WARNING: [IP_Flow 19-4331] Invalid usage of property - Setting range_value property is not allowed in procedure init_gui
WARNING: [IP_Flow 19-4331] Invalid usage of property - Setting range_labels property is not allowed in procedure init_gui
WARNING: [IP_Flow 19-4331] Invalid usage of property - Setting enabled property is not allowed in procedure init_gui
WARNING: [IP_Flow 19-4331] Invalid usage of property - Setting range_value property is not allowed in procedure init_gui
WARNING: [IP_Flow 19-4331] Invalid usage of property - Setting range_labels property is not allowed in procedure init_gui
WARNING: [IP_Flow 19-4331] Invalid usage of property - Setting enabled property is not allowed in procedure init_gui
WARNING: [IP_Flow 19-4331] Invalid usage of property - Setting range_value property is not allowed in procedure init_gui
WARNING: [IP_Flow 19-4331] Invalid usage of property - Setting range_labels property is not allowed in procedure init_gui
WARNING: [IP_Flow 19-4331] Invalid usage of property - Setting enabled property is not allowed in procedure init_gui
WARNING: [IP_Flow 19-4331] Invalid usage of property - Setting range_value property is not allowed in procedure init_gui
WARNING: [IP_Flow 19-4331] Invalid usage of property - Setting range_labels property is not allowed in procedure init_gui
WARNING: [IP_Flow 19-4331] Invalid usage of property - Setting enabled property is not allowed in procedure init_gui
WARNING: [IP_Flow 19-4331] Invalid usage of property - Setting enabled property is not allowed in procedure init_gui
WARNING: [IP_Flow 19-4331] Invalid usage of property - Setting enabled property is not allowed in procedure init_gui
WARNING: [IP_Flow 19-4331] Invalid usage of property - Setting enabled property is not allowed in procedure init_gui
WARNING: [IP_Flow 19-4331] Invalid usage of property - Setting enabled property is not allowed in procedure init_gui
exit
INFO: [Common 17-206] Exiting Vivado at Tue Apr 16 23:47:51 2024...
