TRACE::2024-04-10.17:19:03::SCWPlatform::Trying to open the hw design at C:/VProject/Attempt_3_10-04-2024/LedCount/PR_Platform/hw/design_1_wrapper.xsa
TRACE::2024-04-10.17:19:03::SCWPlatform::DSA given C:/VProject/Attempt_3_10-04-2024/LedCount/PR_Platform/hw/design_1_wrapper.xsa
TRACE::2024-04-10.17:19:03::SCWPlatform::DSA absoulate path C:/VProject/Attempt_3_10-04-2024/LedCount/PR_Platform/hw/design_1_wrapper.xsa
TRACE::2024-04-10.17:19:03::SCWPlatform::DSA directory C:/VProject/Attempt_3_10-04-2024/LedCount/PR_Platform/hw
TRACE::2024-04-10.17:19:03::SCWPlatform:: Platform Path C:/VProject/Attempt_3_10-04-2024/LedCount/PR_Platform/hw/design_1_wrapper.xsa
TRACE::2024-04-10.17:19:03::SCWPlatform:: Unique name xilinx:nexys-a7-100t::0.0
TRACE::2024-04-10.17:19:03::SCWPlatform::Do not have an existing db opened. 
TRACE::2024-04-10.17:19:03::SCWPlatform::Opened new HwDB with name design_1_wrapper_0
TRACE::2024-04-10.17:19:03::SCWWriter::formatted JSON is {
	"platformName":	"PR_Platform",
	"sprVersion":	"2.0",
	"mode":	"gui",
	"dsaType":	"Fixed",
	"platformDesc":	"PR_Platform",
	"platHandOff":	"C:/Users/jasme/Desktop/BacheloreProject/DynamicFunctionExchange/New_Management/Attempt_3_10-04-2024/LedCount/design_1_wrapper.xsa",
	"platIntHandOff":	"<platformDir>/hw/design_1_wrapper.xsa",
	"deviceType":	"FPGA",
	"platIsPrebuiltAutogen":	"false",
	"platIsNoBootBsp":	"false",
	"hasFsblMakeHasChanges":	"false",
	"hasPmufwMakeHasChanges":	"false",
	"platPreBuiltFlag":	false,
	"platformSamplesDir":	""
}
TRACE::2024-04-10.17:19:03::SCWWriter::formatted JSON is {
	"platformName":	"PR_Platform",
	"sprVersion":	"2.0",
	"mode":	"gui",
	"dsaType":	"Fixed",
	"platformDesc":	"PR_Platform",
	"platHandOff":	"C:/Users/jasme/Desktop/BacheloreProject/DynamicFunctionExchange/New_Management/Attempt_3_10-04-2024/LedCount/design_1_wrapper.xsa",
	"platIntHandOff":	"<platformDir>/hw/design_1_wrapper.xsa",
	"deviceType":	"FPGA",
	"platIsPrebuiltAutogen":	"false",
	"platIsNoBootBsp":	"false",
	"hasFsblMakeHasChanges":	"false",
	"hasPmufwMakeHasChanges":	"false",
	"platPreBuiltFlag":	false,
	"platformSamplesDir":	"",
	"platActiveSys":	"PR_Platform",
	"systems":	[{
			"systemName":	"PR_Platform",
			"systemDesc":	"PR_Platform",
			"sysIsBootAutoGen":	"true",
			"systemDispName":	"PR_Platform"
		}]
}
TRACE::2024-04-10.17:19:03::SCWPlatform::Boot application domains not present, creating them
TRACE::2024-04-10.17:19:03::SCWPlatform::Pure FPGA device, no boot application will be created.
TRACE::2024-04-10.17:19:03::SCWWriter::formatted JSON is {
	"platformName":	"PR_Platform",
	"sprVersion":	"2.0",
	"mode":	"gui",
	"dsaType":	"Fixed",
	"platformDesc":	"PR_Platform",
	"platHandOff":	"C:/Users/jasme/Desktop/BacheloreProject/DynamicFunctionExchange/New_Management/Attempt_3_10-04-2024/LedCount/design_1_wrapper.xsa",
	"platIntHandOff":	"<platformDir>/hw/design_1_wrapper.xsa",
	"deviceType":	"FPGA",
	"platIsPrebuiltAutogen":	"false",
	"platIsNoBootBsp":	"false",
	"hasFsblMakeHasChanges":	"false",
	"hasPmufwMakeHasChanges":	"false",
	"platPreBuiltFlag":	false,
	"platformSamplesDir":	"",
	"platActiveSys":	"PR_Platform",
	"systems":	[{
			"systemName":	"PR_Platform",
			"systemDesc":	"PR_Platform",
			"sysIsBootAutoGen":	"true",
			"systemDispName":	"PR_Platform"
		}]
}
TRACE::2024-04-10.17:19:03::SCWPlatform::Trying to open the hw design at C:/VProject/Attempt_3_10-04-2024/LedCount/PR_Platform/hw/design_1_wrapper.xsa
TRACE::2024-04-10.17:19:03::SCWPlatform::DSA given C:/VProject/Attempt_3_10-04-2024/LedCount/PR_Platform/hw/design_1_wrapper.xsa
TRACE::2024-04-10.17:19:03::SCWPlatform::DSA absoulate path C:/VProject/Attempt_3_10-04-2024/LedCount/PR_Platform/hw/design_1_wrapper.xsa
TRACE::2024-04-10.17:19:03::SCWPlatform::DSA directory C:/VProject/Attempt_3_10-04-2024/LedCount/PR_Platform/hw
TRACE::2024-04-10.17:19:03::SCWPlatform:: Platform Path C:/VProject/Attempt_3_10-04-2024/LedCount/PR_Platform/hw/design_1_wrapper.xsa
TRACE::2024-04-10.17:19:03::SCWPlatform:: Unique name xilinx:nexys-a7-100t::0.0
TRACE::2024-04-10.17:19:03::SCWPlatform::Trying to set the existing hwdb with name design_1_wrapper_0
TRACE::2024-04-10.17:19:03::SCWPlatform::Opened existing hwdb design_1_wrapper_0
TRACE::2024-04-10.17:19:03::SCWPlatform::Found the Hw Db part of the input DSA
TRACE::2024-04-10.17:19:03::SCWPlatform::Trying to open the hw design at C:/VProject/Attempt_3_10-04-2024/LedCount/PR_Platform/hw/design_1_wrapper.xsa
TRACE::2024-04-10.17:19:03::SCWPlatform::DSA given C:/VProject/Attempt_3_10-04-2024/LedCount/PR_Platform/hw/design_1_wrapper.xsa
TRACE::2024-04-10.17:19:03::SCWPlatform::DSA absoulate path C:/VProject/Attempt_3_10-04-2024/LedCount/PR_Platform/hw/design_1_wrapper.xsa
TRACE::2024-04-10.17:19:03::SCWPlatform::DSA directory C:/VProject/Attempt_3_10-04-2024/LedCount/PR_Platform/hw
TRACE::2024-04-10.17:19:03::SCWPlatform:: Platform Path C:/VProject/Attempt_3_10-04-2024/LedCount/PR_Platform/hw/design_1_wrapper.xsa
TRACE::2024-04-10.17:19:03::SCWPlatform:: Unique name xilinx:nexys-a7-100t::0.0
TRACE::2024-04-10.17:19:03::SCWPlatform::Trying to set the existing hwdb with name design_1_wrapper_0
TRACE::2024-04-10.17:19:03::SCWPlatform::Opened existing hwdb design_1_wrapper_0
TRACE::2024-04-10.17:19:03::SCWPlatform::Found the Hw Db part of the input DSA
TRACE::2024-04-10.17:19:03::SCWPlatform::Trying to open the hw design at C:/VProject/Attempt_3_10-04-2024/LedCount/PR_Platform/hw/design_1_wrapper.xsa
TRACE::2024-04-10.17:19:03::SCWPlatform::DSA given C:/VProject/Attempt_3_10-04-2024/LedCount/PR_Platform/hw/design_1_wrapper.xsa
TRACE::2024-04-10.17:19:03::SCWPlatform::DSA absoulate path C:/VProject/Attempt_3_10-04-2024/LedCount/PR_Platform/hw/design_1_wrapper.xsa
TRACE::2024-04-10.17:19:03::SCWPlatform::DSA directory C:/VProject/Attempt_3_10-04-2024/LedCount/PR_Platform/hw
TRACE::2024-04-10.17:19:03::SCWPlatform:: Platform Path C:/VProject/Attempt_3_10-04-2024/LedCount/PR_Platform/hw/design_1_wrapper.xsa
TRACE::2024-04-10.17:19:03::SCWPlatform:: Unique name xilinx:nexys-a7-100t::0.0
TRACE::2024-04-10.17:19:03::SCWPlatform::Trying to set the existing hwdb with name design_1_wrapper_0
TRACE::2024-04-10.17:19:03::SCWPlatform::Opened existing hwdb design_1_wrapper_0
TRACE::2024-04-10.17:19:03::SCWPlatform::Found the Hw Db part of the input DSA
TRACE::2024-04-10.17:19:03::SCWDomain::checking for install qemu data   : 
TRACE::2024-04-10.17:19:03::SCWPlatform::Trying to open the hw design at C:/VProject/Attempt_3_10-04-2024/LedCount/PR_Platform/hw/design_1_wrapper.xsa
TRACE::2024-04-10.17:19:03::SCWPlatform::DSA given C:/VProject/Attempt_3_10-04-2024/LedCount/PR_Platform/hw/design_1_wrapper.xsa
TRACE::2024-04-10.17:19:03::SCWPlatform::DSA absoulate path C:/VProject/Attempt_3_10-04-2024/LedCount/PR_Platform/hw/design_1_wrapper.xsa
TRACE::2024-04-10.17:19:03::SCWPlatform::DSA directory C:/VProject/Attempt_3_10-04-2024/LedCount/PR_Platform/hw
TRACE::2024-04-10.17:19:03::SCWPlatform:: Platform Path C:/VProject/Attempt_3_10-04-2024/LedCount/PR_Platform/hw/design_1_wrapper.xsa
TRACE::2024-04-10.17:19:03::SCWPlatform:: Unique name xilinx:nexys-a7-100t::0.0
TRACE::2024-04-10.17:19:03::SCWPlatform::Trying to set the existing hwdb with name design_1_wrapper_0
TRACE::2024-04-10.17:19:03::SCWPlatform::Opened existing hwdb design_1_wrapper_0
TRACE::2024-04-10.17:19:03::SCWPlatform::Found the Hw Db part of the input DSA
TRACE::2024-04-10.17:19:03::SCWPlatform::Trying to open the hw design at C:/VProject/Attempt_3_10-04-2024/LedCount/PR_Platform/hw/design_1_wrapper.xsa
TRACE::2024-04-10.17:19:03::SCWPlatform::DSA given C:/VProject/Attempt_3_10-04-2024/LedCount/PR_Platform/hw/design_1_wrapper.xsa
TRACE::2024-04-10.17:19:03::SCWPlatform::DSA absoulate path C:/VProject/Attempt_3_10-04-2024/LedCount/PR_Platform/hw/design_1_wrapper.xsa
TRACE::2024-04-10.17:19:03::SCWPlatform::DSA directory C:/VProject/Attempt_3_10-04-2024/LedCount/PR_Platform/hw
TRACE::2024-04-10.17:19:03::SCWPlatform:: Platform Path C:/VProject/Attempt_3_10-04-2024/LedCount/PR_Platform/hw/design_1_wrapper.xsa
TRACE::2024-04-10.17:19:03::SCWPlatform:: Unique name xilinx:nexys-a7-100t::0.0
TRACE::2024-04-10.17:19:03::SCWPlatform::Trying to set the existing hwdb with name design_1_wrapper_0
TRACE::2024-04-10.17:19:03::SCWPlatform::Opened existing hwdb design_1_wrapper_0
TRACE::2024-04-10.17:19:03::SCWPlatform::Found the Hw Db part of the input DSA
TRACE::2024-04-10.17:19:03::SCWPlatform::Trying to open the hw design at C:/VProject/Attempt_3_10-04-2024/LedCount/PR_Platform/hw/design_1_wrapper.xsa
TRACE::2024-04-10.17:19:03::SCWPlatform::DSA given C:/VProject/Attempt_3_10-04-2024/LedCount/PR_Platform/hw/design_1_wrapper.xsa
TRACE::2024-04-10.17:19:03::SCWPlatform::DSA absoulate path C:/VProject/Attempt_3_10-04-2024/LedCount/PR_Platform/hw/design_1_wrapper.xsa
TRACE::2024-04-10.17:19:03::SCWPlatform::DSA directory C:/VProject/Attempt_3_10-04-2024/LedCount/PR_Platform/hw
TRACE::2024-04-10.17:19:03::SCWPlatform:: Platform Path C:/VProject/Attempt_3_10-04-2024/LedCount/PR_Platform/hw/design_1_wrapper.xsa
TRACE::2024-04-10.17:19:03::SCWPlatform:: Unique name xilinx:nexys-a7-100t::0.0
TRACE::2024-04-10.17:19:03::SCWPlatform::Trying to set the existing hwdb with name design_1_wrapper_0
TRACE::2024-04-10.17:19:03::SCWPlatform::Opened existing hwdb design_1_wrapper_0
TRACE::2024-04-10.17:19:03::SCWPlatform::Found the Hw Db part of the input DSA
TRACE::2024-04-10.17:19:03::SCWMssOS::Checking the sw design at  C:/VProject/Attempt_3_10-04-2024/LedCount/PR_Platform/microblaze_0/standalone_domain/bsp/system.mss
TRACE::2024-04-10.17:19:03::SCWMssOS::DEBUG:  swdes dump  
TRACE::2024-04-10.17:19:03::SCWMssOS::No sw design opened at  C:/VProject/Attempt_3_10-04-2024/LedCount/PR_Platform/microblaze_0/standalone_domain/bsp/system.mss
TRACE::2024-04-10.17:19:03::SCWMssOS::mss does not exists at C:/VProject/Attempt_3_10-04-2024/LedCount/PR_Platform/microblaze_0/standalone_domain/bsp/system.mss
TRACE::2024-04-10.17:19:03::SCWMssOS::Creating sw design at  C:/VProject/Attempt_3_10-04-2024/LedCount/PR_Platform/microblaze_0/standalone_domain/bsp/system.mss
TRACE::2024-04-10.17:19:03::SCWMssOS::Adding the swdes entry, created swdb C:/VProject/Attempt_3_10-04-2024/LedCount/PR_Platform/microblaze_0/standalone_domain/bsp/system.mss with des name C:/VProject/Attempt_3_10-04-2024/LedCount/PR_Platform/microblaze_0/standalone_domain/bsp/system.mss
TRACE::2024-04-10.17:19:03::SCWMssOS::updating the scw layer changes to swdes at   C:/VProject/Attempt_3_10-04-2024/LedCount/PR_Platform/microblaze_0/standalone_domain/bsp/system.mss
TRACE::2024-04-10.17:19:03::SCWMssOS::Writing mss at C:/VProject/Attempt_3_10-04-2024/LedCount/PR_Platform/microblaze_0/standalone_domain/bsp/system.mss
TRACE::2024-04-10.17:19:03::SCWMssOS::Completed writing the mss file at C:/VProject/Attempt_3_10-04-2024/LedCount/PR_Platform/microblaze_0/standalone_domain/bsp
TRACE::2024-04-10.17:19:03::SCWMssOS::Picking up changes from newly written mss file into SCW Layer. 
TRACE::2024-04-10.17:19:03::SCWMssOS::Updated the changes from newly written mss file into SCW Layer. 
TRACE::2024-04-10.17:19:03::SCWMssOS::Completed writing the mss file at C:/VProject/Attempt_3_10-04-2024/LedCount/PR_Platform/microblaze_0/standalone_domain/bsp
TRACE::2024-04-10.17:19:03::SCWMssOS::Forcing BSP Sources regeneration.
TRACE::2024-04-10.17:19:16::SCWMssOS::Saving the mss changes C:/VProject/Attempt_3_10-04-2024/LedCount/PR_Platform/microblaze_0/standalone_domain/bsp/system.mss
TRACE::2024-04-10.17:19:16::SCWMssOS::Adding the swdes entry, mss present, able to open swdb C:/VProject/Attempt_3_10-04-2024/LedCount/PR_Platform/microblaze_0/standalone_domain/bsp/system.mss with des name system
TRACE::2024-04-10.17:19:16::SCWMssOS::Writing the mss file completed C:/VProject/Attempt_3_10-04-2024/LedCount/PR_Platform/microblaze_0/standalone_domain/bsp/system.mss
TRACE::2024-04-10.17:19:16::SCWMssOS::Commit changes completed.
TRACE::2024-04-10.17:19:16::SCWPlatform::Trying to open the hw design at C:/VProject/Attempt_3_10-04-2024/LedCount/PR_Platform/hw/design_1_wrapper.xsa
TRACE::2024-04-10.17:19:16::SCWPlatform::DSA given C:/VProject/Attempt_3_10-04-2024/LedCount/PR_Platform/hw/design_1_wrapper.xsa
TRACE::2024-04-10.17:19:16::SCWPlatform::DSA absoulate path C:/VProject/Attempt_3_10-04-2024/LedCount/PR_Platform/hw/design_1_wrapper.xsa
TRACE::2024-04-10.17:19:16::SCWPlatform::DSA directory C:/VProject/Attempt_3_10-04-2024/LedCount/PR_Platform/hw
TRACE::2024-04-10.17:19:16::SCWPlatform:: Platform Path C:/VProject/Attempt_3_10-04-2024/LedCount/PR_Platform/hw/design_1_wrapper.xsa
TRACE::2024-04-10.17:19:16::SCWPlatform:: Unique name xilinx:nexys-a7-100t::0.0
TRACE::2024-04-10.17:19:16::SCWPlatform::Trying to set the existing hwdb with name design_1_wrapper_0
TRACE::2024-04-10.17:19:16::SCWPlatform::Opened existing hwdb design_1_wrapper_0
TRACE::2024-04-10.17:19:16::SCWPlatform::Found the Hw Db part of the input DSA
TRACE::2024-04-10.17:19:16::SCWMssOS::Checking the sw design at  C:/VProject/Attempt_3_10-04-2024/LedCount/PR_Platform/microblaze_0/standalone_domain/bsp/system.mss
TRACE::2024-04-10.17:19:16::SCWMssOS::DEBUG:  swdes dump  C:/VProject/Attempt_3_10-04-2024/LedCount/PR_Platform/microblaze_0/standalone_domain/bsp/system.mss|system||

TRACE::2024-04-10.17:19:16::SCWMssOS::Sw design exists and opened at  C:/VProject/Attempt_3_10-04-2024/LedCount/PR_Platform/microblaze_0/standalone_domain/bsp/system.mss
TRACE::2024-04-10.17:19:16::SCWPlatform::Trying to open the hw design at C:/VProject/Attempt_3_10-04-2024/LedCount/PR_Platform/hw/design_1_wrapper.xsa
TRACE::2024-04-10.17:19:16::SCWPlatform::DSA given C:/VProject/Attempt_3_10-04-2024/LedCount/PR_Platform/hw/design_1_wrapper.xsa
TRACE::2024-04-10.17:19:16::SCWPlatform::DSA absoulate path C:/VProject/Attempt_3_10-04-2024/LedCount/PR_Platform/hw/design_1_wrapper.xsa
TRACE::2024-04-10.17:19:16::SCWPlatform::DSA directory C:/VProject/Attempt_3_10-04-2024/LedCount/PR_Platform/hw
TRACE::2024-04-10.17:19:16::SCWPlatform:: Platform Path C:/VProject/Attempt_3_10-04-2024/LedCount/PR_Platform/hw/design_1_wrapper.xsa
TRACE::2024-04-10.17:19:16::SCWPlatform:: Unique name xilinx:nexys-a7-100t::0.0
TRACE::2024-04-10.17:19:16::SCWPlatform::Trying to set the existing hwdb with name design_1_wrapper_0
TRACE::2024-04-10.17:19:16::SCWPlatform::Opened existing hwdb design_1_wrapper_0
TRACE::2024-04-10.17:19:16::SCWPlatform::Found the Hw Db part of the input DSA
TRACE::2024-04-10.17:19:16::SCWMssOS::Checking the sw design at  C:/VProject/Attempt_3_10-04-2024/LedCount/PR_Platform/microblaze_0/standalone_domain/bsp/system.mss
TRACE::2024-04-10.17:19:16::SCWMssOS::DEBUG:  swdes dump  C:/VProject/Attempt_3_10-04-2024/LedCount/PR_Platform/microblaze_0/standalone_domain/bsp/system.mss|system||

TRACE::2024-04-10.17:19:16::SCWMssOS::Sw design exists and opened at  C:/VProject/Attempt_3_10-04-2024/LedCount/PR_Platform/microblaze_0/standalone_domain/bsp/system.mss
TRACE::2024-04-10.17:19:16::SCWPlatform::Trying to open the hw design at C:/VProject/Attempt_3_10-04-2024/LedCount/PR_Platform/hw/design_1_wrapper.xsa
TRACE::2024-04-10.17:19:16::SCWPlatform::DSA given C:/VProject/Attempt_3_10-04-2024/LedCount/PR_Platform/hw/design_1_wrapper.xsa
TRACE::2024-04-10.17:19:16::SCWPlatform::DSA absoulate path C:/VProject/Attempt_3_10-04-2024/LedCount/PR_Platform/hw/design_1_wrapper.xsa
TRACE::2024-04-10.17:19:16::SCWPlatform::DSA directory C:/VProject/Attempt_3_10-04-2024/LedCount/PR_Platform/hw
TRACE::2024-04-10.17:19:16::SCWPlatform:: Platform Path C:/VProject/Attempt_3_10-04-2024/LedCount/PR_Platform/hw/design_1_wrapper.xsa
TRACE::2024-04-10.17:19:16::SCWPlatform:: Unique name xilinx:nexys-a7-100t::0.0
TRACE::2024-04-10.17:19:16::SCWPlatform::Trying to set the existing hwdb with name design_1_wrapper_0
TRACE::2024-04-10.17:19:16::SCWPlatform::Opened existing hwdb design_1_wrapper_0
TRACE::2024-04-10.17:19:16::SCWPlatform::Found the Hw Db part of the input DSA
TRACE::2024-04-10.17:19:16::SCWMssOS::Checking the sw design at  C:/VProject/Attempt_3_10-04-2024/LedCount/PR_Platform/microblaze_0/standalone_domain/bsp/system.mss
TRACE::2024-04-10.17:19:16::SCWMssOS::DEBUG:  swdes dump  C:/VProject/Attempt_3_10-04-2024/LedCount/PR_Platform/microblaze_0/standalone_domain/bsp/system.mss|system||

TRACE::2024-04-10.17:19:16::SCWMssOS::Sw design exists and opened at  C:/VProject/Attempt_3_10-04-2024/LedCount/PR_Platform/microblaze_0/standalone_domain/bsp/system.mss
TRACE::2024-04-10.17:19:16::SCWWriter::formatted JSON is {
	"platformName":	"PR_Platform",
	"sprVersion":	"2.0",
	"mode":	"gui",
	"dsaType":	"Fixed",
	"platformDesc":	"PR_Platform",
	"platHandOff":	"C:/Users/jasme/Desktop/BacheloreProject/DynamicFunctionExchange/New_Management/Attempt_3_10-04-2024/LedCount/design_1_wrapper.xsa",
	"platIntHandOff":	"<platformDir>/hw/design_1_wrapper.xsa",
	"deviceType":	"FPGA",
	"platIsPrebuiltAutogen":	"false",
	"platIsNoBootBsp":	"false",
	"hasFsblMakeHasChanges":	"false",
	"hasPmufwMakeHasChanges":	"false",
	"platPreBuiltFlag":	false,
	"platformSamplesDir":	"",
	"platActiveSys":	"PR_Platform",
	"systems":	[{
			"systemName":	"PR_Platform",
			"systemDesc":	"PR_Platform",
			"sysIsBootAutoGen":	"true",
			"systemDispName":	"PR_Platform",
			"sysActiveDom":	"standalone_domain",
			"sysDefaultDom":	"standalone_domain",
			"domains":	[{
					"domainName":	"standalone_domain",
					"domainDispName":	"standalone_domain",
					"domainDesc":	"standalone_domain",
					"processors":	"microblaze_0",
					"os":	"standalone",
					"sdxOs":	"standalone",
					"debugEnable":	"False",
					"domRuntimes":	["cpp"],
					"swRepo":	"",
					"mssOsVer":	"8.1",
					"mssFile":	"",
					"md5Digest":	"6b03bc7e69e2a5f02236b2339ae51ec9",
					"compatibleApp":	"",
					"domType":	"mssDomain",
					"arch":	"32-bit",
					"appSettings":	{
						"appCompilerFlags":	"",
						"appLinkerFlags":	""
					},
					"addedLibs":	[],
					"libOptions":	{
						"libsContainingOptions":	[]
					},
					"prebuiltLibs":	{
						"prebuiltIncPath":	[],
						"prebuiltLibPath":	[]
					},
					"isolation":	{
					}
				}]
		}]
}
LOG::2024-04-10.17:19:16::SCWPlatform::Started generating the artifacts platform PR_Platform
TRACE::2024-04-10.17:19:16::SCWPlatform::Sanity checking of platform is completed
LOG::2024-04-10.17:19:16::SCWPlatform::Started generating the artifacts for system configuration PR_Platform
LOG::2024-04-10.17:19:16::SCWSystem::Checking the domain standalone_domain
LOG::2024-04-10.17:19:16::SCWSystem::Not a boot domain 
LOG::2024-04-10.17:19:16::SCWSystem::Started Processing the domain standalone_domain
TRACE::2024-04-10.17:19:16::SCWDomain::Generating domain artifcats
TRACE::2024-04-10.17:19:16::SCWMssOS::Generating standalone artifcats
TRACE::2024-04-10.17:19:16::SCWMssOS:: Copying the user libraries. 
TRACE::2024-04-10.17:19:16::SCWPlatform::Trying to open the hw design at C:/VProject/Attempt_3_10-04-2024/LedCount/PR_Platform/hw/design_1_wrapper.xsa
TRACE::2024-04-10.17:19:16::SCWPlatform::DSA given C:/VProject/Attempt_3_10-04-2024/LedCount/PR_Platform/hw/design_1_wrapper.xsa
TRACE::2024-04-10.17:19:16::SCWPlatform::DSA absoulate path C:/VProject/Attempt_3_10-04-2024/LedCount/PR_Platform/hw/design_1_wrapper.xsa
TRACE::2024-04-10.17:19:16::SCWPlatform::DSA directory C:/VProject/Attempt_3_10-04-2024/LedCount/PR_Platform/hw
TRACE::2024-04-10.17:19:16::SCWPlatform:: Platform Path C:/VProject/Attempt_3_10-04-2024/LedCount/PR_Platform/hw/design_1_wrapper.xsa
TRACE::2024-04-10.17:19:16::SCWPlatform:: Unique name xilinx:nexys-a7-100t::0.0
TRACE::2024-04-10.17:19:16::SCWPlatform::Trying to set the existing hwdb with name design_1_wrapper_0
TRACE::2024-04-10.17:19:16::SCWPlatform::Opened existing hwdb design_1_wrapper_0
TRACE::2024-04-10.17:19:16::SCWPlatform::Found the Hw Db part of the input DSA
TRACE::2024-04-10.17:19:16::SCWMssOS::Checking the sw design at  C:/VProject/Attempt_3_10-04-2024/LedCount/PR_Platform/microblaze_0/standalone_domain/bsp/system.mss
TRACE::2024-04-10.17:19:16::SCWMssOS::DEBUG:  swdes dump  C:/VProject/Attempt_3_10-04-2024/LedCount/PR_Platform/microblaze_0/standalone_domain/bsp/system.mss|system||

TRACE::2024-04-10.17:19:16::SCWMssOS::Sw design exists and opened at  C:/VProject/Attempt_3_10-04-2024/LedCount/PR_Platform/microblaze_0/standalone_domain/bsp/system.mss
TRACE::2024-04-10.17:19:16::SCWMssOS::Completed writing the mss file at C:/VProject/Attempt_3_10-04-2024/LedCount/PR_Platform/microblaze_0/standalone_domain/bsp
TRACE::2024-04-10.17:19:16::SCWMssOS::Mss edits present, copying mssfile into export location C:/VProject/Attempt_3_10-04-2024/LedCount/PR_Platform/microblaze_0/standalone_domain/bsp/system.mss
TRACE::2024-04-10.17:19:16::SCWMssOS::bsp generated is upto date with the mss file. Skipping bsp generation.
TRACE::2024-04-10.17:19:16::SCWMssOS::BSP is already built. skipping the bsp build ... 
TRACE::2024-04-10.17:19:16::SCWDomain::Skipping the build for domain :  standalone_domain
TRACE::2024-04-10.17:19:16::SCWMssOS::skipping the bsp build ... 
TRACE::2024-04-10.17:19:16::SCWMssOS::Copying to export directory.
TRACE::2024-04-10.17:19:16::SCWMssOS:: Checking if to create the Supporting Applications
TRACE::2024-04-10.17:19:16::SCWMssOS:: No Linux domain exists, trying to generate FSBL 
LOG::2024-04-10.17:19:16::SCWSystem::Completed Processing the domain standalone_domain
LOG::2024-04-10.17:19:16::SCWSystem::Completed Processing the sysconfig PR_Platform
LOG::2024-04-10.17:19:16::SCWPlatform::Completed generating the artifacts for system configuration PR_Platform
TRACE::2024-04-10.17:19:16::SCWPlatform::Started preparing the platform 
TRACE::2024-04-10.17:19:16::SCWSystem::Writing the bif file for system config PR_Platform
TRACE::2024-04-10.17:19:16::SCWSystem::dir created 
TRACE::2024-04-10.17:19:16::SCWSystem::Writing the bif 
TRACE::2024-04-10.17:19:16::SCWPlatform::Started writing the spfm file 
TRACE::2024-04-10.17:19:16::SCWPlatform::Started writing the xpfm file 
TRACE::2024-04-10.17:19:16::SCWPlatform::Completed generating the platform
TRACE::2024-04-10.17:19:16::SCWMssOS::Saving the mss changes C:/VProject/Attempt_3_10-04-2024/LedCount/PR_Platform/microblaze_0/standalone_domain/bsp/system.mss
TRACE::2024-04-10.17:19:16::SCWMssOS::Found a swdesign opened with the mssfile.
TRACE::2024-04-10.17:19:16::SCWMssOS::Completed writemss as part of save.
TRACE::2024-04-10.17:19:16::SCWMssOS::Commit changes completed.
TRACE::2024-04-10.17:19:16::SCWPlatform::Trying to open the hw design at C:/VProject/Attempt_3_10-04-2024/LedCount/PR_Platform/hw/design_1_wrapper.xsa
TRACE::2024-04-10.17:19:16::SCWPlatform::DSA given C:/VProject/Attempt_3_10-04-2024/LedCount/PR_Platform/hw/design_1_wrapper.xsa
TRACE::2024-04-10.17:19:16::SCWPlatform::DSA absoulate path C:/VProject/Attempt_3_10-04-2024/LedCount/PR_Platform/hw/design_1_wrapper.xsa
TRACE::2024-04-10.17:19:16::SCWPlatform::DSA directory C:/VProject/Attempt_3_10-04-2024/LedCount/PR_Platform/hw
TRACE::2024-04-10.17:19:16::SCWPlatform:: Platform Path C:/VProject/Attempt_3_10-04-2024/LedCount/PR_Platform/hw/design_1_wrapper.xsa
TRACE::2024-04-10.17:19:16::SCWPlatform:: Unique name xilinx:nexys-a7-100t::0.0
TRACE::2024-04-10.17:19:16::SCWPlatform::Trying to set the existing hwdb with name design_1_wrapper_0
TRACE::2024-04-10.17:19:16::SCWPlatform::Opened existing hwdb design_1_wrapper_0
TRACE::2024-04-10.17:19:16::SCWPlatform::Found the Hw Db part of the input DSA
TRACE::2024-04-10.17:19:16::SCWMssOS::Checking the sw design at  C:/VProject/Attempt_3_10-04-2024/LedCount/PR_Platform/microblaze_0/standalone_domain/bsp/system.mss
TRACE::2024-04-10.17:19:16::SCWMssOS::DEBUG:  swdes dump  C:/VProject/Attempt_3_10-04-2024/LedCount/PR_Platform/microblaze_0/standalone_domain/bsp/system.mss|system||

TRACE::2024-04-10.17:19:16::SCWMssOS::Sw design exists and opened at  C:/VProject/Attempt_3_10-04-2024/LedCount/PR_Platform/microblaze_0/standalone_domain/bsp/system.mss
TRACE::2024-04-10.17:19:16::SCWPlatform::Trying to open the hw design at C:/VProject/Attempt_3_10-04-2024/LedCount/PR_Platform/hw/design_1_wrapper.xsa
TRACE::2024-04-10.17:19:16::SCWPlatform::DSA given C:/VProject/Attempt_3_10-04-2024/LedCount/PR_Platform/hw/design_1_wrapper.xsa
TRACE::2024-04-10.17:19:16::SCWPlatform::DSA absoulate path C:/VProject/Attempt_3_10-04-2024/LedCount/PR_Platform/hw/design_1_wrapper.xsa
TRACE::2024-04-10.17:19:16::SCWPlatform::DSA directory C:/VProject/Attempt_3_10-04-2024/LedCount/PR_Platform/hw
TRACE::2024-04-10.17:19:16::SCWPlatform:: Platform Path C:/VProject/Attempt_3_10-04-2024/LedCount/PR_Platform/hw/design_1_wrapper.xsa
TRACE::2024-04-10.17:19:16::SCWPlatform:: Unique name xilinx:nexys-a7-100t::0.0
TRACE::2024-04-10.17:19:16::SCWPlatform::Trying to set the existing hwdb with name design_1_wrapper_0
TRACE::2024-04-10.17:19:16::SCWPlatform::Opened existing hwdb design_1_wrapper_0
TRACE::2024-04-10.17:19:16::SCWPlatform::Found the Hw Db part of the input DSA
TRACE::2024-04-10.17:19:16::SCWMssOS::Checking the sw design at  C:/VProject/Attempt_3_10-04-2024/LedCount/PR_Platform/microblaze_0/standalone_domain/bsp/system.mss
TRACE::2024-04-10.17:19:16::SCWMssOS::DEBUG:  swdes dump  C:/VProject/Attempt_3_10-04-2024/LedCount/PR_Platform/microblaze_0/standalone_domain/bsp/system.mss|system||

TRACE::2024-04-10.17:19:16::SCWMssOS::Sw design exists and opened at  C:/VProject/Attempt_3_10-04-2024/LedCount/PR_Platform/microblaze_0/standalone_domain/bsp/system.mss
TRACE::2024-04-10.17:19:16::SCWPlatform::Trying to open the hw design at C:/VProject/Attempt_3_10-04-2024/LedCount/PR_Platform/hw/design_1_wrapper.xsa
TRACE::2024-04-10.17:19:16::SCWPlatform::DSA given C:/VProject/Attempt_3_10-04-2024/LedCount/PR_Platform/hw/design_1_wrapper.xsa
TRACE::2024-04-10.17:19:16::SCWPlatform::DSA absoulate path C:/VProject/Attempt_3_10-04-2024/LedCount/PR_Platform/hw/design_1_wrapper.xsa
TRACE::2024-04-10.17:19:16::SCWPlatform::DSA directory C:/VProject/Attempt_3_10-04-2024/LedCount/PR_Platform/hw
TRACE::2024-04-10.17:19:16::SCWPlatform:: Platform Path C:/VProject/Attempt_3_10-04-2024/LedCount/PR_Platform/hw/design_1_wrapper.xsa
TRACE::2024-04-10.17:19:16::SCWPlatform:: Unique name xilinx:nexys-a7-100t::0.0
TRACE::2024-04-10.17:19:16::SCWPlatform::Trying to set the existing hwdb with name design_1_wrapper_0
TRACE::2024-04-10.17:19:16::SCWPlatform::Opened existing hwdb design_1_wrapper_0
TRACE::2024-04-10.17:19:16::SCWPlatform::Found the Hw Db part of the input DSA
TRACE::2024-04-10.17:19:16::SCWMssOS::Checking the sw design at  C:/VProject/Attempt_3_10-04-2024/LedCount/PR_Platform/microblaze_0/standalone_domain/bsp/system.mss
TRACE::2024-04-10.17:19:16::SCWMssOS::DEBUG:  swdes dump  C:/VProject/Attempt_3_10-04-2024/LedCount/PR_Platform/microblaze_0/standalone_domain/bsp/system.mss|system||

TRACE::2024-04-10.17:19:16::SCWMssOS::Sw design exists and opened at  C:/VProject/Attempt_3_10-04-2024/LedCount/PR_Platform/microblaze_0/standalone_domain/bsp/system.mss
TRACE::2024-04-10.17:19:16::SCWWriter::formatted JSON is {
	"platformName":	"PR_Platform",
	"sprVersion":	"2.0",
	"mode":	"gui",
	"dsaType":	"Fixed",
	"platformDesc":	"PR_Platform",
	"platHandOff":	"C:/Users/jasme/Desktop/BacheloreProject/DynamicFunctionExchange/New_Management/Attempt_3_10-04-2024/LedCount/design_1_wrapper.xsa",
	"platIntHandOff":	"<platformDir>/hw/design_1_wrapper.xsa",
	"deviceType":	"FPGA",
	"platIsPrebuiltAutogen":	"false",
	"platIsNoBootBsp":	"false",
	"hasFsblMakeHasChanges":	"false",
	"hasPmufwMakeHasChanges":	"false",
	"platPreBuiltFlag":	false,
	"platformSamplesDir":	"",
	"platActiveSys":	"PR_Platform",
	"systems":	[{
			"systemName":	"PR_Platform",
			"systemDesc":	"PR_Platform",
			"sysIsBootAutoGen":	"true",
			"systemDispName":	"PR_Platform",
			"sysActiveDom":	"standalone_domain",
			"sysDefaultDom":	"standalone_domain",
			"domains":	[{
					"domainName":	"standalone_domain",
					"domainDispName":	"standalone_domain",
					"domainDesc":	"standalone_domain",
					"processors":	"microblaze_0",
					"os":	"standalone",
					"sdxOs":	"standalone",
					"debugEnable":	"False",
					"domRuntimes":	["cpp"],
					"swRepo":	"",
					"mssOsVer":	"8.1",
					"mssFile":	"",
					"md5Digest":	"6b03bc7e69e2a5f02236b2339ae51ec9",
					"compatibleApp":	"",
					"domType":	"mssDomain",
					"arch":	"32-bit",
					"appSettings":	{
						"appCompilerFlags":	"",
						"appLinkerFlags":	""
					},
					"addedLibs":	[],
					"libOptions":	{
						"libsContainingOptions":	[]
					},
					"prebuiltLibs":	{
						"prebuiltIncPath":	[],
						"prebuiltLibPath":	[]
					},
					"isolation":	{
					}
				}]
		}]
}
KEYINFO::2024-04-10.17:19:16::SCWPlatform::updated the xpfm file.
TRACE::2024-04-10.17:19:17::SCWPlatform::Trying to open the hw design at C:/VProject/Attempt_3_10-04-2024/LedCount/PR_Platform/hw/design_1_wrapper.xsa
TRACE::2024-04-10.17:19:17::SCWPlatform::DSA given C:/VProject/Attempt_3_10-04-2024/LedCount/PR_Platform/hw/design_1_wrapper.xsa
TRACE::2024-04-10.17:19:17::SCWPlatform::DSA absoulate path C:/VProject/Attempt_3_10-04-2024/LedCount/PR_Platform/hw/design_1_wrapper.xsa
TRACE::2024-04-10.17:19:17::SCWPlatform::DSA directory C:/VProject/Attempt_3_10-04-2024/LedCount/PR_Platform/hw
TRACE::2024-04-10.17:19:17::SCWPlatform:: Platform Path C:/VProject/Attempt_3_10-04-2024/LedCount/PR_Platform/hw/design_1_wrapper.xsa
TRACE::2024-04-10.17:19:17::SCWPlatform:: Unique name xilinx:nexys-a7-100t::0.0
TRACE::2024-04-10.17:19:17::SCWPlatform::Trying to set the existing hwdb with name design_1_wrapper_0
TRACE::2024-04-10.17:19:17::SCWPlatform::Opened existing hwdb design_1_wrapper_0
TRACE::2024-04-10.17:19:17::SCWPlatform::Found the Hw Db part of the input DSA
TRACE::2024-04-10.17:19:17::SCWMssOS::Checking the sw design at  C:/VProject/Attempt_3_10-04-2024/LedCount/PR_Platform/microblaze_0/standalone_domain/bsp/system.mss
TRACE::2024-04-10.17:19:17::SCWMssOS::DEBUG:  swdes dump  C:/VProject/Attempt_3_10-04-2024/LedCount/PR_Platform/microblaze_0/standalone_domain/bsp/system.mss|system||

TRACE::2024-04-10.17:19:17::SCWMssOS::Sw design exists and opened at  C:/VProject/Attempt_3_10-04-2024/LedCount/PR_Platform/microblaze_0/standalone_domain/bsp/system.mss
TRACE::2024-04-10.17:19:17::SCWMssOS::Saving the mss changes C:/VProject/Attempt_3_10-04-2024/LedCount/PR_Platform/microblaze_0/standalone_domain/bsp/system.mss
TRACE::2024-04-10.17:19:17::SCWMssOS::Found a swdesign opened with the mssfile.
TRACE::2024-04-10.17:19:17::SCWMssOS::Completed writemss as part of save.
TRACE::2024-04-10.17:19:17::SCWMssOS::Commit changes completed.
TRACE::2024-04-10.17:19:17::SCWPlatform::Trying to open the hw design at C:/VProject/Attempt_3_10-04-2024/LedCount/PR_Platform/hw/design_1_wrapper.xsa
TRACE::2024-04-10.17:19:17::SCWPlatform::DSA given C:/VProject/Attempt_3_10-04-2024/LedCount/PR_Platform/hw/design_1_wrapper.xsa
TRACE::2024-04-10.17:19:17::SCWPlatform::DSA absoulate path C:/VProject/Attempt_3_10-04-2024/LedCount/PR_Platform/hw/design_1_wrapper.xsa
TRACE::2024-04-10.17:19:17::SCWPlatform::DSA directory C:/VProject/Attempt_3_10-04-2024/LedCount/PR_Platform/hw
TRACE::2024-04-10.17:19:17::SCWPlatform:: Platform Path C:/VProject/Attempt_3_10-04-2024/LedCount/PR_Platform/hw/design_1_wrapper.xsa
TRACE::2024-04-10.17:19:17::SCWPlatform:: Unique name xilinx:nexys-a7-100t::0.0
TRACE::2024-04-10.17:19:17::SCWPlatform::Trying to set the existing hwdb with name design_1_wrapper_0
TRACE::2024-04-10.17:19:17::SCWPlatform::Opened existing hwdb design_1_wrapper_0
TRACE::2024-04-10.17:19:17::SCWPlatform::Found the Hw Db part of the input DSA
TRACE::2024-04-10.17:19:17::SCWMssOS::Checking the sw design at  C:/VProject/Attempt_3_10-04-2024/LedCount/PR_Platform/microblaze_0/standalone_domain/bsp/system.mss
TRACE::2024-04-10.17:19:17::SCWMssOS::DEBUG:  swdes dump  C:/VProject/Attempt_3_10-04-2024/LedCount/PR_Platform/microblaze_0/standalone_domain/bsp/system.mss|system||

TRACE::2024-04-10.17:19:17::SCWMssOS::Sw design exists and opened at  C:/VProject/Attempt_3_10-04-2024/LedCount/PR_Platform/microblaze_0/standalone_domain/bsp/system.mss
TRACE::2024-04-10.17:19:17::SCWPlatform::Trying to open the hw design at C:/VProject/Attempt_3_10-04-2024/LedCount/PR_Platform/hw/design_1_wrapper.xsa
TRACE::2024-04-10.17:19:17::SCWPlatform::DSA given C:/VProject/Attempt_3_10-04-2024/LedCount/PR_Platform/hw/design_1_wrapper.xsa
TRACE::2024-04-10.17:19:17::SCWPlatform::DSA absoulate path C:/VProject/Attempt_3_10-04-2024/LedCount/PR_Platform/hw/design_1_wrapper.xsa
TRACE::2024-04-10.17:19:17::SCWPlatform::DSA directory C:/VProject/Attempt_3_10-04-2024/LedCount/PR_Platform/hw
TRACE::2024-04-10.17:19:17::SCWPlatform:: Platform Path C:/VProject/Attempt_3_10-04-2024/LedCount/PR_Platform/hw/design_1_wrapper.xsa
TRACE::2024-04-10.17:19:17::SCWPlatform:: Unique name xilinx:nexys-a7-100t::0.0
TRACE::2024-04-10.17:19:17::SCWPlatform::Trying to set the existing hwdb with name design_1_wrapper_0
TRACE::2024-04-10.17:19:17::SCWPlatform::Opened existing hwdb design_1_wrapper_0
TRACE::2024-04-10.17:19:17::SCWPlatform::Found the Hw Db part of the input DSA
TRACE::2024-04-10.17:19:17::SCWMssOS::Checking the sw design at  C:/VProject/Attempt_3_10-04-2024/LedCount/PR_Platform/microblaze_0/standalone_domain/bsp/system.mss
TRACE::2024-04-10.17:19:17::SCWMssOS::DEBUG:  swdes dump  C:/VProject/Attempt_3_10-04-2024/LedCount/PR_Platform/microblaze_0/standalone_domain/bsp/system.mss|system||

TRACE::2024-04-10.17:19:17::SCWMssOS::Sw design exists and opened at  C:/VProject/Attempt_3_10-04-2024/LedCount/PR_Platform/microblaze_0/standalone_domain/bsp/system.mss
TRACE::2024-04-10.17:19:17::SCWPlatform::Trying to open the hw design at C:/VProject/Attempt_3_10-04-2024/LedCount/PR_Platform/hw/design_1_wrapper.xsa
TRACE::2024-04-10.17:19:17::SCWPlatform::DSA given C:/VProject/Attempt_3_10-04-2024/LedCount/PR_Platform/hw/design_1_wrapper.xsa
TRACE::2024-04-10.17:19:17::SCWPlatform::DSA absoulate path C:/VProject/Attempt_3_10-04-2024/LedCount/PR_Platform/hw/design_1_wrapper.xsa
TRACE::2024-04-10.17:19:17::SCWPlatform::DSA directory C:/VProject/Attempt_3_10-04-2024/LedCount/PR_Platform/hw
TRACE::2024-04-10.17:19:17::SCWPlatform:: Platform Path C:/VProject/Attempt_3_10-04-2024/LedCount/PR_Platform/hw/design_1_wrapper.xsa
TRACE::2024-04-10.17:19:17::SCWPlatform:: Unique name xilinx:nexys-a7-100t::0.0
TRACE::2024-04-10.17:19:17::SCWPlatform::Trying to set the existing hwdb with name design_1_wrapper_0
TRACE::2024-04-10.17:19:17::SCWPlatform::Opened existing hwdb design_1_wrapper_0
TRACE::2024-04-10.17:19:17::SCWPlatform::Found the Hw Db part of the input DSA
TRACE::2024-04-10.17:19:17::SCWMssOS::Checking the sw design at  C:/VProject/Attempt_3_10-04-2024/LedCount/PR_Platform/microblaze_0/standalone_domain/bsp/system.mss
TRACE::2024-04-10.17:19:17::SCWMssOS::DEBUG:  swdes dump  C:/VProject/Attempt_3_10-04-2024/LedCount/PR_Platform/microblaze_0/standalone_domain/bsp/system.mss|system||

TRACE::2024-04-10.17:19:17::SCWMssOS::Sw design exists and opened at  C:/VProject/Attempt_3_10-04-2024/LedCount/PR_Platform/microblaze_0/standalone_domain/bsp/system.mss
TRACE::2024-04-10.17:19:17::SCWWriter::formatted JSON is {
	"platformName":	"PR_Platform",
	"sprVersion":	"2.0",
	"mode":	"gui",
	"dsaType":	"Fixed",
	"platformDesc":	"PR_Platform",
	"platHandOff":	"C:/Users/jasme/Desktop/BacheloreProject/DynamicFunctionExchange/New_Management/Attempt_3_10-04-2024/LedCount/design_1_wrapper.xsa",
	"platIntHandOff":	"<platformDir>/hw/design_1_wrapper.xsa",
	"deviceType":	"FPGA",
	"platIsPrebuiltAutogen":	"false",
	"platIsNoBootBsp":	"false",
	"hasFsblMakeHasChanges":	"false",
	"hasPmufwMakeHasChanges":	"false",
	"platPreBuiltFlag":	false,
	"platformSamplesDir":	"",
	"platActiveSys":	"PR_Platform",
	"systems":	[{
			"systemName":	"PR_Platform",
			"systemDesc":	"PR_Platform",
			"sysIsBootAutoGen":	"true",
			"systemDispName":	"PR_Platform",
			"sysActiveDom":	"standalone_domain",
			"sysDefaultDom":	"standalone_domain",
			"domains":	[{
					"domainName":	"standalone_domain",
					"domainDispName":	"standalone_domain",
					"domainDesc":	"standalone_domain",
					"processors":	"microblaze_0",
					"os":	"standalone",
					"sdxOs":	"standalone",
					"debugEnable":	"False",
					"domRuntimes":	["cpp"],
					"swRepo":	"",
					"mssOsVer":	"8.1",
					"mssFile":	"",
					"md5Digest":	"6b03bc7e69e2a5f02236b2339ae51ec9",
					"compatibleApp":	"",
					"domType":	"mssDomain",
					"arch":	"32-bit",
					"appSettings":	{
						"appCompilerFlags":	"",
						"appLinkerFlags":	""
					},
					"addedLibs":	[],
					"libOptions":	{
						"libsContainingOptions":	[]
					},
					"prebuiltLibs":	{
						"prebuiltIncPath":	[],
						"prebuiltLibPath":	[]
					},
					"isolation":	{
					}
				}]
		}]
}
TRACE::2024-04-10.17:19:17::SCWPlatform::Trying to open the hw design at C:/VProject/Attempt_3_10-04-2024/LedCount/PR_Platform/hw/design_1_wrapper.xsa
TRACE::2024-04-10.17:19:17::SCWPlatform::DSA given C:/VProject/Attempt_3_10-04-2024/LedCount/PR_Platform/hw/design_1_wrapper.xsa
TRACE::2024-04-10.17:19:17::SCWPlatform::DSA absoulate path C:/VProject/Attempt_3_10-04-2024/LedCount/PR_Platform/hw/design_1_wrapper.xsa
TRACE::2024-04-10.17:19:17::SCWPlatform::DSA directory C:/VProject/Attempt_3_10-04-2024/LedCount/PR_Platform/hw
TRACE::2024-04-10.17:19:17::SCWPlatform:: Platform Path C:/VProject/Attempt_3_10-04-2024/LedCount/PR_Platform/hw/design_1_wrapper.xsa
TRACE::2024-04-10.17:19:17::SCWPlatform:: Unique name xilinx:nexys-a7-100t::0.0
TRACE::2024-04-10.17:19:17::SCWPlatform::Trying to set the existing hwdb with name design_1_wrapper_0
TRACE::2024-04-10.17:19:17::SCWPlatform::Opened existing hwdb design_1_wrapper_0
TRACE::2024-04-10.17:19:17::SCWPlatform::Found the Hw Db part of the input DSA
TRACE::2024-04-10.17:19:17::SCWMssOS::Checking the sw design at  C:/VProject/Attempt_3_10-04-2024/LedCount/PR_Platform/microblaze_0/standalone_domain/bsp/system.mss
TRACE::2024-04-10.17:19:17::SCWMssOS::DEBUG:  swdes dump  C:/VProject/Attempt_3_10-04-2024/LedCount/PR_Platform/microblaze_0/standalone_domain/bsp/system.mss|system||

TRACE::2024-04-10.17:19:17::SCWMssOS::Sw design exists and opened at  C:/VProject/Attempt_3_10-04-2024/LedCount/PR_Platform/microblaze_0/standalone_domain/bsp/system.mss
TRACE::2024-04-10.17:19:17::SCWPlatform::Trying to open the hw design at C:/VProject/Attempt_3_10-04-2024/LedCount/PR_Platform/hw/design_1_wrapper.xsa
TRACE::2024-04-10.17:19:17::SCWPlatform::DSA given C:/VProject/Attempt_3_10-04-2024/LedCount/PR_Platform/hw/design_1_wrapper.xsa
TRACE::2024-04-10.17:19:17::SCWPlatform::DSA absoulate path C:/VProject/Attempt_3_10-04-2024/LedCount/PR_Platform/hw/design_1_wrapper.xsa
TRACE::2024-04-10.17:19:17::SCWPlatform::DSA directory C:/VProject/Attempt_3_10-04-2024/LedCount/PR_Platform/hw
TRACE::2024-04-10.17:19:17::SCWPlatform:: Platform Path C:/VProject/Attempt_3_10-04-2024/LedCount/PR_Platform/hw/design_1_wrapper.xsa
TRACE::2024-04-10.17:19:17::SCWPlatform:: Unique name xilinx:nexys-a7-100t::0.0
TRACE::2024-04-10.17:19:17::SCWPlatform::Trying to set the existing hwdb with name design_1_wrapper_0
TRACE::2024-04-10.17:19:17::SCWPlatform::Opened existing hwdb design_1_wrapper_0
TRACE::2024-04-10.17:19:17::SCWPlatform::Found the Hw Db part of the input DSA
TRACE::2024-04-10.17:19:17::SCWMssOS::Checking the sw design at  C:/VProject/Attempt_3_10-04-2024/LedCount/PR_Platform/microblaze_0/standalone_domain/bsp/system.mss
TRACE::2024-04-10.17:19:17::SCWMssOS::DEBUG:  swdes dump  C:/VProject/Attempt_3_10-04-2024/LedCount/PR_Platform/microblaze_0/standalone_domain/bsp/system.mss|system||

TRACE::2024-04-10.17:19:17::SCWMssOS::Sw design exists and opened at  C:/VProject/Attempt_3_10-04-2024/LedCount/PR_Platform/microblaze_0/standalone_domain/bsp/system.mss
TRACE::2024-04-10.17:19:17::SCWPlatform::Trying to open the hw design at C:/VProject/Attempt_3_10-04-2024/LedCount/PR_Platform/hw/design_1_wrapper.xsa
TRACE::2024-04-10.17:19:17::SCWPlatform::DSA given C:/VProject/Attempt_3_10-04-2024/LedCount/PR_Platform/hw/design_1_wrapper.xsa
TRACE::2024-04-10.17:19:17::SCWPlatform::DSA absoulate path C:/VProject/Attempt_3_10-04-2024/LedCount/PR_Platform/hw/design_1_wrapper.xsa
TRACE::2024-04-10.17:19:17::SCWPlatform::DSA directory C:/VProject/Attempt_3_10-04-2024/LedCount/PR_Platform/hw
TRACE::2024-04-10.17:19:17::SCWPlatform:: Platform Path C:/VProject/Attempt_3_10-04-2024/LedCount/PR_Platform/hw/design_1_wrapper.xsa
TRACE::2024-04-10.17:19:17::SCWPlatform:: Unique name xilinx:nexys-a7-100t::0.0
TRACE::2024-04-10.17:19:17::SCWPlatform::Trying to set the existing hwdb with name design_1_wrapper_0
TRACE::2024-04-10.17:19:17::SCWPlatform::Opened existing hwdb design_1_wrapper_0
TRACE::2024-04-10.17:19:17::SCWPlatform::Found the Hw Db part of the input DSA
TRACE::2024-04-10.17:19:17::SCWMssOS::Checking the sw design at  C:/VProject/Attempt_3_10-04-2024/LedCount/PR_Platform/microblaze_0/standalone_domain/bsp/system.mss
TRACE::2024-04-10.17:19:17::SCWMssOS::DEBUG:  swdes dump  C:/VProject/Attempt_3_10-04-2024/LedCount/PR_Platform/microblaze_0/standalone_domain/bsp/system.mss|system||

TRACE::2024-04-10.17:19:17::SCWMssOS::Sw design exists and opened at  C:/VProject/Attempt_3_10-04-2024/LedCount/PR_Platform/microblaze_0/standalone_domain/bsp/system.mss
TRACE::2024-04-10.17:19:17::SCWMssOS::Saving the mss changes C:/VProject/Attempt_3_10-04-2024/LedCount/PR_Platform/microblaze_0/standalone_domain/bsp/system.mss
TRACE::2024-04-10.17:19:17::SCWMssOS::Found a swdesign opened with the mssfile.
TRACE::2024-04-10.17:19:17::SCWMssOS::Completed writemss as part of save.
TRACE::2024-04-10.17:19:17::SCWMssOS::Commit changes completed.
TRACE::2024-04-10.17:19:17::SCWPlatform::Trying to open the hw design at C:/VProject/Attempt_3_10-04-2024/LedCount/PR_Platform/hw/design_1_wrapper.xsa
TRACE::2024-04-10.17:19:17::SCWPlatform::DSA given C:/VProject/Attempt_3_10-04-2024/LedCount/PR_Platform/hw/design_1_wrapper.xsa
TRACE::2024-04-10.17:19:17::SCWPlatform::DSA absoulate path C:/VProject/Attempt_3_10-04-2024/LedCount/PR_Platform/hw/design_1_wrapper.xsa
TRACE::2024-04-10.17:19:17::SCWPlatform::DSA directory C:/VProject/Attempt_3_10-04-2024/LedCount/PR_Platform/hw
TRACE::2024-04-10.17:19:17::SCWPlatform:: Platform Path C:/VProject/Attempt_3_10-04-2024/LedCount/PR_Platform/hw/design_1_wrapper.xsa
TRACE::2024-04-10.17:19:17::SCWPlatform:: Unique name xilinx:nexys-a7-100t::0.0
TRACE::2024-04-10.17:19:17::SCWPlatform::Trying to set the existing hwdb with name design_1_wrapper_0
TRACE::2024-04-10.17:19:17::SCWPlatform::Opened existing hwdb design_1_wrapper_0
TRACE::2024-04-10.17:19:17::SCWPlatform::Found the Hw Db part of the input DSA
TRACE::2024-04-10.17:19:17::SCWMssOS::Checking the sw design at  C:/VProject/Attempt_3_10-04-2024/LedCount/PR_Platform/microblaze_0/standalone_domain/bsp/system.mss
TRACE::2024-04-10.17:19:17::SCWMssOS::DEBUG:  swdes dump  C:/VProject/Attempt_3_10-04-2024/LedCount/PR_Platform/microblaze_0/standalone_domain/bsp/system.mss|system||

TRACE::2024-04-10.17:19:17::SCWMssOS::Sw design exists and opened at  C:/VProject/Attempt_3_10-04-2024/LedCount/PR_Platform/microblaze_0/standalone_domain/bsp/system.mss
TRACE::2024-04-10.17:19:17::SCWPlatform::Trying to open the hw design at C:/VProject/Attempt_3_10-04-2024/LedCount/PR_Platform/hw/design_1_wrapper.xsa
TRACE::2024-04-10.17:19:17::SCWPlatform::DSA given C:/VProject/Attempt_3_10-04-2024/LedCount/PR_Platform/hw/design_1_wrapper.xsa
TRACE::2024-04-10.17:19:17::SCWPlatform::DSA absoulate path C:/VProject/Attempt_3_10-04-2024/LedCount/PR_Platform/hw/design_1_wrapper.xsa
TRACE::2024-04-10.17:19:17::SCWPlatform::DSA directory C:/VProject/Attempt_3_10-04-2024/LedCount/PR_Platform/hw
TRACE::2024-04-10.17:19:17::SCWPlatform:: Platform Path C:/VProject/Attempt_3_10-04-2024/LedCount/PR_Platform/hw/design_1_wrapper.xsa
TRACE::2024-04-10.17:19:17::SCWPlatform:: Unique name xilinx:nexys-a7-100t::0.0
TRACE::2024-04-10.17:19:17::SCWPlatform::Trying to set the existing hwdb with name design_1_wrapper_0
TRACE::2024-04-10.17:19:17::SCWPlatform::Opened existing hwdb design_1_wrapper_0
TRACE::2024-04-10.17:19:17::SCWPlatform::Found the Hw Db part of the input DSA
TRACE::2024-04-10.17:19:17::SCWMssOS::Checking the sw design at  C:/VProject/Attempt_3_10-04-2024/LedCount/PR_Platform/microblaze_0/standalone_domain/bsp/system.mss
TRACE::2024-04-10.17:19:17::SCWMssOS::DEBUG:  swdes dump  C:/VProject/Attempt_3_10-04-2024/LedCount/PR_Platform/microblaze_0/standalone_domain/bsp/system.mss|system||

TRACE::2024-04-10.17:19:17::SCWMssOS::Sw design exists and opened at  C:/VProject/Attempt_3_10-04-2024/LedCount/PR_Platform/microblaze_0/standalone_domain/bsp/system.mss
TRACE::2024-04-10.17:19:17::SCWPlatform::Trying to open the hw design at C:/VProject/Attempt_3_10-04-2024/LedCount/PR_Platform/hw/design_1_wrapper.xsa
TRACE::2024-04-10.17:19:17::SCWPlatform::DSA given C:/VProject/Attempt_3_10-04-2024/LedCount/PR_Platform/hw/design_1_wrapper.xsa
TRACE::2024-04-10.17:19:17::SCWPlatform::DSA absoulate path C:/VProject/Attempt_3_10-04-2024/LedCount/PR_Platform/hw/design_1_wrapper.xsa
TRACE::2024-04-10.17:19:17::SCWPlatform::DSA directory C:/VProject/Attempt_3_10-04-2024/LedCount/PR_Platform/hw
TRACE::2024-04-10.17:19:17::SCWPlatform:: Platform Path C:/VProject/Attempt_3_10-04-2024/LedCount/PR_Platform/hw/design_1_wrapper.xsa
TRACE::2024-04-10.17:19:17::SCWPlatform:: Unique name xilinx:nexys-a7-100t::0.0
TRACE::2024-04-10.17:19:17::SCWPlatform::Trying to set the existing hwdb with name design_1_wrapper_0
TRACE::2024-04-10.17:19:17::SCWPlatform::Opened existing hwdb design_1_wrapper_0
TRACE::2024-04-10.17:19:17::SCWPlatform::Found the Hw Db part of the input DSA
TRACE::2024-04-10.17:19:17::SCWMssOS::Checking the sw design at  C:/VProject/Attempt_3_10-04-2024/LedCount/PR_Platform/microblaze_0/standalone_domain/bsp/system.mss
TRACE::2024-04-10.17:19:17::SCWMssOS::DEBUG:  swdes dump  C:/VProject/Attempt_3_10-04-2024/LedCount/PR_Platform/microblaze_0/standalone_domain/bsp/system.mss|system||

TRACE::2024-04-10.17:19:17::SCWMssOS::Sw design exists and opened at  C:/VProject/Attempt_3_10-04-2024/LedCount/PR_Platform/microblaze_0/standalone_domain/bsp/system.mss
TRACE::2024-04-10.17:19:17::SCWWriter::formatted JSON is {
	"platformName":	"PR_Platform",
	"sprVersion":	"2.0",
	"mode":	"gui",
	"dsaType":	"Fixed",
	"platformDesc":	"PR_Platform",
	"platHandOff":	"C:/Users/jasme/Desktop/BacheloreProject/DynamicFunctionExchange/New_Management/Attempt_3_10-04-2024/LedCount/design_1_wrapper.xsa",
	"platIntHandOff":	"<platformDir>/hw/design_1_wrapper.xsa",
	"deviceType":	"FPGA",
	"platIsPrebuiltAutogen":	"false",
	"platIsNoBootBsp":	"false",
	"hasFsblMakeHasChanges":	"false",
	"hasPmufwMakeHasChanges":	"false",
	"platPreBuiltFlag":	false,
	"platformSamplesDir":	"",
	"platActiveSys":	"PR_Platform",
	"systems":	[{
			"systemName":	"PR_Platform",
			"systemDesc":	"PR_Platform",
			"sysIsBootAutoGen":	"true",
			"systemDispName":	"PR_Platform",
			"sysActiveDom":	"standalone_domain",
			"sysDefaultDom":	"standalone_domain",
			"domains":	[{
					"domainName":	"standalone_domain",
					"domainDispName":	"standalone on microblaze_0",
					"domainDesc":	"standalone_domain",
					"processors":	"microblaze_0",
					"os":	"standalone",
					"sdxOs":	"standalone",
					"debugEnable":	"False",
					"domRuntimes":	["cpp"],
					"swRepo":	"",
					"mssOsVer":	"8.1",
					"mssFile":	"",
					"md5Digest":	"6b03bc7e69e2a5f02236b2339ae51ec9",
					"compatibleApp":	"",
					"domType":	"mssDomain",
					"arch":	"32-bit",
					"appSettings":	{
						"appCompilerFlags":	"",
						"appLinkerFlags":	""
					},
					"addedLibs":	[],
					"libOptions":	{
						"libsContainingOptions":	[]
					},
					"prebuiltLibs":	{
						"prebuiltIncPath":	[],
						"prebuiltLibPath":	[]
					},
					"isolation":	{
					}
				}]
		}]
}
TRACE::2024-04-10.17:19:17::SCWMssOS::Saving the mss changes C:/VProject/Attempt_3_10-04-2024/LedCount/PR_Platform/microblaze_0/standalone_domain/bsp/system.mss
TRACE::2024-04-10.17:19:17::SCWMssOS::Found a swdesign opened with the mssfile.
TRACE::2024-04-10.17:19:17::SCWMssOS::Completed writemss as part of save.
TRACE::2024-04-10.17:19:17::SCWMssOS::Commit changes completed.
TRACE::2024-04-10.17:19:17::SCWPlatform::Trying to open the hw design at C:/VProject/Attempt_3_10-04-2024/LedCount/PR_Platform/hw/design_1_wrapper.xsa
TRACE::2024-04-10.17:19:17::SCWPlatform::DSA given C:/VProject/Attempt_3_10-04-2024/LedCount/PR_Platform/hw/design_1_wrapper.xsa
TRACE::2024-04-10.17:19:17::SCWPlatform::DSA absoulate path C:/VProject/Attempt_3_10-04-2024/LedCount/PR_Platform/hw/design_1_wrapper.xsa
TRACE::2024-04-10.17:19:17::SCWPlatform::DSA directory C:/VProject/Attempt_3_10-04-2024/LedCount/PR_Platform/hw
TRACE::2024-04-10.17:19:17::SCWPlatform:: Platform Path C:/VProject/Attempt_3_10-04-2024/LedCount/PR_Platform/hw/design_1_wrapper.xsa
TRACE::2024-04-10.17:19:17::SCWPlatform:: Unique name xilinx:nexys-a7-100t::0.0
TRACE::2024-04-10.17:19:17::SCWPlatform::Trying to set the existing hwdb with name design_1_wrapper_0
TRACE::2024-04-10.17:19:17::SCWPlatform::Opened existing hwdb design_1_wrapper_0
TRACE::2024-04-10.17:19:17::SCWPlatform::Found the Hw Db part of the input DSA
TRACE::2024-04-10.17:19:17::SCWMssOS::Checking the sw design at  C:/VProject/Attempt_3_10-04-2024/LedCount/PR_Platform/microblaze_0/standalone_domain/bsp/system.mss
TRACE::2024-04-10.17:19:17::SCWMssOS::DEBUG:  swdes dump  C:/VProject/Attempt_3_10-04-2024/LedCount/PR_Platform/microblaze_0/standalone_domain/bsp/system.mss|system||

TRACE::2024-04-10.17:19:17::SCWMssOS::Sw design exists and opened at  C:/VProject/Attempt_3_10-04-2024/LedCount/PR_Platform/microblaze_0/standalone_domain/bsp/system.mss
TRACE::2024-04-10.17:19:17::SCWPlatform::Trying to open the hw design at C:/VProject/Attempt_3_10-04-2024/LedCount/PR_Platform/hw/design_1_wrapper.xsa
TRACE::2024-04-10.17:19:17::SCWPlatform::DSA given C:/VProject/Attempt_3_10-04-2024/LedCount/PR_Platform/hw/design_1_wrapper.xsa
TRACE::2024-04-10.17:19:17::SCWPlatform::DSA absoulate path C:/VProject/Attempt_3_10-04-2024/LedCount/PR_Platform/hw/design_1_wrapper.xsa
TRACE::2024-04-10.17:19:17::SCWPlatform::DSA directory C:/VProject/Attempt_3_10-04-2024/LedCount/PR_Platform/hw
TRACE::2024-04-10.17:19:17::SCWPlatform:: Platform Path C:/VProject/Attempt_3_10-04-2024/LedCount/PR_Platform/hw/design_1_wrapper.xsa
TRACE::2024-04-10.17:19:17::SCWPlatform:: Unique name xilinx:nexys-a7-100t::0.0
TRACE::2024-04-10.17:19:17::SCWPlatform::Trying to set the existing hwdb with name design_1_wrapper_0
TRACE::2024-04-10.17:19:17::SCWPlatform::Opened existing hwdb design_1_wrapper_0
TRACE::2024-04-10.17:19:17::SCWPlatform::Found the Hw Db part of the input DSA
TRACE::2024-04-10.17:19:17::SCWMssOS::Checking the sw design at  C:/VProject/Attempt_3_10-04-2024/LedCount/PR_Platform/microblaze_0/standalone_domain/bsp/system.mss
TRACE::2024-04-10.17:19:17::SCWMssOS::DEBUG:  swdes dump  C:/VProject/Attempt_3_10-04-2024/LedCount/PR_Platform/microblaze_0/standalone_domain/bsp/system.mss|system||

TRACE::2024-04-10.17:19:17::SCWMssOS::Sw design exists and opened at  C:/VProject/Attempt_3_10-04-2024/LedCount/PR_Platform/microblaze_0/standalone_domain/bsp/system.mss
TRACE::2024-04-10.17:19:17::SCWPlatform::Trying to open the hw design at C:/VProject/Attempt_3_10-04-2024/LedCount/PR_Platform/hw/design_1_wrapper.xsa
TRACE::2024-04-10.17:19:17::SCWPlatform::DSA given C:/VProject/Attempt_3_10-04-2024/LedCount/PR_Platform/hw/design_1_wrapper.xsa
TRACE::2024-04-10.17:19:17::SCWPlatform::DSA absoulate path C:/VProject/Attempt_3_10-04-2024/LedCount/PR_Platform/hw/design_1_wrapper.xsa
TRACE::2024-04-10.17:19:17::SCWPlatform::DSA directory C:/VProject/Attempt_3_10-04-2024/LedCount/PR_Platform/hw
TRACE::2024-04-10.17:19:17::SCWPlatform:: Platform Path C:/VProject/Attempt_3_10-04-2024/LedCount/PR_Platform/hw/design_1_wrapper.xsa
TRACE::2024-04-10.17:19:17::SCWPlatform:: Unique name xilinx:nexys-a7-100t::0.0
TRACE::2024-04-10.17:19:17::SCWPlatform::Trying to set the existing hwdb with name design_1_wrapper_0
TRACE::2024-04-10.17:19:17::SCWPlatform::Opened existing hwdb design_1_wrapper_0
TRACE::2024-04-10.17:19:17::SCWPlatform::Found the Hw Db part of the input DSA
TRACE::2024-04-10.17:19:17::SCWMssOS::Checking the sw design at  C:/VProject/Attempt_3_10-04-2024/LedCount/PR_Platform/microblaze_0/standalone_domain/bsp/system.mss
TRACE::2024-04-10.17:19:17::SCWMssOS::DEBUG:  swdes dump  C:/VProject/Attempt_3_10-04-2024/LedCount/PR_Platform/microblaze_0/standalone_domain/bsp/system.mss|system||

TRACE::2024-04-10.17:19:17::SCWMssOS::Sw design exists and opened at  C:/VProject/Attempt_3_10-04-2024/LedCount/PR_Platform/microblaze_0/standalone_domain/bsp/system.mss
TRACE::2024-04-10.17:19:17::SCWWriter::formatted JSON is {
	"platformName":	"PR_Platform",
	"sprVersion":	"2.0",
	"mode":	"gui",
	"dsaType":	"Fixed",
	"platformDesc":	"PR_Platform",
	"platHandOff":	"C:/Users/jasme/Desktop/BacheloreProject/DynamicFunctionExchange/New_Management/Attempt_3_10-04-2024/LedCount/design_1_wrapper.xsa",
	"platIntHandOff":	"<platformDir>/hw/design_1_wrapper.xsa",
	"deviceType":	"FPGA",
	"platIsPrebuiltAutogen":	"false",
	"platIsNoBootBsp":	"false",
	"hasFsblMakeHasChanges":	"false",
	"hasPmufwMakeHasChanges":	"false",
	"platPreBuiltFlag":	false,
	"platformSamplesDir":	"",
	"platActiveSys":	"PR_Platform",
	"systems":	[{
			"systemName":	"PR_Platform",
			"systemDesc":	"PR_Platform",
			"sysIsBootAutoGen":	"true",
			"systemDispName":	"PR_Platform",
			"sysActiveDom":	"standalone_domain",
			"sysDefaultDom":	"standalone_domain",
			"domains":	[{
					"domainName":	"standalone_domain",
					"domainDispName":	"standalone on microblaze_0",
					"domainDesc":	"standalone_domain",
					"processors":	"microblaze_0",
					"os":	"standalone",
					"sdxOs":	"standalone",
					"debugEnable":	"False",
					"domRuntimes":	["cpp"],
					"swRepo":	"",
					"mssOsVer":	"8.1",
					"mssFile":	"",
					"md5Digest":	"6b03bc7e69e2a5f02236b2339ae51ec9",
					"compatibleApp":	"",
					"domType":	"mssDomain",
					"arch":	"32-bit",
					"appSettings":	{
						"appCompilerFlags":	"",
						"appLinkerFlags":	""
					},
					"addedLibs":	[],
					"libOptions":	{
						"libsContainingOptions":	[]
					},
					"prebuiltLibs":	{
						"prebuiltIncPath":	[],
						"prebuiltLibPath":	[]
					},
					"isolation":	{
					}
				}]
		}]
}
TRACE::2024-04-10.17:19:17::SCWPlatform::Clearing the existing platform
TRACE::2024-04-10.17:19:17::SCWSystem::Clearing the existing sysconfig
TRACE::2024-04-10.17:19:17::SCWMssOS::Removing the swdes entry for  C:/VProject/Attempt_3_10-04-2024/LedCount/PR_Platform/microblaze_0/standalone_domain/bsp/system.mss
TRACE::2024-04-10.17:19:17::SCWSystem::Clearing the domains completed.
TRACE::2024-04-10.17:19:17::SCWPlatform::Clearing the opened hw db.
TRACE::2024-04-10.17:19:17::SCWPlatform::DSA given C:/VProject/Attempt_3_10-04-2024/LedCount/PR_Platform/hw/design_1_wrapper.xsa
TRACE::2024-04-10.17:19:17::SCWPlatform::DSA absoulate path C:/VProject/Attempt_3_10-04-2024/LedCount/PR_Platform/hw/design_1_wrapper.xsa
TRACE::2024-04-10.17:19:17::SCWPlatform:: Platform location is C:/VProject/Attempt_3_10-04-2024/LedCount/PR_Platform/hw
TRACE::2024-04-10.17:19:17::SCWPlatform:: Platform Path C:/VProject/Attempt_3_10-04-2024/LedCount/PR_Platform/hw/design_1_wrapper.xsa
TRACE::2024-04-10.17:19:17::SCWPlatform:: Unique name xilinx:nexys-a7-100t::0.0
TRACE::2024-04-10.17:19:17::SCWPlatform::Removing the HwDB with name C:/VProject/Attempt_3_10-04-2024/LedCount/PR_Platform/hw/design_1_wrapper.xsa
TRACE::2024-04-10.17:19:17::SCWPlatform::Trying to open the hw design at C:/VProject/Attempt_3_10-04-2024/LedCount/PR_Platform/hw/design_1_wrapper.xsa
TRACE::2024-04-10.17:19:17::SCWPlatform::DSA given C:/VProject/Attempt_3_10-04-2024/LedCount/PR_Platform/hw/design_1_wrapper.xsa
TRACE::2024-04-10.17:19:17::SCWPlatform::DSA absoulate path C:/VProject/Attempt_3_10-04-2024/LedCount/PR_Platform/hw/design_1_wrapper.xsa
TRACE::2024-04-10.17:19:17::SCWPlatform::DSA directory C:/VProject/Attempt_3_10-04-2024/LedCount/PR_Platform/hw
TRACE::2024-04-10.17:19:17::SCWPlatform:: Platform Path C:/VProject/Attempt_3_10-04-2024/LedCount/PR_Platform/hw/design_1_wrapper.xsa
TRACE::2024-04-10.17:19:17::SCWPlatform:: Unique name xilinx:nexys-a7-100t::0.0
TRACE::2024-04-10.17:19:17::SCWPlatform::Do not have an existing db opened. 
TRACE::2024-04-10.17:19:18::SCWPlatform::Opened new HwDB with name design_1_wrapper_1
TRACE::2024-04-10.17:19:18::SCWReader::Active system found as  PR_Platform
TRACE::2024-04-10.17:19:18::SCWReader::Handling sysconfig PR_Platform
TRACE::2024-04-10.17:19:18::SCWDomain::checking for install qemu data   : 
TRACE::2024-04-10.17:19:18::SCWPlatform::Trying to open the hw design at C:/VProject/Attempt_3_10-04-2024/LedCount/PR_Platform/hw/design_1_wrapper.xsa
TRACE::2024-04-10.17:19:18::SCWPlatform::DSA given C:/VProject/Attempt_3_10-04-2024/LedCount/PR_Platform/hw/design_1_wrapper.xsa
TRACE::2024-04-10.17:19:18::SCWPlatform::DSA absoulate path C:/VProject/Attempt_3_10-04-2024/LedCount/PR_Platform/hw/design_1_wrapper.xsa
TRACE::2024-04-10.17:19:18::SCWPlatform::DSA directory C:/VProject/Attempt_3_10-04-2024/LedCount/PR_Platform/hw
TRACE::2024-04-10.17:19:18::SCWPlatform:: Platform Path C:/VProject/Attempt_3_10-04-2024/LedCount/PR_Platform/hw/design_1_wrapper.xsa
TRACE::2024-04-10.17:19:18::SCWPlatform:: Unique name xilinx:nexys-a7-100t::0.0
TRACE::2024-04-10.17:19:18::SCWPlatform::Trying to set the existing hwdb with name design_1_wrapper_1
TRACE::2024-04-10.17:19:18::SCWPlatform::Opened existing hwdb design_1_wrapper_1
TRACE::2024-04-10.17:19:18::SCWPlatform::Found the Hw Db part of the input DSA
TRACE::2024-04-10.17:19:18::SCWPlatform::Trying to open the hw design at C:/VProject/Attempt_3_10-04-2024/LedCount/PR_Platform/hw/design_1_wrapper.xsa
TRACE::2024-04-10.17:19:18::SCWPlatform::DSA given C:/VProject/Attempt_3_10-04-2024/LedCount/PR_Platform/hw/design_1_wrapper.xsa
TRACE::2024-04-10.17:19:18::SCWPlatform::DSA absoulate path C:/VProject/Attempt_3_10-04-2024/LedCount/PR_Platform/hw/design_1_wrapper.xsa
TRACE::2024-04-10.17:19:18::SCWPlatform::DSA directory C:/VProject/Attempt_3_10-04-2024/LedCount/PR_Platform/hw
TRACE::2024-04-10.17:19:18::SCWPlatform:: Platform Path C:/VProject/Attempt_3_10-04-2024/LedCount/PR_Platform/hw/design_1_wrapper.xsa
TRACE::2024-04-10.17:19:18::SCWPlatform:: Unique name xilinx:nexys-a7-100t::0.0
TRACE::2024-04-10.17:19:18::SCWPlatform::Trying to set the existing hwdb with name design_1_wrapper_1
TRACE::2024-04-10.17:19:18::SCWPlatform::Opened existing hwdb design_1_wrapper_1
TRACE::2024-04-10.17:19:18::SCWPlatform::Found the Hw Db part of the input DSA
TRACE::2024-04-10.17:19:18::SCWPlatform::Trying to open the hw design at C:/VProject/Attempt_3_10-04-2024/LedCount/PR_Platform/hw/design_1_wrapper.xsa
TRACE::2024-04-10.17:19:18::SCWPlatform::DSA given C:/VProject/Attempt_3_10-04-2024/LedCount/PR_Platform/hw/design_1_wrapper.xsa
TRACE::2024-04-10.17:19:18::SCWPlatform::DSA absoulate path C:/VProject/Attempt_3_10-04-2024/LedCount/PR_Platform/hw/design_1_wrapper.xsa
TRACE::2024-04-10.17:19:18::SCWPlatform::DSA directory C:/VProject/Attempt_3_10-04-2024/LedCount/PR_Platform/hw
TRACE::2024-04-10.17:19:18::SCWPlatform:: Platform Path C:/VProject/Attempt_3_10-04-2024/LedCount/PR_Platform/hw/design_1_wrapper.xsa
TRACE::2024-04-10.17:19:18::SCWPlatform:: Unique name xilinx:nexys-a7-100t::0.0
TRACE::2024-04-10.17:19:18::SCWPlatform::Trying to set the existing hwdb with name design_1_wrapper_1
TRACE::2024-04-10.17:19:18::SCWPlatform::Opened existing hwdb design_1_wrapper_1
TRACE::2024-04-10.17:19:18::SCWPlatform::Found the Hw Db part of the input DSA
TRACE::2024-04-10.17:19:18::SCWPlatform::Trying to open the hw design at C:/VProject/Attempt_3_10-04-2024/LedCount/PR_Platform/hw/design_1_wrapper.xsa
TRACE::2024-04-10.17:19:18::SCWPlatform::DSA given C:/VProject/Attempt_3_10-04-2024/LedCount/PR_Platform/hw/design_1_wrapper.xsa
TRACE::2024-04-10.17:19:18::SCWPlatform::DSA absoulate path C:/VProject/Attempt_3_10-04-2024/LedCount/PR_Platform/hw/design_1_wrapper.xsa
TRACE::2024-04-10.17:19:18::SCWPlatform::DSA directory C:/VProject/Attempt_3_10-04-2024/LedCount/PR_Platform/hw
TRACE::2024-04-10.17:19:18::SCWPlatform:: Platform Path C:/VProject/Attempt_3_10-04-2024/LedCount/PR_Platform/hw/design_1_wrapper.xsa
TRACE::2024-04-10.17:19:18::SCWPlatform:: Unique name xilinx:nexys-a7-100t::0.0
TRACE::2024-04-10.17:19:18::SCWPlatform::Trying to set the existing hwdb with name design_1_wrapper_1
TRACE::2024-04-10.17:19:18::SCWPlatform::Opened existing hwdb design_1_wrapper_1
TRACE::2024-04-10.17:19:18::SCWPlatform::Found the Hw Db part of the input DSA
TRACE::2024-04-10.17:19:18::SCWMssOS::Checking the sw design at  C:/VProject/Attempt_3_10-04-2024/LedCount/PR_Platform/microblaze_0/standalone_domain/bsp/system.mss
TRACE::2024-04-10.17:19:18::SCWMssOS::DEBUG:  swdes dump  
TRACE::2024-04-10.17:19:18::SCWMssOS::No sw design opened at  C:/VProject/Attempt_3_10-04-2024/LedCount/PR_Platform/microblaze_0/standalone_domain/bsp/system.mss
TRACE::2024-04-10.17:19:18::SCWMssOS::mss exists loading the mss file  C:/VProject/Attempt_3_10-04-2024/LedCount/PR_Platform/microblaze_0/standalone_domain/bsp/system.mss
TRACE::2024-04-10.17:19:18::SCWMssOS::Opened the sw design from mss  C:/VProject/Attempt_3_10-04-2024/LedCount/PR_Platform/microblaze_0/standalone_domain/bsp/system.mss
TRACE::2024-04-10.17:19:18::SCWMssOS::Adding the swdes entry C:/VProject/Attempt_3_10-04-2024/LedCount/PR_Platform/microblaze_0/standalone_domain/bsp/system.mss with des name system
TRACE::2024-04-10.17:19:18::SCWMssOS::updating the scw layer about changes
TRACE::2024-04-10.17:19:18::SCWMssOS::Opened the sw design.  C:/VProject/Attempt_3_10-04-2024/LedCount/PR_Platform/microblaze_0/standalone_domain/bsp/system.mss
TRACE::2024-04-10.17:19:18::SCWMssOS::Saving the mss changes C:/VProject/Attempt_3_10-04-2024/LedCount/PR_Platform/microblaze_0/standalone_domain/bsp/system.mss
TRACE::2024-04-10.17:19:18::SCWMssOS::Found a swdesign opened with the mssfile.
TRACE::2024-04-10.17:19:18::SCWMssOS::Completed writemss as part of save.
TRACE::2024-04-10.17:19:18::SCWMssOS::Commit changes completed.
TRACE::2024-04-10.17:19:18::SCWReader::Adding prebuilt librarypaths as   
TRACE::2024-04-10.17:19:18::SCWReader::Adding prebuilt incpaths  as   
TRACE::2024-04-10.17:19:18::SCWPlatform::Trying to open the hw design at C:/VProject/Attempt_3_10-04-2024/LedCount/PR_Platform/hw/design_1_wrapper.xsa
TRACE::2024-04-10.17:19:18::SCWPlatform::DSA given C:/VProject/Attempt_3_10-04-2024/LedCount/PR_Platform/hw/design_1_wrapper.xsa
TRACE::2024-04-10.17:19:18::SCWPlatform::DSA absoulate path C:/VProject/Attempt_3_10-04-2024/LedCount/PR_Platform/hw/design_1_wrapper.xsa
TRACE::2024-04-10.17:19:18::SCWPlatform::DSA directory C:/VProject/Attempt_3_10-04-2024/LedCount/PR_Platform/hw
TRACE::2024-04-10.17:19:18::SCWPlatform:: Platform Path C:/VProject/Attempt_3_10-04-2024/LedCount/PR_Platform/hw/design_1_wrapper.xsa
TRACE::2024-04-10.17:19:18::SCWPlatform:: Unique name xilinx:nexys-a7-100t::0.0
TRACE::2024-04-10.17:19:18::SCWPlatform::Trying to set the existing hwdb with name design_1_wrapper_1
TRACE::2024-04-10.17:19:18::SCWPlatform::Opened existing hwdb design_1_wrapper_1
TRACE::2024-04-10.17:19:18::SCWPlatform::Found the Hw Db part of the input DSA
TRACE::2024-04-10.17:19:18::SCWMssOS::Checking the sw design at  C:/VProject/Attempt_3_10-04-2024/LedCount/PR_Platform/microblaze_0/standalone_domain/bsp/system.mss
TRACE::2024-04-10.17:19:18::SCWMssOS::DEBUG:  swdes dump  C:/VProject/Attempt_3_10-04-2024/LedCount/PR_Platform/microblaze_0/standalone_domain/bsp/system.mss|system||

TRACE::2024-04-10.17:19:18::SCWMssOS::Sw design exists and opened at  C:/VProject/Attempt_3_10-04-2024/LedCount/PR_Platform/microblaze_0/standalone_domain/bsp/system.mss
TRACE::2024-04-10.17:19:18::SCWReader::No isolation master present  
LOG::2024-04-10.17:21:39::SCWPlatform::Started generating the artifacts platform PR_Platform
TRACE::2024-04-10.17:21:39::SCWPlatform::Sanity checking of platform is completed
LOG::2024-04-10.17:21:39::SCWPlatform::Started generating the artifacts for system configuration PR_Platform
LOG::2024-04-10.17:21:39::SCWSystem::Checking the domain standalone_domain
LOG::2024-04-10.17:21:39::SCWSystem::Not a boot domain 
LOG::2024-04-10.17:21:39::SCWSystem::Started Processing the domain standalone_domain
TRACE::2024-04-10.17:21:39::SCWDomain::Generating domain artifcats
TRACE::2024-04-10.17:21:39::SCWMssOS::Generating standalone artifcats
TRACE::2024-04-10.17:21:39::SCWMssOS:: Copying the user libraries. 
TRACE::2024-04-10.17:21:39::SCWPlatform::Trying to open the hw design at C:/VProject/Attempt_3_10-04-2024/LedCount/PR_Platform/hw/design_1_wrapper.xsa
TRACE::2024-04-10.17:21:39::SCWPlatform::DSA given C:/VProject/Attempt_3_10-04-2024/LedCount/PR_Platform/hw/design_1_wrapper.xsa
TRACE::2024-04-10.17:21:39::SCWPlatform::DSA absoulate path C:/VProject/Attempt_3_10-04-2024/LedCount/PR_Platform/hw/design_1_wrapper.xsa
TRACE::2024-04-10.17:21:39::SCWPlatform::DSA directory C:/VProject/Attempt_3_10-04-2024/LedCount/PR_Platform/hw
TRACE::2024-04-10.17:21:39::SCWPlatform:: Platform Path C:/VProject/Attempt_3_10-04-2024/LedCount/PR_Platform/hw/design_1_wrapper.xsa
TRACE::2024-04-10.17:21:39::SCWPlatform:: Unique name xilinx:nexys-a7-100t::0.0
TRACE::2024-04-10.17:21:39::SCWPlatform::Trying to set the existing hwdb with name design_1_wrapper_1
TRACE::2024-04-10.17:21:39::SCWPlatform::Opened existing hwdb design_1_wrapper_1
TRACE::2024-04-10.17:21:39::SCWPlatform::Found the Hw Db part of the input DSA
TRACE::2024-04-10.17:21:39::SCWMssOS::Checking the sw design at  C:/VProject/Attempt_3_10-04-2024/LedCount/PR_Platform/microblaze_0/standalone_domain/bsp/system.mss
TRACE::2024-04-10.17:21:39::SCWMssOS::DEBUG:  swdes dump  C:/VProject/Attempt_3_10-04-2024/LedCount/PR_Platform/microblaze_0/standalone_domain/bsp/system.mss|system||

TRACE::2024-04-10.17:21:39::SCWMssOS::Sw design exists and opened at  C:/VProject/Attempt_3_10-04-2024/LedCount/PR_Platform/microblaze_0/standalone_domain/bsp/system.mss
TRACE::2024-04-10.17:21:39::SCWMssOS::Completed writing the mss file at C:/VProject/Attempt_3_10-04-2024/LedCount/PR_Platform/microblaze_0/standalone_domain/bsp
TRACE::2024-04-10.17:21:39::SCWMssOS::Mss edits present, copying mssfile into export location C:/VProject/Attempt_3_10-04-2024/LedCount/PR_Platform/microblaze_0/standalone_domain/bsp/system.mss
TRACE::2024-04-10.17:21:39::SCWMssOS::bsp generated is upto date with the mss file. Skipping bsp generation.
TRACE::2024-04-10.17:21:39::SCWMssOS::BSP is already built. skipping the bsp build ... 
TRACE::2024-04-10.17:21:39::SCWDomain::Building the domain as part of full build :  standalone_domain
TRACE::2024-04-10.17:21:39::SCWMssOS::doing bsp build ... 
TRACE::2024-04-10.17:21:39::SCWMssOS::System Command Ran  C: & cd  C:/VProject/Attempt_3_10-04-2024/LedCount/PR_Platform/microblaze_0/standalone_domain/bsp & make 
TRACE::2024-04-10.17:21:39::SCWMssOS::make --no-print-directory seq_libs

TRACE::2024-04-10.17:21:39::SCWMssOS::"Running Make include in microblaze_0/libsrc/bram_v4_8/src"

TRACE::2024-04-10.17:21:39::SCWMssOS::make -C microblaze_0/libsrc/bram_v4_8/src -s include  "SHELL=CMD" "COMPILER=mb-gcc" "ASSEMBLER=mb-as" "ARCHIVER=mb-ar" "COMPILE
TRACE::2024-04-10.17:21:39::SCWMssOS::R_FLAGS=  -O2 -c -mcpu=v11.0 -mlittle-endian -mxl-soft-mul" "EXTRA_COMPILER_FLAGS=-g -ffunction-sections -fdata-sections -Wall 
TRACE::2024-04-10.17:21:39::SCWMssOS::-Wextra -fno-tree-loop-distribute-patterns"

TRACE::2024-04-10.17:21:39::SCWMssOS::"Running Make include in microblaze_0/libsrc/cpu_v2_17/src"

TRACE::2024-04-10.17:21:39::SCWMssOS::make -C microblaze_0/libsrc/cpu_v2_17/src -s include  "SHELL=CMD" "COMPILER=mb-gcc" "ASSEMBLER=mb-as" "ARCHIVER=mb-ar" "COMPILE
TRACE::2024-04-10.17:21:39::SCWMssOS::R_FLAGS=  -O2 -c -mcpu=v11.0 -mlittle-endian -mxl-soft-mul" "EXTRA_COMPILER_FLAGS=-g -ffunction-sections -fdata-sections -Wall 
TRACE::2024-04-10.17:21:39::SCWMssOS::-Wextra -fno-tree-loop-distribute-patterns"

TRACE::2024-04-10.17:21:39::SCWMssOS::"Running Make include in microblaze_0/libsrc/gpio_v4_9/src"

TRACE::2024-04-10.17:21:39::SCWMssOS::make -C microblaze_0/libsrc/gpio_v4_9/src -s include  "SHELL=CMD" "COMPILER=mb-gcc" "ASSEMBLER=mb-as" "ARCHIVER=mb-ar" "COMPILE
TRACE::2024-04-10.17:21:39::SCWMssOS::R_FLAGS=  -O2 -c -mcpu=v11.0 -mlittle-endian -mxl-soft-mul" "EXTRA_COMPILER_FLAGS=-g -ffunction-sections -fdata-sections -Wall 
TRACE::2024-04-10.17:21:39::SCWMssOS::-Wextra -fno-tree-loop-distribute-patterns"

TRACE::2024-04-10.17:21:39::SCWMssOS::"Running Make include in microblaze_0/libsrc/intc_v3_16/src"

TRACE::2024-04-10.17:21:39::SCWMssOS::make -C microblaze_0/libsrc/intc_v3_16/src -s include  "SHELL=CMD" "COMPILER=mb-gcc" "ASSEMBLER=mb-as" "ARCHIVER=mb-ar" "COMPIL
TRACE::2024-04-10.17:21:39::SCWMssOS::ER_FLAGS=  -O2 -c -mcpu=v11.0 -mlittle-endian -mxl-soft-mul" "EXTRA_COMPILER_FLAGS=-g -ffunction-sections -fdata-sections -Wall
TRACE::2024-04-10.17:21:39::SCWMssOS:: -Wextra -fno-tree-loop-distribute-patterns"

TRACE::2024-04-10.17:21:40::SCWMssOS::"Running Make include in microblaze_0/libsrc/Led_AXI_v1_0/src"

TRACE::2024-04-10.17:21:40::SCWMssOS::make -C microblaze_0/libsrc/Led_AXI_v1_0/src -s include  "SHELL=CMD" "COMPILER=mb-gcc" "ASSEMBLER=mb-as" "ARCHIVER=mb-ar" "COMP
TRACE::2024-04-10.17:21:40::SCWMssOS::ILER_FLAGS=  -O2 -c -mcpu=v11.0 -mlittle-endian -mxl-soft-mul" "EXTRA_COMPILER_FLAGS=-g -ffunction-sections -fdata-sections -Wa
TRACE::2024-04-10.17:21:40::SCWMssOS::ll -Wextra -fno-tree-loop-distribute-patterns"

TRACE::2024-04-10.17:21:40::SCWMssOS::"Running Make include in microblaze_0/libsrc/standalone_v8_1/src"

TRACE::2024-04-10.17:21:40::SCWMssOS::make -C microblaze_0/libsrc/standalone_v8_1/src -s include  "SHELL=CMD" "COMPILER=mb-gcc" "ASSEMBLER=mb-as" "ARCHIVER=mb-ar" "C
TRACE::2024-04-10.17:21:40::SCWMssOS::OMPILER_FLAGS=  -O2 -c -mcpu=v11.0 -mlittle-endian -mxl-soft-mul" "EXTRA_COMPILER_FLAGS=-g -ffunction-sections -fdata-sections 
TRACE::2024-04-10.17:21:40::SCWMssOS::-Wall -Wextra -fno-tree-loop-distribute-patterns"

TRACE::2024-04-10.17:21:40::SCWMssOS::"Running Make include in microblaze_0/libsrc/uartlite_v3_8/src"

TRACE::2024-04-10.17:21:40::SCWMssOS::make -C microblaze_0/libsrc/uartlite_v3_8/src -s include  "SHELL=CMD" "COMPILER=mb-gcc" "ASSEMBLER=mb-as" "ARCHIVER=mb-ar" "COM
TRACE::2024-04-10.17:21:40::SCWMssOS::PILER_FLAGS=  -O2 -c -mcpu=v11.0 -mlittle-endian -mxl-soft-mul" "EXTRA_COMPILER_FLAGS=-g -ffunction-sections -fdata-sections -W
TRACE::2024-04-10.17:21:40::SCWMssOS::all -Wextra -fno-tree-loop-distribute-patterns"

TRACE::2024-04-10.17:21:40::SCWMssOS::"Running Make libs in microblaze_0/libsrc/Led_AXI_v1_0/src"

TRACE::2024-04-10.17:21:40::SCWMssOS::make -C microblaze_0/libsrc/Led_AXI_v1_0/src -s libs  "SHELL=CMD" "COMPILER=mb-gcc" "ASSEMBLER=mb-as" "ARCHIVER=mb-ar" "COMPILE
TRACE::2024-04-10.17:21:40::SCWMssOS::R_FLAGS=  -O2 -c -mcpu=v11.0 -mlittle-endian -mxl-soft-mul" "EXTRA_COMPILER_FLAGS=-g -ffunction-sections -fdata-sections -Wall 
TRACE::2024-04-10.17:21:40::SCWMssOS::-Wextra -fno-tree-loop-distribute-patterns"

TRACE::2024-04-10.17:21:40::SCWMssOS::"Compiling Led_AXI..."

ERROR::2024-04-10.17:21:40::SCWMssOS::Failed to build  the bsp sources for domain - standalone_domain
ERROR::2024-04-10.17:21:40::SCWSystem::Error in Processing the domain standalone_domain
LOG::2024-04-10.17:22:14::SCWPlatform::Started generating the artifacts platform PR_Platform
TRACE::2024-04-10.17:22:14::SCWPlatform::Sanity checking of platform is completed
LOG::2024-04-10.17:22:14::SCWPlatform::Started generating the artifacts for system configuration PR_Platform
LOG::2024-04-10.17:22:14::SCWSystem::Checking the domain standalone_domain
LOG::2024-04-10.17:22:14::SCWSystem::Not a boot domain 
LOG::2024-04-10.17:22:14::SCWSystem::Started Processing the domain standalone_domain
TRACE::2024-04-10.17:22:14::SCWDomain::Generating domain artifcats
TRACE::2024-04-10.17:22:14::SCWMssOS::Generating standalone artifcats
TRACE::2024-04-10.17:22:14::SCWMssOS:: Copying the user libraries. 
TRACE::2024-04-10.17:22:14::SCWPlatform::Trying to open the hw design at C:/VProject/Attempt_3_10-04-2024/LedCount/PR_Platform/hw/design_1_wrapper.xsa
TRACE::2024-04-10.17:22:14::SCWPlatform::DSA given C:/VProject/Attempt_3_10-04-2024/LedCount/PR_Platform/hw/design_1_wrapper.xsa
TRACE::2024-04-10.17:22:14::SCWPlatform::DSA absoulate path C:/VProject/Attempt_3_10-04-2024/LedCount/PR_Platform/hw/design_1_wrapper.xsa
TRACE::2024-04-10.17:22:14::SCWPlatform::DSA directory C:/VProject/Attempt_3_10-04-2024/LedCount/PR_Platform/hw
TRACE::2024-04-10.17:22:14::SCWPlatform:: Platform Path C:/VProject/Attempt_3_10-04-2024/LedCount/PR_Platform/hw/design_1_wrapper.xsa
TRACE::2024-04-10.17:22:14::SCWPlatform:: Unique name xilinx:nexys-a7-100t::0.0
TRACE::2024-04-10.17:22:14::SCWPlatform::Trying to set the existing hwdb with name design_1_wrapper_1
TRACE::2024-04-10.17:22:14::SCWPlatform::Opened existing hwdb design_1_wrapper_1
TRACE::2024-04-10.17:22:14::SCWPlatform::Found the Hw Db part of the input DSA
TRACE::2024-04-10.17:22:14::SCWMssOS::Checking the sw design at  C:/VProject/Attempt_3_10-04-2024/LedCount/PR_Platform/microblaze_0/standalone_domain/bsp/system.mss
TRACE::2024-04-10.17:22:14::SCWMssOS::DEBUG:  swdes dump  C:/VProject/Attempt_3_10-04-2024/LedCount/PR_Platform/microblaze_0/standalone_domain/bsp/system.mss|system||

TRACE::2024-04-10.17:22:14::SCWMssOS::Sw design exists and opened at  C:/VProject/Attempt_3_10-04-2024/LedCount/PR_Platform/microblaze_0/standalone_domain/bsp/system.mss
TRACE::2024-04-10.17:22:14::SCWMssOS::Completed writing the mss file at C:/VProject/Attempt_3_10-04-2024/LedCount/PR_Platform/microblaze_0/standalone_domain/bsp
TRACE::2024-04-10.17:22:14::SCWMssOS::Mss edits present, copying mssfile into export location C:/VProject/Attempt_3_10-04-2024/LedCount/PR_Platform/microblaze_0/standalone_domain/bsp/system.mss
TRACE::2024-04-10.17:22:14::SCWMssOS::bsp generated is upto date with the mss file. Skipping bsp generation.
TRACE::2024-04-10.17:22:14::SCWMssOS::BSP is already built. skipping the bsp build ... 
TRACE::2024-04-10.17:22:14::SCWDomain::Building the domain as part of full build :  standalone_domain
TRACE::2024-04-10.17:22:14::SCWMssOS::doing bsp build ... 
TRACE::2024-04-10.17:22:14::SCWMssOS::System Command Ran  C: & cd  C:/VProject/Attempt_3_10-04-2024/LedCount/PR_Platform/microblaze_0/standalone_domain/bsp & make 
TRACE::2024-04-10.17:22:14::SCWMssOS::make --no-print-directory seq_libs

TRACE::2024-04-10.17:22:14::SCWMssOS::"Running Make include in microblaze_0/libsrc/bram_v4_8/src"

TRACE::2024-04-10.17:22:14::SCWMssOS::make -C microblaze_0/libsrc/bram_v4_8/src -s include  "SHELL=CMD" "COMPILER=mb-gcc" "ASSEMBLER=mb-as" "ARCHIVER=mb-ar" "COMPILE
TRACE::2024-04-10.17:22:14::SCWMssOS::R_FLAGS=  -O2 -c -mcpu=v11.0 -mlittle-endian -mxl-soft-mul" "EXTRA_COMPILER_FLAGS=-g -ffunction-sections -fdata-sections -Wall 
TRACE::2024-04-10.17:22:14::SCWMssOS::-Wextra -fno-tree-loop-distribute-patterns"

TRACE::2024-04-10.17:22:14::SCWMssOS::"Running Make include in microblaze_0/libsrc/cpu_v2_17/src"

TRACE::2024-04-10.17:22:14::SCWMssOS::make -C microblaze_0/libsrc/cpu_v2_17/src -s include  "SHELL=CMD" "COMPILER=mb-gcc" "ASSEMBLER=mb-as" "ARCHIVER=mb-ar" "COMPILE
TRACE::2024-04-10.17:22:14::SCWMssOS::R_FLAGS=  -O2 -c -mcpu=v11.0 -mlittle-endian -mxl-soft-mul" "EXTRA_COMPILER_FLAGS=-g -ffunction-sections -fdata-sections -Wall 
TRACE::2024-04-10.17:22:14::SCWMssOS::-Wextra -fno-tree-loop-distribute-patterns"

TRACE::2024-04-10.17:22:14::SCWMssOS::"Running Make include in microblaze_0/libsrc/gpio_v4_9/src"

TRACE::2024-04-10.17:22:14::SCWMssOS::make -C microblaze_0/libsrc/gpio_v4_9/src -s include  "SHELL=CMD" "COMPILER=mb-gcc" "ASSEMBLER=mb-as" "ARCHIVER=mb-ar" "COMPILE
TRACE::2024-04-10.17:22:14::SCWMssOS::R_FLAGS=  -O2 -c -mcpu=v11.0 -mlittle-endian -mxl-soft-mul" "EXTRA_COMPILER_FLAGS=-g -ffunction-sections -fdata-sections -Wall 
TRACE::2024-04-10.17:22:14::SCWMssOS::-Wextra -fno-tree-loop-distribute-patterns"

TRACE::2024-04-10.17:22:14::SCWMssOS::"Running Make include in microblaze_0/libsrc/intc_v3_16/src"

TRACE::2024-04-10.17:22:14::SCWMssOS::make -C microblaze_0/libsrc/intc_v3_16/src -s include  "SHELL=CMD" "COMPILER=mb-gcc" "ASSEMBLER=mb-as" "ARCHIVER=mb-ar" "COMPIL
TRACE::2024-04-10.17:22:14::SCWMssOS::ER_FLAGS=  -O2 -c -mcpu=v11.0 -mlittle-endian -mxl-soft-mul" "EXTRA_COMPILER_FLAGS=-g -ffunction-sections -fdata-sections -Wall
TRACE::2024-04-10.17:22:14::SCWMssOS:: -Wextra -fno-tree-loop-distribute-patterns"

TRACE::2024-04-10.17:22:14::SCWMssOS::"Running Make include in microblaze_0/libsrc/Led_AXI_v1_0/src"

TRACE::2024-04-10.17:22:14::SCWMssOS::make -C microblaze_0/libsrc/Led_AXI_v1_0/src -s include  "SHELL=CMD" "COMPILER=mb-gcc" "ASSEMBLER=mb-as" "ARCHIVER=mb-ar" "COMP
TRACE::2024-04-10.17:22:14::SCWMssOS::ILER_FLAGS=  -O2 -c -mcpu=v11.0 -mlittle-endian -mxl-soft-mul" "EXTRA_COMPILER_FLAGS=-g -ffunction-sections -fdata-sections -Wa
TRACE::2024-04-10.17:22:14::SCWMssOS::ll -Wextra -fno-tree-loop-distribute-patterns"

TRACE::2024-04-10.17:22:14::SCWMssOS::"Running Make include in microblaze_0/libsrc/standalone_v8_1/src"

TRACE::2024-04-10.17:22:14::SCWMssOS::make -C microblaze_0/libsrc/standalone_v8_1/src -s include  "SHELL=CMD" "COMPILER=mb-gcc" "ASSEMBLER=mb-as" "ARCHIVER=mb-ar" "C
TRACE::2024-04-10.17:22:14::SCWMssOS::OMPILER_FLAGS=  -O2 -c -mcpu=v11.0 -mlittle-endian -mxl-soft-mul" "EXTRA_COMPILER_FLAGS=-g -ffunction-sections -fdata-sections 
TRACE::2024-04-10.17:22:14::SCWMssOS::-Wall -Wextra -fno-tree-loop-distribute-patterns"

TRACE::2024-04-10.17:22:14::SCWMssOS::"Running Make include in microblaze_0/libsrc/uartlite_v3_8/src"

TRACE::2024-04-10.17:22:14::SCWMssOS::make -C microblaze_0/libsrc/uartlite_v3_8/src -s include  "SHELL=CMD" "COMPILER=mb-gcc" "ASSEMBLER=mb-as" "ARCHIVER=mb-ar" "COM
TRACE::2024-04-10.17:22:14::SCWMssOS::PILER_FLAGS=  -O2 -c -mcpu=v11.0 -mlittle-endian -mxl-soft-mul" "EXTRA_COMPILER_FLAGS=-g -ffunction-sections -fdata-sections -W
TRACE::2024-04-10.17:22:14::SCWMssOS::all -Wextra -fno-tree-loop-distribute-patterns"

TRACE::2024-04-10.17:22:14::SCWMssOS::"Running Make libs in microblaze_0/libsrc/Led_AXI_v1_0/src"

TRACE::2024-04-10.17:22:15::SCWMssOS::make -C microblaze_0/libsrc/Led_AXI_v1_0/src -s libs  "SHELL=CMD" "COMPILER=mb-gcc" "ASSEMBLER=mb-as" "ARCHIVER=mb-ar" "COMPILE
TRACE::2024-04-10.17:22:15::SCWMssOS::R_FLAGS=  -O2 -c -mcpu=v11.0 -mlittle-endian -mxl-soft-mul" "EXTRA_COMPILER_FLAGS=-g -ffunction-sections -fdata-sections -Wall 
TRACE::2024-04-10.17:22:15::SCWMssOS::-Wextra -fno-tree-loop-distribute-patterns"

TRACE::2024-04-10.17:22:15::SCWMssOS::"Compiling Led_AXI..."

TRACE::2024-04-10.17:22:15::SCWMssOS::'Finished building libraries sequentially.'

TRACE::2024-04-10.17:22:15::SCWMssOS::make -j 10 --no-print-directory par_libs

TRACE::2024-04-10.17:22:15::SCWMssOS::"Running Make include in microblaze_0/libsrc/bram_v4_8/src"

TRACE::2024-04-10.17:22:15::SCWMssOS::make -C microblaze_0/libsrc/bram_v4_8/src -s include  "SHELL=CMD" "COMPILER=mb-gcc" "ASSEMBLER=mb-as" "ARCHIVER=mb-ar" "COMPILE
TRACE::2024-04-10.17:22:15::SCWMssOS::R_FLAGS=  -O2 -c -mcpu=v11.0 -mlittle-endian -mxl-soft-mul" "EXTRA_COMPILER_FLAGS=-g -ffunction-sections -fdata-sections -Wall 
TRACE::2024-04-10.17:22:15::SCWMssOS::-Wextra -fno-tree-loop-distribute-patterns"

TRACE::2024-04-10.17:22:15::SCWMssOS::"Running Make include in microblaze_0/libsrc/cpu_v2_17/src"

TRACE::2024-04-10.17:22:15::SCWMssOS::make -C microblaze_0/libsrc/cpu_v2_17/src -s include  "SHELL=CMD" "COMPILER=mb-gcc" "ASSEMBLER=mb-as" "ARCHIVER=mb-ar" "COMPILE
TRACE::2024-04-10.17:22:15::SCWMssOS::R_FLAGS=  -O2 -c -mcpu=v11.0 -mlittle-endian -mxl-soft-mul" "EXTRA_COMPILER_FLAGS=-g -ffunction-sections -fdata-sections -Wall 
TRACE::2024-04-10.17:22:15::SCWMssOS::-Wextra -fno-tree-loop-distribute-patterns"

TRACE::2024-04-10.17:22:15::SCWMssOS::"Running Make include in microblaze_0/libsrc/gpio_v4_9/src"

TRACE::2024-04-10.17:22:15::SCWMssOS::make -C microblaze_0/libsrc/gpio_v4_9/src -s include  "SHELL=CMD" "COMPILER=mb-gcc" "ASSEMBLER=mb-as" "ARCHIVER=mb-ar" "COMPILE
TRACE::2024-04-10.17:22:15::SCWMssOS::R_FLAGS=  -O2 -c -mcpu=v11.0 -mlittle-endian -mxl-soft-mul" "EXTRA_COMPILER_FLAGS=-g -ffunction-sections -fdata-sections -Wall 
TRACE::2024-04-10.17:22:15::SCWMssOS::-Wextra -fno-tree-loop-distribute-patterns"

TRACE::2024-04-10.17:22:15::SCWMssOS::"Running Make include in microblaze_0/libsrc/intc_v3_16/src"

TRACE::2024-04-10.17:22:15::SCWMssOS::make -C microblaze_0/libsrc/intc_v3_16/src -s include  "SHELL=CMD" "COMPILER=mb-gcc" "ASSEMBLER=mb-as" "ARCHIVER=mb-ar" "COMPIL
TRACE::2024-04-10.17:22:15::SCWMssOS::ER_FLAGS=  -O2 -c -mcpu=v11.0 -mlittle-endian -mxl-soft-mul" "EXTRA_COMPILER_FLAGS=-g -ffunction-sections -fdata-sections -Wall
TRACE::2024-04-10.17:22:15::SCWMssOS:: -Wextra -fno-tree-loop-distribute-patterns"

TRACE::2024-04-10.17:22:15::SCWMssOS::"Running Make include in microblaze_0/libsrc/Led_AXI_v1_0/src"

TRACE::2024-04-10.17:22:15::SCWMssOS::make -C microblaze_0/libsrc/Led_AXI_v1_0/src -s include  "SHELL=CMD" "COMPILER=mb-gcc" "ASSEMBLER=mb-as" "ARCHIVER=mb-ar" "COMP
TRACE::2024-04-10.17:22:15::SCWMssOS::ILER_FLAGS=  -O2 -c -mcpu=v11.0 -mlittle-endian -mxl-soft-mul" "EXTRA_COMPILER_FLAGS=-g -ffunction-sections -fdata-sections -Wa
TRACE::2024-04-10.17:22:15::SCWMssOS::ll -Wextra -fno-tree-loop-distribute-patterns"

TRACE::2024-04-10.17:22:15::SCWMssOS::"Running Make include in microblaze_0/libsrc/standalone_v8_1/src"

TRACE::2024-04-10.17:22:15::SCWMssOS::make -C microblaze_0/libsrc/standalone_v8_1/src -s include  "SHELL=CMD" "COMPILER=mb-gcc" "ASSEMBLER=mb-as" "ARCHIVER=mb-ar" "C
TRACE::2024-04-10.17:22:15::SCWMssOS::OMPILER_FLAGS=  -O2 -c -mcpu=v11.0 -mlittle-endian -mxl-soft-mul" "EXTRA_COMPILER_FLAGS=-g -ffunction-sections -fdata-sections 
TRACE::2024-04-10.17:22:15::SCWMssOS::-Wall -Wextra -fno-tree-loop-distribute-patterns"

TRACE::2024-04-10.17:22:15::SCWMssOS::"Running Make include in microblaze_0/libsrc/uartlite_v3_8/src"

TRACE::2024-04-10.17:22:15::SCWMssOS::make -C microblaze_0/libsrc/uartlite_v3_8/src -s include  "SHELL=CMD" "COMPILER=mb-gcc" "ASSEMBLER=mb-as" "ARCHIVER=mb-ar" "COM
TRACE::2024-04-10.17:22:15::SCWMssOS::PILER_FLAGS=  -O2 -c -mcpu=v11.0 -mlittle-endian -mxl-soft-mul" "EXTRA_COMPILER_FLAGS=-g -ffunction-sections -fdata-sections -W
TRACE::2024-04-10.17:22:15::SCWMssOS::all -Wextra -fno-tree-loop-distribute-patterns"

TRACE::2024-04-10.17:22:15::SCWMssOS::"Running Make libs in microblaze_0/libsrc/bram_v4_8/src"

TRACE::2024-04-10.17:22:15::SCWMssOS::make -C microblaze_0/libsrc/bram_v4_8/src -s libs  "SHELL=CMD" "COMPILER=mb-gcc" "ASSEMBLER=mb-as" "ARCHIVER=mb-ar" "COMPILER_F
TRACE::2024-04-10.17:22:15::SCWMssOS::LAGS=  -O2 -c -mcpu=v11.0 -mlittle-endian -mxl-soft-mul" "EXTRA_COMPILER_FLAGS=-g -ffunction-sections -fdata-sections -Wall -We
TRACE::2024-04-10.17:22:15::SCWMssOS::xtra -fno-tree-loop-distribute-patterns"

TRACE::2024-04-10.17:22:15::SCWMssOS::"Running Make libs in microblaze_0/libsrc/cpu_v2_17/src"

TRACE::2024-04-10.17:22:15::SCWMssOS::make -C microblaze_0/libsrc/cpu_v2_17/src -s libs  "SHELL=CMD" "COMPILER=mb-gcc" "ASSEMBLER=mb-as" "ARCHIVER=mb-ar" "COMPILER_F
TRACE::2024-04-10.17:22:15::SCWMssOS::LAGS=  -O2 -c -mcpu=v11.0 -mlittle-endian -mxl-soft-mul" "EXTRA_COMPILER_FLAGS=-g -ffunction-sections -fdata-sections -Wall -We
TRACE::2024-04-10.17:22:15::SCWMssOS::xtra -fno-tree-loop-distribute-patterns"

TRACE::2024-04-10.17:22:15::SCWMssOS::"Running Make libs in microblaze_0/libsrc/gpio_v4_9/src"

TRACE::2024-04-10.17:22:15::SCWMssOS::make -C microblaze_0/libsrc/gpio_v4_9/src -s libs  "SHELL=CMD" "COMPILER=mb-gcc" "ASSEMBLER=mb-as" "ARCHIVER=mb-ar" "COMPILER_F
TRACE::2024-04-10.17:22:15::SCWMssOS::LAGS=  -O2 -c -mcpu=v11.0 -mlittle-endian -mxl-soft-mul" "EXTRA_COMPILER_FLAGS=-g -ffunction-sections -fdata-sections -Wall -We
TRACE::2024-04-10.17:22:15::SCWMssOS::xtra -fno-tree-loop-distribute-patterns"

TRACE::2024-04-10.17:22:15::SCWMssOS::"Running Make libs in microblaze_0/libsrc/intc_v3_16/src"

TRACE::2024-04-10.17:22:15::SCWMssOS::"Running Make libs in microblaze_0/libsrc/standalone_v8_1/src"

TRACE::2024-04-10.17:22:15::SCWMssOS::make -C microblaze_0/libsrc/intc_v3_16/src -s libs  "SHELL=CMD" "COMPILER=mb-gcc" "ASSEMBLER=mb-as" "ARCHIVER=mb-ar" "COMPILER_
TRACE::2024-04-10.17:22:15::SCWMssOS::FLAGS=  -O2 -c -mcpu=v11.0 -mlittle-endian -mxl-soft-mul" "EXTRA_COMPILER_FLAGS=-g -ffunction-sections -fdata-sections -Wall -W
TRACE::2024-04-10.17:22:15::SCWMssOS::extra -fno-tree-loop-distribute-patterns"

TRACE::2024-04-10.17:22:15::SCWMssOS::make -C microblaze_0/libsrc/standalone_v8_1/src -s libs  "SHELL=CMD" "COMPILER=mb-gcc" "ASSEMBLER=mb-as" "ARCHIVER=mb-ar" "COMP
TRACE::2024-04-10.17:22:15::SCWMssOS::ILER_FLAGS=  -O2 -c -mcpu=v11.0 -mlittle-endian -mxl-soft-mul" "EXTRA_COMPILER_FLAGS=-g -ffunction-sections -fdata-sections -Wa
TRACE::2024-04-10.17:22:15::SCWMssOS::ll -Wextra -fno-tree-loop-distribute-patterns"

TRACE::2024-04-10.17:22:15::SCWMssOS::"Running Make libs in microblaze_0/libsrc/uartlite_v3_8/src"

TRACE::2024-04-10.17:22:15::SCWMssOS::make -C microblaze_0/libsrc/uartlite_v3_8/src -s libs  "SHELL=CMD" "COMPILER=mb-gcc" "ASSEMBLER=mb-as" "ARCHIVER=mb-ar" "COMPIL
TRACE::2024-04-10.17:22:15::SCWMssOS::ER_FLAGS=  -O2 -c -mcpu=v11.0 -mlittle-endian -mxl-soft-mul" "EXTRA_COMPILER_FLAGS=-g -ffunction-sections -fdata-sections -Wall
TRACE::2024-04-10.17:22:15::SCWMssOS:: -Wextra -fno-tree-loop-distribute-patterns"

TRACE::2024-04-10.17:22:17::SCWMssOS::"DEBUG NON_LTO_OBJECTS is ../../../lib/microblaze_interrupt_handler.o"

TRACE::2024-04-10.17:22:17::SCWMssOS::'Finished building libraries parallelly.'

TRACE::2024-04-10.17:22:17::SCWMssOS::make --no-print-directory archive

TRACE::2024-04-10.17:22:17::SCWMssOS::mb-ar -r  microblaze_0/lib/libxil.a microblaze_0/lib/_exit.o microblaze_0/lib/errno.o microblaze_0/lib/fcntl.o microblaze_0/lib
TRACE::2024-04-10.17:22:17::SCWMssOS::/hw_exception_handler.o microblaze_0/lib/inbyte.o microblaze_0/lib/microblaze_disable_dcache.o microblaze_0/lib/microblaze_disa
TRACE::2024-04-10.17:22:17::SCWMssOS::ble_exceptions.o microblaze_0/lib/microblaze_disable_icache.o microblaze_0/lib/microblaze_disable_interrupts.o microblaze_0/lib
TRACE::2024-04-10.17:22:17::SCWMssOS::/microblaze_enable_dcache.o microblaze_0/lib/microblaze_enable_exceptions.o microblaze_0/lib/microblaze_enable_icache.o microbl
TRACE::2024-04-10.17:22:17::SCWMssOS::aze_0/lib/microblaze_enable_interrupts.o microblaze_0/lib/microblaze_exception_handler.o microblaze_0/lib/microblaze_flush_cach
TRACE::2024-04-10.17:22:17::SCWMssOS::e_ext.o microblaze_0/lib/microblaze_flush_cache_ext_range.o microblaze_0/lib/microblaze_flush_dcache.o microblaze_0/lib/microbl
TRACE::2024-04-10.17:22:17::SCWMssOS::aze_flush_dcache_range.o microblaze_0/lib/microblaze_init_dcache_range.o microblaze_0/lib/microblaze_init_icache_range.o microb
TRACE::2024-04-10.17:22:17::SCWMssOS::laze_0/lib/microblaze_interrupt_handler.o microblaze_0/lib/microblaze_interrupts_g.o microblaze_0/lib/microblaze_invalidate_cac
TRACE::2024-04-10.17:22:17::SCWMssOS::he_ext.o microblaze_0/lib/microblaze_invalidate_cache_ext_range.o microblaze_0/lib/microblaze_invalidate_dcache.o microblaze_0/
TRACE::2024-04-10.17:22:17::SCWMssOS::lib/microblaze_invalidate_dcache_range.o microblaze_0/lib/microblaze_invalidate_icache.o microblaze_0/lib/microblaze_invalidate
TRACE::2024-04-10.17:22:17::SCWMssOS::_icache_range.o microblaze_0/lib/microblaze_scrub.o microblaze_0/lib/microblaze_selftest.o microblaze_0/lib/microblaze_sleep.o 
TRACE::2024-04-10.17:22:17::SCWMssOS::microblaze_0/lib/microblaze_update_dcache.o microblaze_0/lib/microblaze_update_icache.o microblaze_0/lib/outbyte.o microblaze_0
TRACE::2024-04-10.17:22:17::SCWMssOS::/lib/print.o microblaze_0/lib/pvr.o microblaze_0/lib/xbram.o microblaze_0/lib/xbram_g.o microblaze_0/lib/xbram_intr.o microblaz
TRACE::2024-04-10.17:22:17::SCWMssOS::e_0/lib/xbram_selftest.o microblaze_0/lib/xbram_sinit.o microblaze_0/lib/xgpio.o microblaze_0/lib/xgpio_extra.o microblaze_0/li
TRACE::2024-04-10.17:22:17::SCWMssOS::b/xgpio_g.o microblaze_0/lib/xgpio_intr.o microblaze_0/lib/xgpio_selftest.o microblaze_0/lib/xgpio_sinit.o microblaze_0/lib/xil
TRACE::2024-04-10.17:22:17::SCWMssOS::_assert.o microblaze_0/lib/xil_cache.o microblaze_0/lib/xil_clocking.o microblaze_0/lib/xil_exception.o microblaze_0/lib/xil_me
TRACE::2024-04-10.17:22:17::SCWMssOS::m.o microblaze_0/lib/xil_misc_psreset_api.o microblaze_0/lib/xil_printf.o microblaze_0/lib/xil_sleepcommon.o microblaze_0/lib/x
TRACE::2024-04-10.17:22:17::SCWMssOS::il_testcache.o microblaze_0/lib/xil_testio.o microblaze_0/lib/xil_testmem.o microblaze_0/lib/xil_util.o microblaze_0/lib/xintc.
TRACE::2024-04-10.17:22:17::SCWMssOS::o microblaze_0/lib/xintc_g.o microblaze_0/lib/xintc_intr.o microblaze_0/lib/xintc_l.o microblaze_0/lib/xintc_options.o microbla
TRACE::2024-04-10.17:22:17::SCWMssOS::ze_0/lib/xintc_selftest.o microblaze_0/lib/xinterrupt_wrap.o microblaze_0/lib/xio.o microblaze_0/lib/xplatform_info.o microblaz
TRACE::2024-04-10.17:22:17::SCWMssOS::e_0/lib/xuartlite.o microblaze_0/lib/xuartlite_g.o microblaze_0/lib/xuartlite_intr.o microblaze_0/lib/xuartlite_l.o microblaze_
TRACE::2024-04-10.17:22:17::SCWMssOS::0/lib/xuartlite_selftest.o microblaze_0/lib/xuartlite_sinit.o microblaze_0/lib/xuartlite_stats.o

TRACE::2024-04-10.17:22:17::SCWMssOS::'Finished building libraries'

TRACE::2024-04-10.17:22:17::SCWMssOS::Copying to export directory.
TRACE::2024-04-10.17:22:18::SCWMssOS:: Checking if to create the Supporting Applications
TRACE::2024-04-10.17:22:18::SCWMssOS:: No Linux domain exists, trying to generate FSBL 
LOG::2024-04-10.17:22:18::SCWSystem::Completed Processing the domain standalone_domain
LOG::2024-04-10.17:22:18::SCWSystem::Completed Processing the sysconfig PR_Platform
LOG::2024-04-10.17:22:18::SCWPlatform::Completed generating the artifacts for system configuration PR_Platform
TRACE::2024-04-10.17:22:18::SCWPlatform::Started preparing the platform 
TRACE::2024-04-10.17:22:18::SCWSystem::Writing the bif file for system config PR_Platform
TRACE::2024-04-10.17:22:18::SCWSystem::dir created 
TRACE::2024-04-10.17:22:18::SCWSystem::Writing the bif 
TRACE::2024-04-10.17:22:18::SCWPlatform::Started writing the spfm file 
TRACE::2024-04-10.17:22:18::SCWPlatform::Started writing the xpfm file 
TRACE::2024-04-10.17:22:18::SCWPlatform::Completed generating the platform
TRACE::2024-04-10.17:22:18::SCWMssOS::Saving the mss changes C:/VProject/Attempt_3_10-04-2024/LedCount/PR_Platform/microblaze_0/standalone_domain/bsp/system.mss
TRACE::2024-04-10.17:22:18::SCWMssOS::Found a swdesign opened with the mssfile.
TRACE::2024-04-10.17:22:18::SCWMssOS::Completed writemss as part of save.
TRACE::2024-04-10.17:22:18::SCWMssOS::Commit changes completed.
TRACE::2024-04-10.17:22:18::SCWPlatform::Trying to open the hw design at C:/VProject/Attempt_3_10-04-2024/LedCount/PR_Platform/hw/design_1_wrapper.xsa
TRACE::2024-04-10.17:22:18::SCWPlatform::DSA given C:/VProject/Attempt_3_10-04-2024/LedCount/PR_Platform/hw/design_1_wrapper.xsa
TRACE::2024-04-10.17:22:18::SCWPlatform::DSA absoulate path C:/VProject/Attempt_3_10-04-2024/LedCount/PR_Platform/hw/design_1_wrapper.xsa
TRACE::2024-04-10.17:22:18::SCWPlatform::DSA directory C:/VProject/Attempt_3_10-04-2024/LedCount/PR_Platform/hw
TRACE::2024-04-10.17:22:18::SCWPlatform:: Platform Path C:/VProject/Attempt_3_10-04-2024/LedCount/PR_Platform/hw/design_1_wrapper.xsa
TRACE::2024-04-10.17:22:18::SCWPlatform:: Unique name xilinx:nexys-a7-100t::0.0
TRACE::2024-04-10.17:22:18::SCWPlatform::Trying to set the existing hwdb with name design_1_wrapper_1
TRACE::2024-04-10.17:22:18::SCWPlatform::Opened existing hwdb design_1_wrapper_1
TRACE::2024-04-10.17:22:18::SCWPlatform::Found the Hw Db part of the input DSA
TRACE::2024-04-10.17:22:18::SCWMssOS::Checking the sw design at  C:/VProject/Attempt_3_10-04-2024/LedCount/PR_Platform/microblaze_0/standalone_domain/bsp/system.mss
TRACE::2024-04-10.17:22:18::SCWMssOS::DEBUG:  swdes dump  C:/VProject/Attempt_3_10-04-2024/LedCount/PR_Platform/microblaze_0/standalone_domain/bsp/system.mss|system||

TRACE::2024-04-10.17:22:18::SCWMssOS::Sw design exists and opened at  C:/VProject/Attempt_3_10-04-2024/LedCount/PR_Platform/microblaze_0/standalone_domain/bsp/system.mss
TRACE::2024-04-10.17:22:18::SCWWriter::formatted JSON is {
	"platformName":	"PR_Platform",
	"sprVersion":	"2.0",
	"mode":	"gui",
	"dsaType":	"Fixed",
	"platformDesc":	"PR_Platform",
	"platHandOff":	"C:/Users/jasme/Desktop/BacheloreProject/DynamicFunctionExchange/New_Management/Attempt_3_10-04-2024/LedCount/design_1_wrapper.xsa",
	"platIntHandOff":	"<platformDir>/hw/design_1_wrapper.xsa",
	"deviceType":	"FPGA",
	"platIsPrebuiltAutogen":	"false",
	"platIsNoBootBsp":	"false",
	"hasFsblMakeHasChanges":	"false",
	"hasPmufwMakeHasChanges":	"false",
	"platPreBuiltFlag":	false,
	"platformSamplesDir":	"",
	"platActiveSys":	"PR_Platform",
	"systems":	[{
			"systemName":	"PR_Platform",
			"systemDesc":	"PR_Platform",
			"sysIsBootAutoGen":	"true",
			"systemDispName":	"PR_Platform",
			"sysActiveDom":	"standalone_domain",
			"sysDefaultDom":	"standalone_domain",
			"domains":	[{
					"domainName":	"standalone_domain",
					"domainDispName":	"standalone on microblaze_0",
					"domainDesc":	"standalone_domain",
					"processors":	"microblaze_0",
					"os":	"standalone",
					"sdxOs":	"standalone",
					"debugEnable":	"False",
					"domRuntimes":	["cpp"],
					"swRepo":	"",
					"mssOsVer":	"8.1",
					"mssFile":	"",
					"md5Digest":	"6b03bc7e69e2a5f02236b2339ae51ec9",
					"compatibleApp":	"",
					"domType":	"mssDomain",
					"arch":	"32-bit",
					"appSettings":	{
						"appCompilerFlags":	"",
						"appLinkerFlags":	""
					},
					"addedLibs":	[],
					"libOptions":	{
						"libsContainingOptions":	[]
					},
					"prebuiltLibs":	{
						"prebuiltIncPath":	[],
						"prebuiltLibPath":	[]
					},
					"isolation":	{
					}
				}]
		}]
}
KEYINFO::2024-04-10.17:22:18::SCWPlatform::updated the xpfm file.
TRACE::2024-04-10.17:22:18::SCWPlatform::Trying to open the hw design at C:/VProject/Attempt_3_10-04-2024/LedCount/PR_Platform/hw/design_1_wrapper.xsa
TRACE::2024-04-10.17:22:18::SCWPlatform::DSA given C:/VProject/Attempt_3_10-04-2024/LedCount/PR_Platform/hw/design_1_wrapper.xsa
TRACE::2024-04-10.17:22:18::SCWPlatform::DSA absoulate path C:/VProject/Attempt_3_10-04-2024/LedCount/PR_Platform/hw/design_1_wrapper.xsa
TRACE::2024-04-10.17:22:18::SCWPlatform::DSA directory C:/VProject/Attempt_3_10-04-2024/LedCount/PR_Platform/hw
TRACE::2024-04-10.17:22:18::SCWPlatform:: Platform Path C:/VProject/Attempt_3_10-04-2024/LedCount/PR_Platform/hw/design_1_wrapper.xsa
TRACE::2024-04-10.17:22:18::SCWPlatform:: Unique name xilinx:nexys-a7-100t::0.0
TRACE::2024-04-10.17:22:18::SCWPlatform::Trying to set the existing hwdb with name design_1_wrapper_1
TRACE::2024-04-10.17:22:18::SCWPlatform::Opened existing hwdb design_1_wrapper_1
TRACE::2024-04-10.17:22:18::SCWPlatform::Found the Hw Db part of the input DSA
TRACE::2024-04-10.17:22:18::SCWMssOS::Checking the sw design at  C:/VProject/Attempt_3_10-04-2024/LedCount/PR_Platform/microblaze_0/standalone_domain/bsp/system.mss
TRACE::2024-04-10.17:22:18::SCWMssOS::DEBUG:  swdes dump  C:/VProject/Attempt_3_10-04-2024/LedCount/PR_Platform/microblaze_0/standalone_domain/bsp/system.mss|system||

TRACE::2024-04-10.17:22:18::SCWMssOS::Sw design exists and opened at  C:/VProject/Attempt_3_10-04-2024/LedCount/PR_Platform/microblaze_0/standalone_domain/bsp/system.mss
