	#HD: Parsing log file "./Synth/Static/create_project.log":


	#HD: Parsing log file "./Synth/Static/axi_emc_inst_add.log":


	#HD: Parsing log file "./Synth/Static/axi_emc_inst_generate.log":


	#HD: Parsing log file "./Synth/Static/dfx_controller_add.log":


	#HD: Parsing log file "./Synth/Static/dfx_controller_synth.log":


	#HD: Parsing log file "./Synth/Static/jtag_to_axi_add.log":


	#HD: Parsing log file "./Synth/Static/jtag_to_axi_synth.log":


	#HD: Parsing log file "./Synth/Static/ila_vs_count_add.log":


	#HD: Parsing log file "./Synth/Static/ila_vs_count_generate.log":


	#HD: Parsing log file "./Synth/Static/ila_vs_shift_add.log":


	#HD: Parsing log file "./Synth/Static/ila_vs_shift_generate.log":


	#HD: Parsing log file "./Synth/Static/ila_rom_add.log":


	#HD: Parsing log file "./Synth/Static/ila_rom_generate.log":


	#HD: Parsing log file "./Synth/Static/ila_axi_mem_add.log":


	#HD: Parsing log file "./Synth/Static/ila_axi_mem_generate.log":


	#HD: Parsing log file "./Synth/Static/ila_axi_reg_add.log":


	#HD: Parsing log file "./Synth/Static/ila_axi_reg_generate.log":


	#HD: Parsing log file "./Synth/Static/ila_icap_add.log":


	#HD: Parsing log file "./Synth/Static/ila_icap_generate.log":


	#HD: Parsing log file "./Synth/Static/top_synth_design.rds":


