
*** Running vivado
    with args -log LED_PR_dlmb_v10_0.vds -m64 -product Vivado -mode batch -messageDb vivado.pb -notrace -source LED_PR_dlmb_v10_0.tcl


ECHO is off.
ECHO is off.

****** Vivado v2023.1 (64-bit)
  **** SW Build 3865809 on Sun May  7 15:05:29 MDT 2023
  **** IP Build 3864474 on Sun May  7 20:36:21 MDT 2023
  **** SharedData Build 3865790 on Sun May 07 13:33:03 MDT 2023
    ** Copyright 1986-2022 Xilinx, Inc. All Rights Reserved.
    ** Copyright 2022-2023 Advanced Micro Devices, Inc. All Rights Reserved.

source LED_PR_dlmb_v10_0.tcl -notrace
create_project: Time (s): cpu = 00:00:05 ; elapsed = 00:00:10 . Memory (MB): peak = 440.938 ; gain = 161.605
INFO: [IP_Flow 19-234] Refreshing IP repositories
INFO: [IP_Flow 19-1700] Loaded user IP repository 'c:/VProject/Attempt_2_09-04-2024/ip_repo/Led_SAXI_01_1_0'.
INFO: [IP_Flow 19-2313] Loaded Vivado IP repository 'D:/Xilinx/Vivado/2023.1/data/ip'.
INFO: [IP_Flow 19-6924] IPCACHE: Running cache check for IP inst: LED_PR_dlmb_v10_0
INFO: [IP_Flow 19-6922] IPCACHE: Exporting cached entry 1ab55baa924c9d45 to dir: C:/VProject/Attempt_2_09-04-2024/SAXI_MB_PR_01/SAXI_MB_PR_01.runs/LED_PR_dlmb_v10_0_synth_1
INFO: [IP_Flow 19-6928] IPCACHE: copied cached file c:/VProject/Attempt_2_09-04-2024/SAXI_MB_PR_01/SAXI_MB_PR_01.cache/ip/2023.1/1/a/1ab55baa924c9d45/LED_PR_ilmb_v10_0.dcp to C:/VProject/Attempt_2_09-04-2024/SAXI_MB_PR_01/SAXI_MB_PR_01.runs/LED_PR_dlmb_v10_0_synth_1/LED_PR_dlmb_v10_0.dcp.
INFO: [IP_Flow 19-6928] IPCACHE: copied cached file c:/VProject/Attempt_2_09-04-2024/SAXI_MB_PR_01/SAXI_MB_PR_01.cache/ip/2023.1/1/a/1ab55baa924c9d45/LED_PR_ilmb_v10_0_sim_netlist.v to C:/VProject/Attempt_2_09-04-2024/SAXI_MB_PR_01/SAXI_MB_PR_01.runs/LED_PR_dlmb_v10_0_synth_1/LED_PR_dlmb_v10_0_sim_netlist.v.
INFO: [IP_Flow 19-6928] IPCACHE: copied cached file c:/VProject/Attempt_2_09-04-2024/SAXI_MB_PR_01/SAXI_MB_PR_01.cache/ip/2023.1/1/a/1ab55baa924c9d45/LED_PR_ilmb_v10_0_sim_netlist.vhdl to C:/VProject/Attempt_2_09-04-2024/SAXI_MB_PR_01/SAXI_MB_PR_01.runs/LED_PR_dlmb_v10_0_synth_1/LED_PR_dlmb_v10_0_sim_netlist.vhdl.
INFO: [IP_Flow 19-6928] IPCACHE: copied cached file c:/VProject/Attempt_2_09-04-2024/SAXI_MB_PR_01/SAXI_MB_PR_01.cache/ip/2023.1/1/a/1ab55baa924c9d45/LED_PR_ilmb_v10_0_stub.v to C:/VProject/Attempt_2_09-04-2024/SAXI_MB_PR_01/SAXI_MB_PR_01.runs/LED_PR_dlmb_v10_0_synth_1/LED_PR_dlmb_v10_0_stub.v.
INFO: [IP_Flow 19-6928] IPCACHE: copied cached file c:/VProject/Attempt_2_09-04-2024/SAXI_MB_PR_01/SAXI_MB_PR_01.cache/ip/2023.1/1/a/1ab55baa924c9d45/LED_PR_ilmb_v10_0_stub.vhdl to C:/VProject/Attempt_2_09-04-2024/SAXI_MB_PR_01/SAXI_MB_PR_01.runs/LED_PR_dlmb_v10_0_synth_1/LED_PR_dlmb_v10_0_stub.vhdl.
INFO: [IP_Flow 19-4838] Using cached IP synthesis design for IP LED_PR_dlmb_v10_0, cache-ID = 1ab55baa924c9d45.
INFO: [Common 17-206] Exiting Vivado at Tue Apr  9 17:08:58 2024...
