12:24:36 **** Incremental Build of configuration Debug for project DFX_Led_SdCheck ****
make all 
'Building file: ../src/Main.c'
'Invoking: MicroBlaze gcc compiler'
mb-gcc -Wall -O0 -g3 -c -fmessage-length=0 -MT"src/Main.o" -IC:/VProject/Attempt_4_10-04-2024/LedCount/LedCount.sdk/DFX_Led_Platform/export/DFX_Led_Platform/sw/DFX_Led_Platform/standalone_domain/bspinclude/include -mlittle-endian -mcpu=v11.0 -mxl-soft-mul -Wl,--no-relax -ffunction-sections -fdata-sections -MMD -MP -MF"src/Main.d" -MT"src/Main.o" -o "src/Main.o" "../src/Main.c"
In file included from ../src/Main.c:54:
C:/VProject/Attempt_4_10-04-2024/LedCount/LedCount.sdk/DFX_Led_Platform/export/DFX_Led_Platform/sw/DFX_Led_Platform/standalone_domain/bspinclude/include/xbasic_types.h:102:2: warning: #warning The xbasics_type.h file is deprecated and users should use xil_types.h and xil_assert. [-Wcpp]
  102 | #warning  The xbasics_type.h file is deprecated and users should use xil_types.h and xil_assert.
      |  ^~~~~~~
C:/VProject/Attempt_4_10-04-2024/LedCount/LedCount.sdk/DFX_Led_Platform/export/DFX_Led_Platform/sw/DFX_Led_Platform/standalone_domain/bspinclude/include/xbasic_types.h:103:2: warning: #warning Please refer the Standalone BSP UG647 for further details [-Wcpp]
  103 | #warning  Please refer the Standalone BSP UG647 for further details
      |  ^~~~~~~
../src/Main.c: In function 'main':
../src/Main.c:91:13: warning: unused variable 'choice' [-Wunused-variable]
   91 |         int choice;
      |             ^~~~~~
'Finished building: ../src/Main.c'
' '
'Building target: DFX_Led_SdCheck.elf'
'Invoking: MicroBlaze gcc linker'
mb-gcc -Wl,-T -Wl,../src/lscript.ld -LC:/VProject/Attempt_4_10-04-2024/LedCount/LedCount.sdk/DFX_Led_Platform/export/DFX_Led_Platform/sw/DFX_Led_Platform/standalone_domain/bsplib/lib -mlittle-endian -mcpu=v11.0 -mxl-soft-mul -Wl,--no-relax -Wl,--gc-sections -o "DFX_Led_SdCheck.elf"  ./src/Main.o ./src/platform.o   -Wl,--start-group,-lxil,-lgcc,-lc,--end-group -Wl,--start-group,-lxilffs,-lxil,-lgcc,-lc,--end-group
d:/xilinx/vitis/2023.1/gnu/microblaze/nt/x86_64-oesdk-mingw32/usr/bin/microblaze-xilinx-elf/../../libexec/microblaze-xilinx-elf/gcc/microblaze-xilinx-elf/12.2.0/ld.exe: ./src/Main.o: in function `main':
C:\VProject\Attempt_4_10-04-2024\LedCount\LedCount.sdk\DFX_Led_SdCheck\Debug/../src/Main.c:102: undefined reference to `f_mount'
d:/xilinx/vitis/2023.1/gnu/microblaze/nt/x86_64-oesdk-mingw32/usr/bin/microblaze-xilinx-elf/../../libexec/microblaze-xilinx-elf/gcc/microblaze-xilinx-elf/12.2.0/ld.exe: C:\VProject\Attempt_4_10-04-2024\LedCount\LedCount.sdk\DFX_Led_SdCheck\Debug/../src/Main.c:116: undefined reference to `f_open'
d:/xilinx/vitis/2023.1/gnu/microblaze/nt/x86_64-oesdk-mingw32/usr/bin/microblaze-xilinx-elf/../../libexec/microblaze-xilinx-elf/gcc/microblaze-xilinx-elf/12.2.0/ld.exe: C:\VProject\Attempt_4_10-04-2024\LedCount\LedCount.sdk\DFX_Led_SdCheck\Debug/../src/Main.c:121: undefined reference to `f_lseek'
d:/xilinx/vitis/2023.1/gnu/microblaze/nt/x86_64-oesdk-mingw32/usr/bin/microblaze-xilinx-elf/../../libexec/microblaze-xilinx-elf/gcc/microblaze-xilinx-elf/12.2.0/ld.exe: C:\VProject\Attempt_4_10-04-2024\LedCount\LedCount.sdk\DFX_Led_SdCheck\Debug/../src/Main.c:126: undefined reference to `f_read'
d:/xilinx/vitis/2023.1/gnu/microblaze/nt/x86_64-oesdk-mingw32/usr/bin/microblaze-xilinx-elf/../../libexec/microblaze-xilinx-elf/gcc/microblaze-xilinx-elf/12.2.0/ld.exe: C:\VProject\Attempt_4_10-04-2024\LedCount\LedCount.sdk\DFX_Led_SdCheck\Debug/../src/Main.c:132: undefined reference to `f_close'
collect2.exe: error: ld returned 1 exit status
make: *** [makefile:38: DFX_Led_SdCheck.elf] Error 1

12:24:36 Build Finished (took 460ms)

