
*** Running vivado
    with args -log design_1_ilmb_v10_0.vds -m64 -product Vivado -mode batch -messageDb vivado.pb -notrace -source design_1_ilmb_v10_0.tcl


ECHO is off.
ECHO is off.

****** Vivado v2023.1 (64-bit)
  **** SW Build 3865809 on Sun May  7 15:05:29 MDT 2023
  **** IP Build 3864474 on Sun May  7 20:36:21 MDT 2023
  **** SharedData Build 3865790 on Sun May 07 13:33:03 MDT 2023
    ** Copyright 1986-2022 Xilinx, Inc. All Rights Reserved.
    ** Copyright 2022-2023 Advanced Micro Devices, Inc. All Rights Reserved.

source design_1_ilmb_v10_0.tcl -notrace
create_project: Time (s): cpu = 00:00:05 ; elapsed = 00:00:11 . Memory (MB): peak = 440.945 ; gain = 161.961
INFO: [IP_Flow 19-234] Refreshing IP repositories
INFO: [IP_Flow 19-1700] Loaded user IP repository 'c:/Users/jasme/Desktop/BacheloreProject/DynamicFunctionExchange/New_Management/Attempt_1_04-04-2024/ip_repo'.
INFO: [IP_Flow 19-2313] Loaded Vivado IP repository 'D:/Xilinx/Vivado/2023.1/data/ip'.
WARNING: [IP_Flow 19-4995] The host OS only allows 260 characters in a normal path. The IP cache path is more than 80 characters. If you experience issues with IP caching, please consider changing the IP cache to a location with a shorter path. Alternately consider using the OS subst command to map part of the path to a drive letter. 
Current IP cache path is c:/Users/jasme/Desktop/BacheloreProject/DynamicFunctionExchange/New_Management/Attempt_1_04-04-2024/SAXI_MB_PR_HW_SW_01/SAXI_MB_PR_HW_SW_01.cache/ip 
INFO: [IP_Flow 19-6924] IPCACHE: Running cache check for IP inst: design_1_ilmb_v10_0
INFO: [IP_Flow 19-6922] IPCACHE: Exporting cached entry 1ab55baa924c9d45 to dir: C:/Users/jasme/Desktop/BacheloreProject/DynamicFunctionExchange/New_Management/Attempt_1_04-04-2024/SAXI_MB_PR_HW_SW_01/SAXI_MB_PR_HW_SW_01.runs/design_1_ilmb_v10_0_synth_1
INFO: [IP_Flow 19-6928] IPCACHE: copied cached file c:/Users/jasme/Desktop/BacheloreProject/DynamicFunctionExchange/New_Management/Attempt_1_04-04-2024/SAXI_MB_PR_HW_SW_01/SAXI_MB_PR_HW_SW_01.cache/ip/2023.1/1/a/1ab55baa924c9d45/design_1_dlmb_v10_0.dcp to C:/Users/jasme/Desktop/BacheloreProject/DynamicFunctionExchange/New_Management/Attempt_1_04-04-2024/SAXI_MB_PR_HW_SW_01/SAXI_MB_PR_HW_SW_01.runs/design_1_ilmb_v10_0_synth_1/design_1_ilmb_v10_0.dcp.
INFO: [IP_Flow 19-6928] IPCACHE: copied cached file c:/Users/jasme/Desktop/BacheloreProject/DynamicFunctionExchange/New_Management/Attempt_1_04-04-2024/SAXI_MB_PR_HW_SW_01/SAXI_MB_PR_HW_SW_01.cache/ip/2023.1/1/a/1ab55baa924c9d45/design_1_dlmb_v10_0_sim_netlist.v to C:/Users/jasme/Desktop/BacheloreProject/DynamicFunctionExchange/New_Management/Attempt_1_04-04-2024/SAXI_MB_PR_HW_SW_01/SAXI_MB_PR_HW_SW_01.runs/design_1_ilmb_v10_0_synth_1/design_1_ilmb_v10_0_sim_netlist.v.
INFO: [IP_Flow 19-6928] IPCACHE: copied cached file c:/Users/jasme/Desktop/BacheloreProject/DynamicFunctionExchange/New_Management/Attempt_1_04-04-2024/SAXI_MB_PR_HW_SW_01/SAXI_MB_PR_HW_SW_01.cache/ip/2023.1/1/a/1ab55baa924c9d45/design_1_dlmb_v10_0_sim_netlist.vhdl to C:/Users/jasme/Desktop/BacheloreProject/DynamicFunctionExchange/New_Management/Attempt_1_04-04-2024/SAXI_MB_PR_HW_SW_01/SAXI_MB_PR_HW_SW_01.runs/design_1_ilmb_v10_0_synth_1/design_1_ilmb_v10_0_sim_netlist.vhdl.
INFO: [IP_Flow 19-6928] IPCACHE: copied cached file c:/Users/jasme/Desktop/BacheloreProject/DynamicFunctionExchange/New_Management/Attempt_1_04-04-2024/SAXI_MB_PR_HW_SW_01/SAXI_MB_PR_HW_SW_01.cache/ip/2023.1/1/a/1ab55baa924c9d45/design_1_dlmb_v10_0_stub.v to C:/Users/jasme/Desktop/BacheloreProject/DynamicFunctionExchange/New_Management/Attempt_1_04-04-2024/SAXI_MB_PR_HW_SW_01/SAXI_MB_PR_HW_SW_01.runs/design_1_ilmb_v10_0_synth_1/design_1_ilmb_v10_0_stub.v.
INFO: [IP_Flow 19-6928] IPCACHE: copied cached file c:/Users/jasme/Desktop/BacheloreProject/DynamicFunctionExchange/New_Management/Attempt_1_04-04-2024/SAXI_MB_PR_HW_SW_01/SAXI_MB_PR_HW_SW_01.cache/ip/2023.1/1/a/1ab55baa924c9d45/design_1_dlmb_v10_0_stub.vhdl to C:/Users/jasme/Desktop/BacheloreProject/DynamicFunctionExchange/New_Management/Attempt_1_04-04-2024/SAXI_MB_PR_HW_SW_01/SAXI_MB_PR_HW_SW_01.runs/design_1_ilmb_v10_0_synth_1/design_1_ilmb_v10_0_stub.vhdl.
INFO: [IP_Flow 19-4838] Using cached IP synthesis design for IP design_1_ilmb_v10_0, cache-ID = 1ab55baa924c9d45.
INFO: [Common 17-206] Exiting Vivado at Fri Apr  5 00:10:35 2024...
