
*** Running vivado
    with args -log design_1_microblaze_0_axi_intc_0.vds -m64 -product Vivado -mode batch -messageDb vivado.pb -notrace -source design_1_microblaze_0_axi_intc_0.tcl


ECHO is off.
ECHO is off.

****** Vivado v2023.1 (64-bit)
  **** SW Build 3865809 on Sun May  7 15:05:29 MDT 2023
  **** IP Build 3864474 on Sun May  7 20:36:21 MDT 2023
  **** SharedData Build 3865790 on Sun May 07 13:33:03 MDT 2023
    ** Copyright 1986-2022 Xilinx, Inc. All Rights Reserved.
    ** Copyright 2022-2023 Advanced Micro Devices, Inc. All Rights Reserved.

source design_1_microblaze_0_axi_intc_0.tcl -notrace
create_project: Time (s): cpu = 00:00:06 ; elapsed = 00:00:10 . Memory (MB): peak = 441.395 ; gain = 161.156
INFO: [IP_Flow 19-234] Refreshing IP repositories
INFO: [IP_Flow 19-1700] Loaded user IP repository 'c:/VProject/Attempt_4_10-04-2024/ip_repo/Led_AXI_1_0'.
INFO: [IP_Flow 19-2313] Loaded Vivado IP repository 'D:/Xilinx/Vivado/2023.1/data/ip'.
INFO: [IP_Flow 19-6924] IPCACHE: Running cache check for IP inst: design_1_microblaze_0_axi_intc_0
INFO: [IP_Flow 19-6922] IPCACHE: Exporting cached entry f61e7dacf103eec1 to dir: C:/VProject/Attempt_4_10-04-2024/LedCount/LedCount.runs/design_1_microblaze_0_axi_intc_0_synth_1
INFO: [IP_Flow 19-6928] IPCACHE: copied cached file c:/VProject/Attempt_4_10-04-2024/LedCount/LedCount.cache/ip/2023.1/f/6/f61e7dacf103eec1/design_1_microblaze_0_axi_intc_0.dcp to C:/VProject/Attempt_4_10-04-2024/LedCount/LedCount.runs/design_1_microblaze_0_axi_intc_0_synth_1/design_1_microblaze_0_axi_intc_0.dcp.
INFO: [IP_Flow 19-6928] IPCACHE: copied cached file c:/VProject/Attempt_4_10-04-2024/LedCount/LedCount.cache/ip/2023.1/f/6/f61e7dacf103eec1/design_1_microblaze_0_axi_intc_0_sim_netlist.v to C:/VProject/Attempt_4_10-04-2024/LedCount/LedCount.runs/design_1_microblaze_0_axi_intc_0_synth_1/design_1_microblaze_0_axi_intc_0_sim_netlist.v.
INFO: [IP_Flow 19-6928] IPCACHE: copied cached file c:/VProject/Attempt_4_10-04-2024/LedCount/LedCount.cache/ip/2023.1/f/6/f61e7dacf103eec1/design_1_microblaze_0_axi_intc_0_sim_netlist.vhdl to C:/VProject/Attempt_4_10-04-2024/LedCount/LedCount.runs/design_1_microblaze_0_axi_intc_0_synth_1/design_1_microblaze_0_axi_intc_0_sim_netlist.vhdl.
INFO: [IP_Flow 19-6928] IPCACHE: copied cached file c:/VProject/Attempt_4_10-04-2024/LedCount/LedCount.cache/ip/2023.1/f/6/f61e7dacf103eec1/design_1_microblaze_0_axi_intc_0_stub.v to C:/VProject/Attempt_4_10-04-2024/LedCount/LedCount.runs/design_1_microblaze_0_axi_intc_0_synth_1/design_1_microblaze_0_axi_intc_0_stub.v.
INFO: [IP_Flow 19-6928] IPCACHE: copied cached file c:/VProject/Attempt_4_10-04-2024/LedCount/LedCount.cache/ip/2023.1/f/6/f61e7dacf103eec1/design_1_microblaze_0_axi_intc_0_stub.vhdl to C:/VProject/Attempt_4_10-04-2024/LedCount/LedCount.runs/design_1_microblaze_0_axi_intc_0_synth_1/design_1_microblaze_0_axi_intc_0_stub.vhdl.
INFO: [IP_Flow 19-4838] Using cached IP synthesis design for IP design_1_microblaze_0_axi_intc_0, cache-ID = f61e7dacf103eec1.
INFO: [Common 17-206] Exiting Vivado at Wed Aug  7 19:36:37 2024...
