12:54:06 **** Incremental Build of project DFX_Led_Platform ****
buildplatform.bat 53959 DFX_Led_Platform no_domain_build 
ECHO is off.
ECHO is off.
XSDB Server Channel: tcfchan#1
12:54:10 **** Incremental Build of configuration Debug for project DFX_Led_Application ****
make all 
'Building target: DFX_Led_Application.elf'
'Invoking: MicroBlaze gcc linker'
mb-gcc -Wl,-T -Wl,../src/lscript.ld -LC:/VProject/Attempt_4_10-04-2024/LedCount/LedCount.sdk/DFX_Led_Platform/export/DFX_Led_Platform/sw/DFX_Led_Platform/standalone_domain/bsplib/lib -mlittle-endian -mcpu=v11.0 -mxl-soft-mul -Wl,--no-relax -Wl,--gc-sections -o "DFX_Led_Application.elf"  ./src/helloworld.o ./src/platform.o   -Wl,--start-group,-lxilffs,-lxil,-lgcc,-lc,--end-group
d:/xilinx/vitis/2023.1/gnu/microblaze/nt/x86_64-oesdk-mingw32/usr/bin/microblaze-xilinx-elf/../../libexec/microblaze-xilinx-elf/gcc/microblaze-xilinx-elf/12.2.0/ld.exe: ./src/helloworld.o: in function `FfsSdPolledExample':
C:\VProject\Attempt_4_10-04-2024\LedCount\LedCount.sdk\DFX_Led_Application\Debug/../src/helloworld.c:266: undefined reference to `f_mount'
d:/xilinx/vitis/2023.1/gnu/microblaze/nt/x86_64-oesdk-mingw32/usr/bin/microblaze-xilinx-elf/../../libexec/microblaze-xilinx-elf/gcc/microblaze-xilinx-elf/12.2.0/ld.exe: C:\VProject\Attempt_4_10-04-2024\LedCount\LedCount.sdk\DFX_Led_Application\Debug/../src/helloworld.c:277: undefined reference to `f_mkfs'
d:/xilinx/vitis/2023.1/gnu/microblaze/nt/x86_64-oesdk-mingw32/usr/bin/microblaze-xilinx-elf/../../libexec/microblaze-xilinx-elf/gcc/microblaze-xilinx-elf/12.2.0/ld.exe: C:\VProject\Attempt_4_10-04-2024\LedCount\LedCount.sdk\DFX_Led_Application\Debug/../src/helloworld.c:290: undefined reference to `f_open'
d:/xilinx/vitis/2023.1/gnu/microblaze/nt/x86_64-oesdk-mingw32/usr/bin/microblaze-xilinx-elf/../../libexec/microblaze-xilinx-elf/gcc/microblaze-xilinx-elf/12.2.0/ld.exe: C:\VProject\Attempt_4_10-04-2024\LedCount\LedCount.sdk\DFX_Led_Application\Debug/../src/helloworld.c:298: undefined reference to `f_lseek'
d:/xilinx/vitis/2023.1/gnu/microblaze/nt/x86_64-oesdk-mingw32/usr/bin/microblaze-xilinx-elf/../../libexec/microblaze-xilinx-elf/gcc/microblaze-xilinx-elf/12.2.0/ld.exe: C:\VProject\Attempt_4_10-04-2024\LedCount\LedCount.sdk\DFX_Led_Application\Debug/../src/helloworld.c:306: undefined reference to `f_write'
d:/xilinx/vitis/2023.1/gnu/microblaze/nt/x86_64-oesdk-mingw32/usr/bin/microblaze-xilinx-elf/../../libexec/microblaze-xilinx-elf/gcc/microblaze-xilinx-elf/12.2.0/ld.exe: C:\VProject\Attempt_4_10-04-2024\LedCount\LedCount.sdk\DFX_Led_Application\Debug/../src/helloworld.c:315: undefined reference to `f_lseek'
d:/xilinx/vitis/2023.1/gnu/microblaze/nt/x86_64-oesdk-mingw32/usr/bin/microblaze-xilinx-elf/../../libexec/microblaze-xilinx-elf/gcc/microblaze-xilinx-elf/12.2.0/ld.exe: C:\VProject\Attempt_4_10-04-2024\LedCount\LedCount.sdk\DFX_Led_Application\Debug/../src/helloworld.c:323: undefined reference to `f_read'
d:/xilinx/vitis/2023.1/gnu/microblaze/nt/x86_64-oesdk-mingw32/usr/bin/microblaze-xilinx-elf/../../libexec/microblaze-xilinx-elf/gcc/microblaze-xilinx-elf/12.2.0/ld.exe: C:\VProject\Attempt_4_10-04-2024\LedCount\LedCount.sdk\DFX_Led_Application\Debug/../src/helloworld.c:341: undefined reference to `f_close'
collect2.exe: error: ld returned 1 exit status
make: *** [makefile:38: DFX_Led_Application.elf] Error 1
