Copyright 1986-2022 Xilinx, Inc. All Rights Reserved. Copyright 2022-2023 Advanced Micro Devices, Inc. All Rights Reserved.
------------------------------------------------------------------------------------------------------------------------------------------------------------------------------------------------------------------------------
| Tool Version : Vivado v.2023.1 (win64) Build 3865809 Sun May  7 15:05:29 MDT 2023
| Date         : Fri Feb 16 01:07:19 2024
| Host         : Jasmeet running 64-bit major release  (build 9200)
| Command      : report_timing_summary -max_paths 10 -report_unconstrained -file Led_Control_timing_summary_routed.rpt -pb Led_Control_timing_summary_routed.pb -rpx Led_Control_timing_summary_routed.rpx -warn_on_violation
| Design       : Led_Control
| Device       : 7a100t-csg324
| Speed File   : -1  PRODUCTION 1.23 2018-06-13
| Design State : Routed
------------------------------------------------------------------------------------------------------------------------------------------------------------------------------------------------------------------------------

Timing Summary Report

------------------------------------------------------------------------------------------------
| Timer Settings
| --------------
------------------------------------------------------------------------------------------------

  Enable Multi Corner Analysis               :  Yes
  Enable Pessimism Removal                   :  Yes
  Pessimism Removal Resolution               :  Nearest Common Node
  Enable Input Delay Default Clock           :  No
  Enable Preset / Clear Arcs                 :  No
  Disable Flight Delays                      :  No
  Ignore I/O Paths                           :  No
  Timing Early Launch at Borrowing Latches   :  No
  Borrow Time for Max Delay Exceptions       :  Yes
  Merge Timing Exceptions                    :  Yes

  Corner  Analyze    Analyze    
  Name    Max Paths  Min Paths  
  ------  ---------  ---------  
  Slow    Yes        Yes        
  Fast    Yes        Yes        


------------------------------------------------------------------------------------------------
| Report Methodology
| ------------------
------------------------------------------------------------------------------------------------

Rule       Severity          Description                  Violations  
---------  ----------------  ---------------------------  ----------  
TIMING-17  Critical Warning  Non-clocked sequential cell  1           

Note: This report is based on the most recent report_methodology run and may not be up-to-date. Run report_methodology on the current design for the latest report.



check_timing report

Table of Contents
-----------------
1. checking no_clock (1)
2. checking constant_clock (0)
3. checking pulse_width_clock (0)
4. checking unconstrained_internal_endpoints (1)
5. checking no_input_delay (1)
6. checking no_output_delay (2)
7. checking multiple_clock (0)
8. checking generated_clocks (0)
9. checking loops (0)
10. checking partial_input_delay (0)
11. checking partial_output_delay (0)
12. checking latch_loops (0)

1. checking no_clock (1)
------------------------
 There is 1 register/latch pin with no clock driven by root clock pin: m_axi_aclk (HIGH)


2. checking constant_clock (0)
------------------------------
 There are 0 register/latch pins with constant_clock.


3. checking pulse_width_clock (0)
---------------------------------
 There are 0 register/latch pins which need pulse_width check


4. checking unconstrained_internal_endpoints (1)
------------------------------------------------
 There is 1 pin that is not constrained for maximum delay. (HIGH)

 There are 0 pins that are not constrained for maximum delay due to constant clock.


5. checking no_input_delay (1)
------------------------------
 There is 1 input port with no input delay specified. (HIGH)

 There are 0 input ports with no input delay but user has a false path constraint.


6. checking no_output_delay (2)
-------------------------------
 There are 2 ports with no output delay specified. (HIGH)

 There are 0 ports with no output delay but user has a false path constraint

 There are 0 ports with no output delay but with a timing clock defined on it or propagating through it


7. checking multiple_clock (0)
------------------------------
 There are 0 register/latch pins with multiple clocks.


8. checking generated_clocks (0)
--------------------------------
 There are 0 generated clocks that are not connected to a clock source.


9. checking loops (0)
---------------------
 There are 0 combinational loops in the design.


10. checking partial_input_delay (0)
------------------------------------
 There are 0 input ports with partial input delay specified.


11. checking partial_output_delay (0)
-------------------------------------
 There are 0 ports with partial output delay specified.


12. checking latch_loops (0)
----------------------------
 There are 0 combinational latch loops in the design through latch input



------------------------------------------------------------------------------------------------
| Design Timing Summary
| ---------------------
------------------------------------------------------------------------------------------------

    WNS(ns)      TNS(ns)  TNS Failing Endpoints  TNS Total Endpoints      WHS(ns)      THS(ns)  THS Failing Endpoints  THS Total Endpoints     WPWS(ns)     TPWS(ns)  TPWS Failing Endpoints  TPWS Total Endpoints  
    -------      -------  ---------------------  -------------------      -------      -------  ---------------------  -------------------     --------     --------  ----------------------  --------------------  
        inf        0.000                      0                    3          inf        0.000                      0                    3           NA           NA                      NA                    NA  


There are no user specified timing constraints.


------------------------------------------------------------------------------------------------
| Clock Summary
| -------------
------------------------------------------------------------------------------------------------


------------------------------------------------------------------------------------------------
| Intra Clock Table
| -----------------
------------------------------------------------------------------------------------------------

Clock             WNS(ns)      TNS(ns)  TNS Failing Endpoints  TNS Total Endpoints      WHS(ns)      THS(ns)  THS Failing Endpoints  THS Total Endpoints     WPWS(ns)     TPWS(ns)  TPWS Failing Endpoints  TPWS Total Endpoints  
-----             -------      -------  ---------------------  -------------------      -------      -------  ---------------------  -------------------     --------     --------  ----------------------  --------------------  


------------------------------------------------------------------------------------------------
| Inter Clock Table
| -----------------
------------------------------------------------------------------------------------------------

From Clock    To Clock          WNS(ns)      TNS(ns)  TNS Failing Endpoints  TNS Total Endpoints      WHS(ns)      THS(ns)  THS Failing Endpoints  THS Total Endpoints  
----------    --------          -------      -------  ---------------------  -------------------      -------      -------  ---------------------  -------------------  


------------------------------------------------------------------------------------------------
| Other Path Groups Table
| -----------------------
------------------------------------------------------------------------------------------------

Path Group    From Clock    To Clock          WNS(ns)      TNS(ns)  TNS Failing Endpoints  TNS Total Endpoints      WHS(ns)      THS(ns)  THS Failing Endpoints  THS Total Endpoints  
----------    ----------    --------          -------      -------  ---------------------  -------------------      -------      -------  ---------------------  -------------------  


------------------------------------------------------------------------------------------------
| User Ignored Path Table
| -----------------------
------------------------------------------------------------------------------------------------

Path Group    From Clock    To Clock    
----------    ----------    --------    


------------------------------------------------------------------------------------------------
| Unconstrained Path Table
| ------------------------
------------------------------------------------------------------------------------------------

Path Group    From Clock    To Clock    
----------    ----------    --------    
(none)                                    


------------------------------------------------------------------------------------------------
| Timing Details
| --------------
------------------------------------------------------------------------------------------------


--------------------------------------------------------------------------------------
Path Group:  (none)
From Clock:  
  To Clock:  

Max Delay             3 Endpoints
Min Delay             3 Endpoints
--------------------------------------------------------------------------------------


Max Delay Paths
--------------------------------------------------------------------------------------
Slack:                    inf
  Source:                 m_axi_awvalid_reg/C
                            (rising edge-triggered cell FDRE)
  Destination:            m_axi_awvalid
                            (output port)
  Path Group:             (none)
  Path Type:              Max at Slow Process Corner
  Data Path Delay:        4.949ns  (logic 3.116ns (62.977%)  route 1.832ns (37.023%))
  Logic Levels:           2  (FDRE=1 OBUF=1)

    Location             Delay type                Incr(ns)  Path(ns)    Netlist Resource(s)
  -------------------------------------------------------------------    -------------------
    SLICE_X0Y93          FDRE                         0.000     0.000 r  m_axi_awvalid_reg/C
    SLICE_X0Y93          FDRE (Prop_fdre_C_Q)         0.456     0.456 r  m_axi_awvalid_reg/Q
                         net (fo=2, routed)           1.832     2.288    m_axi_wvalid_OBUF
    R12                  OBUF (Prop_obuf_I_O)         2.660     4.949 r  m_axi_awvalid_OBUF_inst/O
                         net (fo=0)                   0.000     4.949    m_axi_awvalid
    R12                                                               r  m_axi_awvalid (OUT)
  -------------------------------------------------------------------    -------------------

Slack:                    inf
  Source:                 m_axi_awvalid_reg/C
                            (rising edge-triggered cell FDRE)
  Destination:            m_axi_wvalid
                            (output port)
  Path Group:             (none)
  Path Type:              Max at Slow Process Corner
  Data Path Delay:        4.630ns  (logic 3.083ns (66.591%)  route 1.547ns (33.409%))
  Logic Levels:           2  (FDRE=1 OBUF=1)

    Location             Delay type                Incr(ns)  Path(ns)    Netlist Resource(s)
  -------------------------------------------------------------------    -------------------
    SLICE_X0Y93          FDRE                         0.000     0.000 r  m_axi_awvalid_reg/C
    SLICE_X0Y93          FDRE (Prop_fdre_C_Q)         0.456     0.456 r  m_axi_awvalid_reg/Q
                         net (fo=2, routed)           1.547     2.003    m_axi_wvalid_OBUF
    L16                  OBUF (Prop_obuf_I_O)         2.627     4.630 r  m_axi_wvalid_OBUF_inst/O
                         net (fo=0)                   0.000     4.630    m_axi_wvalid
    L16                                                               r  m_axi_wvalid (OUT)
  -------------------------------------------------------------------    -------------------

Slack:                    inf
  Source:                 m_axi_aresetn
                            (input port)
  Destination:            m_axi_awvalid_reg/D
  Path Group:             (none)
  Path Type:              Max at Slow Process Corner
  Data Path Delay:        1.867ns  (logic 0.966ns (51.757%)  route 0.901ns (48.243%))
  Logic Levels:           1  (IBUF=1)

    Location             Delay type                Incr(ns)  Path(ns)    Netlist Resource(s)
  -------------------------------------------------------------------    -------------------
    L15                                               0.000     0.000 r  m_axi_aresetn (IN)
                         net (fo=0)                   0.000     0.000    m_axi_aresetn
    L15                  IBUF (Prop_ibuf_I_O)         0.966     0.966 r  m_axi_aresetn_IBUF_inst/O
                         net (fo=1, routed)           0.901     1.867    m_axi_aresetn_IBUF
    SLICE_X0Y93          FDRE                                         r  m_axi_awvalid_reg/D
  -------------------------------------------------------------------    -------------------





Min Delay Paths
--------------------------------------------------------------------------------------
Slack:                    inf
  Source:                 m_axi_aresetn
                            (input port)
  Destination:            m_axi_awvalid_reg/D
  Path Group:             (none)
  Path Type:              Min at Fast Process Corner
  Data Path Delay:        0.549ns  (logic 0.195ns (35.565%)  route 0.354ns (64.435%))
  Logic Levels:           1  (IBUF=1)

    Location             Delay type                Incr(ns)  Path(ns)    Netlist Resource(s)
  -------------------------------------------------------------------    -------------------
    L15                                               0.000     0.000 r  m_axi_aresetn (IN)
                         net (fo=0)                   0.000     0.000    m_axi_aresetn
    L15                  IBUF (Prop_ibuf_I_O)         0.195     0.195 r  m_axi_aresetn_IBUF_inst/O
                         net (fo=1, routed)           0.354     0.549    m_axi_aresetn_IBUF
    SLICE_X0Y93          FDRE                                         r  m_axi_awvalid_reg/D
  -------------------------------------------------------------------    -------------------

Slack:                    inf
  Source:                 m_axi_awvalid_reg/C
                            (rising edge-triggered cell FDRE)
  Destination:            m_axi_wvalid
                            (output port)
  Path Group:             (none)
  Path Type:              Min at Fast Process Corner
  Data Path Delay:        1.585ns  (logic 1.285ns (81.077%)  route 0.300ns (18.923%))
  Logic Levels:           2  (FDRE=1 OBUF=1)

    Location             Delay type                Incr(ns)  Path(ns)    Netlist Resource(s)
  -------------------------------------------------------------------    -------------------
    SLICE_X0Y93          FDRE                         0.000     0.000 r  m_axi_awvalid_reg/C
    SLICE_X0Y93          FDRE (Prop_fdre_C_Q)         0.141     0.141 r  m_axi_awvalid_reg/Q
                         net (fo=2, routed)           0.300     0.441    m_axi_wvalid_OBUF
    L16                  OBUF (Prop_obuf_I_O)         1.144     1.585 r  m_axi_wvalid_OBUF_inst/O
                         net (fo=0)                   0.000     1.585    m_axi_wvalid
    L16                                                               r  m_axi_wvalid (OUT)
  -------------------------------------------------------------------    -------------------

Slack:                    inf
  Source:                 m_axi_awvalid_reg/C
                            (rising edge-triggered cell FDRE)
  Destination:            m_axi_awvalid
                            (output port)
  Path Group:             (none)
  Path Type:              Min at Fast Process Corner
  Data Path Delay:        1.733ns  (logic 1.318ns (76.048%)  route 0.415ns (23.952%))
  Logic Levels:           2  (FDRE=1 OBUF=1)

    Location             Delay type                Incr(ns)  Path(ns)    Netlist Resource(s)
  -------------------------------------------------------------------    -------------------
    SLICE_X0Y93          FDRE                         0.000     0.000 r  m_axi_awvalid_reg/C
    SLICE_X0Y93          FDRE (Prop_fdre_C_Q)         0.141     0.141 r  m_axi_awvalid_reg/Q
                         net (fo=2, routed)           0.415     0.556    m_axi_wvalid_OBUF
    R12                  OBUF (Prop_obuf_I_O)         1.177     1.733 r  m_axi_awvalid_OBUF_inst/O
                         net (fo=0)                   0.000     1.733    m_axi_awvalid
    R12                                                               r  m_axi_awvalid (OUT)
  -------------------------------------------------------------------    -------------------





