
*** Running vivado
    with args -log design_1_dlmb_v10_0.vds -m64 -product Vivado -mode batch -messageDb vivado.pb -notrace -source design_1_dlmb_v10_0.tcl


ECHO is off.
ECHO is off.

****** Vivado v2023.1 (64-bit)
  **** SW Build 3865809 on Sun May  7 15:05:29 MDT 2023
  **** IP Build 3864474 on Sun May  7 20:36:21 MDT 2023
  **** SharedData Build 3865790 on Sun May 07 13:33:03 MDT 2023
    ** Copyright 1986-2022 Xilinx, Inc. All Rights Reserved.
    ** Copyright 2022-2023 Advanced Micro Devices, Inc. All Rights Reserved.

source design_1_dlmb_v10_0.tcl -notrace
create_project: Time (s): cpu = 00:00:06 ; elapsed = 00:00:10 . Memory (MB): peak = 442.379 ; gain = 162.664
INFO: [IP_Flow 19-234] Refreshing IP repositories
INFO: [IP_Flow 19-1700] Loaded user IP repository 'c:/Users/jasme/Desktop/DFX/Vivado_Project/ip_repo'.
INFO: [IP_Flow 19-2313] Loaded Vivado IP repository 'D:/Xilinx/Vivado/2023.1/data/ip'.
INFO: [IP_Flow 19-6924] IPCACHE: Running cache check for IP inst: design_1_dlmb_v10_0
INFO: [IP_Flow 19-6922] IPCACHE: Exporting cached entry cbef7e151ee39ae6 to dir: C:/Users/jasme/Desktop/DFX/Vivado_Project/DFX_Nexys_A7/DFX_Nexys_A7.runs/design_1_dlmb_v10_0_synth_1
INFO: [IP_Flow 19-6928] IPCACHE: copied cached file c:/Users/jasme/Desktop/DFX/Vivado_Project/DFX_Nexys_A7/DFX_Nexys_A7.cache/ip/2023.1/c/b/cbef7e151ee39ae6/design_1_ilmb_v10_0.dcp to C:/Users/jasme/Desktop/DFX/Vivado_Project/DFX_Nexys_A7/DFX_Nexys_A7.runs/design_1_dlmb_v10_0_synth_1/design_1_dlmb_v10_0.dcp.
INFO: [IP_Flow 19-6928] IPCACHE: copied cached file c:/Users/jasme/Desktop/DFX/Vivado_Project/DFX_Nexys_A7/DFX_Nexys_A7.cache/ip/2023.1/c/b/cbef7e151ee39ae6/design_1_ilmb_v10_0_sim_netlist.v to C:/Users/jasme/Desktop/DFX/Vivado_Project/DFX_Nexys_A7/DFX_Nexys_A7.runs/design_1_dlmb_v10_0_synth_1/design_1_dlmb_v10_0_sim_netlist.v.
INFO: [IP_Flow 19-6928] IPCACHE: copied cached file c:/Users/jasme/Desktop/DFX/Vivado_Project/DFX_Nexys_A7/DFX_Nexys_A7.cache/ip/2023.1/c/b/cbef7e151ee39ae6/design_1_ilmb_v10_0_sim_netlist.vhdl to C:/Users/jasme/Desktop/DFX/Vivado_Project/DFX_Nexys_A7/DFX_Nexys_A7.runs/design_1_dlmb_v10_0_synth_1/design_1_dlmb_v10_0_sim_netlist.vhdl.
INFO: [IP_Flow 19-6928] IPCACHE: copied cached file c:/Users/jasme/Desktop/DFX/Vivado_Project/DFX_Nexys_A7/DFX_Nexys_A7.cache/ip/2023.1/c/b/cbef7e151ee39ae6/design_1_ilmb_v10_0_stub.v to C:/Users/jasme/Desktop/DFX/Vivado_Project/DFX_Nexys_A7/DFX_Nexys_A7.runs/design_1_dlmb_v10_0_synth_1/design_1_dlmb_v10_0_stub.v.
INFO: [IP_Flow 19-6928] IPCACHE: copied cached file c:/Users/jasme/Desktop/DFX/Vivado_Project/DFX_Nexys_A7/DFX_Nexys_A7.cache/ip/2023.1/c/b/cbef7e151ee39ae6/design_1_ilmb_v10_0_stub.vhdl to C:/Users/jasme/Desktop/DFX/Vivado_Project/DFX_Nexys_A7/DFX_Nexys_A7.runs/design_1_dlmb_v10_0_synth_1/design_1_dlmb_v10_0_stub.vhdl.
INFO: [IP_Flow 19-4838] Using cached IP synthesis design for IP design_1_dlmb_v10_0, cache-ID = cbef7e151ee39ae6.
INFO: [Common 17-206] Exiting Vivado at Thu Feb 29 19:11:58 2024...
