INFO: [VRFC 10-163] Analyzing VHDL file "C:/Users/jasme/Desktop/DFX/Vivado_Project/DFX_Nexys_A7_V2/DFX_Nexys_A7_V2.ip_user_files/bd/design_1/ip/design_1_microblaze_0_0/sim/design_1_microblaze_0_0.vhd" into library xil_defaultlib
INFO: [VRFC 10-3107] analyzing entity 'design_1_microblaze_0_0'
INFO: [VRFC 10-163] Analyzing VHDL file "C:/Users/jasme/Desktop/DFX/Vivado_Project/DFX_Nexys_A7_V2/DFX_Nexys_A7_V2.ip_user_files/bd/design_1/ip/design_1_dlmb_v10_0/sim/design_1_dlmb_v10_0.vhd" into library xil_defaultlib
INFO: [VRFC 10-3107] analyzing entity 'design_1_dlmb_v10_0'
INFO: [VRFC 10-163] Analyzing VHDL file "C:/Users/jasme/Desktop/DFX/Vivado_Project/DFX_Nexys_A7_V2/DFX_Nexys_A7_V2.ip_user_files/bd/design_1/ip/design_1_ilmb_v10_0/sim/design_1_ilmb_v10_0.vhd" into library xil_defaultlib
INFO: [VRFC 10-3107] analyzing entity 'design_1_ilmb_v10_0'
INFO: [VRFC 10-163] Analyzing VHDL file "C:/Users/jasme/Desktop/DFX/Vivado_Project/DFX_Nexys_A7_V2/DFX_Nexys_A7_V2.ip_user_files/bd/design_1/ip/design_1_dlmb_bram_if_cntlr_0/sim/design_1_dlmb_bram_if_cntlr_0.vhd" into library xil_defaultlib
INFO: [VRFC 10-3107] analyzing entity 'design_1_dlmb_bram_if_cntlr_0'
INFO: [VRFC 10-163] Analyzing VHDL file "C:/Users/jasme/Desktop/DFX/Vivado_Project/DFX_Nexys_A7_V2/DFX_Nexys_A7_V2.ip_user_files/bd/design_1/ip/design_1_ilmb_bram_if_cntlr_0/sim/design_1_ilmb_bram_if_cntlr_0.vhd" into library xil_defaultlib
INFO: [VRFC 10-3107] analyzing entity 'design_1_ilmb_bram_if_cntlr_0'
INFO: [VRFC 10-163] Analyzing VHDL file "C:/Users/jasme/Desktop/DFX/Vivado_Project/DFX_Nexys_A7_V2/DFX_Nexys_A7_V2.ip_user_files/bd/design_1/ip/design_1_microblaze_0_axi_intc_0/sim/design_1_microblaze_0_axi_intc_0.vhd" into library xil_defaultlib
INFO: [VRFC 10-3107] analyzing entity 'design_1_microblaze_0_axi_intc_0'
INFO: [VRFC 10-163] Analyzing VHDL file "C:/Users/jasme/Desktop/DFX/Vivado_Project/DFX_Nexys_A7_V2/DFX_Nexys_A7_V2.ip_user_files/bd/design_1/ip/design_1_mdm_1_0/sim/design_1_mdm_1_0.vhd" into library xil_defaultlib
INFO: [VRFC 10-3107] analyzing entity 'design_1_mdm_1_0'
INFO: [VRFC 10-163] Analyzing VHDL file "C:/Users/jasme/Desktop/DFX/Vivado_Project/DFX_Nexys_A7_V2/DFX_Nexys_A7_V2.ip_user_files/bd/design_1/ip/design_1_rst_clk_wiz_1_100M_0/sim/design_1_rst_clk_wiz_1_100M_0.vhd" into library xil_defaultlib
INFO: [VRFC 10-3107] analyzing entity 'design_1_rst_clk_wiz_1_100M_0'
INFO: [VRFC 10-163] Analyzing VHDL file "C:/Users/jasme/Desktop/DFX/Vivado_Project/DFX_Nexys_A7_V2/DFX_Nexys_A7_V2.ip_user_files/bd/design_1/ip/design_1_axi_gpio_0_0/sim/design_1_axi_gpio_0_0.vhd" into library xil_defaultlib
INFO: [VRFC 10-3107] analyzing entity 'design_1_axi_gpio_0_0'
INFO: [VRFC 10-163] Analyzing VHDL file "C:/Users/jasme/Desktop/DFX/Vivado_Project/DFX_Nexys_A7_V2/DFX_Nexys_A7_V2.ip_user_files/bd/design_1/ip/design_1_axi_gpio_1_0/sim/design_1_axi_gpio_1_0.vhd" into library xil_defaultlib
INFO: [VRFC 10-3107] analyzing entity 'design_1_axi_gpio_1_0'
INFO: [VRFC 10-163] Analyzing VHDL file "C:/Users/jasme/Desktop/DFX/Vivado_Project/DFX_Nexys_A7_V2/DFX_Nexys_A7_V2.ip_user_files/bd/design_1/ipshared/4295/src/Led_Control.vhd" into library xil_defaultlib
INFO: [VRFC 10-3107] analyzing entity 'Led_Control'
INFO: [VRFC 10-163] Analyzing VHDL file "C:/Users/jasme/Desktop/DFX/Vivado_Project/DFX_Nexys_A7_V2/DFX_Nexys_A7_V2.ip_user_files/bd/design_1/ip/design_1_Led_Control_0_0/sim/design_1_Led_Control_0_0.vhd" into library xil_defaultlib
INFO: [VRFC 10-3107] analyzing entity 'design_1_Led_Control_0_0'
