TRACE::2024-04-05.00:36:32::SCWPlatform::Trying to open the hw design at C:/Users/jasme/Desktop/BacheloreProject/DynamicFunctionExchange/New_Management/Attempt_1_04-04-2024/SAXI_MB_PR_HW_SW_01/LED_PR/hw/design_1_wrapper.xsa
TRACE::2024-04-05.00:36:32::SCWPlatform::DSA given C:/Users/jasme/Desktop/BacheloreProject/DynamicFunctionExchange/New_Management/Attempt_1_04-04-2024/SAXI_MB_PR_HW_SW_01/LED_PR/hw/design_1_wrapper.xsa
TRACE::2024-04-05.00:36:32::SCWPlatform::DSA absoulate path C:/Users/jasme/Desktop/BacheloreProject/DynamicFunctionExchange/New_Management/Attempt_1_04-04-2024/SAXI_MB_PR_HW_SW_01/LED_PR/hw/design_1_wrapper.xsa
TRACE::2024-04-05.00:36:32::SCWPlatform::DSA directory C:/Users/jasme/Desktop/BacheloreProject/DynamicFunctionExchange/New_Management/Attempt_1_04-04-2024/SAXI_MB_PR_HW_SW_01/LED_PR/hw
TRACE::2024-04-05.00:36:32::SCWPlatform:: Platform Path C:/Users/jasme/Desktop/BacheloreProject/DynamicFunctionExchange/New_Management/Attempt_1_04-04-2024/SAXI_MB_PR_HW_SW_01/LED_PR/hw/design_1_wrapper.xsa
TRACE::2024-04-05.00:36:32::SCWPlatform:: Unique name xilinx:nexys-a7-100t::0.0
TRACE::2024-04-05.00:36:32::SCWPlatform::Do not have an existing db opened. 
TRACE::2024-04-05.00:36:32::SCWPlatform::Opened new HwDB with name design_1_wrapper_0
TRACE::2024-04-05.00:36:32::SCWWriter::formatted JSON is {
	"platformName":	"LED_PR",
	"sprVersion":	"2.0",
	"mode":	"gui",
	"dsaType":	"Fixed",
	"platformDesc":	"LED_PR",
	"platHandOff":	"C:/Users/jasme/Desktop/BacheloreProject/DynamicFunctionExchange/New_Management/Attempt_1_04-04-2024/SAXI_MB_PR_HW_SW_01/design_1_wrapper.xsa",
	"platIntHandOff":	"<platformDir>/hw/design_1_wrapper.xsa",
	"deviceType":	"FPGA",
	"platIsPrebuiltAutogen":	"false",
	"platIsNoBootBsp":	"false",
	"hasFsblMakeHasChanges":	"false",
	"hasPmufwMakeHasChanges":	"false",
	"platPreBuiltFlag":	false,
	"platformSamplesDir":	""
}
TRACE::2024-04-05.00:36:32::SCWWriter::formatted JSON is {
	"platformName":	"LED_PR",
	"sprVersion":	"2.0",
	"mode":	"gui",
	"dsaType":	"Fixed",
	"platformDesc":	"LED_PR",
	"platHandOff":	"C:/Users/jasme/Desktop/BacheloreProject/DynamicFunctionExchange/New_Management/Attempt_1_04-04-2024/SAXI_MB_PR_HW_SW_01/design_1_wrapper.xsa",
	"platIntHandOff":	"<platformDir>/hw/design_1_wrapper.xsa",
	"deviceType":	"FPGA",
	"platIsPrebuiltAutogen":	"false",
	"platIsNoBootBsp":	"false",
	"hasFsblMakeHasChanges":	"false",
	"hasPmufwMakeHasChanges":	"false",
	"platPreBuiltFlag":	false,
	"platformSamplesDir":	"",
	"platActiveSys":	"LED_PR",
	"systems":	[{
			"systemName":	"LED_PR",
			"systemDesc":	"LED_PR",
			"sysIsBootAutoGen":	"true",
			"systemDispName":	"LED_PR"
		}]
}
TRACE::2024-04-05.00:36:32::SCWPlatform::Boot application domains not present, creating them
TRACE::2024-04-05.00:36:32::SCWPlatform::Pure FPGA device, no boot application will be created.
TRACE::2024-04-05.00:36:32::SCWWriter::formatted JSON is {
	"platformName":	"LED_PR",
	"sprVersion":	"2.0",
	"mode":	"gui",
	"dsaType":	"Fixed",
	"platformDesc":	"LED_PR",
	"platHandOff":	"C:/Users/jasme/Desktop/BacheloreProject/DynamicFunctionExchange/New_Management/Attempt_1_04-04-2024/SAXI_MB_PR_HW_SW_01/design_1_wrapper.xsa",
	"platIntHandOff":	"<platformDir>/hw/design_1_wrapper.xsa",
	"deviceType":	"FPGA",
	"platIsPrebuiltAutogen":	"false",
	"platIsNoBootBsp":	"false",
	"hasFsblMakeHasChanges":	"false",
	"hasPmufwMakeHasChanges":	"false",
	"platPreBuiltFlag":	false,
	"platformSamplesDir":	"",
	"platActiveSys":	"LED_PR",
	"systems":	[{
			"systemName":	"LED_PR",
			"systemDesc":	"LED_PR",
			"sysIsBootAutoGen":	"true",
			"systemDispName":	"LED_PR"
		}]
}
TRACE::2024-04-05.00:36:32::SCWPlatform::Trying to open the hw design at C:/Users/jasme/Desktop/BacheloreProject/DynamicFunctionExchange/New_Management/Attempt_1_04-04-2024/SAXI_MB_PR_HW_SW_01/LED_PR/hw/design_1_wrapper.xsa
TRACE::2024-04-05.00:36:32::SCWPlatform::DSA given C:/Users/jasme/Desktop/BacheloreProject/DynamicFunctionExchange/New_Management/Attempt_1_04-04-2024/SAXI_MB_PR_HW_SW_01/LED_PR/hw/design_1_wrapper.xsa
TRACE::2024-04-05.00:36:32::SCWPlatform::DSA absoulate path C:/Users/jasme/Desktop/BacheloreProject/DynamicFunctionExchange/New_Management/Attempt_1_04-04-2024/SAXI_MB_PR_HW_SW_01/LED_PR/hw/design_1_wrapper.xsa
TRACE::2024-04-05.00:36:32::SCWPlatform::DSA directory C:/Users/jasme/Desktop/BacheloreProject/DynamicFunctionExchange/New_Management/Attempt_1_04-04-2024/SAXI_MB_PR_HW_SW_01/LED_PR/hw
TRACE::2024-04-05.00:36:32::SCWPlatform:: Platform Path C:/Users/jasme/Desktop/BacheloreProject/DynamicFunctionExchange/New_Management/Attempt_1_04-04-2024/SAXI_MB_PR_HW_SW_01/LED_PR/hw/design_1_wrapper.xsa
TRACE::2024-04-05.00:36:32::SCWPlatform:: Unique name xilinx:nexys-a7-100t::0.0
TRACE::2024-04-05.00:36:32::SCWPlatform::Trying to set the existing hwdb with name design_1_wrapper_0
TRACE::2024-04-05.00:36:32::SCWPlatform::Opened existing hwdb design_1_wrapper_0
TRACE::2024-04-05.00:36:32::SCWPlatform::Found the Hw Db part of the input DSA
TRACE::2024-04-05.00:36:32::SCWPlatform::Trying to open the hw design at C:/Users/jasme/Desktop/BacheloreProject/DynamicFunctionExchange/New_Management/Attempt_1_04-04-2024/SAXI_MB_PR_HW_SW_01/LED_PR/hw/design_1_wrapper.xsa
TRACE::2024-04-05.00:36:32::SCWPlatform::DSA given C:/Users/jasme/Desktop/BacheloreProject/DynamicFunctionExchange/New_Management/Attempt_1_04-04-2024/SAXI_MB_PR_HW_SW_01/LED_PR/hw/design_1_wrapper.xsa
TRACE::2024-04-05.00:36:32::SCWPlatform::DSA absoulate path C:/Users/jasme/Desktop/BacheloreProject/DynamicFunctionExchange/New_Management/Attempt_1_04-04-2024/SAXI_MB_PR_HW_SW_01/LED_PR/hw/design_1_wrapper.xsa
TRACE::2024-04-05.00:36:32::SCWPlatform::DSA directory C:/Users/jasme/Desktop/BacheloreProject/DynamicFunctionExchange/New_Management/Attempt_1_04-04-2024/SAXI_MB_PR_HW_SW_01/LED_PR/hw
TRACE::2024-04-05.00:36:32::SCWPlatform:: Platform Path C:/Users/jasme/Desktop/BacheloreProject/DynamicFunctionExchange/New_Management/Attempt_1_04-04-2024/SAXI_MB_PR_HW_SW_01/LED_PR/hw/design_1_wrapper.xsa
TRACE::2024-04-05.00:36:32::SCWPlatform:: Unique name xilinx:nexys-a7-100t::0.0
TRACE::2024-04-05.00:36:32::SCWPlatform::Trying to set the existing hwdb with name design_1_wrapper_0
TRACE::2024-04-05.00:36:32::SCWPlatform::Opened existing hwdb design_1_wrapper_0
TRACE::2024-04-05.00:36:32::SCWPlatform::Found the Hw Db part of the input DSA
TRACE::2024-04-05.00:36:32::SCWPlatform::Trying to open the hw design at C:/Users/jasme/Desktop/BacheloreProject/DynamicFunctionExchange/New_Management/Attempt_1_04-04-2024/SAXI_MB_PR_HW_SW_01/LED_PR/hw/design_1_wrapper.xsa
TRACE::2024-04-05.00:36:32::SCWPlatform::DSA given C:/Users/jasme/Desktop/BacheloreProject/DynamicFunctionExchange/New_Management/Attempt_1_04-04-2024/SAXI_MB_PR_HW_SW_01/LED_PR/hw/design_1_wrapper.xsa
TRACE::2024-04-05.00:36:32::SCWPlatform::DSA absoulate path C:/Users/jasme/Desktop/BacheloreProject/DynamicFunctionExchange/New_Management/Attempt_1_04-04-2024/SAXI_MB_PR_HW_SW_01/LED_PR/hw/design_1_wrapper.xsa
TRACE::2024-04-05.00:36:32::SCWPlatform::DSA directory C:/Users/jasme/Desktop/BacheloreProject/DynamicFunctionExchange/New_Management/Attempt_1_04-04-2024/SAXI_MB_PR_HW_SW_01/LED_PR/hw
TRACE::2024-04-05.00:36:32::SCWPlatform:: Platform Path C:/Users/jasme/Desktop/BacheloreProject/DynamicFunctionExchange/New_Management/Attempt_1_04-04-2024/SAXI_MB_PR_HW_SW_01/LED_PR/hw/design_1_wrapper.xsa
TRACE::2024-04-05.00:36:32::SCWPlatform:: Unique name xilinx:nexys-a7-100t::0.0
TRACE::2024-04-05.00:36:32::SCWPlatform::Trying to set the existing hwdb with name design_1_wrapper_0
TRACE::2024-04-05.00:36:32::SCWPlatform::Opened existing hwdb design_1_wrapper_0
TRACE::2024-04-05.00:36:32::SCWPlatform::Found the Hw Db part of the input DSA
TRACE::2024-04-05.00:36:32::SCWDomain::checking for install qemu data   : 
TRACE::2024-04-05.00:36:32::SCWPlatform::Trying to open the hw design at C:/Users/jasme/Desktop/BacheloreProject/DynamicFunctionExchange/New_Management/Attempt_1_04-04-2024/SAXI_MB_PR_HW_SW_01/LED_PR/hw/design_1_wrapper.xsa
TRACE::2024-04-05.00:36:32::SCWPlatform::DSA given C:/Users/jasme/Desktop/BacheloreProject/DynamicFunctionExchange/New_Management/Attempt_1_04-04-2024/SAXI_MB_PR_HW_SW_01/LED_PR/hw/design_1_wrapper.xsa
TRACE::2024-04-05.00:36:32::SCWPlatform::DSA absoulate path C:/Users/jasme/Desktop/BacheloreProject/DynamicFunctionExchange/New_Management/Attempt_1_04-04-2024/SAXI_MB_PR_HW_SW_01/LED_PR/hw/design_1_wrapper.xsa
TRACE::2024-04-05.00:36:32::SCWPlatform::DSA directory C:/Users/jasme/Desktop/BacheloreProject/DynamicFunctionExchange/New_Management/Attempt_1_04-04-2024/SAXI_MB_PR_HW_SW_01/LED_PR/hw
TRACE::2024-04-05.00:36:32::SCWPlatform:: Platform Path C:/Users/jasme/Desktop/BacheloreProject/DynamicFunctionExchange/New_Management/Attempt_1_04-04-2024/SAXI_MB_PR_HW_SW_01/LED_PR/hw/design_1_wrapper.xsa
TRACE::2024-04-05.00:36:32::SCWPlatform:: Unique name xilinx:nexys-a7-100t::0.0
TRACE::2024-04-05.00:36:32::SCWPlatform::Trying to set the existing hwdb with name design_1_wrapper_0
TRACE::2024-04-05.00:36:32::SCWPlatform::Opened existing hwdb design_1_wrapper_0
TRACE::2024-04-05.00:36:32::SCWPlatform::Found the Hw Db part of the input DSA
TRACE::2024-04-05.00:36:32::SCWPlatform::Trying to open the hw design at C:/Users/jasme/Desktop/BacheloreProject/DynamicFunctionExchange/New_Management/Attempt_1_04-04-2024/SAXI_MB_PR_HW_SW_01/LED_PR/hw/design_1_wrapper.xsa
TRACE::2024-04-05.00:36:32::SCWPlatform::DSA given C:/Users/jasme/Desktop/BacheloreProject/DynamicFunctionExchange/New_Management/Attempt_1_04-04-2024/SAXI_MB_PR_HW_SW_01/LED_PR/hw/design_1_wrapper.xsa
TRACE::2024-04-05.00:36:32::SCWPlatform::DSA absoulate path C:/Users/jasme/Desktop/BacheloreProject/DynamicFunctionExchange/New_Management/Attempt_1_04-04-2024/SAXI_MB_PR_HW_SW_01/LED_PR/hw/design_1_wrapper.xsa
TRACE::2024-04-05.00:36:32::SCWPlatform::DSA directory C:/Users/jasme/Desktop/BacheloreProject/DynamicFunctionExchange/New_Management/Attempt_1_04-04-2024/SAXI_MB_PR_HW_SW_01/LED_PR/hw
TRACE::2024-04-05.00:36:32::SCWPlatform:: Platform Path C:/Users/jasme/Desktop/BacheloreProject/DynamicFunctionExchange/New_Management/Attempt_1_04-04-2024/SAXI_MB_PR_HW_SW_01/LED_PR/hw/design_1_wrapper.xsa
TRACE::2024-04-05.00:36:32::SCWPlatform:: Unique name xilinx:nexys-a7-100t::0.0
TRACE::2024-04-05.00:36:32::SCWPlatform::Trying to set the existing hwdb with name design_1_wrapper_0
TRACE::2024-04-05.00:36:32::SCWPlatform::Opened existing hwdb design_1_wrapper_0
TRACE::2024-04-05.00:36:32::SCWPlatform::Found the Hw Db part of the input DSA
TRACE::2024-04-05.00:36:32::SCWPlatform::Trying to open the hw design at C:/Users/jasme/Desktop/BacheloreProject/DynamicFunctionExchange/New_Management/Attempt_1_04-04-2024/SAXI_MB_PR_HW_SW_01/LED_PR/hw/design_1_wrapper.xsa
TRACE::2024-04-05.00:36:32::SCWPlatform::DSA given C:/Users/jasme/Desktop/BacheloreProject/DynamicFunctionExchange/New_Management/Attempt_1_04-04-2024/SAXI_MB_PR_HW_SW_01/LED_PR/hw/design_1_wrapper.xsa
TRACE::2024-04-05.00:36:32::SCWPlatform::DSA absoulate path C:/Users/jasme/Desktop/BacheloreProject/DynamicFunctionExchange/New_Management/Attempt_1_04-04-2024/SAXI_MB_PR_HW_SW_01/LED_PR/hw/design_1_wrapper.xsa
TRACE::2024-04-05.00:36:32::SCWPlatform::DSA directory C:/Users/jasme/Desktop/BacheloreProject/DynamicFunctionExchange/New_Management/Attempt_1_04-04-2024/SAXI_MB_PR_HW_SW_01/LED_PR/hw
TRACE::2024-04-05.00:36:32::SCWPlatform:: Platform Path C:/Users/jasme/Desktop/BacheloreProject/DynamicFunctionExchange/New_Management/Attempt_1_04-04-2024/SAXI_MB_PR_HW_SW_01/LED_PR/hw/design_1_wrapper.xsa
TRACE::2024-04-05.00:36:32::SCWPlatform:: Unique name xilinx:nexys-a7-100t::0.0
TRACE::2024-04-05.00:36:32::SCWPlatform::Trying to set the existing hwdb with name design_1_wrapper_0
TRACE::2024-04-05.00:36:32::SCWPlatform::Opened existing hwdb design_1_wrapper_0
TRACE::2024-04-05.00:36:32::SCWPlatform::Found the Hw Db part of the input DSA
TRACE::2024-04-05.00:36:32::SCWMssOS::Checking the sw design at  C:/Users/jasme/Desktop/BacheloreProject/DynamicFunctionExchange/New_Management/Attempt_1_04-04-2024/SAXI_MB_PR_HW_SW_01/LED_PR/microblaze_0/standalone_domain/bsp/system.mss
TRACE::2024-04-05.00:36:32::SCWMssOS::DEBUG:  swdes dump  
TRACE::2024-04-05.00:36:32::SCWMssOS::No sw design opened at  C:/Users/jasme/Desktop/BacheloreProject/DynamicFunctionExchange/New_Management/Attempt_1_04-04-2024/SAXI_MB_PR_HW_SW_01/LED_PR/microblaze_0/standalone_domain/bsp/system.mss
TRACE::2024-04-05.00:36:32::SCWMssOS::mss does not exists at C:/Users/jasme/Desktop/BacheloreProject/DynamicFunctionExchange/New_Management/Attempt_1_04-04-2024/SAXI_MB_PR_HW_SW_01/LED_PR/microblaze_0/standalone_domain/bsp/system.mss
TRACE::2024-04-05.00:36:32::SCWMssOS::Creating sw design at  C:/Users/jasme/Desktop/BacheloreProject/DynamicFunctionExchange/New_Management/Attempt_1_04-04-2024/SAXI_MB_PR_HW_SW_01/LED_PR/microblaze_0/standalone_domain/bsp/system.mss
TRACE::2024-04-05.00:36:32::SCWMssOS::Adding the swdes entry, created swdb C:/Users/jasme/Desktop/BacheloreProject/DynamicFunctionExchange/New_Management/Attempt_1_04-04-2024/SAXI_MB_PR_HW_SW_01/LED_PR/microblaze_0/standalone_domain/bsp/system.mss with des name C:/Users/jasme/Desktop/BacheloreProject/DynamicFunctionExchange/New_Management/Attempt_1_04-04-2024/SAXI_MB_PR_HW_SW_01/LED_PR/microblaze_0/standalone_domain/bsp/system.mss
TRACE::2024-04-05.00:36:32::SCWMssOS::updating the scw layer changes to swdes at   C:/Users/jasme/Desktop/BacheloreProject/DynamicFunctionExchange/New_Management/Attempt_1_04-04-2024/SAXI_MB_PR_HW_SW_01/LED_PR/microblaze_0/standalone_domain/bsp/system.mss
TRACE::2024-04-05.00:36:32::SCWMssOS::Writing mss at C:/Users/jasme/Desktop/BacheloreProject/DynamicFunctionExchange/New_Management/Attempt_1_04-04-2024/SAXI_MB_PR_HW_SW_01/LED_PR/microblaze_0/standalone_domain/bsp/system.mss
TRACE::2024-04-05.00:36:32::SCWMssOS::Completed writing the mss file at C:/Users/jasme/Desktop/BacheloreProject/DynamicFunctionExchange/New_Management/Attempt_1_04-04-2024/SAXI_MB_PR_HW_SW_01/LED_PR/microblaze_0/standalone_domain/bsp
TRACE::2024-04-05.00:36:32::SCWMssOS::Picking up changes from newly written mss file into SCW Layer. 
TRACE::2024-04-05.00:36:32::SCWMssOS::Updated the changes from newly written mss file into SCW Layer. 
TRACE::2024-04-05.00:36:32::SCWMssOS::Completed writing the mss file at C:/Users/jasme/Desktop/BacheloreProject/DynamicFunctionExchange/New_Management/Attempt_1_04-04-2024/SAXI_MB_PR_HW_SW_01/LED_PR/microblaze_0/standalone_domain/bsp
TRACE::2024-04-05.00:36:32::SCWMssOS::Forcing BSP Sources regeneration.
TRACE::2024-04-05.00:36:36::SCWMssOS::Saving the mss changes C:/Users/jasme/Desktop/BacheloreProject/DynamicFunctionExchange/New_Management/Attempt_1_04-04-2024/SAXI_MB_PR_HW_SW_01/LED_PR/microblaze_0/standalone_domain/bsp/system.mss
TRACE::2024-04-05.00:36:36::SCWMssOS::Adding the swdes entry, mss present, able to open swdb C:/Users/jasme/Desktop/BacheloreProject/DynamicFunctionExchange/New_Management/Attempt_1_04-04-2024/SAXI_MB_PR_HW_SW_01/LED_PR/microblaze_0/standalone_domain/bsp/system.mss with des name system
TRACE::2024-04-05.00:36:36::SCWMssOS::Writing the mss file completed C:/Users/jasme/Desktop/BacheloreProject/DynamicFunctionExchange/New_Management/Attempt_1_04-04-2024/SAXI_MB_PR_HW_SW_01/LED_PR/microblaze_0/standalone_domain/bsp/system.mss
TRACE::2024-04-05.00:36:36::SCWMssOS::Commit changes completed.
TRACE::2024-04-05.00:36:36::SCWPlatform::Trying to open the hw design at C:/Users/jasme/Desktop/BacheloreProject/DynamicFunctionExchange/New_Management/Attempt_1_04-04-2024/SAXI_MB_PR_HW_SW_01/LED_PR/hw/design_1_wrapper.xsa
TRACE::2024-04-05.00:36:36::SCWPlatform::DSA given C:/Users/jasme/Desktop/BacheloreProject/DynamicFunctionExchange/New_Management/Attempt_1_04-04-2024/SAXI_MB_PR_HW_SW_01/LED_PR/hw/design_1_wrapper.xsa
TRACE::2024-04-05.00:36:36::SCWPlatform::DSA absoulate path C:/Users/jasme/Desktop/BacheloreProject/DynamicFunctionExchange/New_Management/Attempt_1_04-04-2024/SAXI_MB_PR_HW_SW_01/LED_PR/hw/design_1_wrapper.xsa
TRACE::2024-04-05.00:36:36::SCWPlatform::DSA directory C:/Users/jasme/Desktop/BacheloreProject/DynamicFunctionExchange/New_Management/Attempt_1_04-04-2024/SAXI_MB_PR_HW_SW_01/LED_PR/hw
TRACE::2024-04-05.00:36:36::SCWPlatform:: Platform Path C:/Users/jasme/Desktop/BacheloreProject/DynamicFunctionExchange/New_Management/Attempt_1_04-04-2024/SAXI_MB_PR_HW_SW_01/LED_PR/hw/design_1_wrapper.xsa
TRACE::2024-04-05.00:36:36::SCWPlatform:: Unique name xilinx:nexys-a7-100t::0.0
TRACE::2024-04-05.00:36:36::SCWPlatform::Trying to set the existing hwdb with name design_1_wrapper_0
TRACE::2024-04-05.00:36:36::SCWPlatform::Opened existing hwdb design_1_wrapper_0
TRACE::2024-04-05.00:36:36::SCWPlatform::Found the Hw Db part of the input DSA
TRACE::2024-04-05.00:36:36::SCWMssOS::Checking the sw design at  C:/Users/jasme/Desktop/BacheloreProject/DynamicFunctionExchange/New_Management/Attempt_1_04-04-2024/SAXI_MB_PR_HW_SW_01/LED_PR/microblaze_0/standalone_domain/bsp/system.mss
TRACE::2024-04-05.00:36:36::SCWMssOS::DEBUG:  swdes dump  C:/Users/jasme/Desktop/BacheloreProject/DynamicFunctionExchange/New_Management/Attempt_1_04-04-2024/SAXI_MB_PR_HW_SW_01/LED_PR/microblaze_0/standalone_domain/bsp/system.mss|system||

TRACE::2024-04-05.00:36:36::SCWMssOS::Sw design exists and opened at  C:/Users/jasme/Desktop/BacheloreProject/DynamicFunctionExchange/New_Management/Attempt_1_04-04-2024/SAXI_MB_PR_HW_SW_01/LED_PR/microblaze_0/standalone_domain/bsp/system.mss
TRACE::2024-04-05.00:36:36::SCWPlatform::Trying to open the hw design at C:/Users/jasme/Desktop/BacheloreProject/DynamicFunctionExchange/New_Management/Attempt_1_04-04-2024/SAXI_MB_PR_HW_SW_01/LED_PR/hw/design_1_wrapper.xsa
TRACE::2024-04-05.00:36:36::SCWPlatform::DSA given C:/Users/jasme/Desktop/BacheloreProject/DynamicFunctionExchange/New_Management/Attempt_1_04-04-2024/SAXI_MB_PR_HW_SW_01/LED_PR/hw/design_1_wrapper.xsa
TRACE::2024-04-05.00:36:36::SCWPlatform::DSA absoulate path C:/Users/jasme/Desktop/BacheloreProject/DynamicFunctionExchange/New_Management/Attempt_1_04-04-2024/SAXI_MB_PR_HW_SW_01/LED_PR/hw/design_1_wrapper.xsa
TRACE::2024-04-05.00:36:36::SCWPlatform::DSA directory C:/Users/jasme/Desktop/BacheloreProject/DynamicFunctionExchange/New_Management/Attempt_1_04-04-2024/SAXI_MB_PR_HW_SW_01/LED_PR/hw
TRACE::2024-04-05.00:36:36::SCWPlatform:: Platform Path C:/Users/jasme/Desktop/BacheloreProject/DynamicFunctionExchange/New_Management/Attempt_1_04-04-2024/SAXI_MB_PR_HW_SW_01/LED_PR/hw/design_1_wrapper.xsa
TRACE::2024-04-05.00:36:36::SCWPlatform:: Unique name xilinx:nexys-a7-100t::0.0
TRACE::2024-04-05.00:36:36::SCWPlatform::Trying to set the existing hwdb with name design_1_wrapper_0
TRACE::2024-04-05.00:36:36::SCWPlatform::Opened existing hwdb design_1_wrapper_0
TRACE::2024-04-05.00:36:36::SCWPlatform::Found the Hw Db part of the input DSA
TRACE::2024-04-05.00:36:36::SCWMssOS::Checking the sw design at  C:/Users/jasme/Desktop/BacheloreProject/DynamicFunctionExchange/New_Management/Attempt_1_04-04-2024/SAXI_MB_PR_HW_SW_01/LED_PR/microblaze_0/standalone_domain/bsp/system.mss
TRACE::2024-04-05.00:36:36::SCWMssOS::DEBUG:  swdes dump  C:/Users/jasme/Desktop/BacheloreProject/DynamicFunctionExchange/New_Management/Attempt_1_04-04-2024/SAXI_MB_PR_HW_SW_01/LED_PR/microblaze_0/standalone_domain/bsp/system.mss|system||

TRACE::2024-04-05.00:36:36::SCWMssOS::Sw design exists and opened at  C:/Users/jasme/Desktop/BacheloreProject/DynamicFunctionExchange/New_Management/Attempt_1_04-04-2024/SAXI_MB_PR_HW_SW_01/LED_PR/microblaze_0/standalone_domain/bsp/system.mss
TRACE::2024-04-05.00:36:36::SCWPlatform::Trying to open the hw design at C:/Users/jasme/Desktop/BacheloreProject/DynamicFunctionExchange/New_Management/Attempt_1_04-04-2024/SAXI_MB_PR_HW_SW_01/LED_PR/hw/design_1_wrapper.xsa
TRACE::2024-04-05.00:36:36::SCWPlatform::DSA given C:/Users/jasme/Desktop/BacheloreProject/DynamicFunctionExchange/New_Management/Attempt_1_04-04-2024/SAXI_MB_PR_HW_SW_01/LED_PR/hw/design_1_wrapper.xsa
TRACE::2024-04-05.00:36:36::SCWPlatform::DSA absoulate path C:/Users/jasme/Desktop/BacheloreProject/DynamicFunctionExchange/New_Management/Attempt_1_04-04-2024/SAXI_MB_PR_HW_SW_01/LED_PR/hw/design_1_wrapper.xsa
TRACE::2024-04-05.00:36:36::SCWPlatform::DSA directory C:/Users/jasme/Desktop/BacheloreProject/DynamicFunctionExchange/New_Management/Attempt_1_04-04-2024/SAXI_MB_PR_HW_SW_01/LED_PR/hw
TRACE::2024-04-05.00:36:36::SCWPlatform:: Platform Path C:/Users/jasme/Desktop/BacheloreProject/DynamicFunctionExchange/New_Management/Attempt_1_04-04-2024/SAXI_MB_PR_HW_SW_01/LED_PR/hw/design_1_wrapper.xsa
TRACE::2024-04-05.00:36:36::SCWPlatform:: Unique name xilinx:nexys-a7-100t::0.0
TRACE::2024-04-05.00:36:36::SCWPlatform::Trying to set the existing hwdb with name design_1_wrapper_0
TRACE::2024-04-05.00:36:36::SCWPlatform::Opened existing hwdb design_1_wrapper_0
TRACE::2024-04-05.00:36:36::SCWPlatform::Found the Hw Db part of the input DSA
TRACE::2024-04-05.00:36:36::SCWMssOS::Checking the sw design at  C:/Users/jasme/Desktop/BacheloreProject/DynamicFunctionExchange/New_Management/Attempt_1_04-04-2024/SAXI_MB_PR_HW_SW_01/LED_PR/microblaze_0/standalone_domain/bsp/system.mss
TRACE::2024-04-05.00:36:36::SCWMssOS::DEBUG:  swdes dump  C:/Users/jasme/Desktop/BacheloreProject/DynamicFunctionExchange/New_Management/Attempt_1_04-04-2024/SAXI_MB_PR_HW_SW_01/LED_PR/microblaze_0/standalone_domain/bsp/system.mss|system||

TRACE::2024-04-05.00:36:36::SCWMssOS::Sw design exists and opened at  C:/Users/jasme/Desktop/BacheloreProject/DynamicFunctionExchange/New_Management/Attempt_1_04-04-2024/SAXI_MB_PR_HW_SW_01/LED_PR/microblaze_0/standalone_domain/bsp/system.mss
TRACE::2024-04-05.00:36:36::SCWWriter::formatted JSON is {
	"platformName":	"LED_PR",
	"sprVersion":	"2.0",
	"mode":	"gui",
	"dsaType":	"Fixed",
	"platformDesc":	"LED_PR",
	"platHandOff":	"C:/Users/jasme/Desktop/BacheloreProject/DynamicFunctionExchange/New_Management/Attempt_1_04-04-2024/SAXI_MB_PR_HW_SW_01/design_1_wrapper.xsa",
	"platIntHandOff":	"<platformDir>/hw/design_1_wrapper.xsa",
	"deviceType":	"FPGA",
	"platIsPrebuiltAutogen":	"false",
	"platIsNoBootBsp":	"false",
	"hasFsblMakeHasChanges":	"false",
	"hasPmufwMakeHasChanges":	"false",
	"platPreBuiltFlag":	false,
	"platformSamplesDir":	"",
	"platActiveSys":	"LED_PR",
	"systems":	[{
			"systemName":	"LED_PR",
			"systemDesc":	"LED_PR",
			"sysIsBootAutoGen":	"true",
			"systemDispName":	"LED_PR",
			"sysActiveDom":	"standalone_domain",
			"sysDefaultDom":	"standalone_domain",
			"domains":	[{
					"domainName":	"standalone_domain",
					"domainDispName":	"standalone_domain",
					"domainDesc":	"standalone_domain",
					"processors":	"microblaze_0",
					"os":	"standalone",
					"sdxOs":	"standalone",
					"debugEnable":	"False",
					"domRuntimes":	["cpp"],
					"swRepo":	"",
					"mssOsVer":	"8.1",
					"mssFile":	"",
					"md5Digest":	"75cdb0476758e6e5bf67e2d6c7ddd4c1",
					"compatibleApp":	"",
					"domType":	"mssDomain",
					"arch":	"32-bit",
					"appSettings":	{
						"appCompilerFlags":	"",
						"appLinkerFlags":	""
					},
					"addedLibs":	[],
					"libOptions":	{
						"libsContainingOptions":	[]
					},
					"prebuiltLibs":	{
						"prebuiltIncPath":	[],
						"prebuiltLibPath":	[]
					},
					"isolation":	{
					}
				}]
		}]
}
LOG::2024-04-05.00:36:36::SCWPlatform::Started generating the artifacts platform LED_PR
TRACE::2024-04-05.00:36:36::SCWPlatform::Sanity checking of platform is completed
LOG::2024-04-05.00:36:36::SCWPlatform::Started generating the artifacts for system configuration LED_PR
LOG::2024-04-05.00:36:36::SCWSystem::Checking the domain standalone_domain
LOG::2024-04-05.00:36:36::SCWSystem::Not a boot domain 
LOG::2024-04-05.00:36:36::SCWSystem::Started Processing the domain standalone_domain
TRACE::2024-04-05.00:36:36::SCWDomain::Generating domain artifcats
TRACE::2024-04-05.00:36:36::SCWMssOS::Generating standalone artifcats
TRACE::2024-04-05.00:36:36::SCWMssOS:: Copying the user libraries. 
TRACE::2024-04-05.00:36:36::SCWPlatform::Trying to open the hw design at C:/Users/jasme/Desktop/BacheloreProject/DynamicFunctionExchange/New_Management/Attempt_1_04-04-2024/SAXI_MB_PR_HW_SW_01/LED_PR/hw/design_1_wrapper.xsa
TRACE::2024-04-05.00:36:36::SCWPlatform::DSA given C:/Users/jasme/Desktop/BacheloreProject/DynamicFunctionExchange/New_Management/Attempt_1_04-04-2024/SAXI_MB_PR_HW_SW_01/LED_PR/hw/design_1_wrapper.xsa
TRACE::2024-04-05.00:36:36::SCWPlatform::DSA absoulate path C:/Users/jasme/Desktop/BacheloreProject/DynamicFunctionExchange/New_Management/Attempt_1_04-04-2024/SAXI_MB_PR_HW_SW_01/LED_PR/hw/design_1_wrapper.xsa
TRACE::2024-04-05.00:36:36::SCWPlatform::DSA directory C:/Users/jasme/Desktop/BacheloreProject/DynamicFunctionExchange/New_Management/Attempt_1_04-04-2024/SAXI_MB_PR_HW_SW_01/LED_PR/hw
TRACE::2024-04-05.00:36:36::SCWPlatform:: Platform Path C:/Users/jasme/Desktop/BacheloreProject/DynamicFunctionExchange/New_Management/Attempt_1_04-04-2024/SAXI_MB_PR_HW_SW_01/LED_PR/hw/design_1_wrapper.xsa
TRACE::2024-04-05.00:36:36::SCWPlatform:: Unique name xilinx:nexys-a7-100t::0.0
TRACE::2024-04-05.00:36:36::SCWPlatform::Trying to set the existing hwdb with name design_1_wrapper_0
TRACE::2024-04-05.00:36:36::SCWPlatform::Opened existing hwdb design_1_wrapper_0
TRACE::2024-04-05.00:36:36::SCWPlatform::Found the Hw Db part of the input DSA
TRACE::2024-04-05.00:36:36::SCWMssOS::Checking the sw design at  C:/Users/jasme/Desktop/BacheloreProject/DynamicFunctionExchange/New_Management/Attempt_1_04-04-2024/SAXI_MB_PR_HW_SW_01/LED_PR/microblaze_0/standalone_domain/bsp/system.mss
TRACE::2024-04-05.00:36:36::SCWMssOS::DEBUG:  swdes dump  C:/Users/jasme/Desktop/BacheloreProject/DynamicFunctionExchange/New_Management/Attempt_1_04-04-2024/SAXI_MB_PR_HW_SW_01/LED_PR/microblaze_0/standalone_domain/bsp/system.mss|system||

TRACE::2024-04-05.00:36:36::SCWMssOS::Sw design exists and opened at  C:/Users/jasme/Desktop/BacheloreProject/DynamicFunctionExchange/New_Management/Attempt_1_04-04-2024/SAXI_MB_PR_HW_SW_01/LED_PR/microblaze_0/standalone_domain/bsp/system.mss
TRACE::2024-04-05.00:36:36::SCWMssOS::Completed writing the mss file at C:/Users/jasme/Desktop/BacheloreProject/DynamicFunctionExchange/New_Management/Attempt_1_04-04-2024/SAXI_MB_PR_HW_SW_01/LED_PR/microblaze_0/standalone_domain/bsp
TRACE::2024-04-05.00:36:36::SCWMssOS::Mss edits present, copying mssfile into export location C:/Users/jasme/Desktop/BacheloreProject/DynamicFunctionExchange/New_Management/Attempt_1_04-04-2024/SAXI_MB_PR_HW_SW_01/LED_PR/microblaze_0/standalone_domain/bsp/system.mss
TRACE::2024-04-05.00:36:36::SCWMssOS::bsp generated is upto date with the mss file. Skipping bsp generation.
TRACE::2024-04-05.00:36:36::SCWMssOS::BSP is already built. skipping the bsp build ... 
TRACE::2024-04-05.00:36:36::SCWDomain::Skipping the build for domain :  standalone_domain
TRACE::2024-04-05.00:36:36::SCWMssOS::skipping the bsp build ... 
TRACE::2024-04-05.00:36:36::SCWMssOS::Copying to export directory.
TRACE::2024-04-05.00:36:36::SCWMssOS:: Checking if to create the Supporting Applications
TRACE::2024-04-05.00:36:36::SCWMssOS:: No Linux domain exists, trying to generate FSBL 
LOG::2024-04-05.00:36:36::SCWSystem::Completed Processing the domain standalone_domain
LOG::2024-04-05.00:36:36::SCWSystem::Completed Processing the sysconfig LED_PR
LOG::2024-04-05.00:36:36::SCWPlatform::Completed generating the artifacts for system configuration LED_PR
TRACE::2024-04-05.00:36:36::SCWPlatform::Started preparing the platform 
TRACE::2024-04-05.00:36:36::SCWSystem::Writing the bif file for system config LED_PR
TRACE::2024-04-05.00:36:36::SCWSystem::dir created 
TRACE::2024-04-05.00:36:36::SCWSystem::Writing the bif 
TRACE::2024-04-05.00:36:36::SCWPlatform::Started writing the spfm file 
TRACE::2024-04-05.00:36:36::SCWPlatform::Started writing the xpfm file 
TRACE::2024-04-05.00:36:36::SCWPlatform::Completed generating the platform
TRACE::2024-04-05.00:36:36::SCWMssOS::Saving the mss changes C:/Users/jasme/Desktop/BacheloreProject/DynamicFunctionExchange/New_Management/Attempt_1_04-04-2024/SAXI_MB_PR_HW_SW_01/LED_PR/microblaze_0/standalone_domain/bsp/system.mss
TRACE::2024-04-05.00:36:36::SCWMssOS::Found a swdesign opened with the mssfile.
TRACE::2024-04-05.00:36:36::SCWMssOS::Completed writemss as part of save.
TRACE::2024-04-05.00:36:36::SCWMssOS::Commit changes completed.
TRACE::2024-04-05.00:36:36::SCWPlatform::Trying to open the hw design at C:/Users/jasme/Desktop/BacheloreProject/DynamicFunctionExchange/New_Management/Attempt_1_04-04-2024/SAXI_MB_PR_HW_SW_01/LED_PR/hw/design_1_wrapper.xsa
TRACE::2024-04-05.00:36:36::SCWPlatform::DSA given C:/Users/jasme/Desktop/BacheloreProject/DynamicFunctionExchange/New_Management/Attempt_1_04-04-2024/SAXI_MB_PR_HW_SW_01/LED_PR/hw/design_1_wrapper.xsa
TRACE::2024-04-05.00:36:36::SCWPlatform::DSA absoulate path C:/Users/jasme/Desktop/BacheloreProject/DynamicFunctionExchange/New_Management/Attempt_1_04-04-2024/SAXI_MB_PR_HW_SW_01/LED_PR/hw/design_1_wrapper.xsa
TRACE::2024-04-05.00:36:36::SCWPlatform::DSA directory C:/Users/jasme/Desktop/BacheloreProject/DynamicFunctionExchange/New_Management/Attempt_1_04-04-2024/SAXI_MB_PR_HW_SW_01/LED_PR/hw
TRACE::2024-04-05.00:36:36::SCWPlatform:: Platform Path C:/Users/jasme/Desktop/BacheloreProject/DynamicFunctionExchange/New_Management/Attempt_1_04-04-2024/SAXI_MB_PR_HW_SW_01/LED_PR/hw/design_1_wrapper.xsa
TRACE::2024-04-05.00:36:36::SCWPlatform:: Unique name xilinx:nexys-a7-100t::0.0
TRACE::2024-04-05.00:36:36::SCWPlatform::Trying to set the existing hwdb with name design_1_wrapper_0
TRACE::2024-04-05.00:36:36::SCWPlatform::Opened existing hwdb design_1_wrapper_0
TRACE::2024-04-05.00:36:36::SCWPlatform::Found the Hw Db part of the input DSA
TRACE::2024-04-05.00:36:36::SCWMssOS::Checking the sw design at  C:/Users/jasme/Desktop/BacheloreProject/DynamicFunctionExchange/New_Management/Attempt_1_04-04-2024/SAXI_MB_PR_HW_SW_01/LED_PR/microblaze_0/standalone_domain/bsp/system.mss
TRACE::2024-04-05.00:36:36::SCWMssOS::DEBUG:  swdes dump  C:/Users/jasme/Desktop/BacheloreProject/DynamicFunctionExchange/New_Management/Attempt_1_04-04-2024/SAXI_MB_PR_HW_SW_01/LED_PR/microblaze_0/standalone_domain/bsp/system.mss|system||

TRACE::2024-04-05.00:36:36::SCWMssOS::Sw design exists and opened at  C:/Users/jasme/Desktop/BacheloreProject/DynamicFunctionExchange/New_Management/Attempt_1_04-04-2024/SAXI_MB_PR_HW_SW_01/LED_PR/microblaze_0/standalone_domain/bsp/system.mss
TRACE::2024-04-05.00:36:36::SCWPlatform::Trying to open the hw design at C:/Users/jasme/Desktop/BacheloreProject/DynamicFunctionExchange/New_Management/Attempt_1_04-04-2024/SAXI_MB_PR_HW_SW_01/LED_PR/hw/design_1_wrapper.xsa
TRACE::2024-04-05.00:36:36::SCWPlatform::DSA given C:/Users/jasme/Desktop/BacheloreProject/DynamicFunctionExchange/New_Management/Attempt_1_04-04-2024/SAXI_MB_PR_HW_SW_01/LED_PR/hw/design_1_wrapper.xsa
TRACE::2024-04-05.00:36:36::SCWPlatform::DSA absoulate path C:/Users/jasme/Desktop/BacheloreProject/DynamicFunctionExchange/New_Management/Attempt_1_04-04-2024/SAXI_MB_PR_HW_SW_01/LED_PR/hw/design_1_wrapper.xsa
TRACE::2024-04-05.00:36:36::SCWPlatform::DSA directory C:/Users/jasme/Desktop/BacheloreProject/DynamicFunctionExchange/New_Management/Attempt_1_04-04-2024/SAXI_MB_PR_HW_SW_01/LED_PR/hw
TRACE::2024-04-05.00:36:36::SCWPlatform:: Platform Path C:/Users/jasme/Desktop/BacheloreProject/DynamicFunctionExchange/New_Management/Attempt_1_04-04-2024/SAXI_MB_PR_HW_SW_01/LED_PR/hw/design_1_wrapper.xsa
TRACE::2024-04-05.00:36:36::SCWPlatform:: Unique name xilinx:nexys-a7-100t::0.0
TRACE::2024-04-05.00:36:36::SCWPlatform::Trying to set the existing hwdb with name design_1_wrapper_0
TRACE::2024-04-05.00:36:36::SCWPlatform::Opened existing hwdb design_1_wrapper_0
TRACE::2024-04-05.00:36:36::SCWPlatform::Found the Hw Db part of the input DSA
TRACE::2024-04-05.00:36:36::SCWMssOS::Checking the sw design at  C:/Users/jasme/Desktop/BacheloreProject/DynamicFunctionExchange/New_Management/Attempt_1_04-04-2024/SAXI_MB_PR_HW_SW_01/LED_PR/microblaze_0/standalone_domain/bsp/system.mss
TRACE::2024-04-05.00:36:36::SCWMssOS::DEBUG:  swdes dump  C:/Users/jasme/Desktop/BacheloreProject/DynamicFunctionExchange/New_Management/Attempt_1_04-04-2024/SAXI_MB_PR_HW_SW_01/LED_PR/microblaze_0/standalone_domain/bsp/system.mss|system||

TRACE::2024-04-05.00:36:36::SCWMssOS::Sw design exists and opened at  C:/Users/jasme/Desktop/BacheloreProject/DynamicFunctionExchange/New_Management/Attempt_1_04-04-2024/SAXI_MB_PR_HW_SW_01/LED_PR/microblaze_0/standalone_domain/bsp/system.mss
TRACE::2024-04-05.00:36:36::SCWPlatform::Trying to open the hw design at C:/Users/jasme/Desktop/BacheloreProject/DynamicFunctionExchange/New_Management/Attempt_1_04-04-2024/SAXI_MB_PR_HW_SW_01/LED_PR/hw/design_1_wrapper.xsa
TRACE::2024-04-05.00:36:36::SCWPlatform::DSA given C:/Users/jasme/Desktop/BacheloreProject/DynamicFunctionExchange/New_Management/Attempt_1_04-04-2024/SAXI_MB_PR_HW_SW_01/LED_PR/hw/design_1_wrapper.xsa
TRACE::2024-04-05.00:36:36::SCWPlatform::DSA absoulate path C:/Users/jasme/Desktop/BacheloreProject/DynamicFunctionExchange/New_Management/Attempt_1_04-04-2024/SAXI_MB_PR_HW_SW_01/LED_PR/hw/design_1_wrapper.xsa
TRACE::2024-04-05.00:36:36::SCWPlatform::DSA directory C:/Users/jasme/Desktop/BacheloreProject/DynamicFunctionExchange/New_Management/Attempt_1_04-04-2024/SAXI_MB_PR_HW_SW_01/LED_PR/hw
TRACE::2024-04-05.00:36:36::SCWPlatform:: Platform Path C:/Users/jasme/Desktop/BacheloreProject/DynamicFunctionExchange/New_Management/Attempt_1_04-04-2024/SAXI_MB_PR_HW_SW_01/LED_PR/hw/design_1_wrapper.xsa
TRACE::2024-04-05.00:36:36::SCWPlatform:: Unique name xilinx:nexys-a7-100t::0.0
TRACE::2024-04-05.00:36:36::SCWPlatform::Trying to set the existing hwdb with name design_1_wrapper_0
TRACE::2024-04-05.00:36:36::SCWPlatform::Opened existing hwdb design_1_wrapper_0
TRACE::2024-04-05.00:36:36::SCWPlatform::Found the Hw Db part of the input DSA
TRACE::2024-04-05.00:36:36::SCWMssOS::Checking the sw design at  C:/Users/jasme/Desktop/BacheloreProject/DynamicFunctionExchange/New_Management/Attempt_1_04-04-2024/SAXI_MB_PR_HW_SW_01/LED_PR/microblaze_0/standalone_domain/bsp/system.mss
TRACE::2024-04-05.00:36:36::SCWMssOS::DEBUG:  swdes dump  C:/Users/jasme/Desktop/BacheloreProject/DynamicFunctionExchange/New_Management/Attempt_1_04-04-2024/SAXI_MB_PR_HW_SW_01/LED_PR/microblaze_0/standalone_domain/bsp/system.mss|system||

TRACE::2024-04-05.00:36:36::SCWMssOS::Sw design exists and opened at  C:/Users/jasme/Desktop/BacheloreProject/DynamicFunctionExchange/New_Management/Attempt_1_04-04-2024/SAXI_MB_PR_HW_SW_01/LED_PR/microblaze_0/standalone_domain/bsp/system.mss
TRACE::2024-04-05.00:36:36::SCWWriter::formatted JSON is {
	"platformName":	"LED_PR",
	"sprVersion":	"2.0",
	"mode":	"gui",
	"dsaType":	"Fixed",
	"platformDesc":	"LED_PR",
	"platHandOff":	"C:/Users/jasme/Desktop/BacheloreProject/DynamicFunctionExchange/New_Management/Attempt_1_04-04-2024/SAXI_MB_PR_HW_SW_01/design_1_wrapper.xsa",
	"platIntHandOff":	"<platformDir>/hw/design_1_wrapper.xsa",
	"deviceType":	"FPGA",
	"platIsPrebuiltAutogen":	"false",
	"platIsNoBootBsp":	"false",
	"hasFsblMakeHasChanges":	"false",
	"hasPmufwMakeHasChanges":	"false",
	"platPreBuiltFlag":	false,
	"platformSamplesDir":	"",
	"platActiveSys":	"LED_PR",
	"systems":	[{
			"systemName":	"LED_PR",
			"systemDesc":	"LED_PR",
			"sysIsBootAutoGen":	"true",
			"systemDispName":	"LED_PR",
			"sysActiveDom":	"standalone_domain",
			"sysDefaultDom":	"standalone_domain",
			"domains":	[{
					"domainName":	"standalone_domain",
					"domainDispName":	"standalone_domain",
					"domainDesc":	"standalone_domain",
					"processors":	"microblaze_0",
					"os":	"standalone",
					"sdxOs":	"standalone",
					"debugEnable":	"False",
					"domRuntimes":	["cpp"],
					"swRepo":	"",
					"mssOsVer":	"8.1",
					"mssFile":	"",
					"md5Digest":	"75cdb0476758e6e5bf67e2d6c7ddd4c1",
					"compatibleApp":	"",
					"domType":	"mssDomain",
					"arch":	"32-bit",
					"appSettings":	{
						"appCompilerFlags":	"",
						"appLinkerFlags":	""
					},
					"addedLibs":	[],
					"libOptions":	{
						"libsContainingOptions":	[]
					},
					"prebuiltLibs":	{
						"prebuiltIncPath":	[],
						"prebuiltLibPath":	[]
					},
					"isolation":	{
					}
				}]
		}]
}
KEYINFO::2024-04-05.00:36:36::SCWPlatform::updated the xpfm file.
TRACE::2024-04-05.00:36:37::SCWPlatform::Trying to open the hw design at C:/Users/jasme/Desktop/BacheloreProject/DynamicFunctionExchange/New_Management/Attempt_1_04-04-2024/SAXI_MB_PR_HW_SW_01/LED_PR/hw/design_1_wrapper.xsa
TRACE::2024-04-05.00:36:37::SCWPlatform::DSA given C:/Users/jasme/Desktop/BacheloreProject/DynamicFunctionExchange/New_Management/Attempt_1_04-04-2024/SAXI_MB_PR_HW_SW_01/LED_PR/hw/design_1_wrapper.xsa
TRACE::2024-04-05.00:36:37::SCWPlatform::DSA absoulate path C:/Users/jasme/Desktop/BacheloreProject/DynamicFunctionExchange/New_Management/Attempt_1_04-04-2024/SAXI_MB_PR_HW_SW_01/LED_PR/hw/design_1_wrapper.xsa
TRACE::2024-04-05.00:36:37::SCWPlatform::DSA directory C:/Users/jasme/Desktop/BacheloreProject/DynamicFunctionExchange/New_Management/Attempt_1_04-04-2024/SAXI_MB_PR_HW_SW_01/LED_PR/hw
TRACE::2024-04-05.00:36:37::SCWPlatform:: Platform Path C:/Users/jasme/Desktop/BacheloreProject/DynamicFunctionExchange/New_Management/Attempt_1_04-04-2024/SAXI_MB_PR_HW_SW_01/LED_PR/hw/design_1_wrapper.xsa
TRACE::2024-04-05.00:36:37::SCWPlatform:: Unique name xilinx:nexys-a7-100t::0.0
TRACE::2024-04-05.00:36:37::SCWPlatform::Trying to set the existing hwdb with name design_1_wrapper_0
TRACE::2024-04-05.00:36:37::SCWPlatform::Opened existing hwdb design_1_wrapper_0
TRACE::2024-04-05.00:36:37::SCWPlatform::Found the Hw Db part of the input DSA
TRACE::2024-04-05.00:36:37::SCWMssOS::Checking the sw design at  C:/Users/jasme/Desktop/BacheloreProject/DynamicFunctionExchange/New_Management/Attempt_1_04-04-2024/SAXI_MB_PR_HW_SW_01/LED_PR/microblaze_0/standalone_domain/bsp/system.mss
TRACE::2024-04-05.00:36:37::SCWMssOS::DEBUG:  swdes dump  C:/Users/jasme/Desktop/BacheloreProject/DynamicFunctionExchange/New_Management/Attempt_1_04-04-2024/SAXI_MB_PR_HW_SW_01/LED_PR/microblaze_0/standalone_domain/bsp/system.mss|system||

TRACE::2024-04-05.00:36:37::SCWMssOS::Sw design exists and opened at  C:/Users/jasme/Desktop/BacheloreProject/DynamicFunctionExchange/New_Management/Attempt_1_04-04-2024/SAXI_MB_PR_HW_SW_01/LED_PR/microblaze_0/standalone_domain/bsp/system.mss
TRACE::2024-04-05.00:36:37::SCWMssOS::Saving the mss changes C:/Users/jasme/Desktop/BacheloreProject/DynamicFunctionExchange/New_Management/Attempt_1_04-04-2024/SAXI_MB_PR_HW_SW_01/LED_PR/microblaze_0/standalone_domain/bsp/system.mss
TRACE::2024-04-05.00:36:37::SCWMssOS::Found a swdesign opened with the mssfile.
TRACE::2024-04-05.00:36:37::SCWMssOS::Completed writemss as part of save.
TRACE::2024-04-05.00:36:37::SCWMssOS::Commit changes completed.
TRACE::2024-04-05.00:36:37::SCWPlatform::Trying to open the hw design at C:/Users/jasme/Desktop/BacheloreProject/DynamicFunctionExchange/New_Management/Attempt_1_04-04-2024/SAXI_MB_PR_HW_SW_01/LED_PR/hw/design_1_wrapper.xsa
TRACE::2024-04-05.00:36:37::SCWPlatform::DSA given C:/Users/jasme/Desktop/BacheloreProject/DynamicFunctionExchange/New_Management/Attempt_1_04-04-2024/SAXI_MB_PR_HW_SW_01/LED_PR/hw/design_1_wrapper.xsa
TRACE::2024-04-05.00:36:37::SCWPlatform::DSA absoulate path C:/Users/jasme/Desktop/BacheloreProject/DynamicFunctionExchange/New_Management/Attempt_1_04-04-2024/SAXI_MB_PR_HW_SW_01/LED_PR/hw/design_1_wrapper.xsa
TRACE::2024-04-05.00:36:37::SCWPlatform::DSA directory C:/Users/jasme/Desktop/BacheloreProject/DynamicFunctionExchange/New_Management/Attempt_1_04-04-2024/SAXI_MB_PR_HW_SW_01/LED_PR/hw
TRACE::2024-04-05.00:36:37::SCWPlatform:: Platform Path C:/Users/jasme/Desktop/BacheloreProject/DynamicFunctionExchange/New_Management/Attempt_1_04-04-2024/SAXI_MB_PR_HW_SW_01/LED_PR/hw/design_1_wrapper.xsa
TRACE::2024-04-05.00:36:37::SCWPlatform:: Unique name xilinx:nexys-a7-100t::0.0
TRACE::2024-04-05.00:36:37::SCWPlatform::Trying to set the existing hwdb with name design_1_wrapper_0
TRACE::2024-04-05.00:36:37::SCWPlatform::Opened existing hwdb design_1_wrapper_0
TRACE::2024-04-05.00:36:37::SCWPlatform::Found the Hw Db part of the input DSA
TRACE::2024-04-05.00:36:37::SCWMssOS::Checking the sw design at  C:/Users/jasme/Desktop/BacheloreProject/DynamicFunctionExchange/New_Management/Attempt_1_04-04-2024/SAXI_MB_PR_HW_SW_01/LED_PR/microblaze_0/standalone_domain/bsp/system.mss
TRACE::2024-04-05.00:36:37::SCWMssOS::DEBUG:  swdes dump  C:/Users/jasme/Desktop/BacheloreProject/DynamicFunctionExchange/New_Management/Attempt_1_04-04-2024/SAXI_MB_PR_HW_SW_01/LED_PR/microblaze_0/standalone_domain/bsp/system.mss|system||

TRACE::2024-04-05.00:36:37::SCWMssOS::Sw design exists and opened at  C:/Users/jasme/Desktop/BacheloreProject/DynamicFunctionExchange/New_Management/Attempt_1_04-04-2024/SAXI_MB_PR_HW_SW_01/LED_PR/microblaze_0/standalone_domain/bsp/system.mss
TRACE::2024-04-05.00:36:37::SCWPlatform::Trying to open the hw design at C:/Users/jasme/Desktop/BacheloreProject/DynamicFunctionExchange/New_Management/Attempt_1_04-04-2024/SAXI_MB_PR_HW_SW_01/LED_PR/hw/design_1_wrapper.xsa
TRACE::2024-04-05.00:36:37::SCWPlatform::DSA given C:/Users/jasme/Desktop/BacheloreProject/DynamicFunctionExchange/New_Management/Attempt_1_04-04-2024/SAXI_MB_PR_HW_SW_01/LED_PR/hw/design_1_wrapper.xsa
TRACE::2024-04-05.00:36:37::SCWPlatform::DSA absoulate path C:/Users/jasme/Desktop/BacheloreProject/DynamicFunctionExchange/New_Management/Attempt_1_04-04-2024/SAXI_MB_PR_HW_SW_01/LED_PR/hw/design_1_wrapper.xsa
TRACE::2024-04-05.00:36:37::SCWPlatform::DSA directory C:/Users/jasme/Desktop/BacheloreProject/DynamicFunctionExchange/New_Management/Attempt_1_04-04-2024/SAXI_MB_PR_HW_SW_01/LED_PR/hw
TRACE::2024-04-05.00:36:37::SCWPlatform:: Platform Path C:/Users/jasme/Desktop/BacheloreProject/DynamicFunctionExchange/New_Management/Attempt_1_04-04-2024/SAXI_MB_PR_HW_SW_01/LED_PR/hw/design_1_wrapper.xsa
TRACE::2024-04-05.00:36:37::SCWPlatform:: Unique name xilinx:nexys-a7-100t::0.0
TRACE::2024-04-05.00:36:37::SCWPlatform::Trying to set the existing hwdb with name design_1_wrapper_0
TRACE::2024-04-05.00:36:37::SCWPlatform::Opened existing hwdb design_1_wrapper_0
TRACE::2024-04-05.00:36:37::SCWPlatform::Found the Hw Db part of the input DSA
TRACE::2024-04-05.00:36:37::SCWMssOS::Checking the sw design at  C:/Users/jasme/Desktop/BacheloreProject/DynamicFunctionExchange/New_Management/Attempt_1_04-04-2024/SAXI_MB_PR_HW_SW_01/LED_PR/microblaze_0/standalone_domain/bsp/system.mss
TRACE::2024-04-05.00:36:37::SCWMssOS::DEBUG:  swdes dump  C:/Users/jasme/Desktop/BacheloreProject/DynamicFunctionExchange/New_Management/Attempt_1_04-04-2024/SAXI_MB_PR_HW_SW_01/LED_PR/microblaze_0/standalone_domain/bsp/system.mss|system||

TRACE::2024-04-05.00:36:37::SCWMssOS::Sw design exists and opened at  C:/Users/jasme/Desktop/BacheloreProject/DynamicFunctionExchange/New_Management/Attempt_1_04-04-2024/SAXI_MB_PR_HW_SW_01/LED_PR/microblaze_0/standalone_domain/bsp/system.mss
TRACE::2024-04-05.00:36:37::SCWPlatform::Trying to open the hw design at C:/Users/jasme/Desktop/BacheloreProject/DynamicFunctionExchange/New_Management/Attempt_1_04-04-2024/SAXI_MB_PR_HW_SW_01/LED_PR/hw/design_1_wrapper.xsa
TRACE::2024-04-05.00:36:37::SCWPlatform::DSA given C:/Users/jasme/Desktop/BacheloreProject/DynamicFunctionExchange/New_Management/Attempt_1_04-04-2024/SAXI_MB_PR_HW_SW_01/LED_PR/hw/design_1_wrapper.xsa
TRACE::2024-04-05.00:36:37::SCWPlatform::DSA absoulate path C:/Users/jasme/Desktop/BacheloreProject/DynamicFunctionExchange/New_Management/Attempt_1_04-04-2024/SAXI_MB_PR_HW_SW_01/LED_PR/hw/design_1_wrapper.xsa
TRACE::2024-04-05.00:36:37::SCWPlatform::DSA directory C:/Users/jasme/Desktop/BacheloreProject/DynamicFunctionExchange/New_Management/Attempt_1_04-04-2024/SAXI_MB_PR_HW_SW_01/LED_PR/hw
TRACE::2024-04-05.00:36:37::SCWPlatform:: Platform Path C:/Users/jasme/Desktop/BacheloreProject/DynamicFunctionExchange/New_Management/Attempt_1_04-04-2024/SAXI_MB_PR_HW_SW_01/LED_PR/hw/design_1_wrapper.xsa
TRACE::2024-04-05.00:36:37::SCWPlatform:: Unique name xilinx:nexys-a7-100t::0.0
TRACE::2024-04-05.00:36:37::SCWPlatform::Trying to set the existing hwdb with name design_1_wrapper_0
TRACE::2024-04-05.00:36:37::SCWPlatform::Opened existing hwdb design_1_wrapper_0
TRACE::2024-04-05.00:36:37::SCWPlatform::Found the Hw Db part of the input DSA
TRACE::2024-04-05.00:36:37::SCWMssOS::Checking the sw design at  C:/Users/jasme/Desktop/BacheloreProject/DynamicFunctionExchange/New_Management/Attempt_1_04-04-2024/SAXI_MB_PR_HW_SW_01/LED_PR/microblaze_0/standalone_domain/bsp/system.mss
TRACE::2024-04-05.00:36:37::SCWMssOS::DEBUG:  swdes dump  C:/Users/jasme/Desktop/BacheloreProject/DynamicFunctionExchange/New_Management/Attempt_1_04-04-2024/SAXI_MB_PR_HW_SW_01/LED_PR/microblaze_0/standalone_domain/bsp/system.mss|system||

TRACE::2024-04-05.00:36:37::SCWMssOS::Sw design exists and opened at  C:/Users/jasme/Desktop/BacheloreProject/DynamicFunctionExchange/New_Management/Attempt_1_04-04-2024/SAXI_MB_PR_HW_SW_01/LED_PR/microblaze_0/standalone_domain/bsp/system.mss
TRACE::2024-04-05.00:36:37::SCWWriter::formatted JSON is {
	"platformName":	"LED_PR",
	"sprVersion":	"2.0",
	"mode":	"gui",
	"dsaType":	"Fixed",
	"platformDesc":	"LED_PR",
	"platHandOff":	"C:/Users/jasme/Desktop/BacheloreProject/DynamicFunctionExchange/New_Management/Attempt_1_04-04-2024/SAXI_MB_PR_HW_SW_01/design_1_wrapper.xsa",
	"platIntHandOff":	"<platformDir>/hw/design_1_wrapper.xsa",
	"deviceType":	"FPGA",
	"platIsPrebuiltAutogen":	"false",
	"platIsNoBootBsp":	"false",
	"hasFsblMakeHasChanges":	"false",
	"hasPmufwMakeHasChanges":	"false",
	"platPreBuiltFlag":	false,
	"platformSamplesDir":	"",
	"platActiveSys":	"LED_PR",
	"systems":	[{
			"systemName":	"LED_PR",
			"systemDesc":	"LED_PR",
			"sysIsBootAutoGen":	"true",
			"systemDispName":	"LED_PR",
			"sysActiveDom":	"standalone_domain",
			"sysDefaultDom":	"standalone_domain",
			"domains":	[{
					"domainName":	"standalone_domain",
					"domainDispName":	"standalone_domain",
					"domainDesc":	"standalone_domain",
					"processors":	"microblaze_0",
					"os":	"standalone",
					"sdxOs":	"standalone",
					"debugEnable":	"False",
					"domRuntimes":	["cpp"],
					"swRepo":	"",
					"mssOsVer":	"8.1",
					"mssFile":	"",
					"md5Digest":	"75cdb0476758e6e5bf67e2d6c7ddd4c1",
					"compatibleApp":	"",
					"domType":	"mssDomain",
					"arch":	"32-bit",
					"appSettings":	{
						"appCompilerFlags":	"",
						"appLinkerFlags":	""
					},
					"addedLibs":	[],
					"libOptions":	{
						"libsContainingOptions":	[]
					},
					"prebuiltLibs":	{
						"prebuiltIncPath":	[],
						"prebuiltLibPath":	[]
					},
					"isolation":	{
					}
				}]
		}]
}
TRACE::2024-04-05.00:36:37::SCWPlatform::Trying to open the hw design at C:/Users/jasme/Desktop/BacheloreProject/DynamicFunctionExchange/New_Management/Attempt_1_04-04-2024/SAXI_MB_PR_HW_SW_01/LED_PR/hw/design_1_wrapper.xsa
TRACE::2024-04-05.00:36:37::SCWPlatform::DSA given C:/Users/jasme/Desktop/BacheloreProject/DynamicFunctionExchange/New_Management/Attempt_1_04-04-2024/SAXI_MB_PR_HW_SW_01/LED_PR/hw/design_1_wrapper.xsa
TRACE::2024-04-05.00:36:37::SCWPlatform::DSA absoulate path C:/Users/jasme/Desktop/BacheloreProject/DynamicFunctionExchange/New_Management/Attempt_1_04-04-2024/SAXI_MB_PR_HW_SW_01/LED_PR/hw/design_1_wrapper.xsa
TRACE::2024-04-05.00:36:37::SCWPlatform::DSA directory C:/Users/jasme/Desktop/BacheloreProject/DynamicFunctionExchange/New_Management/Attempt_1_04-04-2024/SAXI_MB_PR_HW_SW_01/LED_PR/hw
TRACE::2024-04-05.00:36:37::SCWPlatform:: Platform Path C:/Users/jasme/Desktop/BacheloreProject/DynamicFunctionExchange/New_Management/Attempt_1_04-04-2024/SAXI_MB_PR_HW_SW_01/LED_PR/hw/design_1_wrapper.xsa
TRACE::2024-04-05.00:36:37::SCWPlatform:: Unique name xilinx:nexys-a7-100t::0.0
TRACE::2024-04-05.00:36:37::SCWPlatform::Trying to set the existing hwdb with name design_1_wrapper_0
TRACE::2024-04-05.00:36:37::SCWPlatform::Opened existing hwdb design_1_wrapper_0
TRACE::2024-04-05.00:36:37::SCWPlatform::Found the Hw Db part of the input DSA
TRACE::2024-04-05.00:36:37::SCWMssOS::Checking the sw design at  C:/Users/jasme/Desktop/BacheloreProject/DynamicFunctionExchange/New_Management/Attempt_1_04-04-2024/SAXI_MB_PR_HW_SW_01/LED_PR/microblaze_0/standalone_domain/bsp/system.mss
TRACE::2024-04-05.00:36:37::SCWMssOS::DEBUG:  swdes dump  C:/Users/jasme/Desktop/BacheloreProject/DynamicFunctionExchange/New_Management/Attempt_1_04-04-2024/SAXI_MB_PR_HW_SW_01/LED_PR/microblaze_0/standalone_domain/bsp/system.mss|system||

TRACE::2024-04-05.00:36:37::SCWMssOS::Sw design exists and opened at  C:/Users/jasme/Desktop/BacheloreProject/DynamicFunctionExchange/New_Management/Attempt_1_04-04-2024/SAXI_MB_PR_HW_SW_01/LED_PR/microblaze_0/standalone_domain/bsp/system.mss
TRACE::2024-04-05.00:36:37::SCWPlatform::Trying to open the hw design at C:/Users/jasme/Desktop/BacheloreProject/DynamicFunctionExchange/New_Management/Attempt_1_04-04-2024/SAXI_MB_PR_HW_SW_01/LED_PR/hw/design_1_wrapper.xsa
TRACE::2024-04-05.00:36:37::SCWPlatform::DSA given C:/Users/jasme/Desktop/BacheloreProject/DynamicFunctionExchange/New_Management/Attempt_1_04-04-2024/SAXI_MB_PR_HW_SW_01/LED_PR/hw/design_1_wrapper.xsa
TRACE::2024-04-05.00:36:37::SCWPlatform::DSA absoulate path C:/Users/jasme/Desktop/BacheloreProject/DynamicFunctionExchange/New_Management/Attempt_1_04-04-2024/SAXI_MB_PR_HW_SW_01/LED_PR/hw/design_1_wrapper.xsa
TRACE::2024-04-05.00:36:37::SCWPlatform::DSA directory C:/Users/jasme/Desktop/BacheloreProject/DynamicFunctionExchange/New_Management/Attempt_1_04-04-2024/SAXI_MB_PR_HW_SW_01/LED_PR/hw
TRACE::2024-04-05.00:36:37::SCWPlatform:: Platform Path C:/Users/jasme/Desktop/BacheloreProject/DynamicFunctionExchange/New_Management/Attempt_1_04-04-2024/SAXI_MB_PR_HW_SW_01/LED_PR/hw/design_1_wrapper.xsa
TRACE::2024-04-05.00:36:37::SCWPlatform:: Unique name xilinx:nexys-a7-100t::0.0
TRACE::2024-04-05.00:36:37::SCWPlatform::Trying to set the existing hwdb with name design_1_wrapper_0
TRACE::2024-04-05.00:36:37::SCWPlatform::Opened existing hwdb design_1_wrapper_0
TRACE::2024-04-05.00:36:37::SCWPlatform::Found the Hw Db part of the input DSA
TRACE::2024-04-05.00:36:37::SCWMssOS::Checking the sw design at  C:/Users/jasme/Desktop/BacheloreProject/DynamicFunctionExchange/New_Management/Attempt_1_04-04-2024/SAXI_MB_PR_HW_SW_01/LED_PR/microblaze_0/standalone_domain/bsp/system.mss
TRACE::2024-04-05.00:36:37::SCWMssOS::DEBUG:  swdes dump  C:/Users/jasme/Desktop/BacheloreProject/DynamicFunctionExchange/New_Management/Attempt_1_04-04-2024/SAXI_MB_PR_HW_SW_01/LED_PR/microblaze_0/standalone_domain/bsp/system.mss|system||

TRACE::2024-04-05.00:36:37::SCWMssOS::Sw design exists and opened at  C:/Users/jasme/Desktop/BacheloreProject/DynamicFunctionExchange/New_Management/Attempt_1_04-04-2024/SAXI_MB_PR_HW_SW_01/LED_PR/microblaze_0/standalone_domain/bsp/system.mss
TRACE::2024-04-05.00:36:37::SCWPlatform::Trying to open the hw design at C:/Users/jasme/Desktop/BacheloreProject/DynamicFunctionExchange/New_Management/Attempt_1_04-04-2024/SAXI_MB_PR_HW_SW_01/LED_PR/hw/design_1_wrapper.xsa
TRACE::2024-04-05.00:36:37::SCWPlatform::DSA given C:/Users/jasme/Desktop/BacheloreProject/DynamicFunctionExchange/New_Management/Attempt_1_04-04-2024/SAXI_MB_PR_HW_SW_01/LED_PR/hw/design_1_wrapper.xsa
TRACE::2024-04-05.00:36:37::SCWPlatform::DSA absoulate path C:/Users/jasme/Desktop/BacheloreProject/DynamicFunctionExchange/New_Management/Attempt_1_04-04-2024/SAXI_MB_PR_HW_SW_01/LED_PR/hw/design_1_wrapper.xsa
TRACE::2024-04-05.00:36:37::SCWPlatform::DSA directory C:/Users/jasme/Desktop/BacheloreProject/DynamicFunctionExchange/New_Management/Attempt_1_04-04-2024/SAXI_MB_PR_HW_SW_01/LED_PR/hw
TRACE::2024-04-05.00:36:37::SCWPlatform:: Platform Path C:/Users/jasme/Desktop/BacheloreProject/DynamicFunctionExchange/New_Management/Attempt_1_04-04-2024/SAXI_MB_PR_HW_SW_01/LED_PR/hw/design_1_wrapper.xsa
TRACE::2024-04-05.00:36:37::SCWPlatform:: Unique name xilinx:nexys-a7-100t::0.0
TRACE::2024-04-05.00:36:37::SCWPlatform::Trying to set the existing hwdb with name design_1_wrapper_0
TRACE::2024-04-05.00:36:37::SCWPlatform::Opened existing hwdb design_1_wrapper_0
TRACE::2024-04-05.00:36:37::SCWPlatform::Found the Hw Db part of the input DSA
TRACE::2024-04-05.00:36:37::SCWMssOS::Checking the sw design at  C:/Users/jasme/Desktop/BacheloreProject/DynamicFunctionExchange/New_Management/Attempt_1_04-04-2024/SAXI_MB_PR_HW_SW_01/LED_PR/microblaze_0/standalone_domain/bsp/system.mss
TRACE::2024-04-05.00:36:37::SCWMssOS::DEBUG:  swdes dump  C:/Users/jasme/Desktop/BacheloreProject/DynamicFunctionExchange/New_Management/Attempt_1_04-04-2024/SAXI_MB_PR_HW_SW_01/LED_PR/microblaze_0/standalone_domain/bsp/system.mss|system||

TRACE::2024-04-05.00:36:37::SCWMssOS::Sw design exists and opened at  C:/Users/jasme/Desktop/BacheloreProject/DynamicFunctionExchange/New_Management/Attempt_1_04-04-2024/SAXI_MB_PR_HW_SW_01/LED_PR/microblaze_0/standalone_domain/bsp/system.mss
TRACE::2024-04-05.00:36:37::SCWMssOS::Saving the mss changes C:/Users/jasme/Desktop/BacheloreProject/DynamicFunctionExchange/New_Management/Attempt_1_04-04-2024/SAXI_MB_PR_HW_SW_01/LED_PR/microblaze_0/standalone_domain/bsp/system.mss
TRACE::2024-04-05.00:36:37::SCWMssOS::Found a swdesign opened with the mssfile.
TRACE::2024-04-05.00:36:37::SCWMssOS::Completed writemss as part of save.
TRACE::2024-04-05.00:36:37::SCWMssOS::Commit changes completed.
TRACE::2024-04-05.00:36:37::SCWPlatform::Trying to open the hw design at C:/Users/jasme/Desktop/BacheloreProject/DynamicFunctionExchange/New_Management/Attempt_1_04-04-2024/SAXI_MB_PR_HW_SW_01/LED_PR/hw/design_1_wrapper.xsa
TRACE::2024-04-05.00:36:37::SCWPlatform::DSA given C:/Users/jasme/Desktop/BacheloreProject/DynamicFunctionExchange/New_Management/Attempt_1_04-04-2024/SAXI_MB_PR_HW_SW_01/LED_PR/hw/design_1_wrapper.xsa
TRACE::2024-04-05.00:36:37::SCWPlatform::DSA absoulate path C:/Users/jasme/Desktop/BacheloreProject/DynamicFunctionExchange/New_Management/Attempt_1_04-04-2024/SAXI_MB_PR_HW_SW_01/LED_PR/hw/design_1_wrapper.xsa
TRACE::2024-04-05.00:36:37::SCWPlatform::DSA directory C:/Users/jasme/Desktop/BacheloreProject/DynamicFunctionExchange/New_Management/Attempt_1_04-04-2024/SAXI_MB_PR_HW_SW_01/LED_PR/hw
TRACE::2024-04-05.00:36:37::SCWPlatform:: Platform Path C:/Users/jasme/Desktop/BacheloreProject/DynamicFunctionExchange/New_Management/Attempt_1_04-04-2024/SAXI_MB_PR_HW_SW_01/LED_PR/hw/design_1_wrapper.xsa
TRACE::2024-04-05.00:36:37::SCWPlatform:: Unique name xilinx:nexys-a7-100t::0.0
TRACE::2024-04-05.00:36:37::SCWPlatform::Trying to set the existing hwdb with name design_1_wrapper_0
TRACE::2024-04-05.00:36:37::SCWPlatform::Opened existing hwdb design_1_wrapper_0
TRACE::2024-04-05.00:36:37::SCWPlatform::Found the Hw Db part of the input DSA
TRACE::2024-04-05.00:36:37::SCWMssOS::Checking the sw design at  C:/Users/jasme/Desktop/BacheloreProject/DynamicFunctionExchange/New_Management/Attempt_1_04-04-2024/SAXI_MB_PR_HW_SW_01/LED_PR/microblaze_0/standalone_domain/bsp/system.mss
TRACE::2024-04-05.00:36:37::SCWMssOS::DEBUG:  swdes dump  C:/Users/jasme/Desktop/BacheloreProject/DynamicFunctionExchange/New_Management/Attempt_1_04-04-2024/SAXI_MB_PR_HW_SW_01/LED_PR/microblaze_0/standalone_domain/bsp/system.mss|system||

TRACE::2024-04-05.00:36:37::SCWMssOS::Sw design exists and opened at  C:/Users/jasme/Desktop/BacheloreProject/DynamicFunctionExchange/New_Management/Attempt_1_04-04-2024/SAXI_MB_PR_HW_SW_01/LED_PR/microblaze_0/standalone_domain/bsp/system.mss
TRACE::2024-04-05.00:36:37::SCWPlatform::Trying to open the hw design at C:/Users/jasme/Desktop/BacheloreProject/DynamicFunctionExchange/New_Management/Attempt_1_04-04-2024/SAXI_MB_PR_HW_SW_01/LED_PR/hw/design_1_wrapper.xsa
TRACE::2024-04-05.00:36:37::SCWPlatform::DSA given C:/Users/jasme/Desktop/BacheloreProject/DynamicFunctionExchange/New_Management/Attempt_1_04-04-2024/SAXI_MB_PR_HW_SW_01/LED_PR/hw/design_1_wrapper.xsa
TRACE::2024-04-05.00:36:37::SCWPlatform::DSA absoulate path C:/Users/jasme/Desktop/BacheloreProject/DynamicFunctionExchange/New_Management/Attempt_1_04-04-2024/SAXI_MB_PR_HW_SW_01/LED_PR/hw/design_1_wrapper.xsa
TRACE::2024-04-05.00:36:37::SCWPlatform::DSA directory C:/Users/jasme/Desktop/BacheloreProject/DynamicFunctionExchange/New_Management/Attempt_1_04-04-2024/SAXI_MB_PR_HW_SW_01/LED_PR/hw
TRACE::2024-04-05.00:36:37::SCWPlatform:: Platform Path C:/Users/jasme/Desktop/BacheloreProject/DynamicFunctionExchange/New_Management/Attempt_1_04-04-2024/SAXI_MB_PR_HW_SW_01/LED_PR/hw/design_1_wrapper.xsa
TRACE::2024-04-05.00:36:37::SCWPlatform:: Unique name xilinx:nexys-a7-100t::0.0
TRACE::2024-04-05.00:36:37::SCWPlatform::Trying to set the existing hwdb with name design_1_wrapper_0
TRACE::2024-04-05.00:36:37::SCWPlatform::Opened existing hwdb design_1_wrapper_0
TRACE::2024-04-05.00:36:37::SCWPlatform::Found the Hw Db part of the input DSA
TRACE::2024-04-05.00:36:37::SCWMssOS::Checking the sw design at  C:/Users/jasme/Desktop/BacheloreProject/DynamicFunctionExchange/New_Management/Attempt_1_04-04-2024/SAXI_MB_PR_HW_SW_01/LED_PR/microblaze_0/standalone_domain/bsp/system.mss
TRACE::2024-04-05.00:36:37::SCWMssOS::DEBUG:  swdes dump  C:/Users/jasme/Desktop/BacheloreProject/DynamicFunctionExchange/New_Management/Attempt_1_04-04-2024/SAXI_MB_PR_HW_SW_01/LED_PR/microblaze_0/standalone_domain/bsp/system.mss|system||

TRACE::2024-04-05.00:36:37::SCWMssOS::Sw design exists and opened at  C:/Users/jasme/Desktop/BacheloreProject/DynamicFunctionExchange/New_Management/Attempt_1_04-04-2024/SAXI_MB_PR_HW_SW_01/LED_PR/microblaze_0/standalone_domain/bsp/system.mss
TRACE::2024-04-05.00:36:37::SCWPlatform::Trying to open the hw design at C:/Users/jasme/Desktop/BacheloreProject/DynamicFunctionExchange/New_Management/Attempt_1_04-04-2024/SAXI_MB_PR_HW_SW_01/LED_PR/hw/design_1_wrapper.xsa
TRACE::2024-04-05.00:36:37::SCWPlatform::DSA given C:/Users/jasme/Desktop/BacheloreProject/DynamicFunctionExchange/New_Management/Attempt_1_04-04-2024/SAXI_MB_PR_HW_SW_01/LED_PR/hw/design_1_wrapper.xsa
TRACE::2024-04-05.00:36:37::SCWPlatform::DSA absoulate path C:/Users/jasme/Desktop/BacheloreProject/DynamicFunctionExchange/New_Management/Attempt_1_04-04-2024/SAXI_MB_PR_HW_SW_01/LED_PR/hw/design_1_wrapper.xsa
TRACE::2024-04-05.00:36:37::SCWPlatform::DSA directory C:/Users/jasme/Desktop/BacheloreProject/DynamicFunctionExchange/New_Management/Attempt_1_04-04-2024/SAXI_MB_PR_HW_SW_01/LED_PR/hw
TRACE::2024-04-05.00:36:37::SCWPlatform:: Platform Path C:/Users/jasme/Desktop/BacheloreProject/DynamicFunctionExchange/New_Management/Attempt_1_04-04-2024/SAXI_MB_PR_HW_SW_01/LED_PR/hw/design_1_wrapper.xsa
TRACE::2024-04-05.00:36:37::SCWPlatform:: Unique name xilinx:nexys-a7-100t::0.0
TRACE::2024-04-05.00:36:37::SCWPlatform::Trying to set the existing hwdb with name design_1_wrapper_0
TRACE::2024-04-05.00:36:37::SCWPlatform::Opened existing hwdb design_1_wrapper_0
TRACE::2024-04-05.00:36:37::SCWPlatform::Found the Hw Db part of the input DSA
TRACE::2024-04-05.00:36:37::SCWMssOS::Checking the sw design at  C:/Users/jasme/Desktop/BacheloreProject/DynamicFunctionExchange/New_Management/Attempt_1_04-04-2024/SAXI_MB_PR_HW_SW_01/LED_PR/microblaze_0/standalone_domain/bsp/system.mss
TRACE::2024-04-05.00:36:37::SCWMssOS::DEBUG:  swdes dump  C:/Users/jasme/Desktop/BacheloreProject/DynamicFunctionExchange/New_Management/Attempt_1_04-04-2024/SAXI_MB_PR_HW_SW_01/LED_PR/microblaze_0/standalone_domain/bsp/system.mss|system||

TRACE::2024-04-05.00:36:37::SCWMssOS::Sw design exists and opened at  C:/Users/jasme/Desktop/BacheloreProject/DynamicFunctionExchange/New_Management/Attempt_1_04-04-2024/SAXI_MB_PR_HW_SW_01/LED_PR/microblaze_0/standalone_domain/bsp/system.mss
TRACE::2024-04-05.00:36:37::SCWWriter::formatted JSON is {
	"platformName":	"LED_PR",
	"sprVersion":	"2.0",
	"mode":	"gui",
	"dsaType":	"Fixed",
	"platformDesc":	"LED_PR",
	"platHandOff":	"C:/Users/jasme/Desktop/BacheloreProject/DynamicFunctionExchange/New_Management/Attempt_1_04-04-2024/SAXI_MB_PR_HW_SW_01/design_1_wrapper.xsa",
	"platIntHandOff":	"<platformDir>/hw/design_1_wrapper.xsa",
	"deviceType":	"FPGA",
	"platIsPrebuiltAutogen":	"false",
	"platIsNoBootBsp":	"false",
	"hasFsblMakeHasChanges":	"false",
	"hasPmufwMakeHasChanges":	"false",
	"platPreBuiltFlag":	false,
	"platformSamplesDir":	"",
	"platActiveSys":	"LED_PR",
	"systems":	[{
			"systemName":	"LED_PR",
			"systemDesc":	"LED_PR",
			"sysIsBootAutoGen":	"true",
			"systemDispName":	"LED_PR",
			"sysActiveDom":	"standalone_domain",
			"sysDefaultDom":	"standalone_domain",
			"domains":	[{
					"domainName":	"standalone_domain",
					"domainDispName":	"standalone on microblaze_0",
					"domainDesc":	"standalone_domain",
					"processors":	"microblaze_0",
					"os":	"standalone",
					"sdxOs":	"standalone",
					"debugEnable":	"False",
					"domRuntimes":	["cpp"],
					"swRepo":	"",
					"mssOsVer":	"8.1",
					"mssFile":	"",
					"md5Digest":	"75cdb0476758e6e5bf67e2d6c7ddd4c1",
					"compatibleApp":	"",
					"domType":	"mssDomain",
					"arch":	"32-bit",
					"appSettings":	{
						"appCompilerFlags":	"",
						"appLinkerFlags":	""
					},
					"addedLibs":	[],
					"libOptions":	{
						"libsContainingOptions":	[]
					},
					"prebuiltLibs":	{
						"prebuiltIncPath":	[],
						"prebuiltLibPath":	[]
					},
					"isolation":	{
					}
				}]
		}]
}
TRACE::2024-04-05.00:36:37::SCWMssOS::Saving the mss changes C:/Users/jasme/Desktop/BacheloreProject/DynamicFunctionExchange/New_Management/Attempt_1_04-04-2024/SAXI_MB_PR_HW_SW_01/LED_PR/microblaze_0/standalone_domain/bsp/system.mss
TRACE::2024-04-05.00:36:37::SCWMssOS::Found a swdesign opened with the mssfile.
TRACE::2024-04-05.00:36:37::SCWMssOS::Completed writemss as part of save.
TRACE::2024-04-05.00:36:37::SCWMssOS::Commit changes completed.
TRACE::2024-04-05.00:36:37::SCWPlatform::Trying to open the hw design at C:/Users/jasme/Desktop/BacheloreProject/DynamicFunctionExchange/New_Management/Attempt_1_04-04-2024/SAXI_MB_PR_HW_SW_01/LED_PR/hw/design_1_wrapper.xsa
TRACE::2024-04-05.00:36:37::SCWPlatform::DSA given C:/Users/jasme/Desktop/BacheloreProject/DynamicFunctionExchange/New_Management/Attempt_1_04-04-2024/SAXI_MB_PR_HW_SW_01/LED_PR/hw/design_1_wrapper.xsa
TRACE::2024-04-05.00:36:37::SCWPlatform::DSA absoulate path C:/Users/jasme/Desktop/BacheloreProject/DynamicFunctionExchange/New_Management/Attempt_1_04-04-2024/SAXI_MB_PR_HW_SW_01/LED_PR/hw/design_1_wrapper.xsa
TRACE::2024-04-05.00:36:37::SCWPlatform::DSA directory C:/Users/jasme/Desktop/BacheloreProject/DynamicFunctionExchange/New_Management/Attempt_1_04-04-2024/SAXI_MB_PR_HW_SW_01/LED_PR/hw
TRACE::2024-04-05.00:36:37::SCWPlatform:: Platform Path C:/Users/jasme/Desktop/BacheloreProject/DynamicFunctionExchange/New_Management/Attempt_1_04-04-2024/SAXI_MB_PR_HW_SW_01/LED_PR/hw/design_1_wrapper.xsa
TRACE::2024-04-05.00:36:37::SCWPlatform:: Unique name xilinx:nexys-a7-100t::0.0
TRACE::2024-04-05.00:36:37::SCWPlatform::Trying to set the existing hwdb with name design_1_wrapper_0
TRACE::2024-04-05.00:36:37::SCWPlatform::Opened existing hwdb design_1_wrapper_0
TRACE::2024-04-05.00:36:37::SCWPlatform::Found the Hw Db part of the input DSA
TRACE::2024-04-05.00:36:37::SCWMssOS::Checking the sw design at  C:/Users/jasme/Desktop/BacheloreProject/DynamicFunctionExchange/New_Management/Attempt_1_04-04-2024/SAXI_MB_PR_HW_SW_01/LED_PR/microblaze_0/standalone_domain/bsp/system.mss
TRACE::2024-04-05.00:36:37::SCWMssOS::DEBUG:  swdes dump  C:/Users/jasme/Desktop/BacheloreProject/DynamicFunctionExchange/New_Management/Attempt_1_04-04-2024/SAXI_MB_PR_HW_SW_01/LED_PR/microblaze_0/standalone_domain/bsp/system.mss|system||

TRACE::2024-04-05.00:36:37::SCWMssOS::Sw design exists and opened at  C:/Users/jasme/Desktop/BacheloreProject/DynamicFunctionExchange/New_Management/Attempt_1_04-04-2024/SAXI_MB_PR_HW_SW_01/LED_PR/microblaze_0/standalone_domain/bsp/system.mss
TRACE::2024-04-05.00:36:37::SCWPlatform::Trying to open the hw design at C:/Users/jasme/Desktop/BacheloreProject/DynamicFunctionExchange/New_Management/Attempt_1_04-04-2024/SAXI_MB_PR_HW_SW_01/LED_PR/hw/design_1_wrapper.xsa
TRACE::2024-04-05.00:36:37::SCWPlatform::DSA given C:/Users/jasme/Desktop/BacheloreProject/DynamicFunctionExchange/New_Management/Attempt_1_04-04-2024/SAXI_MB_PR_HW_SW_01/LED_PR/hw/design_1_wrapper.xsa
TRACE::2024-04-05.00:36:37::SCWPlatform::DSA absoulate path C:/Users/jasme/Desktop/BacheloreProject/DynamicFunctionExchange/New_Management/Attempt_1_04-04-2024/SAXI_MB_PR_HW_SW_01/LED_PR/hw/design_1_wrapper.xsa
TRACE::2024-04-05.00:36:37::SCWPlatform::DSA directory C:/Users/jasme/Desktop/BacheloreProject/DynamicFunctionExchange/New_Management/Attempt_1_04-04-2024/SAXI_MB_PR_HW_SW_01/LED_PR/hw
TRACE::2024-04-05.00:36:37::SCWPlatform:: Platform Path C:/Users/jasme/Desktop/BacheloreProject/DynamicFunctionExchange/New_Management/Attempt_1_04-04-2024/SAXI_MB_PR_HW_SW_01/LED_PR/hw/design_1_wrapper.xsa
TRACE::2024-04-05.00:36:37::SCWPlatform:: Unique name xilinx:nexys-a7-100t::0.0
TRACE::2024-04-05.00:36:37::SCWPlatform::Trying to set the existing hwdb with name design_1_wrapper_0
TRACE::2024-04-05.00:36:37::SCWPlatform::Opened existing hwdb design_1_wrapper_0
TRACE::2024-04-05.00:36:37::SCWPlatform::Found the Hw Db part of the input DSA
TRACE::2024-04-05.00:36:37::SCWMssOS::Checking the sw design at  C:/Users/jasme/Desktop/BacheloreProject/DynamicFunctionExchange/New_Management/Attempt_1_04-04-2024/SAXI_MB_PR_HW_SW_01/LED_PR/microblaze_0/standalone_domain/bsp/system.mss
TRACE::2024-04-05.00:36:37::SCWMssOS::DEBUG:  swdes dump  C:/Users/jasme/Desktop/BacheloreProject/DynamicFunctionExchange/New_Management/Attempt_1_04-04-2024/SAXI_MB_PR_HW_SW_01/LED_PR/microblaze_0/standalone_domain/bsp/system.mss|system||

TRACE::2024-04-05.00:36:37::SCWMssOS::Sw design exists and opened at  C:/Users/jasme/Desktop/BacheloreProject/DynamicFunctionExchange/New_Management/Attempt_1_04-04-2024/SAXI_MB_PR_HW_SW_01/LED_PR/microblaze_0/standalone_domain/bsp/system.mss
TRACE::2024-04-05.00:36:37::SCWPlatform::Trying to open the hw design at C:/Users/jasme/Desktop/BacheloreProject/DynamicFunctionExchange/New_Management/Attempt_1_04-04-2024/SAXI_MB_PR_HW_SW_01/LED_PR/hw/design_1_wrapper.xsa
TRACE::2024-04-05.00:36:37::SCWPlatform::DSA given C:/Users/jasme/Desktop/BacheloreProject/DynamicFunctionExchange/New_Management/Attempt_1_04-04-2024/SAXI_MB_PR_HW_SW_01/LED_PR/hw/design_1_wrapper.xsa
TRACE::2024-04-05.00:36:37::SCWPlatform::DSA absoulate path C:/Users/jasme/Desktop/BacheloreProject/DynamicFunctionExchange/New_Management/Attempt_1_04-04-2024/SAXI_MB_PR_HW_SW_01/LED_PR/hw/design_1_wrapper.xsa
TRACE::2024-04-05.00:36:37::SCWPlatform::DSA directory C:/Users/jasme/Desktop/BacheloreProject/DynamicFunctionExchange/New_Management/Attempt_1_04-04-2024/SAXI_MB_PR_HW_SW_01/LED_PR/hw
TRACE::2024-04-05.00:36:37::SCWPlatform:: Platform Path C:/Users/jasme/Desktop/BacheloreProject/DynamicFunctionExchange/New_Management/Attempt_1_04-04-2024/SAXI_MB_PR_HW_SW_01/LED_PR/hw/design_1_wrapper.xsa
TRACE::2024-04-05.00:36:37::SCWPlatform:: Unique name xilinx:nexys-a7-100t::0.0
TRACE::2024-04-05.00:36:37::SCWPlatform::Trying to set the existing hwdb with name design_1_wrapper_0
TRACE::2024-04-05.00:36:37::SCWPlatform::Opened existing hwdb design_1_wrapper_0
TRACE::2024-04-05.00:36:37::SCWPlatform::Found the Hw Db part of the input DSA
TRACE::2024-04-05.00:36:37::SCWMssOS::Checking the sw design at  C:/Users/jasme/Desktop/BacheloreProject/DynamicFunctionExchange/New_Management/Attempt_1_04-04-2024/SAXI_MB_PR_HW_SW_01/LED_PR/microblaze_0/standalone_domain/bsp/system.mss
TRACE::2024-04-05.00:36:37::SCWMssOS::DEBUG:  swdes dump  C:/Users/jasme/Desktop/BacheloreProject/DynamicFunctionExchange/New_Management/Attempt_1_04-04-2024/SAXI_MB_PR_HW_SW_01/LED_PR/microblaze_0/standalone_domain/bsp/system.mss|system||

TRACE::2024-04-05.00:36:37::SCWMssOS::Sw design exists and opened at  C:/Users/jasme/Desktop/BacheloreProject/DynamicFunctionExchange/New_Management/Attempt_1_04-04-2024/SAXI_MB_PR_HW_SW_01/LED_PR/microblaze_0/standalone_domain/bsp/system.mss
TRACE::2024-04-05.00:36:37::SCWWriter::formatted JSON is {
	"platformName":	"LED_PR",
	"sprVersion":	"2.0",
	"mode":	"gui",
	"dsaType":	"Fixed",
	"platformDesc":	"LED_PR",
	"platHandOff":	"C:/Users/jasme/Desktop/BacheloreProject/DynamicFunctionExchange/New_Management/Attempt_1_04-04-2024/SAXI_MB_PR_HW_SW_01/design_1_wrapper.xsa",
	"platIntHandOff":	"<platformDir>/hw/design_1_wrapper.xsa",
	"deviceType":	"FPGA",
	"platIsPrebuiltAutogen":	"false",
	"platIsNoBootBsp":	"false",
	"hasFsblMakeHasChanges":	"false",
	"hasPmufwMakeHasChanges":	"false",
	"platPreBuiltFlag":	false,
	"platformSamplesDir":	"",
	"platActiveSys":	"LED_PR",
	"systems":	[{
			"systemName":	"LED_PR",
			"systemDesc":	"LED_PR",
			"sysIsBootAutoGen":	"true",
			"systemDispName":	"LED_PR",
			"sysActiveDom":	"standalone_domain",
			"sysDefaultDom":	"standalone_domain",
			"domains":	[{
					"domainName":	"standalone_domain",
					"domainDispName":	"standalone on microblaze_0",
					"domainDesc":	"standalone_domain",
					"processors":	"microblaze_0",
					"os":	"standalone",
					"sdxOs":	"standalone",
					"debugEnable":	"False",
					"domRuntimes":	["cpp"],
					"swRepo":	"",
					"mssOsVer":	"8.1",
					"mssFile":	"",
					"md5Digest":	"75cdb0476758e6e5bf67e2d6c7ddd4c1",
					"compatibleApp":	"",
					"domType":	"mssDomain",
					"arch":	"32-bit",
					"appSettings":	{
						"appCompilerFlags":	"",
						"appLinkerFlags":	""
					},
					"addedLibs":	[],
					"libOptions":	{
						"libsContainingOptions":	[]
					},
					"prebuiltLibs":	{
						"prebuiltIncPath":	[],
						"prebuiltLibPath":	[]
					},
					"isolation":	{
					}
				}]
		}]
}
TRACE::2024-04-05.00:36:37::SCWPlatform::Clearing the existing platform
TRACE::2024-04-05.00:36:37::SCWSystem::Clearing the existing sysconfig
TRACE::2024-04-05.00:36:37::SCWMssOS::Removing the swdes entry for  C:/Users/jasme/Desktop/BacheloreProject/DynamicFunctionExchange/New_Management/Attempt_1_04-04-2024/SAXI_MB_PR_HW_SW_01/LED_PR/microblaze_0/standalone_domain/bsp/system.mss
TRACE::2024-04-05.00:36:37::SCWSystem::Clearing the domains completed.
TRACE::2024-04-05.00:36:37::SCWPlatform::Clearing the opened hw db.
TRACE::2024-04-05.00:36:37::SCWPlatform::DSA given C:/Users/jasme/Desktop/BacheloreProject/DynamicFunctionExchange/New_Management/Attempt_1_04-04-2024/SAXI_MB_PR_HW_SW_01/LED_PR/hw/design_1_wrapper.xsa
TRACE::2024-04-05.00:36:37::SCWPlatform::DSA absoulate path C:/Users/jasme/Desktop/BacheloreProject/DynamicFunctionExchange/New_Management/Attempt_1_04-04-2024/SAXI_MB_PR_HW_SW_01/LED_PR/hw/design_1_wrapper.xsa
TRACE::2024-04-05.00:36:37::SCWPlatform:: Platform location is C:/Users/jasme/Desktop/BacheloreProject/DynamicFunctionExchange/New_Management/Attempt_1_04-04-2024/SAXI_MB_PR_HW_SW_01/LED_PR/hw
TRACE::2024-04-05.00:36:37::SCWPlatform:: Platform Path C:/Users/jasme/Desktop/BacheloreProject/DynamicFunctionExchange/New_Management/Attempt_1_04-04-2024/SAXI_MB_PR_HW_SW_01/LED_PR/hw/design_1_wrapper.xsa
TRACE::2024-04-05.00:36:37::SCWPlatform:: Unique name xilinx:nexys-a7-100t::0.0
TRACE::2024-04-05.00:36:37::SCWPlatform::Removing the HwDB with name C:/Users/jasme/Desktop/BacheloreProject/DynamicFunctionExchange/New_Management/Attempt_1_04-04-2024/SAXI_MB_PR_HW_SW_01/LED_PR/hw/design_1_wrapper.xsa
TRACE::2024-04-05.00:36:37::SCWPlatform::Trying to open the hw design at C:/Users/jasme/Desktop/BacheloreProject/DynamicFunctionExchange/New_Management/Attempt_1_04-04-2024/SAXI_MB_PR_HW_SW_01/LED_PR/hw/design_1_wrapper.xsa
TRACE::2024-04-05.00:36:37::SCWPlatform::DSA given C:/Users/jasme/Desktop/BacheloreProject/DynamicFunctionExchange/New_Management/Attempt_1_04-04-2024/SAXI_MB_PR_HW_SW_01/LED_PR/hw/design_1_wrapper.xsa
TRACE::2024-04-05.00:36:37::SCWPlatform::DSA absoulate path C:/Users/jasme/Desktop/BacheloreProject/DynamicFunctionExchange/New_Management/Attempt_1_04-04-2024/SAXI_MB_PR_HW_SW_01/LED_PR/hw/design_1_wrapper.xsa
TRACE::2024-04-05.00:36:37::SCWPlatform::DSA directory C:/Users/jasme/Desktop/BacheloreProject/DynamicFunctionExchange/New_Management/Attempt_1_04-04-2024/SAXI_MB_PR_HW_SW_01/LED_PR/hw
TRACE::2024-04-05.00:36:37::SCWPlatform:: Platform Path C:/Users/jasme/Desktop/BacheloreProject/DynamicFunctionExchange/New_Management/Attempt_1_04-04-2024/SAXI_MB_PR_HW_SW_01/LED_PR/hw/design_1_wrapper.xsa
TRACE::2024-04-05.00:36:37::SCWPlatform:: Unique name xilinx:nexys-a7-100t::0.0
TRACE::2024-04-05.00:36:37::SCWPlatform::Do not have an existing db opened. 
TRACE::2024-04-05.00:36:38::SCWPlatform::Opened new HwDB with name design_1_wrapper_1
TRACE::2024-04-05.00:36:38::SCWReader::Active system found as  LED_PR
TRACE::2024-04-05.00:36:38::SCWReader::Handling sysconfig LED_PR
TRACE::2024-04-05.00:36:38::SCWDomain::checking for install qemu data   : 
TRACE::2024-04-05.00:36:38::SCWPlatform::Trying to open the hw design at C:/Users/jasme/Desktop/BacheloreProject/DynamicFunctionExchange/New_Management/Attempt_1_04-04-2024/SAXI_MB_PR_HW_SW_01/LED_PR/hw/design_1_wrapper.xsa
TRACE::2024-04-05.00:36:38::SCWPlatform::DSA given C:/Users/jasme/Desktop/BacheloreProject/DynamicFunctionExchange/New_Management/Attempt_1_04-04-2024/SAXI_MB_PR_HW_SW_01/LED_PR/hw/design_1_wrapper.xsa
TRACE::2024-04-05.00:36:38::SCWPlatform::DSA absoulate path C:/Users/jasme/Desktop/BacheloreProject/DynamicFunctionExchange/New_Management/Attempt_1_04-04-2024/SAXI_MB_PR_HW_SW_01/LED_PR/hw/design_1_wrapper.xsa
TRACE::2024-04-05.00:36:38::SCWPlatform::DSA directory C:/Users/jasme/Desktop/BacheloreProject/DynamicFunctionExchange/New_Management/Attempt_1_04-04-2024/SAXI_MB_PR_HW_SW_01/LED_PR/hw
TRACE::2024-04-05.00:36:38::SCWPlatform:: Platform Path C:/Users/jasme/Desktop/BacheloreProject/DynamicFunctionExchange/New_Management/Attempt_1_04-04-2024/SAXI_MB_PR_HW_SW_01/LED_PR/hw/design_1_wrapper.xsa
TRACE::2024-04-05.00:36:38::SCWPlatform:: Unique name xilinx:nexys-a7-100t::0.0
TRACE::2024-04-05.00:36:38::SCWPlatform::Trying to set the existing hwdb with name design_1_wrapper_1
TRACE::2024-04-05.00:36:38::SCWPlatform::Opened existing hwdb design_1_wrapper_1
TRACE::2024-04-05.00:36:38::SCWPlatform::Found the Hw Db part of the input DSA
TRACE::2024-04-05.00:36:38::SCWPlatform::Trying to open the hw design at C:/Users/jasme/Desktop/BacheloreProject/DynamicFunctionExchange/New_Management/Attempt_1_04-04-2024/SAXI_MB_PR_HW_SW_01/LED_PR/hw/design_1_wrapper.xsa
TRACE::2024-04-05.00:36:38::SCWPlatform::DSA given C:/Users/jasme/Desktop/BacheloreProject/DynamicFunctionExchange/New_Management/Attempt_1_04-04-2024/SAXI_MB_PR_HW_SW_01/LED_PR/hw/design_1_wrapper.xsa
TRACE::2024-04-05.00:36:38::SCWPlatform::DSA absoulate path C:/Users/jasme/Desktop/BacheloreProject/DynamicFunctionExchange/New_Management/Attempt_1_04-04-2024/SAXI_MB_PR_HW_SW_01/LED_PR/hw/design_1_wrapper.xsa
TRACE::2024-04-05.00:36:38::SCWPlatform::DSA directory C:/Users/jasme/Desktop/BacheloreProject/DynamicFunctionExchange/New_Management/Attempt_1_04-04-2024/SAXI_MB_PR_HW_SW_01/LED_PR/hw
TRACE::2024-04-05.00:36:38::SCWPlatform:: Platform Path C:/Users/jasme/Desktop/BacheloreProject/DynamicFunctionExchange/New_Management/Attempt_1_04-04-2024/SAXI_MB_PR_HW_SW_01/LED_PR/hw/design_1_wrapper.xsa
TRACE::2024-04-05.00:36:38::SCWPlatform:: Unique name xilinx:nexys-a7-100t::0.0
TRACE::2024-04-05.00:36:38::SCWPlatform::Trying to set the existing hwdb with name design_1_wrapper_1
TRACE::2024-04-05.00:36:38::SCWPlatform::Opened existing hwdb design_1_wrapper_1
TRACE::2024-04-05.00:36:38::SCWPlatform::Found the Hw Db part of the input DSA
TRACE::2024-04-05.00:36:38::SCWPlatform::Trying to open the hw design at C:/Users/jasme/Desktop/BacheloreProject/DynamicFunctionExchange/New_Management/Attempt_1_04-04-2024/SAXI_MB_PR_HW_SW_01/LED_PR/hw/design_1_wrapper.xsa
TRACE::2024-04-05.00:36:38::SCWPlatform::DSA given C:/Users/jasme/Desktop/BacheloreProject/DynamicFunctionExchange/New_Management/Attempt_1_04-04-2024/SAXI_MB_PR_HW_SW_01/LED_PR/hw/design_1_wrapper.xsa
TRACE::2024-04-05.00:36:38::SCWPlatform::DSA absoulate path C:/Users/jasme/Desktop/BacheloreProject/DynamicFunctionExchange/New_Management/Attempt_1_04-04-2024/SAXI_MB_PR_HW_SW_01/LED_PR/hw/design_1_wrapper.xsa
TRACE::2024-04-05.00:36:38::SCWPlatform::DSA directory C:/Users/jasme/Desktop/BacheloreProject/DynamicFunctionExchange/New_Management/Attempt_1_04-04-2024/SAXI_MB_PR_HW_SW_01/LED_PR/hw
TRACE::2024-04-05.00:36:38::SCWPlatform:: Platform Path C:/Users/jasme/Desktop/BacheloreProject/DynamicFunctionExchange/New_Management/Attempt_1_04-04-2024/SAXI_MB_PR_HW_SW_01/LED_PR/hw/design_1_wrapper.xsa
TRACE::2024-04-05.00:36:38::SCWPlatform:: Unique name xilinx:nexys-a7-100t::0.0
TRACE::2024-04-05.00:36:38::SCWPlatform::Trying to set the existing hwdb with name design_1_wrapper_1
TRACE::2024-04-05.00:36:38::SCWPlatform::Opened existing hwdb design_1_wrapper_1
TRACE::2024-04-05.00:36:38::SCWPlatform::Found the Hw Db part of the input DSA
TRACE::2024-04-05.00:36:38::SCWPlatform::Trying to open the hw design at C:/Users/jasme/Desktop/BacheloreProject/DynamicFunctionExchange/New_Management/Attempt_1_04-04-2024/SAXI_MB_PR_HW_SW_01/LED_PR/hw/design_1_wrapper.xsa
TRACE::2024-04-05.00:36:38::SCWPlatform::DSA given C:/Users/jasme/Desktop/BacheloreProject/DynamicFunctionExchange/New_Management/Attempt_1_04-04-2024/SAXI_MB_PR_HW_SW_01/LED_PR/hw/design_1_wrapper.xsa
TRACE::2024-04-05.00:36:38::SCWPlatform::DSA absoulate path C:/Users/jasme/Desktop/BacheloreProject/DynamicFunctionExchange/New_Management/Attempt_1_04-04-2024/SAXI_MB_PR_HW_SW_01/LED_PR/hw/design_1_wrapper.xsa
TRACE::2024-04-05.00:36:38::SCWPlatform::DSA directory C:/Users/jasme/Desktop/BacheloreProject/DynamicFunctionExchange/New_Management/Attempt_1_04-04-2024/SAXI_MB_PR_HW_SW_01/LED_PR/hw
TRACE::2024-04-05.00:36:38::SCWPlatform:: Platform Path C:/Users/jasme/Desktop/BacheloreProject/DynamicFunctionExchange/New_Management/Attempt_1_04-04-2024/SAXI_MB_PR_HW_SW_01/LED_PR/hw/design_1_wrapper.xsa
TRACE::2024-04-05.00:36:38::SCWPlatform:: Unique name xilinx:nexys-a7-100t::0.0
TRACE::2024-04-05.00:36:38::SCWPlatform::Trying to set the existing hwdb with name design_1_wrapper_1
TRACE::2024-04-05.00:36:38::SCWPlatform::Opened existing hwdb design_1_wrapper_1
TRACE::2024-04-05.00:36:38::SCWPlatform::Found the Hw Db part of the input DSA
TRACE::2024-04-05.00:36:38::SCWMssOS::Checking the sw design at  C:/Users/jasme/Desktop/BacheloreProject/DynamicFunctionExchange/New_Management/Attempt_1_04-04-2024/SAXI_MB_PR_HW_SW_01/LED_PR/microblaze_0/standalone_domain/bsp/system.mss
TRACE::2024-04-05.00:36:38::SCWMssOS::DEBUG:  swdes dump  
TRACE::2024-04-05.00:36:38::SCWMssOS::No sw design opened at  C:/Users/jasme/Desktop/BacheloreProject/DynamicFunctionExchange/New_Management/Attempt_1_04-04-2024/SAXI_MB_PR_HW_SW_01/LED_PR/microblaze_0/standalone_domain/bsp/system.mss
TRACE::2024-04-05.00:36:38::SCWMssOS::mss exists loading the mss file  C:/Users/jasme/Desktop/BacheloreProject/DynamicFunctionExchange/New_Management/Attempt_1_04-04-2024/SAXI_MB_PR_HW_SW_01/LED_PR/microblaze_0/standalone_domain/bsp/system.mss
TRACE::2024-04-05.00:36:38::SCWMssOS::Opened the sw design from mss  C:/Users/jasme/Desktop/BacheloreProject/DynamicFunctionExchange/New_Management/Attempt_1_04-04-2024/SAXI_MB_PR_HW_SW_01/LED_PR/microblaze_0/standalone_domain/bsp/system.mss
TRACE::2024-04-05.00:36:38::SCWMssOS::Adding the swdes entry C:/Users/jasme/Desktop/BacheloreProject/DynamicFunctionExchange/New_Management/Attempt_1_04-04-2024/SAXI_MB_PR_HW_SW_01/LED_PR/microblaze_0/standalone_domain/bsp/system.mss with des name system
TRACE::2024-04-05.00:36:38::SCWMssOS::updating the scw layer about changes
TRACE::2024-04-05.00:36:38::SCWMssOS::Opened the sw design.  C:/Users/jasme/Desktop/BacheloreProject/DynamicFunctionExchange/New_Management/Attempt_1_04-04-2024/SAXI_MB_PR_HW_SW_01/LED_PR/microblaze_0/standalone_domain/bsp/system.mss
TRACE::2024-04-05.00:36:38::SCWMssOS::Saving the mss changes C:/Users/jasme/Desktop/BacheloreProject/DynamicFunctionExchange/New_Management/Attempt_1_04-04-2024/SAXI_MB_PR_HW_SW_01/LED_PR/microblaze_0/standalone_domain/bsp/system.mss
TRACE::2024-04-05.00:36:38::SCWMssOS::Found a swdesign opened with the mssfile.
TRACE::2024-04-05.00:36:38::SCWMssOS::Completed writemss as part of save.
TRACE::2024-04-05.00:36:38::SCWMssOS::Commit changes completed.
TRACE::2024-04-05.00:36:38::SCWReader::Adding prebuilt librarypaths as   
TRACE::2024-04-05.00:36:38::SCWReader::Adding prebuilt incpaths  as   
TRACE::2024-04-05.00:36:38::SCWPlatform::Trying to open the hw design at C:/Users/jasme/Desktop/BacheloreProject/DynamicFunctionExchange/New_Management/Attempt_1_04-04-2024/SAXI_MB_PR_HW_SW_01/LED_PR/hw/design_1_wrapper.xsa
TRACE::2024-04-05.00:36:38::SCWPlatform::DSA given C:/Users/jasme/Desktop/BacheloreProject/DynamicFunctionExchange/New_Management/Attempt_1_04-04-2024/SAXI_MB_PR_HW_SW_01/LED_PR/hw/design_1_wrapper.xsa
TRACE::2024-04-05.00:36:38::SCWPlatform::DSA absoulate path C:/Users/jasme/Desktop/BacheloreProject/DynamicFunctionExchange/New_Management/Attempt_1_04-04-2024/SAXI_MB_PR_HW_SW_01/LED_PR/hw/design_1_wrapper.xsa
TRACE::2024-04-05.00:36:38::SCWPlatform::DSA directory C:/Users/jasme/Desktop/BacheloreProject/DynamicFunctionExchange/New_Management/Attempt_1_04-04-2024/SAXI_MB_PR_HW_SW_01/LED_PR/hw
TRACE::2024-04-05.00:36:38::SCWPlatform:: Platform Path C:/Users/jasme/Desktop/BacheloreProject/DynamicFunctionExchange/New_Management/Attempt_1_04-04-2024/SAXI_MB_PR_HW_SW_01/LED_PR/hw/design_1_wrapper.xsa
TRACE::2024-04-05.00:36:38::SCWPlatform:: Unique name xilinx:nexys-a7-100t::0.0
TRACE::2024-04-05.00:36:38::SCWPlatform::Trying to set the existing hwdb with name design_1_wrapper_1
TRACE::2024-04-05.00:36:38::SCWPlatform::Opened existing hwdb design_1_wrapper_1
TRACE::2024-04-05.00:36:38::SCWPlatform::Found the Hw Db part of the input DSA
TRACE::2024-04-05.00:36:38::SCWMssOS::Checking the sw design at  C:/Users/jasme/Desktop/BacheloreProject/DynamicFunctionExchange/New_Management/Attempt_1_04-04-2024/SAXI_MB_PR_HW_SW_01/LED_PR/microblaze_0/standalone_domain/bsp/system.mss
TRACE::2024-04-05.00:36:38::SCWMssOS::DEBUG:  swdes dump  C:/Users/jasme/Desktop/BacheloreProject/DynamicFunctionExchange/New_Management/Attempt_1_04-04-2024/SAXI_MB_PR_HW_SW_01/LED_PR/microblaze_0/standalone_domain/bsp/system.mss|system||

TRACE::2024-04-05.00:36:38::SCWMssOS::Sw design exists and opened at  C:/Users/jasme/Desktop/BacheloreProject/DynamicFunctionExchange/New_Management/Attempt_1_04-04-2024/SAXI_MB_PR_HW_SW_01/LED_PR/microblaze_0/standalone_domain/bsp/system.mss
TRACE::2024-04-05.00:36:38::SCWReader::No isolation master present  
LOG::2024-04-05.00:37:05::SCWPlatform::Started generating the artifacts platform LED_PR
TRACE::2024-04-05.00:37:05::SCWPlatform::Sanity checking of platform is completed
LOG::2024-04-05.00:37:05::SCWPlatform::Started generating the artifacts for system configuration LED_PR
LOG::2024-04-05.00:37:05::SCWSystem::Checking the domain standalone_domain
LOG::2024-04-05.00:37:05::SCWSystem::Not a boot domain 
LOG::2024-04-05.00:37:05::SCWSystem::Started Processing the domain standalone_domain
TRACE::2024-04-05.00:37:05::SCWDomain::Generating domain artifcats
TRACE::2024-04-05.00:37:05::SCWMssOS::Generating standalone artifcats
TRACE::2024-04-05.00:37:05::SCWMssOS:: Copying the user libraries. 
TRACE::2024-04-05.00:37:05::SCWPlatform::Trying to open the hw design at C:/Users/jasme/Desktop/BacheloreProject/DynamicFunctionExchange/New_Management/Attempt_1_04-04-2024/SAXI_MB_PR_HW_SW_01/LED_PR/hw/design_1_wrapper.xsa
TRACE::2024-04-05.00:37:05::SCWPlatform::DSA given C:/Users/jasme/Desktop/BacheloreProject/DynamicFunctionExchange/New_Management/Attempt_1_04-04-2024/SAXI_MB_PR_HW_SW_01/LED_PR/hw/design_1_wrapper.xsa
TRACE::2024-04-05.00:37:05::SCWPlatform::DSA absoulate path C:/Users/jasme/Desktop/BacheloreProject/DynamicFunctionExchange/New_Management/Attempt_1_04-04-2024/SAXI_MB_PR_HW_SW_01/LED_PR/hw/design_1_wrapper.xsa
TRACE::2024-04-05.00:37:05::SCWPlatform::DSA directory C:/Users/jasme/Desktop/BacheloreProject/DynamicFunctionExchange/New_Management/Attempt_1_04-04-2024/SAXI_MB_PR_HW_SW_01/LED_PR/hw
TRACE::2024-04-05.00:37:05::SCWPlatform:: Platform Path C:/Users/jasme/Desktop/BacheloreProject/DynamicFunctionExchange/New_Management/Attempt_1_04-04-2024/SAXI_MB_PR_HW_SW_01/LED_PR/hw/design_1_wrapper.xsa
TRACE::2024-04-05.00:37:05::SCWPlatform:: Unique name xilinx:nexys-a7-100t::0.0
TRACE::2024-04-05.00:37:05::SCWPlatform::Trying to set the existing hwdb with name design_1_wrapper_1
TRACE::2024-04-05.00:37:05::SCWPlatform::Opened existing hwdb design_1_wrapper_1
TRACE::2024-04-05.00:37:05::SCWPlatform::Found the Hw Db part of the input DSA
TRACE::2024-04-05.00:37:05::SCWMssOS::Checking the sw design at  C:/Users/jasme/Desktop/BacheloreProject/DynamicFunctionExchange/New_Management/Attempt_1_04-04-2024/SAXI_MB_PR_HW_SW_01/LED_PR/microblaze_0/standalone_domain/bsp/system.mss
TRACE::2024-04-05.00:37:05::SCWMssOS::DEBUG:  swdes dump  C:/Users/jasme/Desktop/BacheloreProject/DynamicFunctionExchange/New_Management/Attempt_1_04-04-2024/SAXI_MB_PR_HW_SW_01/LED_PR/microblaze_0/standalone_domain/bsp/system.mss|system||

TRACE::2024-04-05.00:37:05::SCWMssOS::Sw design exists and opened at  C:/Users/jasme/Desktop/BacheloreProject/DynamicFunctionExchange/New_Management/Attempt_1_04-04-2024/SAXI_MB_PR_HW_SW_01/LED_PR/microblaze_0/standalone_domain/bsp/system.mss
TRACE::2024-04-05.00:37:05::SCWMssOS::Completed writing the mss file at C:/Users/jasme/Desktop/BacheloreProject/DynamicFunctionExchange/New_Management/Attempt_1_04-04-2024/SAXI_MB_PR_HW_SW_01/LED_PR/microblaze_0/standalone_domain/bsp
TRACE::2024-04-05.00:37:05::SCWMssOS::Mss edits present, copying mssfile into export location C:/Users/jasme/Desktop/BacheloreProject/DynamicFunctionExchange/New_Management/Attempt_1_04-04-2024/SAXI_MB_PR_HW_SW_01/LED_PR/microblaze_0/standalone_domain/bsp/system.mss
TRACE::2024-04-05.00:37:05::SCWMssOS::bsp generated is upto date with the mss file. Skipping bsp generation.
TRACE::2024-04-05.00:37:05::SCWMssOS::BSP is already built. skipping the bsp build ... 
TRACE::2024-04-05.00:37:05::SCWDomain::Building the domain as part of full build :  standalone_domain
TRACE::2024-04-05.00:37:05::SCWMssOS::doing bsp build ... 
TRACE::2024-04-05.00:37:05::SCWMssOS::System Command Ran  C: & cd  C:/Users/jasme/Desktop/BacheloreProject/DynamicFunctionExchange/New_Management/Attempt_1_04-04-2024/SAXI_MB_PR_HW_SW_01/LED_PR/microblaze_0/standalone_domain/bsp & make 
TRACE::2024-04-05.00:37:05::SCWMssOS::make --no-print-directory seq_libs

TRACE::2024-04-05.00:37:05::SCWMssOS::"Running Make include in microblaze_0/libsrc/bram_v4_8/src"

TRACE::2024-04-05.00:37:05::SCWMssOS::make -C microblaze_0/libsrc/bram_v4_8/src -s include  "SHELL=CMD" "COMPILER=mb-gcc" "ASSEMBLER=mb-as" "ARCHIVER=mb-ar" "COMPILE
TRACE::2024-04-05.00:37:05::SCWMssOS::R_FLAGS=  -O2 -c -mcpu=v11.0 -mlittle-endian -mxl-soft-mul" "EXTRA_COMPILER_FLAGS=-g -ffunction-sections -fdata-sections -Wall 
TRACE::2024-04-05.00:37:05::SCWMssOS::-Wextra -fno-tree-loop-distribute-patterns"

TRACE::2024-04-05.00:37:05::SCWMssOS::"Running Make include in microblaze_0/libsrc/cpu_v2_17/src"

TRACE::2024-04-05.00:37:05::SCWMssOS::make -C microblaze_0/libsrc/cpu_v2_17/src -s include  "SHELL=CMD" "COMPILER=mb-gcc" "ASSEMBLER=mb-as" "ARCHIVER=mb-ar" "COMPILE
TRACE::2024-04-05.00:37:05::SCWMssOS::R_FLAGS=  -O2 -c -mcpu=v11.0 -mlittle-endian -mxl-soft-mul" "EXTRA_COMPILER_FLAGS=-g -ffunction-sections -fdata-sections -Wall 
TRACE::2024-04-05.00:37:05::SCWMssOS::-Wextra -fno-tree-loop-distribute-patterns"

TRACE::2024-04-05.00:37:05::SCWMssOS::"Running Make include in microblaze_0/libsrc/gpio_v4_9/src"

TRACE::2024-04-05.00:37:05::SCWMssOS::make -C microblaze_0/libsrc/gpio_v4_9/src -s include  "SHELL=CMD" "COMPILER=mb-gcc" "ASSEMBLER=mb-as" "ARCHIVER=mb-ar" "COMPILE
TRACE::2024-04-05.00:37:05::SCWMssOS::R_FLAGS=  -O2 -c -mcpu=v11.0 -mlittle-endian -mxl-soft-mul" "EXTRA_COMPILER_FLAGS=-g -ffunction-sections -fdata-sections -Wall 
TRACE::2024-04-05.00:37:05::SCWMssOS::-Wextra -fno-tree-loop-distribute-patterns"

TRACE::2024-04-05.00:37:05::SCWMssOS::"Running Make include in microblaze_0/libsrc/intc_v3_16/src"

TRACE::2024-04-05.00:37:05::SCWMssOS::make -C microblaze_0/libsrc/intc_v3_16/src -s include  "SHELL=CMD" "COMPILER=mb-gcc" "ASSEMBLER=mb-as" "ARCHIVER=mb-ar" "COMPIL
TRACE::2024-04-05.00:37:05::SCWMssOS::ER_FLAGS=  -O2 -c -mcpu=v11.0 -mlittle-endian -mxl-soft-mul" "EXTRA_COMPILER_FLAGS=-g -ffunction-sections -fdata-sections -Wall
TRACE::2024-04-05.00:37:05::SCWMssOS:: -Wextra -fno-tree-loop-distribute-patterns"

TRACE::2024-04-05.00:37:05::SCWMssOS::"Running Make include in microblaze_0/libsrc/Led_Control_04_2024_v1_0/src"

TRACE::2024-04-05.00:37:05::SCWMssOS::make -C microblaze_0/libsrc/Led_Control_04_2024_v1_0/src -s include  "SHELL=CMD" "COMPILER=mb-gcc" "ASSEMBLER=mb-as" "ARCHIVER=
TRACE::2024-04-05.00:37:05::SCWMssOS::mb-ar" "COMPILER_FLAGS=  -O2 -c -mcpu=v11.0 -mlittle-endian -mxl-soft-mul" "EXTRA_COMPILER_FLAGS=-g -ffunction-sections -fdata-
TRACE::2024-04-05.00:37:05::SCWMssOS::sections -Wall -Wextra -fno-tree-loop-distribute-patterns"

TRACE::2024-04-05.00:37:06::SCWMssOS::"Running Make include in microblaze_0/libsrc/uartlite_v3_8/src"

TRACE::2024-04-05.00:37:06::SCWMssOS::make -C microblaze_0/libsrc/uartlite_v3_8/src -s include  "SHELL=CMD" "COMPILER=mb-gcc" "ASSEMBLER=mb-as" "ARCHIVER=mb-ar" "COM
TRACE::2024-04-05.00:37:06::SCWMssOS::PILER_FLAGS=  -O2 -c -mcpu=v11.0 -mlittle-endian -mxl-soft-mul" "EXTRA_COMPILER_FLAGS=-g -ffunction-sections -fdata-sections -W
TRACE::2024-04-05.00:37:06::SCWMssOS::all -Wextra -fno-tree-loop-distribute-patterns"

TRACE::2024-04-05.00:37:06::SCWMssOS::"Running Make libs in microblaze_0/libsrc/Led_Control_04_2024_v1_0/src"

TRACE::2024-04-05.00:37:06::SCWMssOS::make -C microblaze_0/libsrc/Led_Control_04_2024_v1_0/src -s libs  "SHELL=CMD" "COMPILER=mb-gcc" "ASSEMBLER=mb-as" "ARCHIVER=mb-
TRACE::2024-04-05.00:37:06::SCWMssOS::ar" "COMPILER_FLAGS=  -O2 -c -mcpu=v11.0 -mlittle-endian -mxl-soft-mul" "EXTRA_COMPILER_FLAGS=-g -ffunction-sections -fdata-sec
TRACE::2024-04-05.00:37:06::SCWMssOS::tions -Wall -Wextra -fno-tree-loop-distribute-patterns"

TRACE::2024-04-05.00:37:06::SCWMssOS::"Compiling Led_Control_04_2024..."

ERROR::2024-04-05.00:37:06::SCWMssOS::Failed to build  the bsp sources for domain - standalone_domain
ERROR::2024-04-05.00:37:06::SCWSystem::Error in Processing the domain standalone_domain
