
*** Running vivado
    with args -log Led_Control.vds -m64 -product Vivado -mode batch -messageDb vivado.pb -notrace -source Led_Control.tcl


ECHO is off.
ECHO is off.

****** Vivado v2023.1 (64-bit)
  **** SW Build 3865809 on Sun May  7 15:05:29 MDT 2023
  **** IP Build 3864474 on Sun May  7 20:36:21 MDT 2023
  **** SharedData Build 3865790 on Sun May 07 13:33:03 MDT 2023
    ** Copyright 1986-2022 Xilinx, Inc. All Rights Reserved.
    ** Copyright 2022-2023 Advanced Micro Devices, Inc. All Rights Reserved.

source Led_Control.tcl -notrace
create_project: Time (s): cpu = 00:00:05 ; elapsed = 00:00:06 . Memory (MB): peak = 441.582 ; gain = 162.402
Command: synth_design -top Led_Control -part xc7a100tcsg324-1
Starting synth_design
Attempting to get a license for feature 'Synthesis' and/or device 'xc7a100t'
INFO: [Common 17-349] Got license for feature 'Synthesis' and/or device 'xc7a100t'
INFO: [Synth 8-7079] Multithreading enabled for synth_design using a maximum of 2 processes.
INFO: [Synth 8-7078] Launching helper process for spawning children vivado processes
INFO: [Synth 8-7075] Helper process launched with PID 19716
---------------------------------------------------------------------------------
Starting Synthesize : Time (s): cpu = 00:00:04 ; elapsed = 00:00:07 . Memory (MB): peak = 884.348 ; gain = 414.340
---------------------------------------------------------------------------------
INFO: [Synth 8-638] synthesizing module 'Led_Control' [C:/Users/jasme/Desktop/DFX/Vivado_Project/M_AXI_LED_LOGIC/M_AXI_LED_LOGIC.srcs/sources_1/new/Led_Control.vhd:68]
INFO: [Synth 8-256] done synthesizing module 'Led_Control' (0#1) [C:/Users/jasme/Desktop/DFX/Vivado_Project/M_AXI_LED_LOGIC/M_AXI_LED_LOGIC.srcs/sources_1/new/Led_Control.vhd:68]
WARNING: [Synth 8-6014] Unused sequential element m_axi_wvalid_reg was removed.  [C:/Users/jasme/Desktop/DFX/Vivado_Project/M_AXI_LED_LOGIC/M_AXI_LED_LOGIC.srcs/sources_1/new/Led_Control.vhd:86]
WARNING: [Synth 8-3848] Net m_axi_bready in module/entity Led_Control does not have driver. [C:/Users/jasme/Desktop/DFX/Vivado_Project/M_AXI_LED_LOGIC/M_AXI_LED_LOGIC.srcs/sources_1/new/Led_Control.vhd:53]
WARNING: [Synth 8-3848] Net m_axi_araddr in module/entity Led_Control does not have driver. [C:/Users/jasme/Desktop/DFX/Vivado_Project/M_AXI_LED_LOGIC/M_AXI_LED_LOGIC.srcs/sources_1/new/Led_Control.vhd:58]
WARNING: [Synth 8-3848] Net m_axi_rready in module/entity Led_Control does not have driver. [C:/Users/jasme/Desktop/DFX/Vivado_Project/M_AXI_LED_LOGIC/M_AXI_LED_LOGIC.srcs/sources_1/new/Led_Control.vhd:62]
WARNING: [Synth 8-3917] design Led_Control has port m_axi_awprot[2] driven by constant 0
WARNING: [Synth 8-3917] design Led_Control has port m_axi_awprot[1] driven by constant 0
WARNING: [Synth 8-3917] design Led_Control has port m_axi_awprot[0] driven by constant 0
WARNING: [Synth 8-3917] design Led_Control has port m_axi_arprot[2] driven by constant 0
WARNING: [Synth 8-3917] design Led_Control has port m_axi_arprot[1] driven by constant 0
WARNING: [Synth 8-3917] design Led_Control has port m_axi_arprot[0] driven by constant 0
WARNING: [Synth 8-7129] Port m_axi_bready in module Led_Control is either unconnected or has no load
WARNING: [Synth 8-7129] Port m_axi_araddr[31] in module Led_Control is either unconnected or has no load
WARNING: [Synth 8-7129] Port m_axi_araddr[30] in module Led_Control is either unconnected or has no load
WARNING: [Synth 8-7129] Port m_axi_araddr[29] in module Led_Control is either unconnected or has no load
WARNING: [Synth 8-7129] Port m_axi_araddr[28] in module Led_Control is either unconnected or has no load
WARNING: [Synth 8-7129] Port m_axi_araddr[27] in module Led_Control is either unconnected or has no load
WARNING: [Synth 8-7129] Port m_axi_araddr[26] in module Led_Control is either unconnected or has no load
WARNING: [Synth 8-7129] Port m_axi_araddr[25] in module Led_Control is either unconnected or has no load
WARNING: [Synth 8-7129] Port m_axi_araddr[24] in module Led_Control is either unconnected or has no load
WARNING: [Synth 8-7129] Port m_axi_araddr[23] in module Led_Control is either unconnected or has no load
WARNING: [Synth 8-7129] Port m_axi_araddr[22] in module Led_Control is either unconnected or has no load
WARNING: [Synth 8-7129] Port m_axi_araddr[21] in module Led_Control is either unconnected or has no load
WARNING: [Synth 8-7129] Port m_axi_araddr[20] in module Led_Control is either unconnected or has no load
WARNING: [Synth 8-7129] Port m_axi_araddr[19] in module Led_Control is either unconnected or has no load
WARNING: [Synth 8-7129] Port m_axi_araddr[18] in module Led_Control is either unconnected or has no load
WARNING: [Synth 8-7129] Port m_axi_araddr[17] in module Led_Control is either unconnected or has no load
WARNING: [Synth 8-7129] Port m_axi_araddr[16] in module Led_Control is either unconnected or has no load
WARNING: [Synth 8-7129] Port m_axi_araddr[15] in module Led_Control is either unconnected or has no load
WARNING: [Synth 8-7129] Port m_axi_araddr[14] in module Led_Control is either unconnected or has no load
WARNING: [Synth 8-7129] Port m_axi_araddr[13] in module Led_Control is either unconnected or has no load
WARNING: [Synth 8-7129] Port m_axi_araddr[12] in module Led_Control is either unconnected or has no load
WARNING: [Synth 8-7129] Port m_axi_araddr[11] in module Led_Control is either unconnected or has no load
WARNING: [Synth 8-7129] Port m_axi_araddr[10] in module Led_Control is either unconnected or has no load
WARNING: [Synth 8-7129] Port m_axi_araddr[9] in module Led_Control is either unconnected or has no load
WARNING: [Synth 8-7129] Port m_axi_araddr[8] in module Led_Control is either unconnected or has no load
WARNING: [Synth 8-7129] Port m_axi_araddr[7] in module Led_Control is either unconnected or has no load
WARNING: [Synth 8-7129] Port m_axi_araddr[6] in module Led_Control is either unconnected or has no load
WARNING: [Synth 8-7129] Port m_axi_araddr[5] in module Led_Control is either unconnected or has no load
WARNING: [Synth 8-7129] Port m_axi_araddr[4] in module Led_Control is either unconnected or has no load
WARNING: [Synth 8-7129] Port m_axi_araddr[3] in module Led_Control is either unconnected or has no load
WARNING: [Synth 8-7129] Port m_axi_araddr[2] in module Led_Control is either unconnected or has no load
WARNING: [Synth 8-7129] Port m_axi_araddr[1] in module Led_Control is either unconnected or has no load
WARNING: [Synth 8-7129] Port m_axi_araddr[0] in module Led_Control is either unconnected or has no load
WARNING: [Synth 8-7129] Port m_axi_rready in module Led_Control is either unconnected or has no load
WARNING: [Synth 8-7129] Port m_axi_awready in module Led_Control is either unconnected or has no load
WARNING: [Synth 8-7129] Port m_axi_wready in module Led_Control is either unconnected or has no load
WARNING: [Synth 8-7129] Port m_axi_bvalid in module Led_Control is either unconnected or has no load
WARNING: [Synth 8-7129] Port m_axi_arready in module Led_Control is either unconnected or has no load
WARNING: [Synth 8-7129] Port m_axi_rvalid in module Led_Control is either unconnected or has no load
WARNING: [Synth 8-7129] Port m_axi_rdata[31] in module Led_Control is either unconnected or has no load
WARNING: [Synth 8-7129] Port m_axi_rdata[30] in module Led_Control is either unconnected or has no load
WARNING: [Synth 8-7129] Port m_axi_rdata[29] in module Led_Control is either unconnected or has no load
WARNING: [Synth 8-7129] Port m_axi_rdata[28] in module Led_Control is either unconnected or has no load
WARNING: [Synth 8-7129] Port m_axi_rdata[27] in module Led_Control is either unconnected or has no load
WARNING: [Synth 8-7129] Port m_axi_rdata[26] in module Led_Control is either unconnected or has no load
WARNING: [Synth 8-7129] Port m_axi_rdata[25] in module Led_Control is either unconnected or has no load
WARNING: [Synth 8-7129] Port m_axi_rdata[24] in module Led_Control is either unconnected or has no load
WARNING: [Synth 8-7129] Port m_axi_rdata[23] in module Led_Control is either unconnected or has no load
WARNING: [Synth 8-7129] Port m_axi_rdata[22] in module Led_Control is either unconnected or has no load
WARNING: [Synth 8-7129] Port m_axi_rdata[21] in module Led_Control is either unconnected or has no load
WARNING: [Synth 8-7129] Port m_axi_rdata[20] in module Led_Control is either unconnected or has no load
WARNING: [Synth 8-7129] Port m_axi_rdata[19] in module Led_Control is either unconnected or has no load
WARNING: [Synth 8-7129] Port m_axi_rdata[18] in module Led_Control is either unconnected or has no load
WARNING: [Synth 8-7129] Port m_axi_rdata[17] in module Led_Control is either unconnected or has no load
WARNING: [Synth 8-7129] Port m_axi_rdata[16] in module Led_Control is either unconnected or has no load
WARNING: [Synth 8-7129] Port m_axi_rdata[15] in module Led_Control is either unconnected or has no load
WARNING: [Synth 8-7129] Port m_axi_rdata[14] in module Led_Control is either unconnected or has no load
WARNING: [Synth 8-7129] Port m_axi_rdata[13] in module Led_Control is either unconnected or has no load
WARNING: [Synth 8-7129] Port m_axi_rdata[12] in module Led_Control is either unconnected or has no load
WARNING: [Synth 8-7129] Port m_axi_rdata[11] in module Led_Control is either unconnected or has no load
WARNING: [Synth 8-7129] Port m_axi_rdata[10] in module Led_Control is either unconnected or has no load
WARNING: [Synth 8-7129] Port m_axi_rdata[9] in module Led_Control is either unconnected or has no load
WARNING: [Synth 8-7129] Port m_axi_rdata[8] in module Led_Control is either unconnected or has no load
WARNING: [Synth 8-7129] Port m_axi_rdata[7] in module Led_Control is either unconnected or has no load
WARNING: [Synth 8-7129] Port m_axi_rdata[6] in module Led_Control is either unconnected or has no load
WARNING: [Synth 8-7129] Port m_axi_rdata[5] in module Led_Control is either unconnected or has no load
WARNING: [Synth 8-7129] Port m_axi_rdata[4] in module Led_Control is either unconnected or has no load
WARNING: [Synth 8-7129] Port m_axi_rdata[3] in module Led_Control is either unconnected or has no load
WARNING: [Synth 8-7129] Port m_axi_rdata[2] in module Led_Control is either unconnected or has no load
WARNING: [Synth 8-7129] Port m_axi_rdata[1] in module Led_Control is either unconnected or has no load
WARNING: [Synth 8-7129] Port m_axi_rdata[0] in module Led_Control is either unconnected or has no load
---------------------------------------------------------------------------------
Finished Synthesize : Time (s): cpu = 00:00:06 ; elapsed = 00:00:09 . Memory (MB): peak = 972.422 ; gain = 502.414
---------------------------------------------------------------------------------
---------------------------------------------------------------------------------
Finished Constraint Validation : Time (s): cpu = 00:00:06 ; elapsed = 00:00:10 . Memory (MB): peak = 972.422 ; gain = 502.414
---------------------------------------------------------------------------------
---------------------------------------------------------------------------------
Start Loading Part and Timing Information
---------------------------------------------------------------------------------
Loading part: xc7a100tcsg324-1
---------------------------------------------------------------------------------
INFO: [Device 21-403] Loading part xc7a100tcsg324-1
Finished Loading Part and Timing Information : Time (s): cpu = 00:00:06 ; elapsed = 00:00:10 . Memory (MB): peak = 972.422 ; gain = 502.414
---------------------------------------------------------------------------------
---------------------------------------------------------------------------------
Finished RTL Optimization Phase 2 : Time (s): cpu = 00:00:06 ; elapsed = 00:00:10 . Memory (MB): peak = 972.422 ; gain = 502.414
---------------------------------------------------------------------------------
No constraint files found.
---------------------------------------------------------------------------------
Start RTL Component Statistics 
---------------------------------------------------------------------------------
Detailed RTL Component Info : 
+---Registers : 
	               32 Bit    Registers := 2     
	                1 Bit    Registers := 2     
---------------------------------------------------------------------------------
Finished RTL Component Statistics 
---------------------------------------------------------------------------------
---------------------------------------------------------------------------------
Start Part Resource Summary
---------------------------------------------------------------------------------
Part Resources:
DSPs: 240 (col length:80)
BRAMs: 270 (col length: RAMB18 80 RAMB36 40)
---------------------------------------------------------------------------------
Finished Part Resource Summary
---------------------------------------------------------------------------------
No constraint files found.
---------------------------------------------------------------------------------
Start Cross Boundary and Area Optimization
---------------------------------------------------------------------------------
WARNING: [Synth 8-7080] Parallel synthesis criteria is not met
WARNING: [Synth 8-3917] design Led_Control has port m_axi_awprot[2] driven by constant 0
WARNING: [Synth 8-3917] design Led_Control has port m_axi_awprot[1] driven by constant 0
WARNING: [Synth 8-3917] design Led_Control has port m_axi_awprot[0] driven by constant 0
WARNING: [Synth 8-3917] design Led_Control has port m_axi_arprot[2] driven by constant 0
WARNING: [Synth 8-3917] design Led_Control has port m_axi_arprot[1] driven by constant 0
WARNING: [Synth 8-3917] design Led_Control has port m_axi_arprot[0] driven by constant 0
WARNING: [Synth 8-7129] Port m_axi_bready in module Led_Control is either unconnected or has no load
WARNING: [Synth 8-7129] Port m_axi_araddr[31] in module Led_Control is either unconnected or has no load
WARNING: [Synth 8-7129] Port m_axi_araddr[30] in module Led_Control is either unconnected or has no load
WARNING: [Synth 8-7129] Port m_axi_araddr[29] in module Led_Control is either unconnected or has no load
WARNING: [Synth 8-7129] Port m_axi_araddr[28] in module Led_Control is either unconnected or has no load
WARNING: [Synth 8-7129] Port m_axi_araddr[27] in module Led_Control is either unconnected or has no load
WARNING: [Synth 8-7129] Port m_axi_araddr[26] in module Led_Control is either unconnected or has no load
WARNING: [Synth 8-7129] Port m_axi_araddr[25] in module Led_Control is either unconnected or has no load
WARNING: [Synth 8-7129] Port m_axi_araddr[24] in module Led_Control is either unconnected or has no load
WARNING: [Synth 8-7129] Port m_axi_araddr[23] in module Led_Control is either unconnected or has no load
WARNING: [Synth 8-7129] Port m_axi_araddr[22] in module Led_Control is either unconnected or has no load
WARNING: [Synth 8-7129] Port m_axi_araddr[21] in module Led_Control is either unconnected or has no load
WARNING: [Synth 8-7129] Port m_axi_araddr[20] in module Led_Control is either unconnected or has no load
WARNING: [Synth 8-7129] Port m_axi_araddr[19] in module Led_Control is either unconnected or has no load
WARNING: [Synth 8-7129] Port m_axi_araddr[18] in module Led_Control is either unconnected or has no load
WARNING: [Synth 8-7129] Port m_axi_araddr[17] in module Led_Control is either unconnected or has no load
WARNING: [Synth 8-7129] Port m_axi_araddr[16] in module Led_Control is either unconnected or has no load
WARNING: [Synth 8-7129] Port m_axi_araddr[15] in module Led_Control is either unconnected or has no load
WARNING: [Synth 8-7129] Port m_axi_araddr[14] in module Led_Control is either unconnected or has no load
WARNING: [Synth 8-7129] Port m_axi_araddr[13] in module Led_Control is either unconnected or has no load
WARNING: [Synth 8-7129] Port m_axi_araddr[12] in module Led_Control is either unconnected or has no load
WARNING: [Synth 8-7129] Port m_axi_araddr[11] in module Led_Control is either unconnected or has no load
WARNING: [Synth 8-7129] Port m_axi_araddr[10] in module Led_Control is either unconnected or has no load
WARNING: [Synth 8-7129] Port m_axi_araddr[9] in module Led_Control is either unconnected or has no load
WARNING: [Synth 8-7129] Port m_axi_araddr[8] in module Led_Control is either unconnected or has no load
WARNING: [Synth 8-7129] Port m_axi_araddr[7] in module Led_Control is either unconnected or has no load
WARNING: [Synth 8-7129] Port m_axi_araddr[6] in module Led_Control is either unconnected or has no load
WARNING: [Synth 8-7129] Port m_axi_araddr[5] in module Led_Control is either unconnected or has no load
WARNING: [Synth 8-7129] Port m_axi_araddr[4] in module Led_Control is either unconnected or has no load
INFO: [Common 17-14] Message 'Synth 8-7129' appears 100 times and further instances of the messages will be disabled. Use the Tcl command set_msg_config to change the current settings.
---------------------------------------------------------------------------------
Finished Cross Boundary and Area Optimization : Time (s): cpu = 00:00:10 ; elapsed = 00:00:23 . Memory (MB): peak = 1169.234 ; gain = 699.227
---------------------------------------------------------------------------------
No constraint files found.
---------------------------------------------------------------------------------
Start Timing Optimization
---------------------------------------------------------------------------------
---------------------------------------------------------------------------------
Finished Timing Optimization : Time (s): cpu = 00:00:10 ; elapsed = 00:00:23 . Memory (MB): peak = 1169.234 ; gain = 699.227
---------------------------------------------------------------------------------
---------------------------------------------------------------------------------
Start Technology Mapping
---------------------------------------------------------------------------------
---------------------------------------------------------------------------------
Finished Technology Mapping : Time (s): cpu = 00:00:10 ; elapsed = 00:00:23 . Memory (MB): peak = 1169.234 ; gain = 699.227
---------------------------------------------------------------------------------
---------------------------------------------------------------------------------
Start IO Insertion
---------------------------------------------------------------------------------
---------------------------------------------------------------------------------
Start Flattening Before IO Insertion
---------------------------------------------------------------------------------
---------------------------------------------------------------------------------
Finished Flattening Before IO Insertion
---------------------------------------------------------------------------------
---------------------------------------------------------------------------------
Start Final Netlist Cleanup
---------------------------------------------------------------------------------
---------------------------------------------------------------------------------
Finished Final Netlist Cleanup
---------------------------------------------------------------------------------
---------------------------------------------------------------------------------
Finished IO Insertion : Time (s): cpu = 00:00:14 ; elapsed = 00:00:27 . Memory (MB): peak = 1169.234 ; gain = 699.227
---------------------------------------------------------------------------------
---------------------------------------------------------------------------------
Start Renaming Generated Instances
---------------------------------------------------------------------------------
---------------------------------------------------------------------------------
Finished Renaming Generated Instances : Time (s): cpu = 00:00:14 ; elapsed = 00:00:27 . Memory (MB): peak = 1169.234 ; gain = 699.227
---------------------------------------------------------------------------------
---------------------------------------------------------------------------------
Start Rebuilding User Hierarchy
---------------------------------------------------------------------------------
---------------------------------------------------------------------------------
Finished Rebuilding User Hierarchy : Time (s): cpu = 00:00:14 ; elapsed = 00:00:27 . Memory (MB): peak = 1169.234 ; gain = 699.227
---------------------------------------------------------------------------------
---------------------------------------------------------------------------------
Start Renaming Generated Ports
---------------------------------------------------------------------------------
---------------------------------------------------------------------------------
Finished Renaming Generated Ports : Time (s): cpu = 00:00:14 ; elapsed = 00:00:27 . Memory (MB): peak = 1169.234 ; gain = 699.227
---------------------------------------------------------------------------------
---------------------------------------------------------------------------------
Start Handling Custom Attributes
---------------------------------------------------------------------------------
---------------------------------------------------------------------------------
Finished Handling Custom Attributes : Time (s): cpu = 00:00:14 ; elapsed = 00:00:27 . Memory (MB): peak = 1169.234 ; gain = 699.227
---------------------------------------------------------------------------------
---------------------------------------------------------------------------------
Start Renaming Generated Nets
---------------------------------------------------------------------------------
---------------------------------------------------------------------------------
Finished Renaming Generated Nets : Time (s): cpu = 00:00:14 ; elapsed = 00:00:27 . Memory (MB): peak = 1169.234 ; gain = 699.227
---------------------------------------------------------------------------------
---------------------------------------------------------------------------------
Start Writing Synthesis Report
---------------------------------------------------------------------------------

Report BlackBoxes: 
+-+--------------+----------+
| |BlackBox name |Instances |
+-+--------------+----------+
+-+--------------+----------+

Report Cell Usage: 
+------+------+------+
|      |Cell  |Count |
+------+------+------+
|1     |BUFG  |     1|
|2     |FDRE  |     1|
|3     |IBUF  |     2|
|4     |OBUF  |    73|
|5     |OBUFT |    34|
+------+------+------+

Report Instance Areas: 
+------+---------+-------+------+
|      |Instance |Module |Cells |
+------+---------+-------+------+
|1     |top      |       |   111|
+------+---------+-------+------+
---------------------------------------------------------------------------------
Finished Writing Synthesis Report : Time (s): cpu = 00:00:14 ; elapsed = 00:00:27 . Memory (MB): peak = 1169.234 ; gain = 699.227
---------------------------------------------------------------------------------
Synthesis finished with 0 errors, 0 critical warnings and 159 warnings.
Synthesis Optimization Runtime : Time (s): cpu = 00:00:14 ; elapsed = 00:00:27 . Memory (MB): peak = 1169.234 ; gain = 699.227
Synthesis Optimization Complete : Time (s): cpu = 00:00:14 ; elapsed = 00:00:27 . Memory (MB): peak = 1169.234 ; gain = 699.227
INFO: [Project 1-571] Translating synthesized netlist
Netlist sorting complete. Time (s): cpu = 00:00:00 ; elapsed = 00:00:00.001 . Memory (MB): peak = 1173.129 ; gain = 0.000
INFO: [Project 1-570] Preparing netlist for logic optimization
INFO: [Opt 31-138] Pushed 0 inverter(s) to 0 load pin(s).
Netlist sorting complete. Time (s): cpu = 00:00:00 ; elapsed = 00:00:00 . Memory (MB): peak = 1270.270 ; gain = 0.000
INFO: [Project 1-111] Unisim Transformation Summary:
No Unisim elements were transformed.

Synth Design complete | Checksum: 8deb7509
INFO: [Common 17-83] Releasing license: Synthesis
13 Infos, 117 Warnings, 0 Critical Warnings and 0 Errors encountered.
synth_design completed successfully
synth_design: Time (s): cpu = 00:00:16 ; elapsed = 00:00:32 . Memory (MB): peak = 1270.270 ; gain = 825.102
INFO: [Common 17-1381] The checkpoint 'C:/Users/jasme/Desktop/DFX/Vivado_Project/M_AXI_LED_LOGIC/M_AXI_LED_LOGIC.runs/synth_1/Led_Control.dcp' has been generated.
INFO: [runtcl-4] Executing : report_utilization -file Led_Control_utilization_synth.rpt -pb Led_Control_utilization_synth.pb
INFO: [Common 17-206] Exiting Vivado at Fri Feb 16 01:05:47 2024...
