
*** Running vivado
    with args -log design_1_LED_control_09_2024_0_1.vds -m64 -product Vivado -mode batch -messageDb vivado.pb -notrace -source design_1_LED_control_09_2024_0_1.tcl


ECHO is off.
ECHO is off.

****** Vivado v2023.1 (64-bit)
  **** SW Build 3865809 on Sun May  7 15:05:29 MDT 2023
  **** IP Build 3864474 on Sun May  7 20:36:21 MDT 2023
  **** SharedData Build 3865790 on Sun May 07 13:33:03 MDT 2023
    ** Copyright 1986-2022 Xilinx, Inc. All Rights Reserved.
    ** Copyright 2022-2023 Advanced Micro Devices, Inc. All Rights Reserved.

source design_1_LED_control_09_2024_0_1.tcl -notrace
create_project: Time (s): cpu = 00:00:06 ; elapsed = 00:00:07 . Memory (MB): peak = 442.000 ; gain = 162.727
INFO: [IP_Flow 19-234] Refreshing IP repositories
INFO: [IP_Flow 19-1700] Loaded user IP repository 'c:/VProject/Attempt_1_04-04-2024/ip_repo'.
INFO: [IP_Flow 19-2313] Loaded Vivado IP repository 'D:/Xilinx/Vivado/2023.1/data/ip'.
WARNING: [IP_Flow 19-4995] The host OS only allows 260 characters in a normal path. The IP cache path is more than 80 characters. If you experience issues with IP caching, please consider changing the IP cache to a location with a shorter path. Alternately consider using the OS subst command to map part of the path to a drive letter. 
Current IP cache path is c:/VProject/Attempt_1_04-04-2024/SAXI_MB_PR_HW_SW_01/SAXI_MB_PR_HW_SW_01.cache/ip 
INFO: [IP_Flow 19-6924] IPCACHE: Running cache check for IP inst: design_1_LED_control_09_2024_0_1
Command: synth_design -top design_1_LED_control_09_2024_0_1 -part xc7a100tcsg324-1 -incremental_mode off -mode out_of_context
Starting synth_design
Attempting to get a license for feature 'Synthesis' and/or device 'xc7a100t'
INFO: [Common 17-349] Got license for feature 'Synthesis' and/or device 'xc7a100t'
INFO: [Device 21-403] Loading part xc7a100tcsg324-1
INFO: [Synth 8-7079] Multithreading enabled for synth_design using a maximum of 2 processes.
INFO: [Synth 8-7078] Launching helper process for spawning children vivado processes
INFO: [Synth 8-7075] Helper process launched with PID 14896

*** Running vivado
    with args -log design_1_LED_control_09_2024_0_1.vds -m64 -product Vivado -mode batch -messageDb vivado.pb -notrace -source design_1_LED_control_09_2024_0_1.tcl


ECHO is off.
ECHO is off.

****** Vivado v2023.1 (64-bit)
  **** SW Build 3865809 on Sun May  7 15:05:29 MDT 2023
  **** IP Build 3864474 on Sun May  7 20:36:21 MDT 2023
  **** SharedData Build 3865790 on Sun May 07 13:33:03 MDT 2023
    ** Copyright 1986-2022 Xilinx, Inc. All Rights Reserved.
    ** Copyright 2022-2023 Advanced Micro Devices, Inc. All Rights Reserved.

source design_1_LED_control_09_2024_0_1.tcl -notrace
create_project: Time (s): cpu = 00:00:06 ; elapsed = 00:00:07 . Memory (MB): peak = 441.516 ; gain = 163.879
INFO: [IP_Flow 19-234] Refreshing IP repositories
INFO: [IP_Flow 19-1700] Loaded user IP repository 'c:/VProject/Attempt_1_04-04-2024/ip_repo'.
INFO: [IP_Flow 19-2313] Loaded Vivado IP repository 'D:/Xilinx/Vivado/2023.1/data/ip'.
WARNING: [IP_Flow 19-4995] The host OS only allows 260 characters in a normal path. The IP cache path is more than 80 characters. If you experience issues with IP caching, please consider changing the IP cache to a location with a shorter path. Alternately consider using the OS subst command to map part of the path to a drive letter. 
Current IP cache path is c:/VProject/Attempt_1_04-04-2024/SAXI_MB_PR_HW_SW_01/SAXI_MB_PR_HW_SW_01.cache/ip 
INFO: [IP_Flow 19-6924] IPCACHE: Running cache check for IP inst: design_1_LED_control_09_2024_0_1
Command: synth_design -top design_1_LED_control_09_2024_0_1 -part xc7a100tcsg324-1 -incremental_mode off -mode out_of_context
Starting synth_design
Attempting to get a license for feature 'Synthesis' and/or device 'xc7a100t'
INFO: [Common 17-349] Got license for feature 'Synthesis' and/or device 'xc7a100t'
INFO: [Device 21-403] Loading part xc7a100tcsg324-1
INFO: [Synth 8-7079] Multithreading enabled for synth_design using a maximum of 2 processes.
INFO: [Synth 8-7078] Launching helper process for spawning children vivado processes
INFO: [Synth 8-7075] Helper process launched with PID 17328
---------------------------------------------------------------------------------
Starting RTL Elaboration : Time (s): cpu = 00:00:05 ; elapsed = 00:00:06 . Memory (MB): peak = 1285.906 ; gain = 410.223
---------------------------------------------------------------------------------
INFO: [Synth 8-638] synthesizing module 'design_1_LED_control_09_2024_0_1' [c:/VProject/Attempt_1_04-04-2024/SAXI_MB_PR_HW_SW_01/SAXI_MB_PR_HW_SW_01.gen/sources_1/bd/design_1/ip/design_1_LED_control_09_2024_0_1/synth/design_1_LED_control_09_2024_0_1.vhd:82]
	Parameter C_S00_AXI_DATA_WIDTH bound to: 32 - type: integer 
	Parameter C_S00_AXI_ADDR_WIDTH bound to: 4 - type: integer 
INFO: [Synth 8-3491] module 'LED_control_09_2024_v1_0' declared at 'c:/VProject/Attempt_1_04-04-2024/SAXI_MB_PR_HW_SW_01/SAXI_MB_PR_HW_SW_01.gen/sources_1/bd/design_1/ipshared/b7db/hdl/LED_control_09_2024_v1_0.vhd:5' bound to instance 'U0' of component 'LED_control_09_2024_v1_0' [c:/VProject/Attempt_1_04-04-2024/SAXI_MB_PR_HW_SW_01/SAXI_MB_PR_HW_SW_01.gen/sources_1/bd/design_1/ip/design_1_LED_control_09_2024_0_1/synth/design_1_LED_control_09_2024_0_1.vhd:148]
INFO: [Synth 8-638] synthesizing module 'LED_control_09_2024_v1_0' [c:/VProject/Attempt_1_04-04-2024/SAXI_MB_PR_HW_SW_01/SAXI_MB_PR_HW_SW_01.gen/sources_1/bd/design_1/ipshared/b7db/hdl/LED_control_09_2024_v1_0.vhd:49]
	Parameter C_S_AXI_DATA_WIDTH bound to: 32 - type: integer 
	Parameter C_S_AXI_ADDR_WIDTH bound to: 4 - type: integer 
INFO: [Synth 8-3491] module 'LED_control_09_2024_v1_0_S00_AXI' declared at 'c:/VProject/Attempt_1_04-04-2024/SAXI_MB_PR_HW_SW_01/SAXI_MB_PR_HW_SW_01.gen/sources_1/bd/design_1/ipshared/b7db/hdl/LED_control_09_2024_v1_0_S00_AXI.vhd:5' bound to instance 'LED_control_09_2024_v1_0_S00_AXI_inst' of component 'LED_control_09_2024_v1_0_S00_AXI' [c:/VProject/Attempt_1_04-04-2024/SAXI_MB_PR_HW_SW_01/SAXI_MB_PR_HW_SW_01.gen/sources_1/bd/design_1/ipshared/b7db/hdl/LED_control_09_2024_v1_0.vhd:85]
INFO: [Synth 8-638] synthesizing module 'LED_control_09_2024_v1_0_S00_AXI' [c:/VProject/Attempt_1_04-04-2024/SAXI_MB_PR_HW_SW_01/SAXI_MB_PR_HW_SW_01.gen/sources_1/bd/design_1/ipshared/b7db/hdl/LED_control_09_2024_v1_0_S00_AXI.vhd:86]
INFO: [Synth 8-226] default block is never used [c:/VProject/Attempt_1_04-04-2024/SAXI_MB_PR_HW_SW_01/SAXI_MB_PR_HW_SW_01.gen/sources_1/bd/design_1/ipshared/b7db/hdl/LED_control_09_2024_v1_0_S00_AXI.vhd:232]
INFO: [Synth 8-226] default block is never used [c:/VProject/Attempt_1_04-04-2024/SAXI_MB_PR_HW_SW_01/SAXI_MB_PR_HW_SW_01.gen/sources_1/bd/design_1/ipshared/b7db/hdl/LED_control_09_2024_v1_0_S00_AXI.vhd:362]
INFO: [Synth 8-3491] module 'LED_Logic' declared at 'c:/VProject/Attempt_1_04-04-2024/SAXI_MB_PR_HW_SW_01/SAXI_MB_PR_HW_SW_01.gen/sources_1/bd/design_1/ipshared/b7db/src/LED_Logic.vhd:35' bound to instance 'ledLogic_0' of component 'LED_Logic' [c:/VProject/Attempt_1_04-04-2024/SAXI_MB_PR_HW_SW_01/SAXI_MB_PR_HW_SW_01.gen/sources_1/bd/design_1/ipshared/b7db/hdl/LED_control_09_2024_v1_0_S00_AXI.vhd:396]
INFO: [Synth 8-638] synthesizing module 'LED_Logic' [c:/VProject/Attempt_1_04-04-2024/SAXI_MB_PR_HW_SW_01/SAXI_MB_PR_HW_SW_01.gen/sources_1/bd/design_1/ipshared/b7db/src/LED_Logic.vhd:41]
INFO: [Synth 8-256] done synthesizing module 'LED_Logic' (0#1) [c:/VProject/Attempt_1_04-04-2024/SAXI_MB_PR_HW_SW_01/SAXI_MB_PR_HW_SW_01.gen/sources_1/bd/design_1/ipshared/b7db/src/LED_Logic.vhd:41]
INFO: [Synth 8-256] done synthesizing module 'LED_control_09_2024_v1_0_S00_AXI' (0#1) [c:/VProject/Attempt_1_04-04-2024/SAXI_MB_PR_HW_SW_01/SAXI_MB_PR_HW_SW_01.gen/sources_1/bd/design_1/ipshared/b7db/hdl/LED_control_09_2024_v1_0_S00_AXI.vhd:86]
INFO: [Synth 8-256] done synthesizing module 'LED_control_09_2024_v1_0' (0#1) [c:/VProject/Attempt_1_04-04-2024/SAXI_MB_PR_HW_SW_01/SAXI_MB_PR_HW_SW_01.gen/sources_1/bd/design_1/ipshared/b7db/hdl/LED_control_09_2024_v1_0.vhd:49]
INFO: [Synth 8-256] done synthesizing module 'design_1_LED_control_09_2024_0_1' (0#1) [c:/VProject/Attempt_1_04-04-2024/SAXI_MB_PR_HW_SW_01/SAXI_MB_PR_HW_SW_01.gen/sources_1/bd/design_1/ip/design_1_LED_control_09_2024_0_1/synth/design_1_LED_control_09_2024_0_1.vhd:82]
WARNING: [Synth 8-6014] Unused sequential element slv_reg1_reg was removed.  [c:/VProject/Attempt_1_04-04-2024/SAXI_MB_PR_HW_SW_01/SAXI_MB_PR_HW_SW_01.gen/sources_1/bd/design_1/ipshared/b7db/hdl/LED_control_09_2024_v1_0_S00_AXI.vhd:226]
WARNING: [Synth 8-7129] Port S_AXI_AWPROT[2] in module LED_control_09_2024_v1_0_S00_AXI is either unconnected or has no load
WARNING: [Synth 8-7129] Port S_AXI_AWPROT[1] in module LED_control_09_2024_v1_0_S00_AXI is either unconnected or has no load
WARNING: [Synth 8-7129] Port S_AXI_AWPROT[0] in module LED_control_09_2024_v1_0_S00_AXI is either unconnected or has no load
WARNING: [Synth 8-7129] Port S_AXI_ARPROT[2] in module LED_control_09_2024_v1_0_S00_AXI is either unconnected or has no load
WARNING: [Synth 8-7129] Port S_AXI_ARPROT[1] in module LED_control_09_2024_v1_0_S00_AXI is either unconnected or has no load
WARNING: [Synth 8-7129] Port S_AXI_ARPROT[0] in module LED_control_09_2024_v1_0_S00_AXI is either unconnected or has no load
---------------------------------------------------------------------------------
Finished RTL Elaboration : Time (s): cpu = 00:00:07 ; elapsed = 00:00:08 . Memory (MB): peak = 1381.379 ; gain = 505.695
---------------------------------------------------------------------------------
---------------------------------------------------------------------------------
Start Handling Custom Attributes
---------------------------------------------------------------------------------
---------------------------------------------------------------------------------
Finished Handling Custom Attributes : Time (s): cpu = 00:00:07 ; elapsed = 00:00:08 . Memory (MB): peak = 1381.379 ; gain = 505.695
---------------------------------------------------------------------------------
---------------------------------------------------------------------------------
Finished RTL Optimization Phase 1 : Time (s): cpu = 00:00:07 ; elapsed = 00:00:08 . Memory (MB): peak = 1381.379 ; gain = 505.695
---------------------------------------------------------------------------------
Netlist sorting complete. Time (s): cpu = 00:00:00 ; elapsed = 00:00:00.006 . Memory (MB): peak = 1381.379 ; gain = 0.000
INFO: [Project 1-570] Preparing netlist for logic optimization

Processing XDC Constraints
Initializing timing engine
Completed Processing XDC Constraints

Netlist sorting complete. Time (s): cpu = 00:00:00 ; elapsed = 00:00:00 . Memory (MB): peak = 1465.590 ; gain = 0.000
INFO: [Project 1-111] Unisim Transformation Summary:
No Unisim elements were transformed.

Constraint Validation Runtime : Time (s): cpu = 00:00:00 ; elapsed = 00:00:00.021 . Memory (MB): peak = 1465.590 ; gain = 0.000
INFO: [Designutils 20-5008] Incremental synthesis strategy off
---------------------------------------------------------------------------------
Finished Constraint Validation : Time (s): cpu = 00:00:15 ; elapsed = 00:00:16 . Memory (MB): peak = 1465.590 ; gain = 589.906
---------------------------------------------------------------------------------
---------------------------------------------------------------------------------
Start Loading Part and Timing Information
---------------------------------------------------------------------------------
Loading part: xc7a100tcsg324-1
---------------------------------------------------------------------------------
Finished Loading Part and Timing Information : Time (s): cpu = 00:00:15 ; elapsed = 00:00:16 . Memory (MB): peak = 1465.590 ; gain = 589.906
---------------------------------------------------------------------------------
---------------------------------------------------------------------------------
Start Applying 'set_property' XDC Constraints
---------------------------------------------------------------------------------
---------------------------------------------------------------------------------
Finished applying 'set_property' XDC Constraints : Time (s): cpu = 00:00:15 ; elapsed = 00:00:16 . Memory (MB): peak = 1465.590 ; gain = 589.906
---------------------------------------------------------------------------------
---------------------------------------------------------------------------------
Finished RTL Optimization Phase 2 : Time (s): cpu = 00:00:15 ; elapsed = 00:00:16 . Memory (MB): peak = 1465.590 ; gain = 589.906
---------------------------------------------------------------------------------
---------------------------------------------------------------------------------
Start RTL Component Statistics 
---------------------------------------------------------------------------------
Detailed RTL Component Info : 
+---Adders : 
	   2 Input    4 Bit       Adders := 1     
+---Registers : 
	               32 Bit    Registers := 4     
	                4 Bit    Registers := 3     
	                2 Bit    Registers := 2     
	                1 Bit    Registers := 6     
+---Muxes : 
	   2 Input   32 Bit        Muxes := 3     
	   4 Input   32 Bit        Muxes := 4     
	   2 Input    4 Bit        Muxes := 1     
	   3 Input    1 Bit        Muxes := 1     
	   2 Input    1 Bit        Muxes := 5     
---------------------------------------------------------------------------------
Finished RTL Component Statistics 
---------------------------------------------------------------------------------
---------------------------------------------------------------------------------
Start Part Resource Summary
---------------------------------------------------------------------------------
Part Resources:
DSPs: 240 (col length:80)
BRAMs: 270 (col length: RAMB18 80 RAMB36 40)
---------------------------------------------------------------------------------
Finished Part Resource Summary
---------------------------------------------------------------------------------
---------------------------------------------------------------------------------
Start Cross Boundary and Area Optimization
---------------------------------------------------------------------------------
WARNING: [Synth 8-7080] Parallel synthesis criteria is not met
WARNING: [Synth 8-7129] Port s00_axi_awprot[2] in module design_1_LED_control_09_2024_0_1 is either unconnected or has no load
WARNING: [Synth 8-7129] Port s00_axi_awprot[1] in module design_1_LED_control_09_2024_0_1 is either unconnected or has no load
WARNING: [Synth 8-7129] Port s00_axi_awprot[0] in module design_1_LED_control_09_2024_0_1 is either unconnected or has no load
WARNING: [Synth 8-7129] Port s00_axi_arprot[2] in module design_1_LED_control_09_2024_0_1 is either unconnected or has no load
WARNING: [Synth 8-7129] Port s00_axi_arprot[1] in module design_1_LED_control_09_2024_0_1 is either unconnected or has no load
WARNING: [Synth 8-7129] Port s00_axi_arprot[0] in module design_1_LED_control_09_2024_0_1 is either unconnected or has no load
---------------------------------------------------------------------------------
Finished Cross Boundary and Area Optimization : Time (s): cpu = 00:00:17 ; elapsed = 00:00:18 . Memory (MB): peak = 1465.590 ; gain = 589.906
---------------------------------------------------------------------------------
---------------------------------------------------------------------------------
Start Applying XDC Timing Constraints
---------------------------------------------------------------------------------
---------------------------------------------------------------------------------
Finished Applying XDC Timing Constraints : Time (s): cpu = 00:00:22 ; elapsed = 00:00:24 . Memory (MB): peak = 1465.590 ; gain = 589.906
---------------------------------------------------------------------------------
---------------------------------------------------------------------------------
Start Timing Optimization
---------------------------------------------------------------------------------
---------------------------------------------------------------------------------
Finished Timing Optimization : Time (s): cpu = 00:00:22 ; elapsed = 00:00:24 . Memory (MB): peak = 1465.590 ; gain = 589.906
---------------------------------------------------------------------------------
---------------------------------------------------------------------------------
Start Technology Mapping
---------------------------------------------------------------------------------
---------------------------------------------------------------------------------
Finished Technology Mapping : Time (s): cpu = 00:00:23 ; elapsed = 00:00:24 . Memory (MB): peak = 1465.590 ; gain = 589.906
---------------------------------------------------------------------------------
---------------------------------------------------------------------------------
Start IO Insertion
---------------------------------------------------------------------------------
---------------------------------------------------------------------------------
Start Flattening Before IO Insertion
---------------------------------------------------------------------------------
---------------------------------------------------------------------------------
Finished Flattening Before IO Insertion
---------------------------------------------------------------------------------
---------------------------------------------------------------------------------
Start Final Netlist Cleanup
---------------------------------------------------------------------------------
---------------------------------------------------------------------------------
Finished Final Netlist Cleanup
---------------------------------------------------------------------------------
---------------------------------------------------------------------------------
Finished IO Insertion : Time (s): cpu = 00:00:27 ; elapsed = 00:00:29 . Memory (MB): peak = 1465.590 ; gain = 589.906
---------------------------------------------------------------------------------
---------------------------------------------------------------------------------
Start Renaming Generated Instances
---------------------------------------------------------------------------------
---------------------------------------------------------------------------------
Finished Renaming Generated Instances : Time (s): cpu = 00:00:27 ; elapsed = 00:00:29 . Memory (MB): peak = 1465.590 ; gain = 589.906
---------------------------------------------------------------------------------
---------------------------------------------------------------------------------
Start Rebuilding User Hierarchy
---------------------------------------------------------------------------------
---------------------------------------------------------------------------------
Finished Rebuilding User Hierarchy : Time (s): cpu = 00:00:27 ; elapsed = 00:00:29 . Memory (MB): peak = 1465.590 ; gain = 589.906
---------------------------------------------------------------------------------
---------------------------------------------------------------------------------
Start Renaming Generated Ports
---------------------------------------------------------------------------------
---------------------------------------------------------------------------------
Finished Renaming Generated Ports : Time (s): cpu = 00:00:27 ; elapsed = 00:00:29 . Memory (MB): peak = 1465.590 ; gain = 589.906
---------------------------------------------------------------------------------
---------------------------------------------------------------------------------
Start Handling Custom Attributes
---------------------------------------------------------------------------------
---------------------------------------------------------------------------------
Finished Handling Custom Attributes : Time (s): cpu = 00:00:27 ; elapsed = 00:00:29 . Memory (MB): peak = 1465.590 ; gain = 589.906
---------------------------------------------------------------------------------
---------------------------------------------------------------------------------
Start Renaming Generated Nets
---------------------------------------------------------------------------------
---------------------------------------------------------------------------------
Finished Renaming Generated Nets : Time (s): cpu = 00:00:27 ; elapsed = 00:00:29 . Memory (MB): peak = 1465.590 ; gain = 589.906
---------------------------------------------------------------------------------
---------------------------------------------------------------------------------
Start Writing Synthesis Report
---------------------------------------------------------------------------------

Report BlackBoxes: 
+-+--------------+----------+
| |BlackBox name |Instances |
+-+--------------+----------+
+-+--------------+----------+

Report Cell Usage: 
+------+-----+------+
|      |Cell |Count |
+------+-----+------+
|1     |LUT1 |     2|
|2     |LUT2 |     2|
|3     |LUT3 |     2|
|4     |LUT4 |    19|
|5     |LUT5 |    28|
|6     |LUT6 |    15|
|7     |FDRE |   139|
|8     |FDSE |     3|
+------+-----+------+
---------------------------------------------------------------------------------
Finished Writing Synthesis Report : Time (s): cpu = 00:00:27 ; elapsed = 00:00:29 . Memory (MB): peak = 1465.590 ; gain = 589.906
---------------------------------------------------------------------------------
Synthesis finished with 0 errors, 0 critical warnings and 7 warnings.
Synthesis Optimization Runtime : Time (s): cpu = 00:00:18 ; elapsed = 00:00:27 . Memory (MB): peak = 1465.590 ; gain = 505.695
Synthesis Optimization Complete : Time (s): cpu = 00:00:27 ; elapsed = 00:00:29 . Memory (MB): peak = 1465.590 ; gain = 589.906
INFO: [Project 1-571] Translating synthesized netlist
Netlist sorting complete. Time (s): cpu = 00:00:00 ; elapsed = 00:00:00.004 . Memory (MB): peak = 1465.590 ; gain = 0.000
INFO: [Project 1-570] Preparing netlist for logic optimization
INFO: [Opt 31-138] Pushed 0 inverter(s) to 0 load pin(s).
Netlist sorting complete. Time (s): cpu = 00:00:00 ; elapsed = 00:00:00 . Memory (MB): peak = 1465.590 ; gain = 0.000
INFO: [Project 1-111] Unisim Transformation Summary:
No Unisim elements were transformed.

Synth Design complete | Checksum: f46cc0a
INFO: [Common 17-83] Releasing license: Synthesis
30 Infos, 15 Warnings, 0 Critical Warnings and 0 Errors encountered.
synth_design completed successfully
synth_design: Time (s): cpu = 00:00:31 ; elapsed = 00:00:34 . Memory (MB): peak = 1465.590 ; gain = 988.910
INFO: [Common 17-1381] The checkpoint 'C:/VProject/Attempt_1_04-04-2024/SAXI_MB_PR_HW_SW_01/SAXI_MB_PR_HW_SW_01.runs/design_1_LED_control_09_2024_0_1_synth_1/design_1_LED_control_09_2024_0_1.dcp' has been generated.
INFO: [Coretcl 2-1648] Added synthesis output to IP cache for IP design_1_LED_control_09_2024_0_1, cache-ID = f372b474877045eb
INFO: [Coretcl 2-1174] Renamed 3 cell refs.
INFO: [Common 17-1381] The checkpoint 'C:/VProject/Attempt_1_04-04-2024/SAXI_MB_PR_HW_SW_01/SAXI_MB_PR_HW_SW_01.runs/design_1_LED_control_09_2024_0_1_synth_1/design_1_LED_control_09_2024_0_1.dcp' has been generated.
INFO: [runtcl-4] Executing : report_utilization -file design_1_LED_control_09_2024_0_1_utilization_synth.rpt -pb design_1_LED_control_09_2024_0_1_utilization_synth.pb
INFO: [Common 17-206] Exiting Vivado at Tue Apr  9 01:24:00 2024...
