TRACE::2024-02-12.20:46:12::SCWPlatform::Trying to open the hw design at C:/Users/jasme/Desktop/DFX/Vivado_Project/Hello_World/hw/design_1_wrapper.xsa
TRACE::2024-02-12.20:46:12::SCWPlatform::DSA given C:/Users/jasme/Desktop/DFX/Vivado_Project/Hello_World/hw/design_1_wrapper.xsa
TRACE::2024-02-12.20:46:12::SCWPlatform::DSA absoulate path C:/Users/jasme/Desktop/DFX/Vivado_Project/Hello_World/hw/design_1_wrapper.xsa
TRACE::2024-02-12.20:46:12::SCWPlatform::DSA directory C:/Users/jasme/Desktop/DFX/Vivado_Project/Hello_World/hw
TRACE::2024-02-12.20:46:12::SCWPlatform:: Platform Path C:/Users/jasme/Desktop/DFX/Vivado_Project/Hello_World/hw/design_1_wrapper.xsa
TRACE::2024-02-12.20:46:12::SCWPlatform:: Unique name xilinx:nexys-a7-100t::0.0
TRACE::2024-02-12.20:46:12::SCWPlatform::Do not have an existing db opened. 
TRACE::2024-02-12.20:46:12::SCWPlatform::Opened new HwDB with name design_1_wrapper_0
TRACE::2024-02-12.20:46:12::SCWWriter::formatted JSON is {
	"platformName":	"Hello_World",
	"sprVersion":	"2.0",
	"mode":	"gui",
	"dsaType":	"Fixed",
	"platformDesc":	"Hello_World",
	"platHandOff":	"C:/Users/jasme/Desktop/DFX/Vivado_Project/DFX_Nexys_A7/design_1_wrapper.xsa",
	"platIntHandOff":	"<platformDir>/hw/design_1_wrapper.xsa",
	"deviceType":	"FPGA",
	"platIsPrebuiltAutogen":	"false",
	"platIsNoBootBsp":	"false",
	"hasFsblMakeHasChanges":	"false",
	"hasPmufwMakeHasChanges":	"false",
	"platPreBuiltFlag":	false,
	"platformSamplesDir":	""
}
TRACE::2024-02-12.20:46:12::SCWWriter::formatted JSON is {
	"platformName":	"Hello_World",
	"sprVersion":	"2.0",
	"mode":	"gui",
	"dsaType":	"Fixed",
	"platformDesc":	"Hello_World",
	"platHandOff":	"C:/Users/jasme/Desktop/DFX/Vivado_Project/DFX_Nexys_A7/design_1_wrapper.xsa",
	"platIntHandOff":	"<platformDir>/hw/design_1_wrapper.xsa",
	"deviceType":	"FPGA",
	"platIsPrebuiltAutogen":	"false",
	"platIsNoBootBsp":	"false",
	"hasFsblMakeHasChanges":	"false",
	"hasPmufwMakeHasChanges":	"false",
	"platPreBuiltFlag":	false,
	"platformSamplesDir":	"",
	"platActiveSys":	"Hello_World",
	"systems":	[{
			"systemName":	"Hello_World",
			"systemDesc":	"Hello_World",
			"sysIsBootAutoGen":	"true",
			"systemDispName":	"Hello_World"
		}]
}
TRACE::2024-02-12.20:46:12::SCWPlatform::Boot application domains not present, creating them
TRACE::2024-02-12.20:46:12::SCWPlatform::Pure FPGA device, no boot application will be created.
TRACE::2024-02-12.20:46:12::SCWWriter::formatted JSON is {
	"platformName":	"Hello_World",
	"sprVersion":	"2.0",
	"mode":	"gui",
	"dsaType":	"Fixed",
	"platformDesc":	"Hello_World",
	"platHandOff":	"C:/Users/jasme/Desktop/DFX/Vivado_Project/DFX_Nexys_A7/design_1_wrapper.xsa",
	"platIntHandOff":	"<platformDir>/hw/design_1_wrapper.xsa",
	"deviceType":	"FPGA",
	"platIsPrebuiltAutogen":	"false",
	"platIsNoBootBsp":	"false",
	"hasFsblMakeHasChanges":	"false",
	"hasPmufwMakeHasChanges":	"false",
	"platPreBuiltFlag":	false,
	"platformSamplesDir":	"",
	"platActiveSys":	"Hello_World",
	"systems":	[{
			"systemName":	"Hello_World",
			"systemDesc":	"Hello_World",
			"sysIsBootAutoGen":	"true",
			"systemDispName":	"Hello_World"
		}]
}
TRACE::2024-02-12.20:46:12::SCWPlatform::Trying to open the hw design at C:/Users/jasme/Desktop/DFX/Vivado_Project/Hello_World/hw/design_1_wrapper.xsa
TRACE::2024-02-12.20:46:12::SCWPlatform::DSA given C:/Users/jasme/Desktop/DFX/Vivado_Project/Hello_World/hw/design_1_wrapper.xsa
TRACE::2024-02-12.20:46:12::SCWPlatform::DSA absoulate path C:/Users/jasme/Desktop/DFX/Vivado_Project/Hello_World/hw/design_1_wrapper.xsa
TRACE::2024-02-12.20:46:12::SCWPlatform::DSA directory C:/Users/jasme/Desktop/DFX/Vivado_Project/Hello_World/hw
TRACE::2024-02-12.20:46:12::SCWPlatform:: Platform Path C:/Users/jasme/Desktop/DFX/Vivado_Project/Hello_World/hw/design_1_wrapper.xsa
TRACE::2024-02-12.20:46:12::SCWPlatform:: Unique name xilinx:nexys-a7-100t::0.0
TRACE::2024-02-12.20:46:12::SCWPlatform::Trying to set the existing hwdb with name design_1_wrapper_0
TRACE::2024-02-12.20:46:12::SCWPlatform::Opened existing hwdb design_1_wrapper_0
TRACE::2024-02-12.20:46:12::SCWPlatform::Found the Hw Db part of the input DSA
TRACE::2024-02-12.20:46:12::SCWPlatform::Trying to open the hw design at C:/Users/jasme/Desktop/DFX/Vivado_Project/Hello_World/hw/design_1_wrapper.xsa
TRACE::2024-02-12.20:46:12::SCWPlatform::DSA given C:/Users/jasme/Desktop/DFX/Vivado_Project/Hello_World/hw/design_1_wrapper.xsa
TRACE::2024-02-12.20:46:12::SCWPlatform::DSA absoulate path C:/Users/jasme/Desktop/DFX/Vivado_Project/Hello_World/hw/design_1_wrapper.xsa
TRACE::2024-02-12.20:46:12::SCWPlatform::DSA directory C:/Users/jasme/Desktop/DFX/Vivado_Project/Hello_World/hw
TRACE::2024-02-12.20:46:12::SCWPlatform:: Platform Path C:/Users/jasme/Desktop/DFX/Vivado_Project/Hello_World/hw/design_1_wrapper.xsa
TRACE::2024-02-12.20:46:12::SCWPlatform:: Unique name xilinx:nexys-a7-100t::0.0
TRACE::2024-02-12.20:46:12::SCWPlatform::Trying to set the existing hwdb with name design_1_wrapper_0
TRACE::2024-02-12.20:46:12::SCWPlatform::Opened existing hwdb design_1_wrapper_0
TRACE::2024-02-12.20:46:12::SCWPlatform::Found the Hw Db part of the input DSA
TRACE::2024-02-12.20:46:12::SCWPlatform::Trying to open the hw design at C:/Users/jasme/Desktop/DFX/Vivado_Project/Hello_World/hw/design_1_wrapper.xsa
TRACE::2024-02-12.20:46:12::SCWPlatform::DSA given C:/Users/jasme/Desktop/DFX/Vivado_Project/Hello_World/hw/design_1_wrapper.xsa
TRACE::2024-02-12.20:46:12::SCWPlatform::DSA absoulate path C:/Users/jasme/Desktop/DFX/Vivado_Project/Hello_World/hw/design_1_wrapper.xsa
TRACE::2024-02-12.20:46:12::SCWPlatform::DSA directory C:/Users/jasme/Desktop/DFX/Vivado_Project/Hello_World/hw
TRACE::2024-02-12.20:46:12::SCWPlatform:: Platform Path C:/Users/jasme/Desktop/DFX/Vivado_Project/Hello_World/hw/design_1_wrapper.xsa
TRACE::2024-02-12.20:46:12::SCWPlatform:: Unique name xilinx:nexys-a7-100t::0.0
TRACE::2024-02-12.20:46:12::SCWPlatform::Trying to set the existing hwdb with name design_1_wrapper_0
TRACE::2024-02-12.20:46:12::SCWPlatform::Opened existing hwdb design_1_wrapper_0
TRACE::2024-02-12.20:46:12::SCWPlatform::Found the Hw Db part of the input DSA
TRACE::2024-02-12.20:46:12::SCWDomain::checking for install qemu data   : 
TRACE::2024-02-12.20:46:12::SCWPlatform::Trying to open the hw design at C:/Users/jasme/Desktop/DFX/Vivado_Project/Hello_World/hw/design_1_wrapper.xsa
TRACE::2024-02-12.20:46:12::SCWPlatform::DSA given C:/Users/jasme/Desktop/DFX/Vivado_Project/Hello_World/hw/design_1_wrapper.xsa
TRACE::2024-02-12.20:46:12::SCWPlatform::DSA absoulate path C:/Users/jasme/Desktop/DFX/Vivado_Project/Hello_World/hw/design_1_wrapper.xsa
TRACE::2024-02-12.20:46:12::SCWPlatform::DSA directory C:/Users/jasme/Desktop/DFX/Vivado_Project/Hello_World/hw
TRACE::2024-02-12.20:46:12::SCWPlatform:: Platform Path C:/Users/jasme/Desktop/DFX/Vivado_Project/Hello_World/hw/design_1_wrapper.xsa
TRACE::2024-02-12.20:46:12::SCWPlatform:: Unique name xilinx:nexys-a7-100t::0.0
TRACE::2024-02-12.20:46:12::SCWPlatform::Trying to set the existing hwdb with name design_1_wrapper_0
TRACE::2024-02-12.20:46:12::SCWPlatform::Opened existing hwdb design_1_wrapper_0
TRACE::2024-02-12.20:46:12::SCWPlatform::Found the Hw Db part of the input DSA
TRACE::2024-02-12.20:46:12::SCWPlatform::Trying to open the hw design at C:/Users/jasme/Desktop/DFX/Vivado_Project/Hello_World/hw/design_1_wrapper.xsa
TRACE::2024-02-12.20:46:12::SCWPlatform::DSA given C:/Users/jasme/Desktop/DFX/Vivado_Project/Hello_World/hw/design_1_wrapper.xsa
TRACE::2024-02-12.20:46:12::SCWPlatform::DSA absoulate path C:/Users/jasme/Desktop/DFX/Vivado_Project/Hello_World/hw/design_1_wrapper.xsa
TRACE::2024-02-12.20:46:12::SCWPlatform::DSA directory C:/Users/jasme/Desktop/DFX/Vivado_Project/Hello_World/hw
TRACE::2024-02-12.20:46:12::SCWPlatform:: Platform Path C:/Users/jasme/Desktop/DFX/Vivado_Project/Hello_World/hw/design_1_wrapper.xsa
TRACE::2024-02-12.20:46:12::SCWPlatform:: Unique name xilinx:nexys-a7-100t::0.0
TRACE::2024-02-12.20:46:12::SCWPlatform::Trying to set the existing hwdb with name design_1_wrapper_0
TRACE::2024-02-12.20:46:12::SCWPlatform::Opened existing hwdb design_1_wrapper_0
TRACE::2024-02-12.20:46:12::SCWPlatform::Found the Hw Db part of the input DSA
TRACE::2024-02-12.20:46:12::SCWPlatform::Trying to open the hw design at C:/Users/jasme/Desktop/DFX/Vivado_Project/Hello_World/hw/design_1_wrapper.xsa
TRACE::2024-02-12.20:46:12::SCWPlatform::DSA given C:/Users/jasme/Desktop/DFX/Vivado_Project/Hello_World/hw/design_1_wrapper.xsa
TRACE::2024-02-12.20:46:12::SCWPlatform::DSA absoulate path C:/Users/jasme/Desktop/DFX/Vivado_Project/Hello_World/hw/design_1_wrapper.xsa
TRACE::2024-02-12.20:46:12::SCWPlatform::DSA directory C:/Users/jasme/Desktop/DFX/Vivado_Project/Hello_World/hw
TRACE::2024-02-12.20:46:12::SCWPlatform:: Platform Path C:/Users/jasme/Desktop/DFX/Vivado_Project/Hello_World/hw/design_1_wrapper.xsa
TRACE::2024-02-12.20:46:12::SCWPlatform:: Unique name xilinx:nexys-a7-100t::0.0
TRACE::2024-02-12.20:46:12::SCWPlatform::Trying to set the existing hwdb with name design_1_wrapper_0
TRACE::2024-02-12.20:46:12::SCWPlatform::Opened existing hwdb design_1_wrapper_0
TRACE::2024-02-12.20:46:12::SCWPlatform::Found the Hw Db part of the input DSA
TRACE::2024-02-12.20:46:12::SCWMssOS::Checking the sw design at  C:/Users/jasme/Desktop/DFX/Vivado_Project/Hello_World/microblaze_0/standalone_domain/bsp/system.mss
TRACE::2024-02-12.20:46:12::SCWMssOS::DEBUG:  swdes dump  
TRACE::2024-02-12.20:46:12::SCWMssOS::No sw design opened at  C:/Users/jasme/Desktop/DFX/Vivado_Project/Hello_World/microblaze_0/standalone_domain/bsp/system.mss
TRACE::2024-02-12.20:46:12::SCWMssOS::mss does not exists at C:/Users/jasme/Desktop/DFX/Vivado_Project/Hello_World/microblaze_0/standalone_domain/bsp/system.mss
TRACE::2024-02-12.20:46:12::SCWMssOS::Creating sw design at  C:/Users/jasme/Desktop/DFX/Vivado_Project/Hello_World/microblaze_0/standalone_domain/bsp/system.mss
TRACE::2024-02-12.20:46:12::SCWMssOS::Adding the swdes entry, created swdb C:/Users/jasme/Desktop/DFX/Vivado_Project/Hello_World/microblaze_0/standalone_domain/bsp/system.mss with des name C:/Users/jasme/Desktop/DFX/Vivado_Project/Hello_World/microblaze_0/standalone_domain/bsp/system.mss
TRACE::2024-02-12.20:46:12::SCWMssOS::updating the scw layer changes to swdes at   C:/Users/jasme/Desktop/DFX/Vivado_Project/Hello_World/microblaze_0/standalone_domain/bsp/system.mss
TRACE::2024-02-12.20:46:12::SCWMssOS::Writing mss at C:/Users/jasme/Desktop/DFX/Vivado_Project/Hello_World/microblaze_0/standalone_domain/bsp/system.mss
TRACE::2024-02-12.20:46:12::SCWMssOS::Completed writing the mss file at C:/Users/jasme/Desktop/DFX/Vivado_Project/Hello_World/microblaze_0/standalone_domain/bsp
TRACE::2024-02-12.20:46:12::SCWMssOS::Picking up changes from newly written mss file into SCW Layer. 
TRACE::2024-02-12.20:46:12::SCWMssOS::Updated the changes from newly written mss file into SCW Layer. 
TRACE::2024-02-12.20:46:12::SCWMssOS::Completed writing the mss file at C:/Users/jasme/Desktop/DFX/Vivado_Project/Hello_World/microblaze_0/standalone_domain/bsp
TRACE::2024-02-12.20:46:12::SCWMssOS::Forcing BSP Sources regeneration.
TRACE::2024-02-12.20:46:13::SCWMssOS::Saving the mss changes C:/Users/jasme/Desktop/DFX/Vivado_Project/Hello_World/microblaze_0/standalone_domain/bsp/system.mss
TRACE::2024-02-12.20:46:13::SCWMssOS::Adding the swdes entry, mss present, able to open swdb C:/Users/jasme/Desktop/DFX/Vivado_Project/Hello_World/microblaze_0/standalone_domain/bsp/system.mss with des name system
TRACE::2024-02-12.20:46:13::SCWMssOS::Writing the mss file completed C:/Users/jasme/Desktop/DFX/Vivado_Project/Hello_World/microblaze_0/standalone_domain/bsp/system.mss
TRACE::2024-02-12.20:46:13::SCWMssOS::Commit changes completed.
TRACE::2024-02-12.20:46:13::SCWPlatform::Trying to open the hw design at C:/Users/jasme/Desktop/DFX/Vivado_Project/Hello_World/hw/design_1_wrapper.xsa
TRACE::2024-02-12.20:46:13::SCWPlatform::DSA given C:/Users/jasme/Desktop/DFX/Vivado_Project/Hello_World/hw/design_1_wrapper.xsa
TRACE::2024-02-12.20:46:13::SCWPlatform::DSA absoulate path C:/Users/jasme/Desktop/DFX/Vivado_Project/Hello_World/hw/design_1_wrapper.xsa
TRACE::2024-02-12.20:46:13::SCWPlatform::DSA directory C:/Users/jasme/Desktop/DFX/Vivado_Project/Hello_World/hw
TRACE::2024-02-12.20:46:13::SCWPlatform:: Platform Path C:/Users/jasme/Desktop/DFX/Vivado_Project/Hello_World/hw/design_1_wrapper.xsa
TRACE::2024-02-12.20:46:13::SCWPlatform:: Unique name xilinx:nexys-a7-100t::0.0
TRACE::2024-02-12.20:46:13::SCWPlatform::Trying to set the existing hwdb with name design_1_wrapper_0
TRACE::2024-02-12.20:46:13::SCWPlatform::Opened existing hwdb design_1_wrapper_0
TRACE::2024-02-12.20:46:13::SCWPlatform::Found the Hw Db part of the input DSA
TRACE::2024-02-12.20:46:13::SCWMssOS::Checking the sw design at  C:/Users/jasme/Desktop/DFX/Vivado_Project/Hello_World/microblaze_0/standalone_domain/bsp/system.mss
TRACE::2024-02-12.20:46:13::SCWMssOS::DEBUG:  swdes dump  C:/Users/jasme/Desktop/DFX/Vivado_Project/Hello_World/microblaze_0/standalone_domain/bsp/system.mss|system||

TRACE::2024-02-12.20:46:13::SCWMssOS::Sw design exists and opened at  C:/Users/jasme/Desktop/DFX/Vivado_Project/Hello_World/microblaze_0/standalone_domain/bsp/system.mss
TRACE::2024-02-12.20:46:13::SCWPlatform::Trying to open the hw design at C:/Users/jasme/Desktop/DFX/Vivado_Project/Hello_World/hw/design_1_wrapper.xsa
TRACE::2024-02-12.20:46:13::SCWPlatform::DSA given C:/Users/jasme/Desktop/DFX/Vivado_Project/Hello_World/hw/design_1_wrapper.xsa
TRACE::2024-02-12.20:46:13::SCWPlatform::DSA absoulate path C:/Users/jasme/Desktop/DFX/Vivado_Project/Hello_World/hw/design_1_wrapper.xsa
TRACE::2024-02-12.20:46:13::SCWPlatform::DSA directory C:/Users/jasme/Desktop/DFX/Vivado_Project/Hello_World/hw
TRACE::2024-02-12.20:46:13::SCWPlatform:: Platform Path C:/Users/jasme/Desktop/DFX/Vivado_Project/Hello_World/hw/design_1_wrapper.xsa
TRACE::2024-02-12.20:46:13::SCWPlatform:: Unique name xilinx:nexys-a7-100t::0.0
TRACE::2024-02-12.20:46:13::SCWPlatform::Trying to set the existing hwdb with name design_1_wrapper_0
TRACE::2024-02-12.20:46:13::SCWPlatform::Opened existing hwdb design_1_wrapper_0
TRACE::2024-02-12.20:46:13::SCWPlatform::Found the Hw Db part of the input DSA
TRACE::2024-02-12.20:46:13::SCWMssOS::Checking the sw design at  C:/Users/jasme/Desktop/DFX/Vivado_Project/Hello_World/microblaze_0/standalone_domain/bsp/system.mss
TRACE::2024-02-12.20:46:13::SCWMssOS::DEBUG:  swdes dump  C:/Users/jasme/Desktop/DFX/Vivado_Project/Hello_World/microblaze_0/standalone_domain/bsp/system.mss|system||

TRACE::2024-02-12.20:46:13::SCWMssOS::Sw design exists and opened at  C:/Users/jasme/Desktop/DFX/Vivado_Project/Hello_World/microblaze_0/standalone_domain/bsp/system.mss
TRACE::2024-02-12.20:46:13::SCWPlatform::Trying to open the hw design at C:/Users/jasme/Desktop/DFX/Vivado_Project/Hello_World/hw/design_1_wrapper.xsa
TRACE::2024-02-12.20:46:13::SCWPlatform::DSA given C:/Users/jasme/Desktop/DFX/Vivado_Project/Hello_World/hw/design_1_wrapper.xsa
TRACE::2024-02-12.20:46:13::SCWPlatform::DSA absoulate path C:/Users/jasme/Desktop/DFX/Vivado_Project/Hello_World/hw/design_1_wrapper.xsa
TRACE::2024-02-12.20:46:13::SCWPlatform::DSA directory C:/Users/jasme/Desktop/DFX/Vivado_Project/Hello_World/hw
TRACE::2024-02-12.20:46:13::SCWPlatform:: Platform Path C:/Users/jasme/Desktop/DFX/Vivado_Project/Hello_World/hw/design_1_wrapper.xsa
TRACE::2024-02-12.20:46:13::SCWPlatform:: Unique name xilinx:nexys-a7-100t::0.0
TRACE::2024-02-12.20:46:13::SCWPlatform::Trying to set the existing hwdb with name design_1_wrapper_0
TRACE::2024-02-12.20:46:13::SCWPlatform::Opened existing hwdb design_1_wrapper_0
TRACE::2024-02-12.20:46:13::SCWPlatform::Found the Hw Db part of the input DSA
TRACE::2024-02-12.20:46:13::SCWMssOS::Checking the sw design at  C:/Users/jasme/Desktop/DFX/Vivado_Project/Hello_World/microblaze_0/standalone_domain/bsp/system.mss
TRACE::2024-02-12.20:46:13::SCWMssOS::DEBUG:  swdes dump  C:/Users/jasme/Desktop/DFX/Vivado_Project/Hello_World/microblaze_0/standalone_domain/bsp/system.mss|system||

TRACE::2024-02-12.20:46:13::SCWMssOS::Sw design exists and opened at  C:/Users/jasme/Desktop/DFX/Vivado_Project/Hello_World/microblaze_0/standalone_domain/bsp/system.mss
TRACE::2024-02-12.20:46:13::SCWWriter::formatted JSON is {
	"platformName":	"Hello_World",
	"sprVersion":	"2.0",
	"mode":	"gui",
	"dsaType":	"Fixed",
	"platformDesc":	"Hello_World",
	"platHandOff":	"C:/Users/jasme/Desktop/DFX/Vivado_Project/DFX_Nexys_A7/design_1_wrapper.xsa",
	"platIntHandOff":	"<platformDir>/hw/design_1_wrapper.xsa",
	"deviceType":	"FPGA",
	"platIsPrebuiltAutogen":	"false",
	"platIsNoBootBsp":	"false",
	"hasFsblMakeHasChanges":	"false",
	"hasPmufwMakeHasChanges":	"false",
	"platPreBuiltFlag":	false,
	"platformSamplesDir":	"",
	"platActiveSys":	"Hello_World",
	"systems":	[{
			"systemName":	"Hello_World",
			"systemDesc":	"Hello_World",
			"sysIsBootAutoGen":	"true",
			"systemDispName":	"Hello_World",
			"sysActiveDom":	"standalone_domain",
			"sysDefaultDom":	"standalone_domain",
			"domains":	[{
					"domainName":	"standalone_domain",
					"domainDispName":	"standalone_domain",
					"domainDesc":	"standalone_domain",
					"processors":	"microblaze_0",
					"os":	"standalone",
					"sdxOs":	"standalone",
					"debugEnable":	"False",
					"domRuntimes":	["cpp"],
					"swRepo":	"",
					"mssOsVer":	"8.1",
					"mssFile":	"",
					"md5Digest":	"320e0d1ae270b9130f42fb45098625ca",
					"compatibleApp":	"",
					"domType":	"mssDomain",
					"arch":	"32-bit",
					"appSettings":	{
						"appCompilerFlags":	"",
						"appLinkerFlags":	""
					},
					"addedLibs":	[],
					"libOptions":	{
						"libsContainingOptions":	[]
					},
					"prebuiltLibs":	{
						"prebuiltIncPath":	[],
						"prebuiltLibPath":	[]
					},
					"isolation":	{
					}
				}]
		}]
}
LOG::2024-02-12.20:46:13::SCWPlatform::Started generating the artifacts platform Hello_World
TRACE::2024-02-12.20:46:13::SCWPlatform::Sanity checking of platform is completed
LOG::2024-02-12.20:46:13::SCWPlatform::Started generating the artifacts for system configuration Hello_World
LOG::2024-02-12.20:46:13::SCWSystem::Checking the domain standalone_domain
LOG::2024-02-12.20:46:13::SCWSystem::Not a boot domain 
LOG::2024-02-12.20:46:13::SCWSystem::Started Processing the domain standalone_domain
TRACE::2024-02-12.20:46:13::SCWDomain::Generating domain artifcats
TRACE::2024-02-12.20:46:13::SCWMssOS::Generating standalone artifcats
TRACE::2024-02-12.20:46:13::SCWMssOS:: Copying the user libraries. 
TRACE::2024-02-12.20:46:13::SCWPlatform::Trying to open the hw design at C:/Users/jasme/Desktop/DFX/Vivado_Project/Hello_World/hw/design_1_wrapper.xsa
TRACE::2024-02-12.20:46:13::SCWPlatform::DSA given C:/Users/jasme/Desktop/DFX/Vivado_Project/Hello_World/hw/design_1_wrapper.xsa
TRACE::2024-02-12.20:46:13::SCWPlatform::DSA absoulate path C:/Users/jasme/Desktop/DFX/Vivado_Project/Hello_World/hw/design_1_wrapper.xsa
TRACE::2024-02-12.20:46:13::SCWPlatform::DSA directory C:/Users/jasme/Desktop/DFX/Vivado_Project/Hello_World/hw
TRACE::2024-02-12.20:46:13::SCWPlatform:: Platform Path C:/Users/jasme/Desktop/DFX/Vivado_Project/Hello_World/hw/design_1_wrapper.xsa
TRACE::2024-02-12.20:46:13::SCWPlatform:: Unique name xilinx:nexys-a7-100t::0.0
TRACE::2024-02-12.20:46:13::SCWPlatform::Trying to set the existing hwdb with name design_1_wrapper_0
TRACE::2024-02-12.20:46:13::SCWPlatform::Opened existing hwdb design_1_wrapper_0
TRACE::2024-02-12.20:46:13::SCWPlatform::Found the Hw Db part of the input DSA
TRACE::2024-02-12.20:46:13::SCWMssOS::Checking the sw design at  C:/Users/jasme/Desktop/DFX/Vivado_Project/Hello_World/microblaze_0/standalone_domain/bsp/system.mss
TRACE::2024-02-12.20:46:13::SCWMssOS::DEBUG:  swdes dump  C:/Users/jasme/Desktop/DFX/Vivado_Project/Hello_World/microblaze_0/standalone_domain/bsp/system.mss|system||

TRACE::2024-02-12.20:46:13::SCWMssOS::Sw design exists and opened at  C:/Users/jasme/Desktop/DFX/Vivado_Project/Hello_World/microblaze_0/standalone_domain/bsp/system.mss
TRACE::2024-02-12.20:46:13::SCWMssOS::Completed writing the mss file at C:/Users/jasme/Desktop/DFX/Vivado_Project/Hello_World/microblaze_0/standalone_domain/bsp
TRACE::2024-02-12.20:46:13::SCWMssOS::Mss edits present, copying mssfile into export location C:/Users/jasme/Desktop/DFX/Vivado_Project/Hello_World/microblaze_0/standalone_domain/bsp/system.mss
TRACE::2024-02-12.20:46:13::SCWMssOS::bsp generated is upto date with the mss file. Skipping bsp generation.
TRACE::2024-02-12.20:46:13::SCWMssOS::BSP is already built. skipping the bsp build ... 
TRACE::2024-02-12.20:46:13::SCWDomain::Skipping the build for domain :  standalone_domain
TRACE::2024-02-12.20:46:13::SCWMssOS::skipping the bsp build ... 
TRACE::2024-02-12.20:46:13::SCWMssOS::Copying to export directory.
TRACE::2024-02-12.20:46:13::SCWMssOS:: Checking if to create the Supporting Applications
TRACE::2024-02-12.20:46:13::SCWMssOS:: No Linux domain exists, trying to generate FSBL 
LOG::2024-02-12.20:46:13::SCWSystem::Completed Processing the domain standalone_domain
LOG::2024-02-12.20:46:13::SCWSystem::Completed Processing the sysconfig Hello_World
LOG::2024-02-12.20:46:13::SCWPlatform::Completed generating the artifacts for system configuration Hello_World
TRACE::2024-02-12.20:46:13::SCWPlatform::Started preparing the platform 
TRACE::2024-02-12.20:46:13::SCWSystem::Writing the bif file for system config Hello_World
TRACE::2024-02-12.20:46:13::SCWSystem::dir created 
TRACE::2024-02-12.20:46:13::SCWSystem::Writing the bif 
TRACE::2024-02-12.20:46:13::SCWPlatform::Started writing the spfm file 
TRACE::2024-02-12.20:46:13::SCWPlatform::Started writing the xpfm file 
TRACE::2024-02-12.20:46:13::SCWPlatform::Completed generating the platform
TRACE::2024-02-12.20:46:13::SCWMssOS::Saving the mss changes C:/Users/jasme/Desktop/DFX/Vivado_Project/Hello_World/microblaze_0/standalone_domain/bsp/system.mss
TRACE::2024-02-12.20:46:13::SCWMssOS::Found a swdesign opened with the mssfile.
TRACE::2024-02-12.20:46:13::SCWMssOS::Completed writemss as part of save.
TRACE::2024-02-12.20:46:13::SCWMssOS::Commit changes completed.
TRACE::2024-02-12.20:46:13::SCWPlatform::Trying to open the hw design at C:/Users/jasme/Desktop/DFX/Vivado_Project/Hello_World/hw/design_1_wrapper.xsa
TRACE::2024-02-12.20:46:13::SCWPlatform::DSA given C:/Users/jasme/Desktop/DFX/Vivado_Project/Hello_World/hw/design_1_wrapper.xsa
TRACE::2024-02-12.20:46:13::SCWPlatform::DSA absoulate path C:/Users/jasme/Desktop/DFX/Vivado_Project/Hello_World/hw/design_1_wrapper.xsa
TRACE::2024-02-12.20:46:13::SCWPlatform::DSA directory C:/Users/jasme/Desktop/DFX/Vivado_Project/Hello_World/hw
TRACE::2024-02-12.20:46:13::SCWPlatform:: Platform Path C:/Users/jasme/Desktop/DFX/Vivado_Project/Hello_World/hw/design_1_wrapper.xsa
TRACE::2024-02-12.20:46:13::SCWPlatform:: Unique name xilinx:nexys-a7-100t::0.0
TRACE::2024-02-12.20:46:13::SCWPlatform::Trying to set the existing hwdb with name design_1_wrapper_0
TRACE::2024-02-12.20:46:13::SCWPlatform::Opened existing hwdb design_1_wrapper_0
TRACE::2024-02-12.20:46:13::SCWPlatform::Found the Hw Db part of the input DSA
TRACE::2024-02-12.20:46:13::SCWMssOS::Checking the sw design at  C:/Users/jasme/Desktop/DFX/Vivado_Project/Hello_World/microblaze_0/standalone_domain/bsp/system.mss
TRACE::2024-02-12.20:46:13::SCWMssOS::DEBUG:  swdes dump  C:/Users/jasme/Desktop/DFX/Vivado_Project/Hello_World/microblaze_0/standalone_domain/bsp/system.mss|system||

TRACE::2024-02-12.20:46:13::SCWMssOS::Sw design exists and opened at  C:/Users/jasme/Desktop/DFX/Vivado_Project/Hello_World/microblaze_0/standalone_domain/bsp/system.mss
TRACE::2024-02-12.20:46:13::SCWPlatform::Trying to open the hw design at C:/Users/jasme/Desktop/DFX/Vivado_Project/Hello_World/hw/design_1_wrapper.xsa
TRACE::2024-02-12.20:46:13::SCWPlatform::DSA given C:/Users/jasme/Desktop/DFX/Vivado_Project/Hello_World/hw/design_1_wrapper.xsa
TRACE::2024-02-12.20:46:13::SCWPlatform::DSA absoulate path C:/Users/jasme/Desktop/DFX/Vivado_Project/Hello_World/hw/design_1_wrapper.xsa
TRACE::2024-02-12.20:46:13::SCWPlatform::DSA directory C:/Users/jasme/Desktop/DFX/Vivado_Project/Hello_World/hw
TRACE::2024-02-12.20:46:13::SCWPlatform:: Platform Path C:/Users/jasme/Desktop/DFX/Vivado_Project/Hello_World/hw/design_1_wrapper.xsa
TRACE::2024-02-12.20:46:13::SCWPlatform:: Unique name xilinx:nexys-a7-100t::0.0
TRACE::2024-02-12.20:46:13::SCWPlatform::Trying to set the existing hwdb with name design_1_wrapper_0
TRACE::2024-02-12.20:46:13::SCWPlatform::Opened existing hwdb design_1_wrapper_0
TRACE::2024-02-12.20:46:13::SCWPlatform::Found the Hw Db part of the input DSA
TRACE::2024-02-12.20:46:13::SCWMssOS::Checking the sw design at  C:/Users/jasme/Desktop/DFX/Vivado_Project/Hello_World/microblaze_0/standalone_domain/bsp/system.mss
TRACE::2024-02-12.20:46:13::SCWMssOS::DEBUG:  swdes dump  C:/Users/jasme/Desktop/DFX/Vivado_Project/Hello_World/microblaze_0/standalone_domain/bsp/system.mss|system||

TRACE::2024-02-12.20:46:13::SCWMssOS::Sw design exists and opened at  C:/Users/jasme/Desktop/DFX/Vivado_Project/Hello_World/microblaze_0/standalone_domain/bsp/system.mss
TRACE::2024-02-12.20:46:13::SCWPlatform::Trying to open the hw design at C:/Users/jasme/Desktop/DFX/Vivado_Project/Hello_World/hw/design_1_wrapper.xsa
TRACE::2024-02-12.20:46:13::SCWPlatform::DSA given C:/Users/jasme/Desktop/DFX/Vivado_Project/Hello_World/hw/design_1_wrapper.xsa
TRACE::2024-02-12.20:46:13::SCWPlatform::DSA absoulate path C:/Users/jasme/Desktop/DFX/Vivado_Project/Hello_World/hw/design_1_wrapper.xsa
TRACE::2024-02-12.20:46:13::SCWPlatform::DSA directory C:/Users/jasme/Desktop/DFX/Vivado_Project/Hello_World/hw
TRACE::2024-02-12.20:46:13::SCWPlatform:: Platform Path C:/Users/jasme/Desktop/DFX/Vivado_Project/Hello_World/hw/design_1_wrapper.xsa
TRACE::2024-02-12.20:46:13::SCWPlatform:: Unique name xilinx:nexys-a7-100t::0.0
TRACE::2024-02-12.20:46:13::SCWPlatform::Trying to set the existing hwdb with name design_1_wrapper_0
TRACE::2024-02-12.20:46:13::SCWPlatform::Opened existing hwdb design_1_wrapper_0
TRACE::2024-02-12.20:46:13::SCWPlatform::Found the Hw Db part of the input DSA
TRACE::2024-02-12.20:46:13::SCWMssOS::Checking the sw design at  C:/Users/jasme/Desktop/DFX/Vivado_Project/Hello_World/microblaze_0/standalone_domain/bsp/system.mss
TRACE::2024-02-12.20:46:13::SCWMssOS::DEBUG:  swdes dump  C:/Users/jasme/Desktop/DFX/Vivado_Project/Hello_World/microblaze_0/standalone_domain/bsp/system.mss|system||

TRACE::2024-02-12.20:46:13::SCWMssOS::Sw design exists and opened at  C:/Users/jasme/Desktop/DFX/Vivado_Project/Hello_World/microblaze_0/standalone_domain/bsp/system.mss
TRACE::2024-02-12.20:46:13::SCWWriter::formatted JSON is {
	"platformName":	"Hello_World",
	"sprVersion":	"2.0",
	"mode":	"gui",
	"dsaType":	"Fixed",
	"platformDesc":	"Hello_World",
	"platHandOff":	"C:/Users/jasme/Desktop/DFX/Vivado_Project/DFX_Nexys_A7/design_1_wrapper.xsa",
	"platIntHandOff":	"<platformDir>/hw/design_1_wrapper.xsa",
	"deviceType":	"FPGA",
	"platIsPrebuiltAutogen":	"false",
	"platIsNoBootBsp":	"false",
	"hasFsblMakeHasChanges":	"false",
	"hasPmufwMakeHasChanges":	"false",
	"platPreBuiltFlag":	false,
	"platformSamplesDir":	"",
	"platActiveSys":	"Hello_World",
	"systems":	[{
			"systemName":	"Hello_World",
			"systemDesc":	"Hello_World",
			"sysIsBootAutoGen":	"true",
			"systemDispName":	"Hello_World",
			"sysActiveDom":	"standalone_domain",
			"sysDefaultDom":	"standalone_domain",
			"domains":	[{
					"domainName":	"standalone_domain",
					"domainDispName":	"standalone_domain",
					"domainDesc":	"standalone_domain",
					"processors":	"microblaze_0",
					"os":	"standalone",
					"sdxOs":	"standalone",
					"debugEnable":	"False",
					"domRuntimes":	["cpp"],
					"swRepo":	"",
					"mssOsVer":	"8.1",
					"mssFile":	"",
					"md5Digest":	"320e0d1ae270b9130f42fb45098625ca",
					"compatibleApp":	"",
					"domType":	"mssDomain",
					"arch":	"32-bit",
					"appSettings":	{
						"appCompilerFlags":	"",
						"appLinkerFlags":	""
					},
					"addedLibs":	[],
					"libOptions":	{
						"libsContainingOptions":	[]
					},
					"prebuiltLibs":	{
						"prebuiltIncPath":	[],
						"prebuiltLibPath":	[]
					},
					"isolation":	{
					}
				}]
		}]
}
KEYINFO::2024-02-12.20:46:13::SCWPlatform::updated the xpfm file.
TRACE::2024-02-12.20:46:14::SCWPlatform::Trying to open the hw design at C:/Users/jasme/Desktop/DFX/Vivado_Project/Hello_World/hw/design_1_wrapper.xsa
TRACE::2024-02-12.20:46:14::SCWPlatform::DSA given C:/Users/jasme/Desktop/DFX/Vivado_Project/Hello_World/hw/design_1_wrapper.xsa
TRACE::2024-02-12.20:46:14::SCWPlatform::DSA absoulate path C:/Users/jasme/Desktop/DFX/Vivado_Project/Hello_World/hw/design_1_wrapper.xsa
TRACE::2024-02-12.20:46:14::SCWPlatform::DSA directory C:/Users/jasme/Desktop/DFX/Vivado_Project/Hello_World/hw
TRACE::2024-02-12.20:46:14::SCWPlatform:: Platform Path C:/Users/jasme/Desktop/DFX/Vivado_Project/Hello_World/hw/design_1_wrapper.xsa
TRACE::2024-02-12.20:46:14::SCWPlatform:: Unique name xilinx:nexys-a7-100t::0.0
TRACE::2024-02-12.20:46:14::SCWPlatform::Trying to set the existing hwdb with name design_1_wrapper_0
TRACE::2024-02-12.20:46:14::SCWPlatform::Opened existing hwdb design_1_wrapper_0
TRACE::2024-02-12.20:46:14::SCWPlatform::Found the Hw Db part of the input DSA
TRACE::2024-02-12.20:46:14::SCWMssOS::Checking the sw design at  C:/Users/jasme/Desktop/DFX/Vivado_Project/Hello_World/microblaze_0/standalone_domain/bsp/system.mss
TRACE::2024-02-12.20:46:14::SCWMssOS::DEBUG:  swdes dump  C:/Users/jasme/Desktop/DFX/Vivado_Project/Hello_World/microblaze_0/standalone_domain/bsp/system.mss|system||

TRACE::2024-02-12.20:46:14::SCWMssOS::Sw design exists and opened at  C:/Users/jasme/Desktop/DFX/Vivado_Project/Hello_World/microblaze_0/standalone_domain/bsp/system.mss
TRACE::2024-02-12.20:46:14::SCWMssOS::Saving the mss changes C:/Users/jasme/Desktop/DFX/Vivado_Project/Hello_World/microblaze_0/standalone_domain/bsp/system.mss
TRACE::2024-02-12.20:46:14::SCWMssOS::Found a swdesign opened with the mssfile.
TRACE::2024-02-12.20:46:14::SCWMssOS::Completed writemss as part of save.
TRACE::2024-02-12.20:46:14::SCWMssOS::Commit changes completed.
TRACE::2024-02-12.20:46:14::SCWPlatform::Trying to open the hw design at C:/Users/jasme/Desktop/DFX/Vivado_Project/Hello_World/hw/design_1_wrapper.xsa
TRACE::2024-02-12.20:46:14::SCWPlatform::DSA given C:/Users/jasme/Desktop/DFX/Vivado_Project/Hello_World/hw/design_1_wrapper.xsa
TRACE::2024-02-12.20:46:14::SCWPlatform::DSA absoulate path C:/Users/jasme/Desktop/DFX/Vivado_Project/Hello_World/hw/design_1_wrapper.xsa
TRACE::2024-02-12.20:46:14::SCWPlatform::DSA directory C:/Users/jasme/Desktop/DFX/Vivado_Project/Hello_World/hw
TRACE::2024-02-12.20:46:14::SCWPlatform:: Platform Path C:/Users/jasme/Desktop/DFX/Vivado_Project/Hello_World/hw/design_1_wrapper.xsa
TRACE::2024-02-12.20:46:14::SCWPlatform:: Unique name xilinx:nexys-a7-100t::0.0
TRACE::2024-02-12.20:46:14::SCWPlatform::Trying to set the existing hwdb with name design_1_wrapper_0
TRACE::2024-02-12.20:46:14::SCWPlatform::Opened existing hwdb design_1_wrapper_0
TRACE::2024-02-12.20:46:14::SCWPlatform::Found the Hw Db part of the input DSA
TRACE::2024-02-12.20:46:14::SCWMssOS::Checking the sw design at  C:/Users/jasme/Desktop/DFX/Vivado_Project/Hello_World/microblaze_0/standalone_domain/bsp/system.mss
TRACE::2024-02-12.20:46:14::SCWMssOS::DEBUG:  swdes dump  C:/Users/jasme/Desktop/DFX/Vivado_Project/Hello_World/microblaze_0/standalone_domain/bsp/system.mss|system||

TRACE::2024-02-12.20:46:14::SCWMssOS::Sw design exists and opened at  C:/Users/jasme/Desktop/DFX/Vivado_Project/Hello_World/microblaze_0/standalone_domain/bsp/system.mss
TRACE::2024-02-12.20:46:14::SCWPlatform::Trying to open the hw design at C:/Users/jasme/Desktop/DFX/Vivado_Project/Hello_World/hw/design_1_wrapper.xsa
TRACE::2024-02-12.20:46:14::SCWPlatform::DSA given C:/Users/jasme/Desktop/DFX/Vivado_Project/Hello_World/hw/design_1_wrapper.xsa
TRACE::2024-02-12.20:46:14::SCWPlatform::DSA absoulate path C:/Users/jasme/Desktop/DFX/Vivado_Project/Hello_World/hw/design_1_wrapper.xsa
TRACE::2024-02-12.20:46:14::SCWPlatform::DSA directory C:/Users/jasme/Desktop/DFX/Vivado_Project/Hello_World/hw
TRACE::2024-02-12.20:46:14::SCWPlatform:: Platform Path C:/Users/jasme/Desktop/DFX/Vivado_Project/Hello_World/hw/design_1_wrapper.xsa
TRACE::2024-02-12.20:46:14::SCWPlatform:: Unique name xilinx:nexys-a7-100t::0.0
TRACE::2024-02-12.20:46:14::SCWPlatform::Trying to set the existing hwdb with name design_1_wrapper_0
TRACE::2024-02-12.20:46:14::SCWPlatform::Opened existing hwdb design_1_wrapper_0
TRACE::2024-02-12.20:46:14::SCWPlatform::Found the Hw Db part of the input DSA
TRACE::2024-02-12.20:46:14::SCWMssOS::Checking the sw design at  C:/Users/jasme/Desktop/DFX/Vivado_Project/Hello_World/microblaze_0/standalone_domain/bsp/system.mss
TRACE::2024-02-12.20:46:14::SCWMssOS::DEBUG:  swdes dump  C:/Users/jasme/Desktop/DFX/Vivado_Project/Hello_World/microblaze_0/standalone_domain/bsp/system.mss|system||

TRACE::2024-02-12.20:46:14::SCWMssOS::Sw design exists and opened at  C:/Users/jasme/Desktop/DFX/Vivado_Project/Hello_World/microblaze_0/standalone_domain/bsp/system.mss
TRACE::2024-02-12.20:46:14::SCWPlatform::Trying to open the hw design at C:/Users/jasme/Desktop/DFX/Vivado_Project/Hello_World/hw/design_1_wrapper.xsa
TRACE::2024-02-12.20:46:14::SCWPlatform::DSA given C:/Users/jasme/Desktop/DFX/Vivado_Project/Hello_World/hw/design_1_wrapper.xsa
TRACE::2024-02-12.20:46:14::SCWPlatform::DSA absoulate path C:/Users/jasme/Desktop/DFX/Vivado_Project/Hello_World/hw/design_1_wrapper.xsa
TRACE::2024-02-12.20:46:14::SCWPlatform::DSA directory C:/Users/jasme/Desktop/DFX/Vivado_Project/Hello_World/hw
TRACE::2024-02-12.20:46:14::SCWPlatform:: Platform Path C:/Users/jasme/Desktop/DFX/Vivado_Project/Hello_World/hw/design_1_wrapper.xsa
TRACE::2024-02-12.20:46:14::SCWPlatform:: Unique name xilinx:nexys-a7-100t::0.0
TRACE::2024-02-12.20:46:14::SCWPlatform::Trying to set the existing hwdb with name design_1_wrapper_0
TRACE::2024-02-12.20:46:14::SCWPlatform::Opened existing hwdb design_1_wrapper_0
TRACE::2024-02-12.20:46:14::SCWPlatform::Found the Hw Db part of the input DSA
TRACE::2024-02-12.20:46:14::SCWMssOS::Checking the sw design at  C:/Users/jasme/Desktop/DFX/Vivado_Project/Hello_World/microblaze_0/standalone_domain/bsp/system.mss
TRACE::2024-02-12.20:46:14::SCWMssOS::DEBUG:  swdes dump  C:/Users/jasme/Desktop/DFX/Vivado_Project/Hello_World/microblaze_0/standalone_domain/bsp/system.mss|system||

TRACE::2024-02-12.20:46:14::SCWMssOS::Sw design exists and opened at  C:/Users/jasme/Desktop/DFX/Vivado_Project/Hello_World/microblaze_0/standalone_domain/bsp/system.mss
TRACE::2024-02-12.20:46:14::SCWWriter::formatted JSON is {
	"platformName":	"Hello_World",
	"sprVersion":	"2.0",
	"mode":	"gui",
	"dsaType":	"Fixed",
	"platformDesc":	"Hello_World",
	"platHandOff":	"C:/Users/jasme/Desktop/DFX/Vivado_Project/DFX_Nexys_A7/design_1_wrapper.xsa",
	"platIntHandOff":	"<platformDir>/hw/design_1_wrapper.xsa",
	"deviceType":	"FPGA",
	"platIsPrebuiltAutogen":	"false",
	"platIsNoBootBsp":	"false",
	"hasFsblMakeHasChanges":	"false",
	"hasPmufwMakeHasChanges":	"false",
	"platPreBuiltFlag":	false,
	"platformSamplesDir":	"",
	"platActiveSys":	"Hello_World",
	"systems":	[{
			"systemName":	"Hello_World",
			"systemDesc":	"Hello_World",
			"sysIsBootAutoGen":	"true",
			"systemDispName":	"Hello_World",
			"sysActiveDom":	"standalone_domain",
			"sysDefaultDom":	"standalone_domain",
			"domains":	[{
					"domainName":	"standalone_domain",
					"domainDispName":	"standalone_domain",
					"domainDesc":	"standalone_domain",
					"processors":	"microblaze_0",
					"os":	"standalone",
					"sdxOs":	"standalone",
					"debugEnable":	"False",
					"domRuntimes":	["cpp"],
					"swRepo":	"",
					"mssOsVer":	"8.1",
					"mssFile":	"",
					"md5Digest":	"320e0d1ae270b9130f42fb45098625ca",
					"compatibleApp":	"",
					"domType":	"mssDomain",
					"arch":	"32-bit",
					"appSettings":	{
						"appCompilerFlags":	"",
						"appLinkerFlags":	""
					},
					"addedLibs":	[],
					"libOptions":	{
						"libsContainingOptions":	[]
					},
					"prebuiltLibs":	{
						"prebuiltIncPath":	[],
						"prebuiltLibPath":	[]
					},
					"isolation":	{
					}
				}]
		}]
}
TRACE::2024-02-12.20:46:14::SCWPlatform::Trying to open the hw design at C:/Users/jasme/Desktop/DFX/Vivado_Project/Hello_World/hw/design_1_wrapper.xsa
TRACE::2024-02-12.20:46:14::SCWPlatform::DSA given C:/Users/jasme/Desktop/DFX/Vivado_Project/Hello_World/hw/design_1_wrapper.xsa
TRACE::2024-02-12.20:46:14::SCWPlatform::DSA absoulate path C:/Users/jasme/Desktop/DFX/Vivado_Project/Hello_World/hw/design_1_wrapper.xsa
TRACE::2024-02-12.20:46:14::SCWPlatform::DSA directory C:/Users/jasme/Desktop/DFX/Vivado_Project/Hello_World/hw
TRACE::2024-02-12.20:46:14::SCWPlatform:: Platform Path C:/Users/jasme/Desktop/DFX/Vivado_Project/Hello_World/hw/design_1_wrapper.xsa
TRACE::2024-02-12.20:46:14::SCWPlatform:: Unique name xilinx:nexys-a7-100t::0.0
TRACE::2024-02-12.20:46:14::SCWPlatform::Trying to set the existing hwdb with name design_1_wrapper_0
TRACE::2024-02-12.20:46:14::SCWPlatform::Opened existing hwdb design_1_wrapper_0
TRACE::2024-02-12.20:46:14::SCWPlatform::Found the Hw Db part of the input DSA
TRACE::2024-02-12.20:46:14::SCWMssOS::Checking the sw design at  C:/Users/jasme/Desktop/DFX/Vivado_Project/Hello_World/microblaze_0/standalone_domain/bsp/system.mss
TRACE::2024-02-12.20:46:14::SCWMssOS::DEBUG:  swdes dump  C:/Users/jasme/Desktop/DFX/Vivado_Project/Hello_World/microblaze_0/standalone_domain/bsp/system.mss|system||

TRACE::2024-02-12.20:46:14::SCWMssOS::Sw design exists and opened at  C:/Users/jasme/Desktop/DFX/Vivado_Project/Hello_World/microblaze_0/standalone_domain/bsp/system.mss
TRACE::2024-02-12.20:46:14::SCWPlatform::Trying to open the hw design at C:/Users/jasme/Desktop/DFX/Vivado_Project/Hello_World/hw/design_1_wrapper.xsa
TRACE::2024-02-12.20:46:14::SCWPlatform::DSA given C:/Users/jasme/Desktop/DFX/Vivado_Project/Hello_World/hw/design_1_wrapper.xsa
TRACE::2024-02-12.20:46:14::SCWPlatform::DSA absoulate path C:/Users/jasme/Desktop/DFX/Vivado_Project/Hello_World/hw/design_1_wrapper.xsa
TRACE::2024-02-12.20:46:14::SCWPlatform::DSA directory C:/Users/jasme/Desktop/DFX/Vivado_Project/Hello_World/hw
TRACE::2024-02-12.20:46:14::SCWPlatform:: Platform Path C:/Users/jasme/Desktop/DFX/Vivado_Project/Hello_World/hw/design_1_wrapper.xsa
TRACE::2024-02-12.20:46:14::SCWPlatform:: Unique name xilinx:nexys-a7-100t::0.0
TRACE::2024-02-12.20:46:14::SCWPlatform::Trying to set the existing hwdb with name design_1_wrapper_0
TRACE::2024-02-12.20:46:14::SCWPlatform::Opened existing hwdb design_1_wrapper_0
TRACE::2024-02-12.20:46:14::SCWPlatform::Found the Hw Db part of the input DSA
TRACE::2024-02-12.20:46:14::SCWMssOS::Checking the sw design at  C:/Users/jasme/Desktop/DFX/Vivado_Project/Hello_World/microblaze_0/standalone_domain/bsp/system.mss
TRACE::2024-02-12.20:46:14::SCWMssOS::DEBUG:  swdes dump  C:/Users/jasme/Desktop/DFX/Vivado_Project/Hello_World/microblaze_0/standalone_domain/bsp/system.mss|system||

TRACE::2024-02-12.20:46:14::SCWMssOS::Sw design exists and opened at  C:/Users/jasme/Desktop/DFX/Vivado_Project/Hello_World/microblaze_0/standalone_domain/bsp/system.mss
TRACE::2024-02-12.20:46:14::SCWPlatform::Trying to open the hw design at C:/Users/jasme/Desktop/DFX/Vivado_Project/Hello_World/hw/design_1_wrapper.xsa
TRACE::2024-02-12.20:46:14::SCWPlatform::DSA given C:/Users/jasme/Desktop/DFX/Vivado_Project/Hello_World/hw/design_1_wrapper.xsa
TRACE::2024-02-12.20:46:14::SCWPlatform::DSA absoulate path C:/Users/jasme/Desktop/DFX/Vivado_Project/Hello_World/hw/design_1_wrapper.xsa
TRACE::2024-02-12.20:46:14::SCWPlatform::DSA directory C:/Users/jasme/Desktop/DFX/Vivado_Project/Hello_World/hw
TRACE::2024-02-12.20:46:14::SCWPlatform:: Platform Path C:/Users/jasme/Desktop/DFX/Vivado_Project/Hello_World/hw/design_1_wrapper.xsa
TRACE::2024-02-12.20:46:14::SCWPlatform:: Unique name xilinx:nexys-a7-100t::0.0
TRACE::2024-02-12.20:46:14::SCWPlatform::Trying to set the existing hwdb with name design_1_wrapper_0
TRACE::2024-02-12.20:46:14::SCWPlatform::Opened existing hwdb design_1_wrapper_0
TRACE::2024-02-12.20:46:14::SCWPlatform::Found the Hw Db part of the input DSA
TRACE::2024-02-12.20:46:14::SCWMssOS::Checking the sw design at  C:/Users/jasme/Desktop/DFX/Vivado_Project/Hello_World/microblaze_0/standalone_domain/bsp/system.mss
TRACE::2024-02-12.20:46:14::SCWMssOS::DEBUG:  swdes dump  C:/Users/jasme/Desktop/DFX/Vivado_Project/Hello_World/microblaze_0/standalone_domain/bsp/system.mss|system||

TRACE::2024-02-12.20:46:14::SCWMssOS::Sw design exists and opened at  C:/Users/jasme/Desktop/DFX/Vivado_Project/Hello_World/microblaze_0/standalone_domain/bsp/system.mss
TRACE::2024-02-12.20:46:14::SCWMssOS::Saving the mss changes C:/Users/jasme/Desktop/DFX/Vivado_Project/Hello_World/microblaze_0/standalone_domain/bsp/system.mss
TRACE::2024-02-12.20:46:14::SCWMssOS::Found a swdesign opened with the mssfile.
TRACE::2024-02-12.20:46:14::SCWMssOS::Completed writemss as part of save.
TRACE::2024-02-12.20:46:14::SCWMssOS::Commit changes completed.
TRACE::2024-02-12.20:46:14::SCWPlatform::Trying to open the hw design at C:/Users/jasme/Desktop/DFX/Vivado_Project/Hello_World/hw/design_1_wrapper.xsa
TRACE::2024-02-12.20:46:14::SCWPlatform::DSA given C:/Users/jasme/Desktop/DFX/Vivado_Project/Hello_World/hw/design_1_wrapper.xsa
TRACE::2024-02-12.20:46:14::SCWPlatform::DSA absoulate path C:/Users/jasme/Desktop/DFX/Vivado_Project/Hello_World/hw/design_1_wrapper.xsa
TRACE::2024-02-12.20:46:14::SCWPlatform::DSA directory C:/Users/jasme/Desktop/DFX/Vivado_Project/Hello_World/hw
TRACE::2024-02-12.20:46:14::SCWPlatform:: Platform Path C:/Users/jasme/Desktop/DFX/Vivado_Project/Hello_World/hw/design_1_wrapper.xsa
TRACE::2024-02-12.20:46:14::SCWPlatform:: Unique name xilinx:nexys-a7-100t::0.0
TRACE::2024-02-12.20:46:14::SCWPlatform::Trying to set the existing hwdb with name design_1_wrapper_0
TRACE::2024-02-12.20:46:14::SCWPlatform::Opened existing hwdb design_1_wrapper_0
TRACE::2024-02-12.20:46:14::SCWPlatform::Found the Hw Db part of the input DSA
TRACE::2024-02-12.20:46:14::SCWMssOS::Checking the sw design at  C:/Users/jasme/Desktop/DFX/Vivado_Project/Hello_World/microblaze_0/standalone_domain/bsp/system.mss
TRACE::2024-02-12.20:46:14::SCWMssOS::DEBUG:  swdes dump  C:/Users/jasme/Desktop/DFX/Vivado_Project/Hello_World/microblaze_0/standalone_domain/bsp/system.mss|system||

TRACE::2024-02-12.20:46:14::SCWMssOS::Sw design exists and opened at  C:/Users/jasme/Desktop/DFX/Vivado_Project/Hello_World/microblaze_0/standalone_domain/bsp/system.mss
TRACE::2024-02-12.20:46:14::SCWPlatform::Trying to open the hw design at C:/Users/jasme/Desktop/DFX/Vivado_Project/Hello_World/hw/design_1_wrapper.xsa
TRACE::2024-02-12.20:46:14::SCWPlatform::DSA given C:/Users/jasme/Desktop/DFX/Vivado_Project/Hello_World/hw/design_1_wrapper.xsa
TRACE::2024-02-12.20:46:14::SCWPlatform::DSA absoulate path C:/Users/jasme/Desktop/DFX/Vivado_Project/Hello_World/hw/design_1_wrapper.xsa
TRACE::2024-02-12.20:46:14::SCWPlatform::DSA directory C:/Users/jasme/Desktop/DFX/Vivado_Project/Hello_World/hw
TRACE::2024-02-12.20:46:14::SCWPlatform:: Platform Path C:/Users/jasme/Desktop/DFX/Vivado_Project/Hello_World/hw/design_1_wrapper.xsa
TRACE::2024-02-12.20:46:14::SCWPlatform:: Unique name xilinx:nexys-a7-100t::0.0
TRACE::2024-02-12.20:46:14::SCWPlatform::Trying to set the existing hwdb with name design_1_wrapper_0
TRACE::2024-02-12.20:46:14::SCWPlatform::Opened existing hwdb design_1_wrapper_0
TRACE::2024-02-12.20:46:14::SCWPlatform::Found the Hw Db part of the input DSA
TRACE::2024-02-12.20:46:14::SCWMssOS::Checking the sw design at  C:/Users/jasme/Desktop/DFX/Vivado_Project/Hello_World/microblaze_0/standalone_domain/bsp/system.mss
TRACE::2024-02-12.20:46:14::SCWMssOS::DEBUG:  swdes dump  C:/Users/jasme/Desktop/DFX/Vivado_Project/Hello_World/microblaze_0/standalone_domain/bsp/system.mss|system||

TRACE::2024-02-12.20:46:14::SCWMssOS::Sw design exists and opened at  C:/Users/jasme/Desktop/DFX/Vivado_Project/Hello_World/microblaze_0/standalone_domain/bsp/system.mss
TRACE::2024-02-12.20:46:14::SCWPlatform::Trying to open the hw design at C:/Users/jasme/Desktop/DFX/Vivado_Project/Hello_World/hw/design_1_wrapper.xsa
TRACE::2024-02-12.20:46:14::SCWPlatform::DSA given C:/Users/jasme/Desktop/DFX/Vivado_Project/Hello_World/hw/design_1_wrapper.xsa
TRACE::2024-02-12.20:46:14::SCWPlatform::DSA absoulate path C:/Users/jasme/Desktop/DFX/Vivado_Project/Hello_World/hw/design_1_wrapper.xsa
TRACE::2024-02-12.20:46:14::SCWPlatform::DSA directory C:/Users/jasme/Desktop/DFX/Vivado_Project/Hello_World/hw
TRACE::2024-02-12.20:46:14::SCWPlatform:: Platform Path C:/Users/jasme/Desktop/DFX/Vivado_Project/Hello_World/hw/design_1_wrapper.xsa
TRACE::2024-02-12.20:46:14::SCWPlatform:: Unique name xilinx:nexys-a7-100t::0.0
TRACE::2024-02-12.20:46:14::SCWPlatform::Trying to set the existing hwdb with name design_1_wrapper_0
TRACE::2024-02-12.20:46:14::SCWPlatform::Opened existing hwdb design_1_wrapper_0
TRACE::2024-02-12.20:46:14::SCWPlatform::Found the Hw Db part of the input DSA
TRACE::2024-02-12.20:46:14::SCWMssOS::Checking the sw design at  C:/Users/jasme/Desktop/DFX/Vivado_Project/Hello_World/microblaze_0/standalone_domain/bsp/system.mss
TRACE::2024-02-12.20:46:14::SCWMssOS::DEBUG:  swdes dump  C:/Users/jasme/Desktop/DFX/Vivado_Project/Hello_World/microblaze_0/standalone_domain/bsp/system.mss|system||

TRACE::2024-02-12.20:46:14::SCWMssOS::Sw design exists and opened at  C:/Users/jasme/Desktop/DFX/Vivado_Project/Hello_World/microblaze_0/standalone_domain/bsp/system.mss
TRACE::2024-02-12.20:46:14::SCWWriter::formatted JSON is {
	"platformName":	"Hello_World",
	"sprVersion":	"2.0",
	"mode":	"gui",
	"dsaType":	"Fixed",
	"platformDesc":	"Hello_World",
	"platHandOff":	"C:/Users/jasme/Desktop/DFX/Vivado_Project/DFX_Nexys_A7/design_1_wrapper.xsa",
	"platIntHandOff":	"<platformDir>/hw/design_1_wrapper.xsa",
	"deviceType":	"FPGA",
	"platIsPrebuiltAutogen":	"false",
	"platIsNoBootBsp":	"false",
	"hasFsblMakeHasChanges":	"false",
	"hasPmufwMakeHasChanges":	"false",
	"platPreBuiltFlag":	false,
	"platformSamplesDir":	"",
	"platActiveSys":	"Hello_World",
	"systems":	[{
			"systemName":	"Hello_World",
			"systemDesc":	"Hello_World",
			"sysIsBootAutoGen":	"true",
			"systemDispName":	"Hello_World",
			"sysActiveDom":	"standalone_domain",
			"sysDefaultDom":	"standalone_domain",
			"domains":	[{
					"domainName":	"standalone_domain",
					"domainDispName":	"standalone on microblaze_0",
					"domainDesc":	"standalone_domain",
					"processors":	"microblaze_0",
					"os":	"standalone",
					"sdxOs":	"standalone",
					"debugEnable":	"False",
					"domRuntimes":	["cpp"],
					"swRepo":	"",
					"mssOsVer":	"8.1",
					"mssFile":	"",
					"md5Digest":	"320e0d1ae270b9130f42fb45098625ca",
					"compatibleApp":	"",
					"domType":	"mssDomain",
					"arch":	"32-bit",
					"appSettings":	{
						"appCompilerFlags":	"",
						"appLinkerFlags":	""
					},
					"addedLibs":	[],
					"libOptions":	{
						"libsContainingOptions":	[]
					},
					"prebuiltLibs":	{
						"prebuiltIncPath":	[],
						"prebuiltLibPath":	[]
					},
					"isolation":	{
					}
				}]
		}]
}
TRACE::2024-02-12.20:46:14::SCWMssOS::Saving the mss changes C:/Users/jasme/Desktop/DFX/Vivado_Project/Hello_World/microblaze_0/standalone_domain/bsp/system.mss
TRACE::2024-02-12.20:46:14::SCWMssOS::Found a swdesign opened with the mssfile.
TRACE::2024-02-12.20:46:14::SCWMssOS::Completed writemss as part of save.
TRACE::2024-02-12.20:46:14::SCWMssOS::Commit changes completed.
TRACE::2024-02-12.20:46:14::SCWPlatform::Trying to open the hw design at C:/Users/jasme/Desktop/DFX/Vivado_Project/Hello_World/hw/design_1_wrapper.xsa
TRACE::2024-02-12.20:46:14::SCWPlatform::DSA given C:/Users/jasme/Desktop/DFX/Vivado_Project/Hello_World/hw/design_1_wrapper.xsa
TRACE::2024-02-12.20:46:14::SCWPlatform::DSA absoulate path C:/Users/jasme/Desktop/DFX/Vivado_Project/Hello_World/hw/design_1_wrapper.xsa
TRACE::2024-02-12.20:46:14::SCWPlatform::DSA directory C:/Users/jasme/Desktop/DFX/Vivado_Project/Hello_World/hw
TRACE::2024-02-12.20:46:14::SCWPlatform:: Platform Path C:/Users/jasme/Desktop/DFX/Vivado_Project/Hello_World/hw/design_1_wrapper.xsa
TRACE::2024-02-12.20:46:14::SCWPlatform:: Unique name xilinx:nexys-a7-100t::0.0
TRACE::2024-02-12.20:46:14::SCWPlatform::Trying to set the existing hwdb with name design_1_wrapper_0
TRACE::2024-02-12.20:46:14::SCWPlatform::Opened existing hwdb design_1_wrapper_0
TRACE::2024-02-12.20:46:14::SCWPlatform::Found the Hw Db part of the input DSA
TRACE::2024-02-12.20:46:14::SCWMssOS::Checking the sw design at  C:/Users/jasme/Desktop/DFX/Vivado_Project/Hello_World/microblaze_0/standalone_domain/bsp/system.mss
TRACE::2024-02-12.20:46:14::SCWMssOS::DEBUG:  swdes dump  C:/Users/jasme/Desktop/DFX/Vivado_Project/Hello_World/microblaze_0/standalone_domain/bsp/system.mss|system||

TRACE::2024-02-12.20:46:14::SCWMssOS::Sw design exists and opened at  C:/Users/jasme/Desktop/DFX/Vivado_Project/Hello_World/microblaze_0/standalone_domain/bsp/system.mss
TRACE::2024-02-12.20:46:14::SCWPlatform::Trying to open the hw design at C:/Users/jasme/Desktop/DFX/Vivado_Project/Hello_World/hw/design_1_wrapper.xsa
TRACE::2024-02-12.20:46:14::SCWPlatform::DSA given C:/Users/jasme/Desktop/DFX/Vivado_Project/Hello_World/hw/design_1_wrapper.xsa
TRACE::2024-02-12.20:46:14::SCWPlatform::DSA absoulate path C:/Users/jasme/Desktop/DFX/Vivado_Project/Hello_World/hw/design_1_wrapper.xsa
TRACE::2024-02-12.20:46:14::SCWPlatform::DSA directory C:/Users/jasme/Desktop/DFX/Vivado_Project/Hello_World/hw
TRACE::2024-02-12.20:46:14::SCWPlatform:: Platform Path C:/Users/jasme/Desktop/DFX/Vivado_Project/Hello_World/hw/design_1_wrapper.xsa
TRACE::2024-02-12.20:46:14::SCWPlatform:: Unique name xilinx:nexys-a7-100t::0.0
TRACE::2024-02-12.20:46:14::SCWPlatform::Trying to set the existing hwdb with name design_1_wrapper_0
TRACE::2024-02-12.20:46:14::SCWPlatform::Opened existing hwdb design_1_wrapper_0
TRACE::2024-02-12.20:46:14::SCWPlatform::Found the Hw Db part of the input DSA
TRACE::2024-02-12.20:46:14::SCWMssOS::Checking the sw design at  C:/Users/jasme/Desktop/DFX/Vivado_Project/Hello_World/microblaze_0/standalone_domain/bsp/system.mss
TRACE::2024-02-12.20:46:14::SCWMssOS::DEBUG:  swdes dump  C:/Users/jasme/Desktop/DFX/Vivado_Project/Hello_World/microblaze_0/standalone_domain/bsp/system.mss|system||

TRACE::2024-02-12.20:46:14::SCWMssOS::Sw design exists and opened at  C:/Users/jasme/Desktop/DFX/Vivado_Project/Hello_World/microblaze_0/standalone_domain/bsp/system.mss
TRACE::2024-02-12.20:46:14::SCWPlatform::Trying to open the hw design at C:/Users/jasme/Desktop/DFX/Vivado_Project/Hello_World/hw/design_1_wrapper.xsa
TRACE::2024-02-12.20:46:14::SCWPlatform::DSA given C:/Users/jasme/Desktop/DFX/Vivado_Project/Hello_World/hw/design_1_wrapper.xsa
TRACE::2024-02-12.20:46:14::SCWPlatform::DSA absoulate path C:/Users/jasme/Desktop/DFX/Vivado_Project/Hello_World/hw/design_1_wrapper.xsa
TRACE::2024-02-12.20:46:14::SCWPlatform::DSA directory C:/Users/jasme/Desktop/DFX/Vivado_Project/Hello_World/hw
TRACE::2024-02-12.20:46:14::SCWPlatform:: Platform Path C:/Users/jasme/Desktop/DFX/Vivado_Project/Hello_World/hw/design_1_wrapper.xsa
TRACE::2024-02-12.20:46:14::SCWPlatform:: Unique name xilinx:nexys-a7-100t::0.0
TRACE::2024-02-12.20:46:14::SCWPlatform::Trying to set the existing hwdb with name design_1_wrapper_0
TRACE::2024-02-12.20:46:14::SCWPlatform::Opened existing hwdb design_1_wrapper_0
TRACE::2024-02-12.20:46:14::SCWPlatform::Found the Hw Db part of the input DSA
TRACE::2024-02-12.20:46:14::SCWMssOS::Checking the sw design at  C:/Users/jasme/Desktop/DFX/Vivado_Project/Hello_World/microblaze_0/standalone_domain/bsp/system.mss
TRACE::2024-02-12.20:46:14::SCWMssOS::DEBUG:  swdes dump  C:/Users/jasme/Desktop/DFX/Vivado_Project/Hello_World/microblaze_0/standalone_domain/bsp/system.mss|system||

TRACE::2024-02-12.20:46:14::SCWMssOS::Sw design exists and opened at  C:/Users/jasme/Desktop/DFX/Vivado_Project/Hello_World/microblaze_0/standalone_domain/bsp/system.mss
TRACE::2024-02-12.20:46:14::SCWWriter::formatted JSON is {
	"platformName":	"Hello_World",
	"sprVersion":	"2.0",
	"mode":	"gui",
	"dsaType":	"Fixed",
	"platformDesc":	"Hello_World",
	"platHandOff":	"C:/Users/jasme/Desktop/DFX/Vivado_Project/DFX_Nexys_A7/design_1_wrapper.xsa",
	"platIntHandOff":	"<platformDir>/hw/design_1_wrapper.xsa",
	"deviceType":	"FPGA",
	"platIsPrebuiltAutogen":	"false",
	"platIsNoBootBsp":	"false",
	"hasFsblMakeHasChanges":	"false",
	"hasPmufwMakeHasChanges":	"false",
	"platPreBuiltFlag":	false,
	"platformSamplesDir":	"",
	"platActiveSys":	"Hello_World",
	"systems":	[{
			"systemName":	"Hello_World",
			"systemDesc":	"Hello_World",
			"sysIsBootAutoGen":	"true",
			"systemDispName":	"Hello_World",
			"sysActiveDom":	"standalone_domain",
			"sysDefaultDom":	"standalone_domain",
			"domains":	[{
					"domainName":	"standalone_domain",
					"domainDispName":	"standalone on microblaze_0",
					"domainDesc":	"standalone_domain",
					"processors":	"microblaze_0",
					"os":	"standalone",
					"sdxOs":	"standalone",
					"debugEnable":	"False",
					"domRuntimes":	["cpp"],
					"swRepo":	"",
					"mssOsVer":	"8.1",
					"mssFile":	"",
					"md5Digest":	"320e0d1ae270b9130f42fb45098625ca",
					"compatibleApp":	"",
					"domType":	"mssDomain",
					"arch":	"32-bit",
					"appSettings":	{
						"appCompilerFlags":	"",
						"appLinkerFlags":	""
					},
					"addedLibs":	[],
					"libOptions":	{
						"libsContainingOptions":	[]
					},
					"prebuiltLibs":	{
						"prebuiltIncPath":	[],
						"prebuiltLibPath":	[]
					},
					"isolation":	{
					}
				}]
		}]
}
TRACE::2024-02-12.20:46:14::SCWPlatform::Clearing the existing platform
TRACE::2024-02-12.20:46:14::SCWSystem::Clearing the existing sysconfig
TRACE::2024-02-12.20:46:14::SCWMssOS::Removing the swdes entry for  C:/Users/jasme/Desktop/DFX/Vivado_Project/Hello_World/microblaze_0/standalone_domain/bsp/system.mss
TRACE::2024-02-12.20:46:14::SCWSystem::Clearing the domains completed.
TRACE::2024-02-12.20:46:14::SCWPlatform::Clearing the opened hw db.
TRACE::2024-02-12.20:46:14::SCWPlatform::DSA given C:/Users/jasme/Desktop/DFX/Vivado_Project/Hello_World/hw/design_1_wrapper.xsa
TRACE::2024-02-12.20:46:14::SCWPlatform::DSA absoulate path C:/Users/jasme/Desktop/DFX/Vivado_Project/Hello_World/hw/design_1_wrapper.xsa
TRACE::2024-02-12.20:46:14::SCWPlatform:: Platform location is C:/Users/jasme/Desktop/DFX/Vivado_Project/Hello_World/hw
TRACE::2024-02-12.20:46:14::SCWPlatform:: Platform Path C:/Users/jasme/Desktop/DFX/Vivado_Project/Hello_World/hw/design_1_wrapper.xsa
TRACE::2024-02-12.20:46:14::SCWPlatform:: Unique name xilinx:nexys-a7-100t::0.0
TRACE::2024-02-12.20:46:14::SCWPlatform::Removing the HwDB with name C:/Users/jasme/Desktop/DFX/Vivado_Project/Hello_World/hw/design_1_wrapper.xsa
TRACE::2024-02-12.20:46:14::SCWPlatform::Trying to open the hw design at C:/Users/jasme/Desktop/DFX/Vivado_Project/Hello_World/hw/design_1_wrapper.xsa
TRACE::2024-02-12.20:46:14::SCWPlatform::DSA given C:/Users/jasme/Desktop/DFX/Vivado_Project/Hello_World/hw/design_1_wrapper.xsa
TRACE::2024-02-12.20:46:14::SCWPlatform::DSA absoulate path C:/Users/jasme/Desktop/DFX/Vivado_Project/Hello_World/hw/design_1_wrapper.xsa
TRACE::2024-02-12.20:46:14::SCWPlatform::DSA directory C:/Users/jasme/Desktop/DFX/Vivado_Project/Hello_World/hw
TRACE::2024-02-12.20:46:14::SCWPlatform:: Platform Path C:/Users/jasme/Desktop/DFX/Vivado_Project/Hello_World/hw/design_1_wrapper.xsa
TRACE::2024-02-12.20:46:14::SCWPlatform:: Unique name xilinx:nexys-a7-100t::0.0
TRACE::2024-02-12.20:46:14::SCWPlatform::Do not have an existing db opened. 
TRACE::2024-02-12.20:46:14::SCWPlatform::Opened new HwDB with name design_1_wrapper_1
TRACE::2024-02-12.20:46:14::SCWReader::Active system found as  Hello_World
TRACE::2024-02-12.20:46:14::SCWReader::Handling sysconfig Hello_World
TRACE::2024-02-12.20:46:14::SCWDomain::checking for install qemu data   : 
TRACE::2024-02-12.20:46:14::SCWPlatform::Trying to open the hw design at C:/Users/jasme/Desktop/DFX/Vivado_Project/Hello_World/hw/design_1_wrapper.xsa
TRACE::2024-02-12.20:46:14::SCWPlatform::DSA given C:/Users/jasme/Desktop/DFX/Vivado_Project/Hello_World/hw/design_1_wrapper.xsa
TRACE::2024-02-12.20:46:14::SCWPlatform::DSA absoulate path C:/Users/jasme/Desktop/DFX/Vivado_Project/Hello_World/hw/design_1_wrapper.xsa
TRACE::2024-02-12.20:46:14::SCWPlatform::DSA directory C:/Users/jasme/Desktop/DFX/Vivado_Project/Hello_World/hw
TRACE::2024-02-12.20:46:14::SCWPlatform:: Platform Path C:/Users/jasme/Desktop/DFX/Vivado_Project/Hello_World/hw/design_1_wrapper.xsa
TRACE::2024-02-12.20:46:14::SCWPlatform:: Unique name xilinx:nexys-a7-100t::0.0
TRACE::2024-02-12.20:46:14::SCWPlatform::Trying to set the existing hwdb with name design_1_wrapper_1
TRACE::2024-02-12.20:46:14::SCWPlatform::Opened existing hwdb design_1_wrapper_1
TRACE::2024-02-12.20:46:14::SCWPlatform::Found the Hw Db part of the input DSA
TRACE::2024-02-12.20:46:14::SCWPlatform::Trying to open the hw design at C:/Users/jasme/Desktop/DFX/Vivado_Project/Hello_World/hw/design_1_wrapper.xsa
TRACE::2024-02-12.20:46:14::SCWPlatform::DSA given C:/Users/jasme/Desktop/DFX/Vivado_Project/Hello_World/hw/design_1_wrapper.xsa
TRACE::2024-02-12.20:46:14::SCWPlatform::DSA absoulate path C:/Users/jasme/Desktop/DFX/Vivado_Project/Hello_World/hw/design_1_wrapper.xsa
TRACE::2024-02-12.20:46:14::SCWPlatform::DSA directory C:/Users/jasme/Desktop/DFX/Vivado_Project/Hello_World/hw
TRACE::2024-02-12.20:46:14::SCWPlatform:: Platform Path C:/Users/jasme/Desktop/DFX/Vivado_Project/Hello_World/hw/design_1_wrapper.xsa
TRACE::2024-02-12.20:46:14::SCWPlatform:: Unique name xilinx:nexys-a7-100t::0.0
TRACE::2024-02-12.20:46:14::SCWPlatform::Trying to set the existing hwdb with name design_1_wrapper_1
TRACE::2024-02-12.20:46:14::SCWPlatform::Opened existing hwdb design_1_wrapper_1
TRACE::2024-02-12.20:46:14::SCWPlatform::Found the Hw Db part of the input DSA
TRACE::2024-02-12.20:46:14::SCWPlatform::Trying to open the hw design at C:/Users/jasme/Desktop/DFX/Vivado_Project/Hello_World/hw/design_1_wrapper.xsa
TRACE::2024-02-12.20:46:14::SCWPlatform::DSA given C:/Users/jasme/Desktop/DFX/Vivado_Project/Hello_World/hw/design_1_wrapper.xsa
TRACE::2024-02-12.20:46:14::SCWPlatform::DSA absoulate path C:/Users/jasme/Desktop/DFX/Vivado_Project/Hello_World/hw/design_1_wrapper.xsa
TRACE::2024-02-12.20:46:14::SCWPlatform::DSA directory C:/Users/jasme/Desktop/DFX/Vivado_Project/Hello_World/hw
TRACE::2024-02-12.20:46:14::SCWPlatform:: Platform Path C:/Users/jasme/Desktop/DFX/Vivado_Project/Hello_World/hw/design_1_wrapper.xsa
TRACE::2024-02-12.20:46:14::SCWPlatform:: Unique name xilinx:nexys-a7-100t::0.0
TRACE::2024-02-12.20:46:14::SCWPlatform::Trying to set the existing hwdb with name design_1_wrapper_1
TRACE::2024-02-12.20:46:14::SCWPlatform::Opened existing hwdb design_1_wrapper_1
TRACE::2024-02-12.20:46:14::SCWPlatform::Found the Hw Db part of the input DSA
TRACE::2024-02-12.20:46:14::SCWPlatform::Trying to open the hw design at C:/Users/jasme/Desktop/DFX/Vivado_Project/Hello_World/hw/design_1_wrapper.xsa
TRACE::2024-02-12.20:46:14::SCWPlatform::DSA given C:/Users/jasme/Desktop/DFX/Vivado_Project/Hello_World/hw/design_1_wrapper.xsa
TRACE::2024-02-12.20:46:14::SCWPlatform::DSA absoulate path C:/Users/jasme/Desktop/DFX/Vivado_Project/Hello_World/hw/design_1_wrapper.xsa
TRACE::2024-02-12.20:46:14::SCWPlatform::DSA directory C:/Users/jasme/Desktop/DFX/Vivado_Project/Hello_World/hw
TRACE::2024-02-12.20:46:14::SCWPlatform:: Platform Path C:/Users/jasme/Desktop/DFX/Vivado_Project/Hello_World/hw/design_1_wrapper.xsa
TRACE::2024-02-12.20:46:14::SCWPlatform:: Unique name xilinx:nexys-a7-100t::0.0
TRACE::2024-02-12.20:46:14::SCWPlatform::Trying to set the existing hwdb with name design_1_wrapper_1
TRACE::2024-02-12.20:46:14::SCWPlatform::Opened existing hwdb design_1_wrapper_1
TRACE::2024-02-12.20:46:14::SCWPlatform::Found the Hw Db part of the input DSA
TRACE::2024-02-12.20:46:14::SCWMssOS::Checking the sw design at  C:/Users/jasme/Desktop/DFX/Vivado_Project/Hello_World/microblaze_0/standalone_domain/bsp/system.mss
TRACE::2024-02-12.20:46:14::SCWMssOS::DEBUG:  swdes dump  
TRACE::2024-02-12.20:46:14::SCWMssOS::No sw design opened at  C:/Users/jasme/Desktop/DFX/Vivado_Project/Hello_World/microblaze_0/standalone_domain/bsp/system.mss
TRACE::2024-02-12.20:46:14::SCWMssOS::mss exists loading the mss file  C:/Users/jasme/Desktop/DFX/Vivado_Project/Hello_World/microblaze_0/standalone_domain/bsp/system.mss
TRACE::2024-02-12.20:46:14::SCWMssOS::Opened the sw design from mss  C:/Users/jasme/Desktop/DFX/Vivado_Project/Hello_World/microblaze_0/standalone_domain/bsp/system.mss
TRACE::2024-02-12.20:46:14::SCWMssOS::Adding the swdes entry C:/Users/jasme/Desktop/DFX/Vivado_Project/Hello_World/microblaze_0/standalone_domain/bsp/system.mss with des name system
TRACE::2024-02-12.20:46:14::SCWMssOS::updating the scw layer about changes
TRACE::2024-02-12.20:46:14::SCWMssOS::Opened the sw design.  C:/Users/jasme/Desktop/DFX/Vivado_Project/Hello_World/microblaze_0/standalone_domain/bsp/system.mss
TRACE::2024-02-12.20:46:14::SCWMssOS::Saving the mss changes C:/Users/jasme/Desktop/DFX/Vivado_Project/Hello_World/microblaze_0/standalone_domain/bsp/system.mss
TRACE::2024-02-12.20:46:14::SCWMssOS::Found a swdesign opened with the mssfile.
TRACE::2024-02-12.20:46:14::SCWMssOS::Completed writemss as part of save.
TRACE::2024-02-12.20:46:14::SCWMssOS::Commit changes completed.
TRACE::2024-02-12.20:46:14::SCWReader::Adding prebuilt librarypaths as   
TRACE::2024-02-12.20:46:14::SCWReader::Adding prebuilt incpaths  as   
TRACE::2024-02-12.20:46:14::SCWPlatform::Trying to open the hw design at C:/Users/jasme/Desktop/DFX/Vivado_Project/Hello_World/hw/design_1_wrapper.xsa
TRACE::2024-02-12.20:46:14::SCWPlatform::DSA given C:/Users/jasme/Desktop/DFX/Vivado_Project/Hello_World/hw/design_1_wrapper.xsa
TRACE::2024-02-12.20:46:14::SCWPlatform::DSA absoulate path C:/Users/jasme/Desktop/DFX/Vivado_Project/Hello_World/hw/design_1_wrapper.xsa
TRACE::2024-02-12.20:46:14::SCWPlatform::DSA directory C:/Users/jasme/Desktop/DFX/Vivado_Project/Hello_World/hw
TRACE::2024-02-12.20:46:14::SCWPlatform:: Platform Path C:/Users/jasme/Desktop/DFX/Vivado_Project/Hello_World/hw/design_1_wrapper.xsa
TRACE::2024-02-12.20:46:14::SCWPlatform:: Unique name xilinx:nexys-a7-100t::0.0
TRACE::2024-02-12.20:46:14::SCWPlatform::Trying to set the existing hwdb with name design_1_wrapper_1
TRACE::2024-02-12.20:46:14::SCWPlatform::Opened existing hwdb design_1_wrapper_1
TRACE::2024-02-12.20:46:14::SCWPlatform::Found the Hw Db part of the input DSA
TRACE::2024-02-12.20:46:14::SCWMssOS::Checking the sw design at  C:/Users/jasme/Desktop/DFX/Vivado_Project/Hello_World/microblaze_0/standalone_domain/bsp/system.mss
TRACE::2024-02-12.20:46:14::SCWMssOS::DEBUG:  swdes dump  C:/Users/jasme/Desktop/DFX/Vivado_Project/Hello_World/microblaze_0/standalone_domain/bsp/system.mss|system||

TRACE::2024-02-12.20:46:14::SCWMssOS::Sw design exists and opened at  C:/Users/jasme/Desktop/DFX/Vivado_Project/Hello_World/microblaze_0/standalone_domain/bsp/system.mss
TRACE::2024-02-12.20:46:14::SCWReader::No isolation master present  
LOG::2024-02-12.20:46:56::SCWPlatform::Started generating the artifacts platform Hello_World
TRACE::2024-02-12.20:46:56::SCWPlatform::Sanity checking of platform is completed
LOG::2024-02-12.20:46:56::SCWPlatform::Started generating the artifacts for system configuration Hello_World
LOG::2024-02-12.20:46:56::SCWSystem::Checking the domain standalone_domain
LOG::2024-02-12.20:46:56::SCWSystem::Not a boot domain 
LOG::2024-02-12.20:46:56::SCWSystem::Started Processing the domain standalone_domain
TRACE::2024-02-12.20:46:56::SCWDomain::Generating domain artifcats
TRACE::2024-02-12.20:46:56::SCWMssOS::Generating standalone artifcats
TRACE::2024-02-12.20:46:56::SCWMssOS:: Copying the user libraries. 
TRACE::2024-02-12.20:46:56::SCWPlatform::Trying to open the hw design at C:/Users/jasme/Desktop/DFX/Vivado_Project/Hello_World/hw/design_1_wrapper.xsa
TRACE::2024-02-12.20:46:56::SCWPlatform::DSA given C:/Users/jasme/Desktop/DFX/Vivado_Project/Hello_World/hw/design_1_wrapper.xsa
TRACE::2024-02-12.20:46:56::SCWPlatform::DSA absoulate path C:/Users/jasme/Desktop/DFX/Vivado_Project/Hello_World/hw/design_1_wrapper.xsa
TRACE::2024-02-12.20:46:56::SCWPlatform::DSA directory C:/Users/jasme/Desktop/DFX/Vivado_Project/Hello_World/hw
TRACE::2024-02-12.20:46:56::SCWPlatform:: Platform Path C:/Users/jasme/Desktop/DFX/Vivado_Project/Hello_World/hw/design_1_wrapper.xsa
TRACE::2024-02-12.20:46:56::SCWPlatform:: Unique name xilinx:nexys-a7-100t::0.0
TRACE::2024-02-12.20:46:56::SCWPlatform::Trying to set the existing hwdb with name design_1_wrapper_1
TRACE::2024-02-12.20:46:56::SCWPlatform::Opened existing hwdb design_1_wrapper_1
TRACE::2024-02-12.20:46:56::SCWPlatform::Found the Hw Db part of the input DSA
TRACE::2024-02-12.20:46:56::SCWMssOS::Checking the sw design at  C:/Users/jasme/Desktop/DFX/Vivado_Project/Hello_World/microblaze_0/standalone_domain/bsp/system.mss
TRACE::2024-02-12.20:46:56::SCWMssOS::DEBUG:  swdes dump  C:/Users/jasme/Desktop/DFX/Vivado_Project/Hello_World/microblaze_0/standalone_domain/bsp/system.mss|system||

TRACE::2024-02-12.20:46:56::SCWMssOS::Sw design exists and opened at  C:/Users/jasme/Desktop/DFX/Vivado_Project/Hello_World/microblaze_0/standalone_domain/bsp/system.mss
TRACE::2024-02-12.20:46:56::SCWMssOS::Completed writing the mss file at C:/Users/jasme/Desktop/DFX/Vivado_Project/Hello_World/microblaze_0/standalone_domain/bsp
TRACE::2024-02-12.20:46:56::SCWMssOS::Mss edits present, copying mssfile into export location C:/Users/jasme/Desktop/DFX/Vivado_Project/Hello_World/microblaze_0/standalone_domain/bsp/system.mss
TRACE::2024-02-12.20:46:56::SCWMssOS::bsp generated is upto date with the mss file. Skipping bsp generation.
TRACE::2024-02-12.20:46:56::SCWMssOS::BSP is already built. skipping the bsp build ... 
TRACE::2024-02-12.20:46:56::SCWDomain::Building the domain as part of full build :  standalone_domain
TRACE::2024-02-12.20:46:56::SCWMssOS::doing bsp build ... 
TRACE::2024-02-12.20:46:56::SCWMssOS::System Command Ran  C: & cd  C:/Users/jasme/Desktop/DFX/Vivado_Project/Hello_World/microblaze_0/standalone_domain/bsp & make 
TRACE::2024-02-12.20:46:56::SCWMssOS::make --no-print-directory seq_libs

TRACE::2024-02-12.20:46:56::SCWMssOS::'Finished building libraries sequentially.'

TRACE::2024-02-12.20:46:56::SCWMssOS::make -j 10 --no-print-directory par_libs

TRACE::2024-02-12.20:46:57::SCWMssOS::"Running Make include in microblaze_0/libsrc/bram_v4_8/src"

TRACE::2024-02-12.20:46:57::SCWMssOS::make -C microblaze_0/libsrc/bram_v4_8/src -s include  "SHELL=CMD" "COMPILER=mb-gcc" "ASSEMBLER=mb-as" "ARCHIVER=mb-ar" "COMPILE
TRACE::2024-02-12.20:46:57::SCWMssOS::R_FLAGS=  -O2 -c -mcpu=v11.0 -mlittle-endian -mxl-soft-mul" "EXTRA_COMPILER_FLAGS=-g -ffunction-sections -fdata-sections -Wall 
TRACE::2024-02-12.20:46:57::SCWMssOS::-Wextra -fno-tree-loop-distribute-patterns"

TRACE::2024-02-12.20:46:57::SCWMssOS::"Running Make include in microblaze_0/libsrc/cpu_v2_17/src"

TRACE::2024-02-12.20:46:57::SCWMssOS::make -C microblaze_0/libsrc/cpu_v2_17/src -s include  "SHELL=CMD" "COMPILER=mb-gcc" "ASSEMBLER=mb-as" "ARCHIVER=mb-ar" "COMPILE
TRACE::2024-02-12.20:46:57::SCWMssOS::R_FLAGS=  -O2 -c -mcpu=v11.0 -mlittle-endian -mxl-soft-mul" "EXTRA_COMPILER_FLAGS=-g -ffunction-sections -fdata-sections -Wall 
TRACE::2024-02-12.20:46:57::SCWMssOS::-Wextra -fno-tree-loop-distribute-patterns"

TRACE::2024-02-12.20:46:57::SCWMssOS::"Running Make include in microblaze_0/libsrc/gpio_v4_9/src"

TRACE::2024-02-12.20:46:57::SCWMssOS::make -C microblaze_0/libsrc/gpio_v4_9/src -s include  "SHELL=CMD" "COMPILER=mb-gcc" "ASSEMBLER=mb-as" "ARCHIVER=mb-ar" "COMPILE
TRACE::2024-02-12.20:46:57::SCWMssOS::R_FLAGS=  -O2 -c -mcpu=v11.0 -mlittle-endian -mxl-soft-mul" "EXTRA_COMPILER_FLAGS=-g -ffunction-sections -fdata-sections -Wall 
TRACE::2024-02-12.20:46:57::SCWMssOS::-Wextra -fno-tree-loop-distribute-patterns"

TRACE::2024-02-12.20:46:57::SCWMssOS::"Running Make include in microblaze_0/libsrc/intc_v3_16/src"

TRACE::2024-02-12.20:46:57::SCWMssOS::make -C microblaze_0/libsrc/intc_v3_16/src -s include  "SHELL=CMD" "COMPILER=mb-gcc" "ASSEMBLER=mb-as" "ARCHIVER=mb-ar" "COMPIL
TRACE::2024-02-12.20:46:57::SCWMssOS::ER_FLAGS=  -O2 -c -mcpu=v11.0 -mlittle-endian -mxl-soft-mul" "EXTRA_COMPILER_FLAGS=-g -ffunction-sections -fdata-sections -Wall
TRACE::2024-02-12.20:46:57::SCWMssOS:: -Wextra -fno-tree-loop-distribute-patterns"

TRACE::2024-02-12.20:46:57::SCWMssOS::"Running Make include in microblaze_0/libsrc/standalone_v8_1/src"

TRACE::2024-02-12.20:46:57::SCWMssOS::make -C microblaze_0/libsrc/standalone_v8_1/src -s include  "SHELL=CMD" "COMPILER=mb-gcc" "ASSEMBLER=mb-as" "ARCHIVER=mb-ar" "C
TRACE::2024-02-12.20:46:57::SCWMssOS::OMPILER_FLAGS=  -O2 -c -mcpu=v11.0 -mlittle-endian -mxl-soft-mul" "EXTRA_COMPILER_FLAGS=-g -ffunction-sections -fdata-sections 
TRACE::2024-02-12.20:46:57::SCWMssOS::-Wall -Wextra -fno-tree-loop-distribute-patterns"

TRACE::2024-02-12.20:46:57::SCWMssOS::"Running Make include in microblaze_0/libsrc/uartlite_v3_8/src"

TRACE::2024-02-12.20:46:57::SCWMssOS::make -C microblaze_0/libsrc/uartlite_v3_8/src -s include  "SHELL=CMD" "COMPILER=mb-gcc" "ASSEMBLER=mb-as" "ARCHIVER=mb-ar" "COM
TRACE::2024-02-12.20:46:57::SCWMssOS::PILER_FLAGS=  -O2 -c -mcpu=v11.0 -mlittle-endian -mxl-soft-mul" "EXTRA_COMPILER_FLAGS=-g -ffunction-sections -fdata-sections -W
TRACE::2024-02-12.20:46:57::SCWMssOS::all -Wextra -fno-tree-loop-distribute-patterns"

TRACE::2024-02-12.20:46:57::SCWMssOS::"Running Make libs in microblaze_0/libsrc/bram_v4_8/src"

TRACE::2024-02-12.20:46:57::SCWMssOS::"Running Make libs in microblaze_0/libsrc/cpu_v2_17/src"

TRACE::2024-02-12.20:46:57::SCWMssOS::make -C microblaze_0/libsrc/bram_v4_8/src -s libs  "SHELL=CMD" "COMPILER=mb-gcc" "ASSEMBLER=mb-as" "ARCHIVER=mb-ar" "COMPILER_F
TRACE::2024-02-12.20:46:57::SCWMssOS::LAGS=  -O2 -c -mcpu=v11.0 -mlittle-endian -mxl-soft-mul" "EXTRA_COMPILER_FLAGS=-g -ffunction-sections -fdata-sections -Wall -We
TRACE::2024-02-12.20:46:57::SCWMssOS::xtra -fno-tree-loop-distribute-patterns"

TRACE::2024-02-12.20:46:57::SCWMssOS::make -C microblaze_0/libsrc/cpu_v2_17/src -s libs  "SHELL=CMD" "COMPILER=mb-gcc" "ASSEMBLER=mb-as" "ARCHIVER=mb-ar" "COMPILER_F
TRACE::2024-02-12.20:46:57::SCWMssOS::LAGS=  -O2 -c -mcpu=v11.0 -mlittle-endian -mxl-soft-mul" "EXTRA_COMPILER_FLAGS=-g -ffunction-sections -fdata-sections -Wall -We
TRACE::2024-02-12.20:46:57::SCWMssOS::xtra -fno-tree-loop-distribute-patterns"

TRACE::2024-02-12.20:46:57::SCWMssOS::"Running Make libs in microblaze_0/libsrc/gpio_v4_9/src"

TRACE::2024-02-12.20:46:57::SCWMssOS::make -C microblaze_0/libsrc/gpio_v4_9/src -s libs  "SHELL=CMD" "COMPILER=mb-gcc" "ASSEMBLER=mb-as" "ARCHIVER=mb-ar" "COMPILER_F
TRACE::2024-02-12.20:46:57::SCWMssOS::LAGS=  -O2 -c -mcpu=v11.0 -mlittle-endian -mxl-soft-mul" "EXTRA_COMPILER_FLAGS=-g -ffunction-sections -fdata-sections -Wall -We
TRACE::2024-02-12.20:46:57::SCWMssOS::xtra -fno-tree-loop-distribute-patterns"

TRACE::2024-02-12.20:46:57::SCWMssOS::"Running Make libs in microblaze_0/libsrc/intc_v3_16/src"

TRACE::2024-02-12.20:46:57::SCWMssOS::make -C microblaze_0/libsrc/intc_v3_16/src -s libs  "SHELL=CMD" "COMPILER=mb-gcc" "ASSEMBLER=mb-as" "ARCHIVER=mb-ar" "COMPILER_
TRACE::2024-02-12.20:46:57::SCWMssOS::FLAGS=  -O2 -c -mcpu=v11.0 -mlittle-endian -mxl-soft-mul" "EXTRA_COMPILER_FLAGS=-g -ffunction-sections -fdata-sections -Wall -W
TRACE::2024-02-12.20:46:57::SCWMssOS::extra -fno-tree-loop-distribute-patterns"

TRACE::2024-02-12.20:46:57::SCWMssOS::"Running Make libs in microblaze_0/libsrc/standalone_v8_1/src"

TRACE::2024-02-12.20:46:57::SCWMssOS::make -C microblaze_0/libsrc/standalone_v8_1/src -s libs  "SHELL=CMD" "COMPILER=mb-gcc" "ASSEMBLER=mb-as" "ARCHIVER=mb-ar" "COMP
TRACE::2024-02-12.20:46:57::SCWMssOS::ILER_FLAGS=  -O2 -c -mcpu=v11.0 -mlittle-endian -mxl-soft-mul" "EXTRA_COMPILER_FLAGS=-g -ffunction-sections -fdata-sections -Wa
TRACE::2024-02-12.20:46:57::SCWMssOS::ll -Wextra -fno-tree-loop-distribute-patterns"

TRACE::2024-02-12.20:46:57::SCWMssOS::"Running Make libs in microblaze_0/libsrc/uartlite_v3_8/src"

TRACE::2024-02-12.20:46:57::SCWMssOS::make -C microblaze_0/libsrc/uartlite_v3_8/src -s libs  "SHELL=CMD" "COMPILER=mb-gcc" "ASSEMBLER=mb-as" "ARCHIVER=mb-ar" "COMPIL
TRACE::2024-02-12.20:46:57::SCWMssOS::ER_FLAGS=  -O2 -c -mcpu=v11.0 -mlittle-endian -mxl-soft-mul" "EXTRA_COMPILER_FLAGS=-g -ffunction-sections -fdata-sections -Wall
TRACE::2024-02-12.20:46:57::SCWMssOS:: -Wextra -fno-tree-loop-distribute-patterns"

TRACE::2024-02-12.20:46:58::SCWMssOS::"DEBUG NON_LTO_OBJECTS is ../../../lib/microblaze_interrupt_handler.o"

TRACE::2024-02-12.20:46:58::SCWMssOS::'Finished building libraries parallelly.'

TRACE::2024-02-12.20:46:58::SCWMssOS::make --no-print-directory archive

TRACE::2024-02-12.20:46:58::SCWMssOS::mb-ar -r  microblaze_0/lib/libxil.a microblaze_0/lib/_exit.o microblaze_0/lib/errno.o microblaze_0/lib/fcntl.o microblaze_0/lib
TRACE::2024-02-12.20:46:58::SCWMssOS::/hw_exception_handler.o microblaze_0/lib/inbyte.o microblaze_0/lib/microblaze_disable_dcache.o microblaze_0/lib/microblaze_disa
TRACE::2024-02-12.20:46:58::SCWMssOS::ble_exceptions.o microblaze_0/lib/microblaze_disable_icache.o microblaze_0/lib/microblaze_disable_interrupts.o microblaze_0/lib
TRACE::2024-02-12.20:46:58::SCWMssOS::/microblaze_enable_dcache.o microblaze_0/lib/microblaze_enable_exceptions.o microblaze_0/lib/microblaze_enable_icache.o microbl
TRACE::2024-02-12.20:46:58::SCWMssOS::aze_0/lib/microblaze_enable_interrupts.o microblaze_0/lib/microblaze_exception_handler.o microblaze_0/lib/microblaze_flush_cach
TRACE::2024-02-12.20:46:58::SCWMssOS::e_ext.o microblaze_0/lib/microblaze_flush_cache_ext_range.o microblaze_0/lib/microblaze_flush_dcache.o microblaze_0/lib/microbl
TRACE::2024-02-12.20:46:58::SCWMssOS::aze_flush_dcache_range.o microblaze_0/lib/microblaze_init_dcache_range.o microblaze_0/lib/microblaze_init_icache_range.o microb
TRACE::2024-02-12.20:46:58::SCWMssOS::laze_0/lib/microblaze_interrupt_handler.o microblaze_0/lib/microblaze_interrupts_g.o microblaze_0/lib/microblaze_invalidate_cac
TRACE::2024-02-12.20:46:58::SCWMssOS::he_ext.o microblaze_0/lib/microblaze_invalidate_cache_ext_range.o microblaze_0/lib/microblaze_invalidate_dcache.o microblaze_0/
TRACE::2024-02-12.20:46:58::SCWMssOS::lib/microblaze_invalidate_dcache_range.o microblaze_0/lib/microblaze_invalidate_icache.o microblaze_0/lib/microblaze_invalidate
TRACE::2024-02-12.20:46:58::SCWMssOS::_icache_range.o microblaze_0/lib/microblaze_scrub.o microblaze_0/lib/microblaze_selftest.o microblaze_0/lib/microblaze_sleep.o 
TRACE::2024-02-12.20:46:58::SCWMssOS::microblaze_0/lib/microblaze_update_dcache.o microblaze_0/lib/microblaze_update_icache.o microblaze_0/lib/outbyte.o microblaze_0
TRACE::2024-02-12.20:46:58::SCWMssOS::/lib/print.o microblaze_0/lib/pvr.o microblaze_0/lib/xbram.o microblaze_0/lib/xbram_g.o microblaze_0/lib/xbram_intr.o microblaz
TRACE::2024-02-12.20:46:58::SCWMssOS::e_0/lib/xbram_selftest.o microblaze_0/lib/xbram_sinit.o microblaze_0/lib/xgpio.o microblaze_0/lib/xgpio_extra.o microblaze_0/li
TRACE::2024-02-12.20:46:58::SCWMssOS::b/xgpio_g.o microblaze_0/lib/xgpio_intr.o microblaze_0/lib/xgpio_selftest.o microblaze_0/lib/xgpio_sinit.o microblaze_0/lib/xil
TRACE::2024-02-12.20:46:58::SCWMssOS::_assert.o microblaze_0/lib/xil_cache.o microblaze_0/lib/xil_clocking.o microblaze_0/lib/xil_exception.o microblaze_0/lib/xil_me
TRACE::2024-02-12.20:46:58::SCWMssOS::m.o microblaze_0/lib/xil_misc_psreset_api.o microblaze_0/lib/xil_printf.o microblaze_0/lib/xil_sleepcommon.o microblaze_0/lib/x
TRACE::2024-02-12.20:46:58::SCWMssOS::il_testcache.o microblaze_0/lib/xil_testio.o microblaze_0/lib/xil_testmem.o microblaze_0/lib/xil_util.o microblaze_0/lib/xintc.
TRACE::2024-02-12.20:46:58::SCWMssOS::o microblaze_0/lib/xintc_g.o microblaze_0/lib/xintc_intr.o microblaze_0/lib/xintc_l.o microblaze_0/lib/xintc_options.o microbla
TRACE::2024-02-12.20:46:58::SCWMssOS::ze_0/lib/xintc_selftest.o microblaze_0/lib/xinterrupt_wrap.o microblaze_0/lib/xio.o microblaze_0/lib/xplatform_info.o microblaz
TRACE::2024-02-12.20:46:58::SCWMssOS::e_0/lib/xuartlite.o microblaze_0/lib/xuartlite_g.o microblaze_0/lib/xuartlite_intr.o microblaze_0/lib/xuartlite_l.o microblaze_
TRACE::2024-02-12.20:46:58::SCWMssOS::0/lib/xuartlite_selftest.o microblaze_0/lib/xuartlite_sinit.o microblaze_0/lib/xuartlite_stats.o

TRACE::2024-02-12.20:46:58::SCWMssOS::'Finished building libraries'

TRACE::2024-02-12.20:46:59::SCWMssOS::Copying to export directory.
TRACE::2024-02-12.20:46:59::SCWMssOS:: Checking if to create the Supporting Applications
TRACE::2024-02-12.20:46:59::SCWMssOS:: No Linux domain exists, trying to generate FSBL 
LOG::2024-02-12.20:46:59::SCWSystem::Completed Processing the domain standalone_domain
LOG::2024-02-12.20:46:59::SCWSystem::Completed Processing the sysconfig Hello_World
LOG::2024-02-12.20:46:59::SCWPlatform::Completed generating the artifacts for system configuration Hello_World
TRACE::2024-02-12.20:46:59::SCWPlatform::Started preparing the platform 
TRACE::2024-02-12.20:46:59::SCWSystem::Writing the bif file for system config Hello_World
TRACE::2024-02-12.20:46:59::SCWSystem::dir created 
TRACE::2024-02-12.20:46:59::SCWSystem::Writing the bif 
TRACE::2024-02-12.20:46:59::SCWPlatform::Started writing the spfm file 
TRACE::2024-02-12.20:46:59::SCWPlatform::Started writing the xpfm file 
TRACE::2024-02-12.20:46:59::SCWPlatform::Completed generating the platform
TRACE::2024-02-12.20:46:59::SCWMssOS::Saving the mss changes C:/Users/jasme/Desktop/DFX/Vivado_Project/Hello_World/microblaze_0/standalone_domain/bsp/system.mss
TRACE::2024-02-12.20:46:59::SCWMssOS::Found a swdesign opened with the mssfile.
TRACE::2024-02-12.20:46:59::SCWMssOS::Completed writemss as part of save.
TRACE::2024-02-12.20:46:59::SCWMssOS::Commit changes completed.
TRACE::2024-02-12.20:46:59::SCWPlatform::Trying to open the hw design at C:/Users/jasme/Desktop/DFX/Vivado_Project/Hello_World/hw/design_1_wrapper.xsa
TRACE::2024-02-12.20:46:59::SCWPlatform::DSA given C:/Users/jasme/Desktop/DFX/Vivado_Project/Hello_World/hw/design_1_wrapper.xsa
TRACE::2024-02-12.20:46:59::SCWPlatform::DSA absoulate path C:/Users/jasme/Desktop/DFX/Vivado_Project/Hello_World/hw/design_1_wrapper.xsa
TRACE::2024-02-12.20:46:59::SCWPlatform::DSA directory C:/Users/jasme/Desktop/DFX/Vivado_Project/Hello_World/hw
TRACE::2024-02-12.20:46:59::SCWPlatform:: Platform Path C:/Users/jasme/Desktop/DFX/Vivado_Project/Hello_World/hw/design_1_wrapper.xsa
TRACE::2024-02-12.20:46:59::SCWPlatform:: Unique name xilinx:nexys-a7-100t::0.0
TRACE::2024-02-12.20:46:59::SCWPlatform::Trying to set the existing hwdb with name design_1_wrapper_1
TRACE::2024-02-12.20:46:59::SCWPlatform::Opened existing hwdb design_1_wrapper_1
TRACE::2024-02-12.20:46:59::SCWPlatform::Found the Hw Db part of the input DSA
TRACE::2024-02-12.20:46:59::SCWMssOS::Checking the sw design at  C:/Users/jasme/Desktop/DFX/Vivado_Project/Hello_World/microblaze_0/standalone_domain/bsp/system.mss
TRACE::2024-02-12.20:46:59::SCWMssOS::DEBUG:  swdes dump  C:/Users/jasme/Desktop/DFX/Vivado_Project/Hello_World/microblaze_0/standalone_domain/bsp/system.mss|system||

TRACE::2024-02-12.20:46:59::SCWMssOS::Sw design exists and opened at  C:/Users/jasme/Desktop/DFX/Vivado_Project/Hello_World/microblaze_0/standalone_domain/bsp/system.mss
TRACE::2024-02-12.20:46:59::SCWWriter::formatted JSON is {
	"platformName":	"Hello_World",
	"sprVersion":	"2.0",
	"mode":	"gui",
	"dsaType":	"Fixed",
	"platformDesc":	"Hello_World",
	"platHandOff":	"C:/Users/jasme/Desktop/DFX/Vivado_Project/DFX_Nexys_A7/design_1_wrapper.xsa",
	"platIntHandOff":	"<platformDir>/hw/design_1_wrapper.xsa",
	"deviceType":	"FPGA",
	"platIsPrebuiltAutogen":	"false",
	"platIsNoBootBsp":	"false",
	"hasFsblMakeHasChanges":	"false",
	"hasPmufwMakeHasChanges":	"false",
	"platPreBuiltFlag":	false,
	"platformSamplesDir":	"",
	"platActiveSys":	"Hello_World",
	"systems":	[{
			"systemName":	"Hello_World",
			"systemDesc":	"Hello_World",
			"sysIsBootAutoGen":	"true",
			"systemDispName":	"Hello_World",
			"sysActiveDom":	"standalone_domain",
			"sysDefaultDom":	"standalone_domain",
			"domains":	[{
					"domainName":	"standalone_domain",
					"domainDispName":	"standalone on microblaze_0",
					"domainDesc":	"standalone_domain",
					"processors":	"microblaze_0",
					"os":	"standalone",
					"sdxOs":	"standalone",
					"debugEnable":	"False",
					"domRuntimes":	["cpp"],
					"swRepo":	"",
					"mssOsVer":	"8.1",
					"mssFile":	"",
					"md5Digest":	"320e0d1ae270b9130f42fb45098625ca",
					"compatibleApp":	"",
					"domType":	"mssDomain",
					"arch":	"32-bit",
					"appSettings":	{
						"appCompilerFlags":	"",
						"appLinkerFlags":	""
					},
					"addedLibs":	[],
					"libOptions":	{
						"libsContainingOptions":	[]
					},
					"prebuiltLibs":	{
						"prebuiltIncPath":	[],
						"prebuiltLibPath":	[]
					},
					"isolation":	{
					}
				}]
		}]
}
KEYINFO::2024-02-12.20:46:59::SCWPlatform::updated the xpfm file.
TRACE::2024-02-12.20:46:59::SCWPlatform::Trying to open the hw design at C:/Users/jasme/Desktop/DFX/Vivado_Project/Hello_World/hw/design_1_wrapper.xsa
TRACE::2024-02-12.20:46:59::SCWPlatform::DSA given C:/Users/jasme/Desktop/DFX/Vivado_Project/Hello_World/hw/design_1_wrapper.xsa
TRACE::2024-02-12.20:46:59::SCWPlatform::DSA absoulate path C:/Users/jasme/Desktop/DFX/Vivado_Project/Hello_World/hw/design_1_wrapper.xsa
TRACE::2024-02-12.20:46:59::SCWPlatform::DSA directory C:/Users/jasme/Desktop/DFX/Vivado_Project/Hello_World/hw
TRACE::2024-02-12.20:46:59::SCWPlatform:: Platform Path C:/Users/jasme/Desktop/DFX/Vivado_Project/Hello_World/hw/design_1_wrapper.xsa
TRACE::2024-02-12.20:46:59::SCWPlatform:: Unique name xilinx:nexys-a7-100t::0.0
TRACE::2024-02-12.20:46:59::SCWPlatform::Trying to set the existing hwdb with name design_1_wrapper_1
TRACE::2024-02-12.20:46:59::SCWPlatform::Opened existing hwdb design_1_wrapper_1
TRACE::2024-02-12.20:46:59::SCWPlatform::Found the Hw Db part of the input DSA
TRACE::2024-02-12.20:46:59::SCWMssOS::Checking the sw design at  C:/Users/jasme/Desktop/DFX/Vivado_Project/Hello_World/microblaze_0/standalone_domain/bsp/system.mss
TRACE::2024-02-12.20:46:59::SCWMssOS::DEBUG:  swdes dump  C:/Users/jasme/Desktop/DFX/Vivado_Project/Hello_World/microblaze_0/standalone_domain/bsp/system.mss|system||

TRACE::2024-02-12.20:46:59::SCWMssOS::Sw design exists and opened at  C:/Users/jasme/Desktop/DFX/Vivado_Project/Hello_World/microblaze_0/standalone_domain/bsp/system.mss
