Copyright 1986-2022 Xilinx, Inc. All Rights Reserved. Copyright 2022-2023 Advanced Micro Devices, Inc. All Rights Reserved.
---------------------------------------------------------------------------------------------------------------------------------------------
| Tool Version : Vivado v.2023.1 (win64) Build 3865809 Sun May  7 15:05:29 MDT 2023
| Date         : Wed Apr  3 01:26:04 2024
| Host         : Jasmeet running 64-bit major release  (build 9200)
| Command      : upgrade_ip
| Device       : xc7a100tcsg324-1
---------------------------------------------------------------------------------------------------------------------------------------------

Upgrade Log for IP 'design_1_Led_AXI_AttemptInfi_0_1'

1. Summary
----------

SUCCESS in the update of design_1_Led_AXI_AttemptInfi_0_1 (xilinx.com:user:Led_AXI_AttemptInfi:1.0 (Rev. 2)) to current project options.






Copyright 1986-2022 Xilinx, Inc. All Rights Reserved. Copyright 2022-2023 Advanced Micro Devices, Inc. All Rights Reserved.
---------------------------------------------------------------------------------------------------------------------------------------------
| Tool Version : Vivado v.2023.1 (win64) Build 3865809 Sun May  7 15:05:29 MDT 2023
| Date         : Wed Apr  3 01:25:20 2024
| Host         : Jasmeet running 64-bit major release  (build 9200)
| Command      : upgrade_ip
| Device       : xc7a100tcsg324-1
---------------------------------------------------------------------------------------------------------------------------------------------

Upgrade Log for IP 'design_1_Led_AXI_AttemptInfi_0_1'

1. Summary
----------

SUCCESS in the update of design_1_Led_AXI_AttemptInfi_0_1 (xilinx.com:user:Led_AXI_AttemptInfi:1.0 (Rev. 2)) to current project options.

