#-----------------------------------------------------------
# Vivado v2023.1 (64-bit)
# SW Build 3865809 on Sun May  7 15:05:29 MDT 2023
# IP Build 3864474 on Sun May  7 20:36:21 MDT 2023
# SharedData Build 3865790 on Sun May 07 13:33:03 MDT 2023
# Start of session at: Wed Apr  3 01:06:50 2024
# Process ID: 17360
# Current directory: C:/Users/jasme/Desktop/DFX/Vivado_Project/DFX_Controller
# Command line: vivado.exe -gui_launcher_event rodinguilauncherevent16680 C:\Users\jasme\Desktop\DFX\Vivado_Project\DFX_Controller\DFX_Controller.xpr
# Log file: C:/Users/jasme/Desktop/DFX/Vivado_Project/DFX_Controller/vivado.log
# Journal file: C:/Users/jasme/Desktop/DFX/Vivado_Project/DFX_Controller\vivado.jou
# Running On: Jasmeet, OS: Windows, CPU Frequency: 2592 MHz, CPU Physical cores: 6, Host memory: 16990 MB
#-----------------------------------------------------------
start_gui
open_project C:/Users/jasme/Desktop/DFX/Vivado_Project/DFX_Controller/DFX_Controller.xpr
WARNING: [Board 49-26] cannot add Board Part xilinx.com:kcu105:part0:1.6 available at D:/Xilinx/Vivado/2023.1/data/xhub/boards/XilinxBoardStore/boards/Xilinx/kcu105/1.6/board.xml as part xcku040-ffva1156-2-e specified in board_part file is either invalid or not available
WARNING: [Board 49-26] cannot add Board Part xilinx.com:kcu105:part0:1.7 available at D:/Xilinx/Vivado/2023.1/data/xhub/boards/XilinxBoardStore/boards/Xilinx/kcu105/1.7/board.xml as part xcku040-ffva1156-2-e specified in board_part file is either invalid or not available
WARNING: [Board 49-26] cannot add Board Part xilinx.com:kcu116:part0:1.4 available at D:/Xilinx/Vivado/2023.1/data/xhub/boards/XilinxBoardStore/boards/Xilinx/kcu116/1.4/board.xml as part xcku5p-ffvb676-2-e specified in board_part file is either invalid or not available
WARNING: [Board 49-26] cannot add Board Part xilinx.com:kcu116:part0:1.5 available at D:/Xilinx/Vivado/2023.1/data/xhub/boards/XilinxBoardStore/boards/Xilinx/kcu116/1.5/board.xml as part xcku5p-ffvb676-2-e specified in board_part file is either invalid or not available
WARNING: [Board 49-26] cannot add Board Part xilinx.com:kcu1500:part0:1.2 available at D:/Xilinx/Vivado/2023.1/data/xhub/boards/XilinxBoardStore/boards/Xilinx/kcu1500/1.2/board.xml as part xcku115-flvb2104-2-e specified in board_part file is either invalid or not available
WARNING: [Board 49-26] cannot add Board Part xilinx.com:vck190:part0:2.2 available at D:/Xilinx/Vivado/2023.1/data/xhub/boards/XilinxBoardStore/boards/Xilinx/vck190/production/2.2/board.xml as part xcvc1902-vsva2197-2mp-e-s specified in board_part file is either invalid or not available
WARNING: [Board 49-26] cannot add Board Part xilinx.com:vck190:part0:3.0 available at D:/Xilinx/Vivado/2023.1/data/xhub/boards/XilinxBoardStore/boards/Xilinx/vck190/production/3.0/board.xml as part xcvc1902-vsva2197-2mp-e-s specified in board_part file is either invalid or not available
WARNING: [Board 49-26] cannot add Board Part xilinx.com:vck190:part0:3.1 available at D:/Xilinx/Vivado/2023.1/data/xhub/boards/XilinxBoardStore/boards/Xilinx/vck190/production/3.1/board.xml as part xcvc1902-vsva2197-2mp-e-s specified in board_part file is either invalid or not available
WARNING: [Board 49-26] cannot add Board Part xilinx.com:vck190:part0:3.2 available at D:/Xilinx/Vivado/2023.1/data/xhub/boards/XilinxBoardStore/boards/Xilinx/vck190/production/3.2/board.xml as part xcvc1902-vsva2197-2mp-e-s specified in board_part file is either invalid or not available
WARNING: [Board 49-26] cannot add Board Part xilinx.com:vck190_newl:part0:1.0 available at D:/Xilinx/Vivado/2023.1/data/xhub/boards/XilinxBoardStore/boards/Xilinx/vck190_newl/production/1.0/board.xml as part xcvc1902-vsva2197-2mp-e-s specified in board_part file is either invalid or not available
WARNING: [Board 49-26] cannot add Board Part xilinx.com:vck190_newl:part0:1.1 available at D:/Xilinx/Vivado/2023.1/data/xhub/boards/XilinxBoardStore/boards/Xilinx/vck190_newl/production/1.1/board.xml as part xcvc1902-vsva2197-2mp-e-s specified in board_part file is either invalid or not available
WARNING: [Board 49-26] cannot add Board Part xilinx.com:vcu108:part0:1.6 available at D:/Xilinx/Vivado/2023.1/data/xhub/boards/XilinxBoardStore/boards/Xilinx/vcu108/1.6/board.xml as part xcvu095-ffva2104-2-e specified in board_part file is either invalid or not available
WARNING: [Board 49-26] cannot add Board Part xilinx.com:vcu108:part0:1.7 available at D:/Xilinx/Vivado/2023.1/data/xhub/boards/XilinxBoardStore/boards/Xilinx/vcu108/1.7/board.xml as part xcvu095-ffva2104-2-e specified in board_part file is either invalid or not available
WARNING: [Board 49-26] cannot add Board Part xilinx.com:vcu110:part0:1.4 available at D:/Xilinx/Vivado/2023.1/data/xhub/boards/XilinxBoardStore/boards/Xilinx/vcu110/1.4/board.xml as part xcvu190-flgc2104-2-e specified in board_part file is either invalid or not available
WARNING: [Board 49-26] cannot add Board Part xilinx.com:vcu118:part0:2.0 available at D:/Xilinx/Vivado/2023.1/data/xhub/boards/XilinxBoardStore/boards/Xilinx/vcu118/2.0/board.xml as part xcvu9p-flga2104-2l-e specified in board_part file is either invalid or not available
WARNING: [Board 49-26] cannot add Board Part xilinx.com:vcu118:part0:2.3 available at D:/Xilinx/Vivado/2023.1/data/xhub/boards/XilinxBoardStore/boards/Xilinx/vcu118/2.3/board.xml as part xcvu9p-flga2104-2l-e specified in board_part file is either invalid or not available
WARNING: [Board 49-26] cannot add Board Part xilinx.com:vcu118:part0:2.4 available at D:/Xilinx/Vivado/2023.1/data/xhub/boards/XilinxBoardStore/boards/Xilinx/vcu118/2.4/board.xml as part xcvu9p-flga2104-2l-e specified in board_part file is either invalid or not available
WARNING: [Board 49-26] cannot add Board Part xilinx.com:vcu128:part0:1.0 available at D:/Xilinx/Vivado/2023.1/data/xhub/boards/XilinxBoardStore/boards/Xilinx/vcu128/production/1.0/board.xml as part xcvu37p-fsvh2892-2l-e specified in board_part file is either invalid or not available
WARNING: [Board 49-26] cannot add Board Part xilinx.com:vcu129:part0:1.0 available at D:/Xilinx/Vivado/2023.1/data/xhub/boards/XilinxBoardStore/boards/Xilinx/vcu129/production/1.0/board.xml as part xcvu29p-fsga2577-2l-e specified in board_part file is either invalid or not available
WARNING: [Board 49-26] cannot add Board Part xilinx.com:vcu1525:part0:1.3 available at D:/Xilinx/Vivado/2023.1/data/xhub/boards/XilinxBoardStore/boards/Xilinx/vcu1525/1.3/board.xml as part xcvu9p-fsgd2104-2l-e specified in board_part file is either invalid or not available
WARNING: [Board 49-26] cannot add Board Part xilinx.com:vek280_es:part0:1.0 available at D:/Xilinx/Vivado/2023.1/data/xhub/boards/XilinxBoardStore/boards/Xilinx/vek280/es/rev_a/1.0/board.xml as part xcve2802-vsvh1760-2lp-e-s-es1 specified in board_part file is either invalid or not available
WARNING: [Board 49-26] cannot add Board Part xilinx.com:vek280_es:part0:1.1 available at D:/Xilinx/Vivado/2023.1/data/xhub/boards/XilinxBoardStore/boards/Xilinx/vek280/es/rev_a/1.1/board.xml as part xcve2802-vsvh1760-2lp-e-s-es1 specified in board_part file is either invalid or not available
WARNING: [Board 49-26] cannot add Board Part xilinx.com:vek280_es_revb:part0:1.0 available at D:/Xilinx/Vivado/2023.1/data/xhub/boards/XilinxBoardStore/boards/Xilinx/vek280/es/rev_b/1.0/board.xml as part xcve2802-vsvh1760-2mp-e-s-es1 specified in board_part file is either invalid or not available
WARNING: [Board 49-26] cannot add Board Part xilinx.com:vek280_es_revb:part0:1.1 available at D:/Xilinx/Vivado/2023.1/data/xhub/boards/XilinxBoardStore/boards/Xilinx/vek280/es/rev_b/1.1/board.xml as part xcve2802-vsvh1760-2mp-e-s-es1 specified in board_part file is either invalid or not available
WARNING: [Board 49-26] cannot add Board Part xilinx.com:vermeo_t1_rfsoc:part0:1.0 available at D:/Xilinx/Vivado/2023.1/data/xhub/boards/XilinxBoardStore/boards/Xilinx/vermeo_t1_rfsoc/1.0/board.xml as part xczu21dr-ffvd1156-2l-e specified in board_part file is either invalid or not available
WARNING: [Board 49-26] cannot add Board Part xilinx.com:vhk158:part0:1.0 available at D:/Xilinx/Vivado/2023.1/data/xhub/boards/XilinxBoardStore/boards/Xilinx/vhk158/production/1.0/board.xml as part xcvh1582-vsva3697-2mp-e-s specified in board_part file is either invalid or not available
WARNING: [Board 49-26] cannot add Board Part xilinx.com:vhk158_es:part0:1.0 available at D:/Xilinx/Vivado/2023.1/data/xhub/boards/XilinxBoardStore/boards/Xilinx/vhk158/es/1.0/board.xml as part xcvh1582-vsva3697-2mp-e-s-es1 specified in board_part file is either invalid or not available
WARNING: [Board 49-26] cannot add Board Part xilinx.com:vhk158_es:part0:1.1 available at D:/Xilinx/Vivado/2023.1/data/xhub/boards/XilinxBoardStore/boards/Xilinx/vhk158/es/1.1/board.xml as part xcvh1582-vsva3697-2mp-e-s-es1 specified in board_part file is either invalid or not available
WARNING: [Board 49-26] cannot add Board Part xilinx.com:vmk180:part0:2.2 available at D:/Xilinx/Vivado/2023.1/data/xhub/boards/XilinxBoardStore/boards/Xilinx/vmk180/production/2.2/board.xml as part xcvm1802-vsva2197-2mp-e-s specified in board_part file is either invalid or not available
WARNING: [Board 49-26] cannot add Board Part xilinx.com:vmk180:part0:3.0 available at D:/Xilinx/Vivado/2023.1/data/xhub/boards/XilinxBoardStore/boards/Xilinx/vmk180/production/3.0/board.xml as part xcvm1802-vsva2197-2mp-e-s specified in board_part file is either invalid or not available
WARNING: [Board 49-26] cannot add Board Part xilinx.com:vmk180:part0:3.1 available at D:/Xilinx/Vivado/2023.1/data/xhub/boards/XilinxBoardStore/boards/Xilinx/vmk180/production/3.1/board.xml as part xcvm1802-vsva2197-2mp-e-s specified in board_part file is either invalid or not available
WARNING: [Board 49-26] cannot add Board Part xilinx.com:vmk180:part0:3.2 available at D:/Xilinx/Vivado/2023.1/data/xhub/boards/XilinxBoardStore/boards/Xilinx/vmk180/production/3.2/board.xml as part xcvm1802-vsva2197-2mp-e-s specified in board_part file is either invalid or not available
WARNING: [Board 49-26] cannot add Board Part xilinx.com:vmk180_newl:part0:1.0 available at D:/Xilinx/Vivado/2023.1/data/xhub/boards/XilinxBoardStore/boards/Xilinx/vmk180_newl/production/1.0/board.xml as part xcvm1802-vsva2197-2mp-e-s specified in board_part file is either invalid or not available
WARNING: [Board 49-26] cannot add Board Part xilinx.com:vmk180_newl:part0:1.1 available at D:/Xilinx/Vivado/2023.1/data/xhub/boards/XilinxBoardStore/boards/Xilinx/vmk180_newl/production/1.1/board.xml as part xcvm1802-vsva2197-2mp-e-s specified in board_part file is either invalid or not available
WARNING: [Board 49-26] cannot add Board Part xilinx.com:vpk120:part0:1.0 available at D:/Xilinx/Vivado/2023.1/data/xhub/boards/XilinxBoardStore/boards/Xilinx/vpk120/production/1.0/board.xml as part xcvp1202-vsva2785-2mp-e-s specified in board_part file is either invalid or not available
WARNING: [Board 49-26] cannot add Board Part xilinx.com:vpk120:part0:1.1 available at D:/Xilinx/Vivado/2023.1/data/xhub/boards/XilinxBoardStore/boards/Xilinx/vpk120/production/1.1/board.xml as part xcvp1202-vsva2785-2mp-e-s specified in board_part file is either invalid or not available
WARNING: [Board 49-26] cannot add Board Part xilinx.com:vpk120_es:part0:1.2 available at D:/Xilinx/Vivado/2023.1/data/xhub/boards/XilinxBoardStore/boards/Xilinx/vpk120/es/1.2/board.xml as part xcvp1202-vsva2785-2mp-e-s-es1 specified in board_part file is either invalid or not available
WARNING: [Board 49-26] cannot add Board Part xilinx.com:vpk120_es:part0:1.3 available at D:/Xilinx/Vivado/2023.1/data/xhub/boards/XilinxBoardStore/boards/Xilinx/vpk120/es/1.3/board.xml as part xcvp1202-vsva2785-2mp-e-s-es1 specified in board_part file is either invalid or not available
WARNING: [Board 49-26] cannot add Board Part xilinx.com:vpk120_es_revb:part0:1.0 available at D:/Xilinx/Vivado/2023.1/data/xhub/boards/XilinxBoardStore/boards/Xilinx/vpk120_revb/es/1.0/board.xml as part xcvp1202-vsva2785-2mp-e-s-es1 specified in board_part file is either invalid or not available
WARNING: [Board 49-26] cannot add Board Part xilinx.com:vpk120_es_revb:part0:1.1 available at D:/Xilinx/Vivado/2023.1/data/xhub/boards/XilinxBoardStore/boards/Xilinx/vpk120_revb/es/1.1/board.xml as part xcvp1202-vsva2785-2mp-e-s-es1 specified in board_part file is either invalid or not available
WARNING: [Board 49-26] cannot add Board Part xilinx.com:vpk180:part0:1.0 available at D:/Xilinx/Vivado/2023.1/data/xhub/boards/XilinxBoardStore/boards/Xilinx/vpk180/production/1.0/board.xml as part xcvp1802-lsvc4072-2mp-e-s specified in board_part file is either invalid or not available
WARNING: [Board 49-26] cannot add Board Part xilinx.com:vpk180:part0:1.1 available at D:/Xilinx/Vivado/2023.1/data/xhub/boards/XilinxBoardStore/boards/Xilinx/vpk180/production/1.1/board.xml as part xcvp1802-lsvc4072-2mp-e-s specified in board_part file is either invalid or not available
WARNING: [Board 49-26] cannot add Board Part xilinx.com:vpk180_es:part0:1.0 available at D:/Xilinx/Vivado/2023.1/data/xhub/boards/XilinxBoardStore/boards/Xilinx/vpk180/es/1.0/board.xml as part xcvp1802-lsvc4072-2mp-e-s-es1 specified in board_part file is either invalid or not available
WARNING: [Board 49-26] cannot add Board Part xilinx.com:vpk180_es:part0:1.1 available at D:/Xilinx/Vivado/2023.1/data/xhub/boards/XilinxBoardStore/boards/Xilinx/vpk180/es/1.1/board.xml as part xcvp1802-lsvc4072-2mp-e-s-es1 specified in board_part file is either invalid or not available
WARNING: [Board 49-26] cannot add Board Part xilinx.com:zc702:part0:1.4 available at D:/Xilinx/Vivado/2023.1/data/xhub/boards/XilinxBoardStore/boards/Xilinx/zc702/1.4/board.xml as part xc7z020clg484-1 specified in board_part file is either invalid or not available
WARNING: [Board 49-26] cannot add Board Part xilinx.com:zc706:part0:1.4 available at D:/Xilinx/Vivado/2023.1/data/xhub/boards/XilinxBoardStore/boards/Xilinx/zc706/1.4/board.xml as part xc7z045ffg900-2 specified in board_part file is either invalid or not available
WARNING: [Board 49-26] cannot add Board Part xilinx.com:zcu111:part0:1.2 available at D:/Xilinx/Vivado/2023.1/data/xhub/boards/XilinxBoardStore/boards/Xilinx/zcu111/1.2/board.xml as part xczu28dr-ffvg1517-2-e specified in board_part file is either invalid or not available
WARNING: [Board 49-26] cannot add Board Part xilinx.com:zcu111:part0:1.3 available at D:/Xilinx/Vivado/2023.1/data/xhub/boards/XilinxBoardStore/boards/Xilinx/zcu111/1.3/board.xml as part xczu28dr-ffvg1517-2-e specified in board_part file is either invalid or not available
WARNING: [Board 49-26] cannot add Board Part xilinx.com:zcu111:part0:1.4 available at D:/Xilinx/Vivado/2023.1/data/xhub/boards/XilinxBoardStore/boards/Xilinx/zcu111/1.4/board.xml as part xczu28dr-ffvg1517-2-e specified in board_part file is either invalid or not available
WARNING: [Board 49-26] cannot add Board Part xilinx.com:zcu1275:part0:1.0 available at D:/Xilinx/Vivado/2023.1/data/xhub/boards/XilinxBoardStore/boards/Xilinx/zcu1275/1.0/board.xml as part xczu29dr-ffvf1760-2-e specified in board_part file is either invalid or not available
WARNING: [Board 49-26] cannot add Board Part xilinx.com:zcu1285:part0:1.0 available at D:/Xilinx/Vivado/2023.1/data/xhub/boards/XilinxBoardStore/boards/Xilinx/zcu1285/1.0/board.xml as part xczu39dr-ffvf1760-2-i specified in board_part file is either invalid or not available
WARNING: [Board 49-26] cannot add Board Part xilinx.com:zcu208:part0:2.0 available at D:/Xilinx/Vivado/2023.1/data/xhub/boards/XilinxBoardStore/boards/Xilinx/zcu208/production/2.0/board.xml as part xczu48dr-fsvg1517-2-e specified in board_part file is either invalid or not available
WARNING: [Board 49-26] cannot add Board Part xilinx.com:zcu208ld:part0:2.0 available at D:/Xilinx/Vivado/2023.1/data/xhub/boards/XilinxBoardStore/boards/Xilinx/zcu208ld/production/2.0/board.xml as part xczu58dr-fsvg1517-2-i specified in board_part file is either invalid or not available
WARNING: [Board 49-26] cannot add Board Part xilinx.com:zcu216:part0:2.0 available at D:/Xilinx/Vivado/2023.1/data/xhub/boards/XilinxBoardStore/boards/Xilinx/zcu216/production/2.0/board.xml as part xczu49dr-ffvf1760-2-e specified in board_part file is either invalid or not available
WARNING: [Board 49-26] cannot add Board Part xilinx.com:zcu216ld:part0:2.0 available at D:/Xilinx/Vivado/2023.1/data/xhub/boards/XilinxBoardStore/boards/Xilinx/zcu216ld/production/2.0/board.xml as part xczu59dr-ffvf1760-2-i specified in board_part file is either invalid or not available
WARNING: [Board 49-26] cannot add Board Part xilinx.com:zcu670:part0:2.0 available at D:/Xilinx/Vivado/2023.1/data/xhub/boards/XilinxBoardStore/boards/Xilinx/zcu670/2.0/board.xml as part xczu67dr-fsve1156-2-i specified in board_part file is either invalid or not available
WARNING: [Board 49-26] cannot add Board Part xilinx.com:zcu670ld:part0:1.0 available at D:/Xilinx/Vivado/2023.1/data/xhub/boards/XilinxBoardStore/boards/Xilinx/zcu670ld/1.0/board.xml as part xczu57dr-fsve1156-2-i specified in board_part file is either invalid or not available
Scanning sources...
Finished scanning sources
INFO: [IP_Flow 19-234] Refreshing IP repositories
INFO: [IP_Flow 19-1704] No user IP repositories specified
INFO: [IP_Flow 19-2313] Loaded Vivado IP repository 'D:/Xilinx/Vivado/2023.1/data/ip'.
open_project: Time (s): cpu = 00:00:16 ; elapsed = 00:00:13 . Memory (MB): peak = 1519.594 ; gain = 385.348
update_compile_order -fileset sources_1
set_property  ip_repo_paths  C:/Users/jasme/Desktop/DFX/Vivado_Project/DFX_Nexys_A7_V2/ip_repo2 [current_project]
update_ip_catalog
INFO: [IP_Flow 19-234] Refreshing IP repositories
INFO: [IP_Flow 19-1700] Loaded user IP repository 'c:/Users/jasme/Desktop/DFX/Vivado_Project/DFX_Nexys_A7_V2/ip_repo2'.
open_bd_design {C:/Users/jasme/Desktop/DFX/Vivado_Project/DFX_Controller/DFX_Controller.srcs/sources_1/bd/design_1/design_1.bd}
Reading block design file <C:/Users/jasme/Desktop/DFX/Vivado_Project/DFX_Controller/DFX_Controller.srcs/sources_1/bd/design_1/design_1.bd>...
Adding component instance block -- xilinx.com:ip:microblaze:11.0 - microblaze_0
Adding component instance block -- xilinx.com:ip:lmb_v10:3.0 - dlmb_v10
Adding component instance block -- xilinx.com:ip:lmb_v10:3.0 - ilmb_v10
Adding component instance block -- xilinx.com:ip:lmb_bram_if_cntlr:4.0 - dlmb_bram_if_cntlr
Adding component instance block -- xilinx.com:ip:lmb_bram_if_cntlr:4.0 - ilmb_bram_if_cntlr
Adding component instance block -- xilinx.com:ip:blk_mem_gen:8.4 - lmb_bram
Adding component instance block -- xilinx.com:ip:axi_interconnect:2.1 - microblaze_0_axi_periph
Adding component instance block -- xilinx.com:ip:axi_crossbar:2.1 - xbar
Adding component instance block -- xilinx.com:ip:axi_intc:4.1 - microblaze_0_axi_intc
Adding component instance block -- xilinx.com:ip:xlconcat:2.1 - microblaze_0_xlconcat
Adding component instance block -- xilinx.com:ip:mdm:3.2 - mdm_1
Adding component instance block -- xilinx.com:ip:clk_wiz:6.0 - clk_wiz_1
Adding component instance block -- xilinx.com:ip:proc_sys_reset:5.0 - rst_clk_wiz_1_100M
Adding component instance block -- xilinx.com:ip:axi_uartlite:2.0 - axi_uartlite_0
Adding component instance block -- xilinx.com:ip:axi_gpio:2.0 - axi_gpio_0
Successfully read diagram <design_1> from block design file <C:/Users/jasme/Desktop/DFX/Vivado_Project/DFX_Controller/DFX_Controller.srcs/sources_1/bd/design_1/design_1.bd>
open_bd_design: Time (s): cpu = 00:00:05 ; elapsed = 00:00:14 . Memory (MB): peak = 1797.406 ; gain = 105.238
startgroup
create_bd_cell -type ip -vlnv xilinx.com:user:Led_AXI_AttemptInfi:1.0 Led_AXI_AttemptInfi_0
endgroup
set_property location {6 1883 498} [get_bd_cells Led_AXI_AttemptInfi_0]
apply_bd_automation -rule xilinx.com:bd_rule:axi4 -config { Clk_master {Auto} Clk_slave {/clk_wiz_1/clk_out1 (100 MHz)} Clk_xbar {/clk_wiz_1/clk_out1 (100 MHz)} Master {/Led_AXI_AttemptInfi_0/M_AXI} Slave {/microblaze_0_axi_intc/s_axi} ddr_seg {Auto} intc_ip {/microblaze_0_axi_periph} master_apm {0}}  [get_bd_intf_pins Led_AXI_AttemptInfi_0/M_AXI]
Slave segment '/axi_gpio_0/S_AXI/Reg' is being assigned into address space '/Led_AXI_AttemptInfi_0/M_AXI' at <0x4000_0000 [ 64K ]>.
Slave segment '/axi_uartlite_0/S_AXI/Reg' is being assigned into address space '/Led_AXI_AttemptInfi_0/M_AXI' at <0x4060_0000 [ 64K ]>.
Slave segment '/microblaze_0_axi_intc/S_AXI/Reg' is being assigned into address space '/Led_AXI_AttemptInfi_0/M_AXI' at <0x4120_0000 [ 64K ]>.
startgroup
make_bd_pins_external  [get_bd_pins Led_AXI_AttemptInfi_0/Led_Output]
endgroup
validate_bd_design
WARNING: [filemgmt 56-443] The ECC Algorithm string is empty. Setting the Memory Map to default ECC value to ECC_NONE.
INFO: [xilinx.com:ip:clk_wiz:6.0-1] /clk_wiz_1 clk_wiz propagate
INFO: [xilinx.com:ip:axi_intc:4.1-1] /microblaze_0_axi_intc: The AXI INTC core has been configured to operate with synchronous clocks.
WARNING: [xilinx.com:ip:axi_intc:4.1-4] /microblaze_0_axi_intc: Could not determine interrupt input port type - using default interrupt type Rising Edge. Please change this manually if necessary.
synth_design -rtl -rtl_skip_mlo -name rtl_1
Command: synth_design -rtl -rtl_skip_mlo -name rtl_1
Starting synth_design
Using part: xc7a100tcsg324-1
Top: LedControl
INFO: [Device 21-403] Loading part xc7a100tcsg324-1
---------------------------------------------------------------------------------
Starting RTL Elaboration : Time (s): cpu = 00:00:05 ; elapsed = 00:00:07 . Memory (MB): peak = 2491.309 ; gain = 397.754
---------------------------------------------------------------------------------
INFO: [Synth 8-638] synthesizing module 'LedControl' [C:/Users/jasme/Desktop/DFX/Vivado_Project/DFX_Controller/DFX_Controller.srcs/sources_1/new/LedControl.vhd:72]
WARNING: [Synth 8-614] signal 'secDealy' is read in the process but is not in the sensitivity list [C:/Users/jasme/Desktop/DFX/Vivado_Project/DFX_Controller/DFX_Controller.srcs/sources_1/new/LedControl.vhd:244]
INFO: [Synth 8-256] done synthesizing module 'LedControl' (0#1) [C:/Users/jasme/Desktop/DFX/Vivado_Project/DFX_Controller/DFX_Controller.srcs/sources_1/new/LedControl.vhd:72]
WARNING: [Synth 8-3848] Net m_axi_awaddr in module/entity LedControl does not have driver. [C:/Users/jasme/Desktop/DFX/Vivado_Project/DFX_Controller/DFX_Controller.srcs/sources_1/new/LedControl.vhd:43]
WARNING: [Synth 8-3848] Net m_axi_wdata in module/entity LedControl does not have driver. [C:/Users/jasme/Desktop/DFX/Vivado_Project/DFX_Controller/DFX_Controller.srcs/sources_1/new/LedControl.vhd:49]
WARNING: [Synth 8-3917] design LedControl has port m_axi_awprot[2] driven by constant 0
WARNING: [Synth 8-3917] design LedControl has port m_axi_awprot[1] driven by constant 0
WARNING: [Synth 8-3917] design LedControl has port m_axi_awprot[0] driven by constant 0
WARNING: [Synth 8-3917] design LedControl has port m_axi_arprot[2] driven by constant 0
WARNING: [Synth 8-3917] design LedControl has port m_axi_arprot[1] driven by constant 0
WARNING: [Synth 8-3917] design LedControl has port m_axi_arprot[0] driven by constant 0
WARNING: [Synth 8-7129] Port m_axi_awaddr[31] in module LedControl is either unconnected or has no load
WARNING: [Synth 8-7129] Port m_axi_awaddr[30] in module LedControl is either unconnected or has no load
WARNING: [Synth 8-7129] Port m_axi_awaddr[29] in module LedControl is either unconnected or has no load
WARNING: [Synth 8-7129] Port m_axi_awaddr[28] in module LedControl is either unconnected or has no load
WARNING: [Synth 8-7129] Port m_axi_awaddr[27] in module LedControl is either unconnected or has no load
WARNING: [Synth 8-7129] Port m_axi_awaddr[26] in module LedControl is either unconnected or has no load
WARNING: [Synth 8-7129] Port m_axi_awaddr[25] in module LedControl is either unconnected or has no load
WARNING: [Synth 8-7129] Port m_axi_awaddr[24] in module LedControl is either unconnected or has no load
WARNING: [Synth 8-7129] Port m_axi_awaddr[23] in module LedControl is either unconnected or has no load
WARNING: [Synth 8-7129] Port m_axi_awaddr[22] in module LedControl is either unconnected or has no load
WARNING: [Synth 8-7129] Port m_axi_awaddr[21] in module LedControl is either unconnected or has no load
WARNING: [Synth 8-7129] Port m_axi_awaddr[20] in module LedControl is either unconnected or has no load
WARNING: [Synth 8-7129] Port m_axi_awaddr[19] in module LedControl is either unconnected or has no load
WARNING: [Synth 8-7129] Port m_axi_awaddr[18] in module LedControl is either unconnected or has no load
WARNING: [Synth 8-7129] Port m_axi_awaddr[17] in module LedControl is either unconnected or has no load
WARNING: [Synth 8-7129] Port m_axi_awaddr[16] in module LedControl is either unconnected or has no load
WARNING: [Synth 8-7129] Port m_axi_awaddr[15] in module LedControl is either unconnected or has no load
WARNING: [Synth 8-7129] Port m_axi_awaddr[14] in module LedControl is either unconnected or has no load
WARNING: [Synth 8-7129] Port m_axi_awaddr[13] in module LedControl is either unconnected or has no load
WARNING: [Synth 8-7129] Port m_axi_awaddr[12] in module LedControl is either unconnected or has no load
WARNING: [Synth 8-7129] Port m_axi_awaddr[11] in module LedControl is either unconnected or has no load
WARNING: [Synth 8-7129] Port m_axi_awaddr[10] in module LedControl is either unconnected or has no load
WARNING: [Synth 8-7129] Port m_axi_awaddr[9] in module LedControl is either unconnected or has no load
WARNING: [Synth 8-7129] Port m_axi_awaddr[8] in module LedControl is either unconnected or has no load
WARNING: [Synth 8-7129] Port m_axi_awaddr[7] in module LedControl is either unconnected or has no load
WARNING: [Synth 8-7129] Port m_axi_awaddr[6] in module LedControl is either unconnected or has no load
WARNING: [Synth 8-7129] Port m_axi_awaddr[5] in module LedControl is either unconnected or has no load
WARNING: [Synth 8-7129] Port m_axi_awaddr[4] in module LedControl is either unconnected or has no load
WARNING: [Synth 8-7129] Port m_axi_awaddr[3] in module LedControl is either unconnected or has no load
WARNING: [Synth 8-7129] Port m_axi_awaddr[2] in module LedControl is either unconnected or has no load
WARNING: [Synth 8-7129] Port m_axi_awaddr[1] in module LedControl is either unconnected or has no load
WARNING: [Synth 8-7129] Port m_axi_awaddr[0] in module LedControl is either unconnected or has no load
WARNING: [Synth 8-7129] Port m_axi_wdata[31] in module LedControl is either unconnected or has no load
WARNING: [Synth 8-7129] Port m_axi_wdata[30] in module LedControl is either unconnected or has no load
WARNING: [Synth 8-7129] Port m_axi_wdata[29] in module LedControl is either unconnected or has no load
WARNING: [Synth 8-7129] Port m_axi_wdata[28] in module LedControl is either unconnected or has no load
WARNING: [Synth 8-7129] Port m_axi_wdata[27] in module LedControl is either unconnected or has no load
WARNING: [Synth 8-7129] Port m_axi_wdata[26] in module LedControl is either unconnected or has no load
WARNING: [Synth 8-7129] Port m_axi_wdata[25] in module LedControl is either unconnected or has no load
WARNING: [Synth 8-7129] Port m_axi_wdata[24] in module LedControl is either unconnected or has no load
WARNING: [Synth 8-7129] Port m_axi_wdata[23] in module LedControl is either unconnected or has no load
WARNING: [Synth 8-7129] Port m_axi_wdata[22] in module LedControl is either unconnected or has no load
WARNING: [Synth 8-7129] Port m_axi_wdata[21] in module LedControl is either unconnected or has no load
WARNING: [Synth 8-7129] Port m_axi_wdata[20] in module LedControl is either unconnected or has no load
WARNING: [Synth 8-7129] Port m_axi_wdata[19] in module LedControl is either unconnected or has no load
WARNING: [Synth 8-7129] Port m_axi_wdata[18] in module LedControl is either unconnected or has no load
WARNING: [Synth 8-7129] Port m_axi_wdata[17] in module LedControl is either unconnected or has no load
WARNING: [Synth 8-7129] Port m_axi_wdata[16] in module LedControl is either unconnected or has no load
WARNING: [Synth 8-7129] Port m_axi_wdata[15] in module LedControl is either unconnected or has no load
WARNING: [Synth 8-7129] Port m_axi_wdata[14] in module LedControl is either unconnected or has no load
WARNING: [Synth 8-7129] Port m_axi_wdata[13] in module LedControl is either unconnected or has no load
WARNING: [Synth 8-7129] Port m_axi_wdata[12] in module LedControl is either unconnected or has no load
WARNING: [Synth 8-7129] Port m_axi_wdata[11] in module LedControl is either unconnected or has no load
WARNING: [Synth 8-7129] Port m_axi_wdata[10] in module LedControl is either unconnected or has no load
WARNING: [Synth 8-7129] Port m_axi_wdata[9] in module LedControl is either unconnected or has no load
WARNING: [Synth 8-7129] Port m_axi_wdata[8] in module LedControl is either unconnected or has no load
WARNING: [Synth 8-7129] Port m_axi_wdata[7] in module LedControl is either unconnected or has no load
WARNING: [Synth 8-7129] Port m_axi_wdata[6] in module LedControl is either unconnected or has no load
WARNING: [Synth 8-7129] Port m_axi_wdata[5] in module LedControl is either unconnected or has no load
WARNING: [Synth 8-7129] Port m_axi_wdata[4] in module LedControl is either unconnected or has no load
WARNING: [Synth 8-7129] Port m_axi_wdata[3] in module LedControl is either unconnected or has no load
WARNING: [Synth 8-7129] Port m_axi_wdata[2] in module LedControl is either unconnected or has no load
WARNING: [Synth 8-7129] Port m_axi_wdata[1] in module LedControl is either unconnected or has no load
WARNING: [Synth 8-7129] Port m_axi_wdata[0] in module LedControl is either unconnected or has no load
WARNING: [Synth 8-7129] Port m_axi_awready in module LedControl is either unconnected or has no load
WARNING: [Synth 8-7129] Port m_axi_wready in module LedControl is either unconnected or has no load
WARNING: [Synth 8-7129] Port m_axi_rdata[31] in module LedControl is either unconnected or has no load
WARNING: [Synth 8-7129] Port m_axi_rdata[30] in module LedControl is either unconnected or has no load
WARNING: [Synth 8-7129] Port m_axi_rdata[29] in module LedControl is either unconnected or has no load
WARNING: [Synth 8-7129] Port m_axi_rdata[28] in module LedControl is either unconnected or has no load
WARNING: [Synth 8-7129] Port m_axi_rdata[27] in module LedControl is either unconnected or has no load
WARNING: [Synth 8-7129] Port m_axi_rdata[26] in module LedControl is either unconnected or has no load
WARNING: [Synth 8-7129] Port m_axi_rdata[25] in module LedControl is either unconnected or has no load
WARNING: [Synth 8-7129] Port m_axi_rdata[24] in module LedControl is either unconnected or has no load
WARNING: [Synth 8-7129] Port m_axi_rdata[23] in module LedControl is either unconnected or has no load
WARNING: [Synth 8-7129] Port m_axi_rdata[22] in module LedControl is either unconnected or has no load
WARNING: [Synth 8-7129] Port m_axi_rdata[21] in module LedControl is either unconnected or has no load
WARNING: [Synth 8-7129] Port m_axi_rdata[20] in module LedControl is either unconnected or has no load
WARNING: [Synth 8-7129] Port m_axi_rdata[19] in module LedControl is either unconnected or has no load
WARNING: [Synth 8-7129] Port m_axi_rdata[18] in module LedControl is either unconnected or has no load
WARNING: [Synth 8-7129] Port m_axi_rdata[17] in module LedControl is either unconnected or has no load
WARNING: [Synth 8-7129] Port m_axi_rdata[16] in module LedControl is either unconnected or has no load
WARNING: [Synth 8-7129] Port m_axi_rdata[15] in module LedControl is either unconnected or has no load
WARNING: [Synth 8-7129] Port m_axi_rdata[14] in module LedControl is either unconnected or has no load
WARNING: [Synth 8-7129] Port m_axi_rdata[13] in module LedControl is either unconnected or has no load
WARNING: [Synth 8-7129] Port m_axi_rdata[12] in module LedControl is either unconnected or has no load
WARNING: [Synth 8-7129] Port m_axi_rdata[11] in module LedControl is either unconnected or has no load
WARNING: [Synth 8-7129] Port m_axi_rdata[10] in module LedControl is either unconnected or has no load
WARNING: [Synth 8-7129] Port m_axi_rdata[9] in module LedControl is either unconnected or has no load
WARNING: [Synth 8-7129] Port m_axi_rdata[8] in module LedControl is either unconnected or has no load
WARNING: [Synth 8-7129] Port m_axi_rdata[7] in module LedControl is either unconnected or has no load
WARNING: [Synth 8-7129] Port m_axi_rdata[6] in module LedControl is either unconnected or has no load
WARNING: [Synth 8-7129] Port m_axi_rdata[5] in module LedControl is either unconnected or has no load
WARNING: [Synth 8-7129] Port m_axi_rdata[4] in module LedControl is either unconnected or has no load
WARNING: [Synth 8-7129] Port m_axi_rdata[3] in module LedControl is either unconnected or has no load
WARNING: [Synth 8-7129] Port m_axi_rdata[2] in module LedControl is either unconnected or has no load
---------------------------------------------------------------------------------
Finished RTL Elaboration : Time (s): cpu = 00:00:06 ; elapsed = 00:00:09 . Memory (MB): peak = 2579.680 ; gain = 486.125
---------------------------------------------------------------------------------
---------------------------------------------------------------------------------
Start Handling Custom Attributes
---------------------------------------------------------------------------------
---------------------------------------------------------------------------------
Finished Handling Custom Attributes : Time (s): cpu = 00:00:06 ; elapsed = 00:00:09 . Memory (MB): peak = 2597.590 ; gain = 504.035
---------------------------------------------------------------------------------
---------------------------------------------------------------------------------
Finished RTL Optimization Phase 1 : Time (s): cpu = 00:00:06 ; elapsed = 00:00:09 . Memory (MB): peak = 2597.590 ; gain = 504.035
---------------------------------------------------------------------------------
Netlist sorting complete. Time (s): cpu = 00:00:00 ; elapsed = 00:00:00.002 . Memory (MB): peak = 2597.590 ; gain = 0.000
INFO: [Project 1-570] Preparing netlist for logic optimization

Processing XDC Constraints
Initializing timing engine
Parsing XDC File [C:/Users/jasme/Desktop/DFX/Vivado_Project/DFX_Controller/DFX_Controller.srcs/constrs_1/new/Master.xdc]
Finished Parsing XDC File [C:/Users/jasme/Desktop/DFX/Vivado_Project/DFX_Controller/DFX_Controller.srcs/constrs_1/new/Master.xdc]
Completed Processing XDC Constraints

Netlist sorting complete. Time (s): cpu = 00:00:00 ; elapsed = 00:00:00 . Memory (MB): peak = 2710.301 ; gain = 0.000
INFO: [Project 1-111] Unisim Transformation Summary:
No Unisim elements were transformed.

RTL Elaboration Complete:  : Time (s): cpu = 00:00:09 ; elapsed = 00:00:14 . Memory (MB): peak = 2723.562 ; gain = 630.008
5 Infos, 105 Warnings, 0 Critical Warnings and 0 Errors encountered.
synth_design completed successfully
synth_design: Time (s): cpu = 00:00:12 ; elapsed = 00:00:26 . Memory (MB): peak = 2723.562 ; gain = 897.367
open_bd_design {C:/Users/jasme/Desktop/DFX/Vivado_Project/DFX_Controller/DFX_Controller.srcs/sources_1/bd/design_1/design_1.bd}
export_ip_user_files -of_objects  [get_files C:/Users/jasme/Desktop/DFX/Vivado_Project/DFX_Controller/DFX_Controller.srcs/constrs_1/new/Master.xdc] -no_script -reset -force -quiet
remove_files  -fileset constrs_1 C:/Users/jasme/Desktop/DFX/Vivado_Project/DFX_Controller/DFX_Controller.srcs/constrs_1/new/Master.xdc
file delete -force C:/Users/jasme/Desktop/DFX/Vivado_Project/DFX_Controller/DFX_Controller.srcs/constrs_1/new/Master.xdc
refresh_design
INFO: [Project 1-570] Preparing netlist for logic optimization

Processing XDC Constraints
Initializing timing engine
Completed Processing XDC Constraints

open_bd_design {C:/Users/jasme/Desktop/DFX/Vivado_Project/DFX_Controller/DFX_Controller.srcs/sources_1/bd/design_1/design_1.bd}
delete_bd_objs [get_bd_nets Led_AXI_AttemptInfi_0_Led_Output]
delete_bd_objs [get_bd_ports Led_Output_0]
startgroup
make_bd_pins_external  [get_bd_pins Led_AXI_AttemptInfi_0/Led_Output]
endgroup
refresh_design
INFO: [Project 1-570] Preparing netlist for logic optimization

Processing XDC Constraints
Initializing timing engine
Completed Processing XDC Constraints

open_bd_design {C:/Users/jasme/Desktop/DFX/Vivado_Project/DFX_Controller/DFX_Controller.srcs/sources_1/bd/design_1/design_1.bd}
validate_bd_design
WARNING: [filemgmt 56-443] The ECC Algorithm string is empty. Setting the Memory Map to default ECC value to ECC_NONE.
INFO: [xilinx.com:ip:clk_wiz:6.0-1] /clk_wiz_1 clk_wiz propagate
INFO: [xilinx.com:ip:axi_intc:4.1-1] /microblaze_0_axi_intc: The AXI INTC core has been configured to operate with synchronous clocks.
WARNING: [xilinx.com:ip:axi_intc:4.1-4] /microblaze_0_axi_intc: Could not determine interrupt input port type - using default interrupt type Rising Edge. Please change this manually if necessary.
regenerate_bd_layout
refresh_design
---------------------------------------------------------------------------------
Starting RTL Elaboration : Time (s): cpu = 00:00:07 ; elapsed = 00:00:06 . Memory (MB): peak = 2849.223 ; gain = 56.324
---------------------------------------------------------------------------------
INFO: [Synth 8-638] synthesizing module 'LedControl' [C:/Users/jasme/Desktop/DFX/Vivado_Project/DFX_Controller/DFX_Controller.srcs/sources_1/new/LedControl.vhd:72]
WARNING: [Synth 8-614] signal 'secDealy' is read in the process but is not in the sensitivity list [C:/Users/jasme/Desktop/DFX/Vivado_Project/DFX_Controller/DFX_Controller.srcs/sources_1/new/LedControl.vhd:244]
INFO: [Synth 8-256] done synthesizing module 'LedControl' (0#1) [C:/Users/jasme/Desktop/DFX/Vivado_Project/DFX_Controller/DFX_Controller.srcs/sources_1/new/LedControl.vhd:72]
WARNING: [Synth 8-3848] Net m_axi_awaddr in module/entity LedControl does not have driver. [C:/Users/jasme/Desktop/DFX/Vivado_Project/DFX_Controller/DFX_Controller.srcs/sources_1/new/LedControl.vhd:43]
WARNING: [Synth 8-3848] Net m_axi_wdata in module/entity LedControl does not have driver. [C:/Users/jasme/Desktop/DFX/Vivado_Project/DFX_Controller/DFX_Controller.srcs/sources_1/new/LedControl.vhd:49]
WARNING: [Synth 8-3917] design LedControl has port m_axi_awprot[2] driven by constant 0
WARNING: [Synth 8-3917] design LedControl has port m_axi_awprot[1] driven by constant 0
WARNING: [Synth 8-3917] design LedControl has port m_axi_awprot[0] driven by constant 0
WARNING: [Synth 8-3917] design LedControl has port m_axi_arprot[2] driven by constant 0
WARNING: [Synth 8-3917] design LedControl has port m_axi_arprot[1] driven by constant 0
WARNING: [Synth 8-3917] design LedControl has port m_axi_arprot[0] driven by constant 0
WARNING: [Synth 8-7129] Port m_axi_awaddr[31] in module LedControl is either unconnected or has no load
WARNING: [Synth 8-7129] Port m_axi_awaddr[30] in module LedControl is either unconnected or has no load
WARNING: [Synth 8-7129] Port m_axi_awaddr[29] in module LedControl is either unconnected or has no load
WARNING: [Synth 8-7129] Port m_axi_awaddr[28] in module LedControl is either unconnected or has no load
INFO: [Common 17-14] Message 'Synth 8-7129' appears 100 times and further instances of the messages will be disabled. Use the Tcl command set_msg_config to change the current settings.
---------------------------------------------------------------------------------
Finished RTL Elaboration : Time (s): cpu = 00:00:10 ; elapsed = 00:00:08 . Memory (MB): peak = 2925.633 ; gain = 132.734
---------------------------------------------------------------------------------
---------------------------------------------------------------------------------
Start Handling Custom Attributes
---------------------------------------------------------------------------------
---------------------------------------------------------------------------------
Finished Handling Custom Attributes : Time (s): cpu = 00:00:10 ; elapsed = 00:00:08 . Memory (MB): peak = 2943.969 ; gain = 151.070
---------------------------------------------------------------------------------
---------------------------------------------------------------------------------
Finished RTL Optimization Phase 1 : Time (s): cpu = 00:00:10 ; elapsed = 00:00:08 . Memory (MB): peak = 2943.969 ; gain = 151.070
---------------------------------------------------------------------------------
Netlist sorting complete. Time (s): cpu = 00:00:00 ; elapsed = 00:00:00.002 . Memory (MB): peak = 2961.129 ; gain = 0.000
INFO: [Project 1-570] Preparing netlist for logic optimization

Processing XDC Constraints
Initializing timing engine
Completed Processing XDC Constraints

refresh_design: Time (s): cpu = 00:00:13 ; elapsed = 00:00:11 . Memory (MB): peak = 2961.129 ; gain = 168.230
open_bd_design {C:/Users/jasme/Desktop/DFX/Vivado_Project/DFX_Controller/DFX_Controller.srcs/sources_1/bd/design_1/design_1.bd}
save_bd_design
Wrote  : <C:\Users\jasme\Desktop\DFX\Vivado_Project\DFX_Controller\DFX_Controller.srcs\sources_1\bd\design_1\design_1.bd> 
Wrote  : <C:/Users/jasme/Desktop/DFX/Vivado_Project/DFX_Controller/DFX_Controller.srcs/sources_1/bd/design_1/ui/bd_1f5defd0.ui> 
refresh_design
---------------------------------------------------------------------------------
Starting RTL Elaboration : Time (s): cpu = 00:00:07 ; elapsed = 00:00:06 . Memory (MB): peak = 2961.129 ; gain = 0.000
---------------------------------------------------------------------------------
INFO: [Synth 8-638] synthesizing module 'LedControl' [C:/Users/jasme/Desktop/DFX/Vivado_Project/DFX_Controller/DFX_Controller.srcs/sources_1/new/LedControl.vhd:72]
WARNING: [Synth 8-614] signal 'secDealy' is read in the process but is not in the sensitivity list [C:/Users/jasme/Desktop/DFX/Vivado_Project/DFX_Controller/DFX_Controller.srcs/sources_1/new/LedControl.vhd:244]
INFO: [Synth 8-256] done synthesizing module 'LedControl' (0#1) [C:/Users/jasme/Desktop/DFX/Vivado_Project/DFX_Controller/DFX_Controller.srcs/sources_1/new/LedControl.vhd:72]
WARNING: [Synth 8-3848] Net m_axi_awaddr in module/entity LedControl does not have driver. [C:/Users/jasme/Desktop/DFX/Vivado_Project/DFX_Controller/DFX_Controller.srcs/sources_1/new/LedControl.vhd:43]
WARNING: [Synth 8-3848] Net m_axi_wdata in module/entity LedControl does not have driver. [C:/Users/jasme/Desktop/DFX/Vivado_Project/DFX_Controller/DFX_Controller.srcs/sources_1/new/LedControl.vhd:49]
WARNING: [Synth 8-3917] design LedControl has port m_axi_awprot[2] driven by constant 0
WARNING: [Synth 8-3917] design LedControl has port m_axi_awprot[1] driven by constant 0
WARNING: [Synth 8-3917] design LedControl has port m_axi_awprot[0] driven by constant 0
WARNING: [Synth 8-3917] design LedControl has port m_axi_arprot[2] driven by constant 0
WARNING: [Synth 8-3917] design LedControl has port m_axi_arprot[1] driven by constant 0
WARNING: [Synth 8-3917] design LedControl has port m_axi_arprot[0] driven by constant 0
WARNING: [Synth 8-7129] Port m_axi_awaddr[31] in module LedControl is either unconnected or has no load
WARNING: [Synth 8-7129] Port m_axi_awaddr[30] in module LedControl is either unconnected or has no load
WARNING: [Synth 8-7129] Port m_axi_awaddr[29] in module LedControl is either unconnected or has no load
WARNING: [Synth 8-7129] Port m_axi_awaddr[28] in module LedControl is either unconnected or has no load
WARNING: [Synth 8-7129] Port m_axi_awaddr[27] in module LedControl is either unconnected or has no load
WARNING: [Synth 8-7129] Port m_axi_awaddr[26] in module LedControl is either unconnected or has no load
WARNING: [Synth 8-7129] Port m_axi_awaddr[25] in module LedControl is either unconnected or has no load
WARNING: [Synth 8-7129] Port m_axi_awaddr[24] in module LedControl is either unconnected or has no load
WARNING: [Synth 8-7129] Port m_axi_awaddr[23] in module LedControl is either unconnected or has no load
WARNING: [Synth 8-7129] Port m_axi_awaddr[22] in module LedControl is either unconnected or has no load
WARNING: [Synth 8-7129] Port m_axi_awaddr[21] in module LedControl is either unconnected or has no load
WARNING: [Synth 8-7129] Port m_axi_awaddr[20] in module LedControl is either unconnected or has no load
WARNING: [Synth 8-7129] Port m_axi_awaddr[19] in module LedControl is either unconnected or has no load
WARNING: [Synth 8-7129] Port m_axi_awaddr[18] in module LedControl is either unconnected or has no load
WARNING: [Synth 8-7129] Port m_axi_awaddr[17] in module LedControl is either unconnected or has no load
WARNING: [Synth 8-7129] Port m_axi_awaddr[16] in module LedControl is either unconnected or has no load
WARNING: [Synth 8-7129] Port m_axi_awaddr[15] in module LedControl is either unconnected or has no load
WARNING: [Synth 8-7129] Port m_axi_awaddr[14] in module LedControl is either unconnected or has no load
WARNING: [Synth 8-7129] Port m_axi_awaddr[13] in module LedControl is either unconnected or has no load
WARNING: [Synth 8-7129] Port m_axi_awaddr[12] in module LedControl is either unconnected or has no load
WARNING: [Synth 8-7129] Port m_axi_awaddr[11] in module LedControl is either unconnected or has no load
WARNING: [Synth 8-7129] Port m_axi_awaddr[10] in module LedControl is either unconnected or has no load
WARNING: [Synth 8-7129] Port m_axi_awaddr[9] in module LedControl is either unconnected or has no load
WARNING: [Synth 8-7129] Port m_axi_awaddr[8] in module LedControl is either unconnected or has no load
WARNING: [Synth 8-7129] Port m_axi_awaddr[7] in module LedControl is either unconnected or has no load
WARNING: [Synth 8-7129] Port m_axi_awaddr[6] in module LedControl is either unconnected or has no load
WARNING: [Synth 8-7129] Port m_axi_awaddr[5] in module LedControl is either unconnected or has no load
WARNING: [Synth 8-7129] Port m_axi_awaddr[4] in module LedControl is either unconnected or has no load
WARNING: [Synth 8-7129] Port m_axi_awaddr[3] in module LedControl is either unconnected or has no load
WARNING: [Synth 8-7129] Port m_axi_awaddr[2] in module LedControl is either unconnected or has no load
WARNING: [Synth 8-7129] Port m_axi_awaddr[1] in module LedControl is either unconnected or has no load
WARNING: [Synth 8-7129] Port m_axi_awaddr[0] in module LedControl is either unconnected or has no load
WARNING: [Synth 8-7129] Port m_axi_wdata[31] in module LedControl is either unconnected or has no load
WARNING: [Synth 8-7129] Port m_axi_wdata[30] in module LedControl is either unconnected or has no load
WARNING: [Synth 8-7129] Port m_axi_wdata[29] in module LedControl is either unconnected or has no load
WARNING: [Synth 8-7129] Port m_axi_wdata[28] in module LedControl is either unconnected or has no load
WARNING: [Synth 8-7129] Port m_axi_wdata[27] in module LedControl is either unconnected or has no load
WARNING: [Synth 8-7129] Port m_axi_wdata[26] in module LedControl is either unconnected or has no load
WARNING: [Synth 8-7129] Port m_axi_wdata[25] in module LedControl is either unconnected or has no load
WARNING: [Synth 8-7129] Port m_axi_wdata[24] in module LedControl is either unconnected or has no load
WARNING: [Synth 8-7129] Port m_axi_wdata[23] in module LedControl is either unconnected or has no load
WARNING: [Synth 8-7129] Port m_axi_wdata[22] in module LedControl is either unconnected or has no load
WARNING: [Synth 8-7129] Port m_axi_wdata[21] in module LedControl is either unconnected or has no load
WARNING: [Synth 8-7129] Port m_axi_wdata[20] in module LedControl is either unconnected or has no load
WARNING: [Synth 8-7129] Port m_axi_wdata[19] in module LedControl is either unconnected or has no load
WARNING: [Synth 8-7129] Port m_axi_wdata[18] in module LedControl is either unconnected or has no load
WARNING: [Synth 8-7129] Port m_axi_wdata[17] in module LedControl is either unconnected or has no load
WARNING: [Synth 8-7129] Port m_axi_wdata[16] in module LedControl is either unconnected or has no load
WARNING: [Synth 8-7129] Port m_axi_wdata[15] in module LedControl is either unconnected or has no load
WARNING: [Synth 8-7129] Port m_axi_wdata[14] in module LedControl is either unconnected or has no load
WARNING: [Synth 8-7129] Port m_axi_wdata[13] in module LedControl is either unconnected or has no load
WARNING: [Synth 8-7129] Port m_axi_wdata[12] in module LedControl is either unconnected or has no load
WARNING: [Synth 8-7129] Port m_axi_wdata[11] in module LedControl is either unconnected or has no load
WARNING: [Synth 8-7129] Port m_axi_wdata[10] in module LedControl is either unconnected or has no load
WARNING: [Synth 8-7129] Port m_axi_wdata[9] in module LedControl is either unconnected or has no load
WARNING: [Synth 8-7129] Port m_axi_wdata[8] in module LedControl is either unconnected or has no load
WARNING: [Synth 8-7129] Port m_axi_wdata[7] in module LedControl is either unconnected or has no load
WARNING: [Synth 8-7129] Port m_axi_wdata[6] in module LedControl is either unconnected or has no load
WARNING: [Synth 8-7129] Port m_axi_wdata[5] in module LedControl is either unconnected or has no load
WARNING: [Synth 8-7129] Port m_axi_wdata[4] in module LedControl is either unconnected or has no load
WARNING: [Synth 8-7129] Port m_axi_wdata[3] in module LedControl is either unconnected or has no load
WARNING: [Synth 8-7129] Port m_axi_wdata[2] in module LedControl is either unconnected or has no load
WARNING: [Synth 8-7129] Port m_axi_wdata[1] in module LedControl is either unconnected or has no load
WARNING: [Synth 8-7129] Port m_axi_wdata[0] in module LedControl is either unconnected or has no load
WARNING: [Synth 8-7129] Port m_axi_awready in module LedControl is either unconnected or has no load
WARNING: [Synth 8-7129] Port m_axi_wready in module LedControl is either unconnected or has no load
WARNING: [Synth 8-7129] Port m_axi_rdata[31] in module LedControl is either unconnected or has no load
WARNING: [Synth 8-7129] Port m_axi_rdata[30] in module LedControl is either unconnected or has no load
WARNING: [Synth 8-7129] Port m_axi_rdata[29] in module LedControl is either unconnected or has no load
WARNING: [Synth 8-7129] Port m_axi_rdata[28] in module LedControl is either unconnected or has no load
WARNING: [Synth 8-7129] Port m_axi_rdata[27] in module LedControl is either unconnected or has no load
WARNING: [Synth 8-7129] Port m_axi_rdata[26] in module LedControl is either unconnected or has no load
WARNING: [Synth 8-7129] Port m_axi_rdata[25] in module LedControl is either unconnected or has no load
WARNING: [Synth 8-7129] Port m_axi_rdata[24] in module LedControl is either unconnected or has no load
WARNING: [Synth 8-7129] Port m_axi_rdata[23] in module LedControl is either unconnected or has no load
WARNING: [Synth 8-7129] Port m_axi_rdata[22] in module LedControl is either unconnected or has no load
WARNING: [Synth 8-7129] Port m_axi_rdata[21] in module LedControl is either unconnected or has no load
WARNING: [Synth 8-7129] Port m_axi_rdata[20] in module LedControl is either unconnected or has no load
WARNING: [Synth 8-7129] Port m_axi_rdata[19] in module LedControl is either unconnected or has no load
WARNING: [Synth 8-7129] Port m_axi_rdata[18] in module LedControl is either unconnected or has no load
WARNING: [Synth 8-7129] Port m_axi_rdata[17] in module LedControl is either unconnected or has no load
WARNING: [Synth 8-7129] Port m_axi_rdata[16] in module LedControl is either unconnected or has no load
WARNING: [Synth 8-7129] Port m_axi_rdata[15] in module LedControl is either unconnected or has no load
WARNING: [Synth 8-7129] Port m_axi_rdata[14] in module LedControl is either unconnected or has no load
WARNING: [Synth 8-7129] Port m_axi_rdata[13] in module LedControl is either unconnected or has no load
WARNING: [Synth 8-7129] Port m_axi_rdata[12] in module LedControl is either unconnected or has no load
WARNING: [Synth 8-7129] Port m_axi_rdata[11] in module LedControl is either unconnected or has no load
WARNING: [Synth 8-7129] Port m_axi_rdata[10] in module LedControl is either unconnected or has no load
WARNING: [Synth 8-7129] Port m_axi_rdata[9] in module LedControl is either unconnected or has no load
WARNING: [Synth 8-7129] Port m_axi_rdata[8] in module LedControl is either unconnected or has no load
WARNING: [Synth 8-7129] Port m_axi_rdata[7] in module LedControl is either unconnected or has no load
WARNING: [Synth 8-7129] Port m_axi_rdata[6] in module LedControl is either unconnected or has no load
WARNING: [Synth 8-7129] Port m_axi_rdata[5] in module LedControl is either unconnected or has no load
WARNING: [Synth 8-7129] Port m_axi_rdata[4] in module LedControl is either unconnected or has no load
WARNING: [Synth 8-7129] Port m_axi_rdata[3] in module LedControl is either unconnected or has no load
WARNING: [Synth 8-7129] Port m_axi_rdata[2] in module LedControl is either unconnected or has no load
---------------------------------------------------------------------------------
Finished RTL Elaboration : Time (s): cpu = 00:00:10 ; elapsed = 00:00:08 . Memory (MB): peak = 2961.129 ; gain = 0.000
---------------------------------------------------------------------------------
---------------------------------------------------------------------------------
Start Handling Custom Attributes
---------------------------------------------------------------------------------
---------------------------------------------------------------------------------
Finished Handling Custom Attributes : Time (s): cpu = 00:00:10 ; elapsed = 00:00:08 . Memory (MB): peak = 2961.129 ; gain = 0.000
---------------------------------------------------------------------------------
---------------------------------------------------------------------------------
Finished RTL Optimization Phase 1 : Time (s): cpu = 00:00:10 ; elapsed = 00:00:08 . Memory (MB): peak = 2961.129 ; gain = 0.000
---------------------------------------------------------------------------------
Netlist sorting complete. Time (s): cpu = 00:00:00 ; elapsed = 00:00:00.002 . Memory (MB): peak = 2980.703 ; gain = 0.000
INFO: [Project 1-570] Preparing netlist for logic optimization

Processing XDC Constraints
Initializing timing engine
Completed Processing XDC Constraints

refresh_design: Time (s): cpu = 00:00:13 ; elapsed = 00:00:11 . Memory (MB): peak = 2980.703 ; gain = 19.574
exit
INFO: [Common 17-206] Exiting Vivado at Wed Apr  3 01:16:33 2024...
